Log file open, 04/17/18 00:46:43
LogWindows: Failed to load 'aqProf.dll' (GetLastError=126)
LogWindows: File 'aqProf.dll' does not exist
LogWindows: Failed to load 'VtuneApi.dll' (GetLastError=126)
LogWindows: File 'VtuneApi.dll' does not exist
LogWindows: Failed to load 'VtuneApi32e.dll' (GetLastError=126)
LogWindows: File 'VtuneApi32e.dll' does not exist
LogInit: Display: Running engine for game: MyProject
LogPlatformFile: Not using cached read wrapper
LogInit: Display: RandInit(2030884166) SRandInit(2030884166).
LogInit: Read version file with build ID '3709383'
LogInit: Overriding engine version to CL 3754814, compatible CL 3709383
LogInit: Registered custom module enumerator with build ID '3709383'
LogTaskGraph: Started task graph with 5 named threads and 14 total threads with 3 sets of task threads.
LogStats: Stats thread started at 0.161931
LogD3D11RHI: Aftermath initialized
LogModuleManager: Display: Found up-to-date module file ../../../Engine/Plugins/Marketplace/DlgSystem/Binaries/Win64/UE4Editor-DlgSystem.dll (API version 3709383).
LogModuleManager: Display: Found up-to-date module file ../../../Engine/Plugins/Marketplace/DlgSystem/Binaries/Win64/UE4Editor-DlgSystemEditor.dll (API version 3709383).
LogModuleManager: Display: Found up-to-date module file ../../../Engine/Plugins/Marketplace/GFur/Binaries/Win64/UE4Editor-GFur.dll (API version 3709383).
LogModuleManager: Display: Found up-to-date module file ../../../Engine/Plugins/Marketplace/GFur/Binaries/Win64/UE4Editor-GFurEditor.dll (API version 3709383).
LogModuleManager: Display: Found up-to-date module file ../../../Engine/Plugins/Marketplace/Substance/Binaries/Win64/UE4Editor-SubstanceCore.dll (API version 3709383).
LogModuleManager: Display: Found up-to-date module file ../../../Engine/Plugins/Marketplace/Substance/Binaries/Win64/UE4Editor-SubstanceEditor.dll (API version 3709383).
LogModuleManager: Display: Found up-to-date module file ../../../Engine/Plugins/Marketplace/Substance/Binaries/Win64/UE4Editor-SubstanceSource.dll (API version 3709383).
LogModuleManager: Display: Found up-to-date module file ../../../Engine/Plugins/Marketplace/Substance/Binaries/Win64/UE4Editor-SubstanceLiveLink.dll (API version 3709383).
LogModuleManager: Display: Found up-to-date module file ../../../Engine/Plugins/2D/Paper2D/Binaries/Win64/UE4Editor-Paper2D.dll (API version 3709383).
LogModuleManager: Display: Found up-to-date module file ../../../Engine/Plugins/2D/Paper2D/Binaries/Win64/UE4Editor-Paper2DEditor.dll (API version 3709383).
LogModuleManager: Display: Found up-to-date module file ../../../Engine/Plugins/2D/Paper2D/Binaries/Win64/UE4Editor-PaperSpriteSheetImporter.dll (API version 3709383).
LogModuleManager: Display: Found up-to-date module file ../../../Engine/Plugins/2D/Paper2D/Binaries/Win64/UE4Editor-PaperTiledImporter.dll (API version 3709383).
LogModuleManager: Display: Found up-to-date module file ../../../Engine/Plugins/2D/Paper2D/Binaries/Win64/UE4Editor-SmartSnapping.dll (API version 3709383).
LogModuleManager: Display: Found up-to-date module file ../../../Engine/Plugins/Blendables/LightPropagationVolume/Binaries/Win64/UE4Editor-LightPropagationVolumeRuntime.dll (API version 3709383).
LogModuleManager: Display: Found up-to-date module file ../../../Engine/Plugins/Blendables/LightPropagationVolume/Binaries/Win64/UE4Editor-LightPropagationVolumeEditor.dll (API version 3709383).
LogModuleManager: Display: Found up-to-date module file ../../../Engine/Plugins/Developer/GitSourceControl/Binaries/Win64/UE4Editor-GitSourceControl.dll (API version 3709383).
LogModuleManager: Display: Found up-to-date module file ../../../Engine/Plugins/Developer/PerforceSourceControl/Binaries/Win64/UE4Editor-PerforceSourceControl.dll (API version 3709383).
LogModuleManager: Display: Found up-to-date module file ../../../Engine/Plugins/Developer/SubversionSourceControl/Binaries/Win64/UE4Editor-SubversionSourceControl.dll (API version 3709383).
LogModuleManager: Display: Found up-to-date module file ../../../Engine/Plugins/Developer/UObjectPlugin/Binaries/Win64/UE4Editor-UObjectPlugin.dll (API version 3709383).
LogModuleManager: Display: Found up-to-date module file ../../../Engine/Plugins/Developer/VisualStudioCodeSourceCodeAccess/Binaries/Win64/UE4Editor-VisualStudioCodeSourceCodeAccess.dll (API version 3709383).
LogModuleManager: Display: Found up-to-date module file ../../../Engine/Plugins/Developer/VisualStudioSourceCodeAccess/Binaries/Win64/UE4Editor-VisualStudioSourceCodeAccess.dll (API version 3709383).
LogModuleManager: Display: Found up-to-date module file ../../../Engine/Plugins/Editor/AssetManagerEditor/Binaries/Win64/UE4Editor-AssetManagerEditor.dll (API version 3709383).
LogModuleManager: Display: Found up-to-date module file ../../../Engine/Plugins/Editor/AudioCapture/Binaries/Win64/UE4Editor-AudioCapture.dll (API version 3709383).
LogModuleManager: Display: Found up-to-date module file ../../../Engine/Plugins/Editor/FacialAnimation/Binaries/Win64/UE4Editor-FacialAnimation.dll (API version 3709383).
LogModuleManager: Display: Found up-to-date module file ../../../Engine/Plugins/Editor/FacialAnimation/Binaries/Win64/UE4Editor-FacialAnimationEditor.dll (API version 3709383).
LogModuleManager: Display: Found up-to-date module file ../../../Engine/Plugins/Editor/GameplayTagsEditor/Binaries/Win64/UE4Editor-GameplayTagsEditor.dll (API version 3709383).
LogModuleManager: Display: Found up-to-date module file ../../../Engine/Plugins/Editor/MobileLauncherProfileWizard/Binaries/Win64/UE4Editor-MobileLauncherProfileWizard.dll (API version 3709383).
LogModuleManager: Display: Found up-to-date module file ../../../Engine/Plugins/Editor/PluginBrowser/Binaries/Win64/UE4Editor-PluginBrowser.dll (API version 3709383).
LogModuleManager: Display: Found up-to-date module file ../../../Engine/Plugins/Editor/SpeedTreeImporter/Binaries/Win64/UE4Editor-SpeedTreeImporter.dll (API version 3709383).
LogModuleManager: Display: Found up-to-date module file ../../../Engine/Plugins/Experimental/AlembicImporter/Binaries/Win64/UE4Editor-AlembicImporter.dll (API version 3709383).
LogModuleManager: Display: Found up-to-date module file ../../../Engine/Plugins/Experimental/AlembicImporter/Binaries/Win64/UE4Editor-AlembicLibrary.dll (API version 3709383).
LogModuleManager: Display: Found up-to-date module file ../../../Engine/Plugins/Experimental/CharacterAI/Binaries/Win64/UE4Editor-CharacterAI.dll (API version 3709383).
LogModuleManager: Display: Found up-to-date module file ../../../Engine/Plugins/Experimental/HTML5Networking/Binaries/Win64/UE4Editor-HTML5Networking.dll (API version 3709383).
LogModuleManager: Display: Found up-to-date module file ../../../Engine/Plugins/Media/AndroidMedia/Binaries/Win64/UE4Editor-AndroidMediaEditor.dll (API version 3709383).
LogModuleManager: Display: Found up-to-date module file ../../../Engine/Plugins/Media/AndroidMedia/Binaries/Win64/UE4Editor-AndroidMediaFactory.dll (API version 3709383).
LogModuleManager: Display: Found up-to-date module file ../../../Engine/Plugins/Media/AvfMedia/Binaries/Win64/UE4Editor-AvfMediaEditor.dll (API version 3709383).
LogModuleManager: Display: Found up-to-date module file ../../../Engine/Plugins/Media/AvfMedia/Binaries/Win64/UE4Editor-AvfMediaFactory.dll (API version 3709383).
LogModuleManager: Display: Found up-to-date module file ../../../Engine/Plugins/Media/AvfMedia/Binaries/Win64/UE4Editor-AvfMediaFactory.dll (API version 3709383).
LogModuleManager: Display: Found up-to-date module file ../../../Engine/Plugins/Media/ImgMedia/Binaries/Win64/UE4Editor-ImgMedia.dll (API version 3709383).
LogModuleManager: Display: Found up-to-date module file ../../../Engine/Plugins/Media/ImgMedia/Binaries/Win64/UE4Editor-ImgMediaEditor.dll (API version 3709383).
LogModuleManager: Display: Found up-to-date module file ../../../Engine/Plugins/Media/ImgMedia/Binaries/Win64/UE4Editor-ImgMediaFactory.dll (API version 3709383).
LogModuleManager: Display: Found up-to-date module file ../../../Engine/Plugins/Media/ImgMedia/Binaries/Win64/UE4Editor-ImgMediaFactory.dll (API version 3709383).
LogModuleManager: Display: Found up-to-date module file ../../../Engine/Plugins/Media/ImgMedia/Binaries/Win64/UE4Editor-OpenExrWrapper.dll (API version 3709383).
LogModuleManager: Display: Found up-to-date module file ../../../Engine/Plugins/Media/MediaCompositing/Binaries/Win64/UE4Editor-MediaCompositing.dll (API version 3709383).
LogModuleManager: Display: Found up-to-date module file ../../../Engine/Plugins/Media/MediaCompositing/Binaries/Win64/UE4Editor-MediaCompositingEditor.dll (API version 3709383).
LogModuleManager: Display: Found up-to-date module file ../../../Engine/Plugins/Media/MediaPlayerEditor/Binaries/Win64/UE4Editor-MediaPlayerEditor.dll (API version 3709383).
LogModuleManager: Display: Found up-to-date module file ../../../Engine/Plugins/Media/WmfMedia/Binaries/Win64/UE4Editor-WmfMedia.dll (API version 3709383).
LogModuleManager: Display: Found up-to-date module file ../../../Engine/Plugins/Media/WmfMedia/Binaries/Win64/UE4Editor-WmfMediaEditor.dll (API version 3709383).
LogModuleManager: Display: Found up-to-date module file ../../../Engine/Plugins/Media/WmfMedia/Binaries/Win64/UE4Editor-WmfMediaFactory.dll (API version 3709383).
LogModuleManager: Display: Found up-to-date module file ../../../Engine/Plugins/Media/WmfMedia/Binaries/Win64/UE4Editor-WmfMediaFactory.dll (API version 3709383).
LogModuleManager: Display: Found up-to-date module file ../../../Engine/Plugins/Messaging/TcpMessaging/Binaries/Win64/UE4Editor-TcpMessaging.dll (API version 3709383).
LogModuleManager: Display: Found up-to-date module file ../../../Engine/Plugins/Messaging/UdpMessaging/Binaries/Win64/UE4Editor-UdpMessaging.dll (API version 3709383).
LogModuleManager: Display: Found up-to-date module file ../../../Engine/Plugins/MovieScene/ActorSequence/Binaries/Win64/UE4Editor-ActorSequence.dll (API version 3709383).
LogModuleManager: Display: Found up-to-date module file ../../../Engine/Plugins/MovieScene/LevelSequenceEditor/Binaries/Win64/UE4Editor-LevelSequenceEditor.dll (API version 3709383).
LogModuleManager: Display: Found up-to-date module file ../../../Engine/Plugins/MovieScene/MatineeToLevelSequence/Binaries/Win64/UE4Editor-MatineeToLevelSequence.dll (API version 3709383).
LogModuleManager: Display: Found up-to-date module file ../../../Engine/Plugins/Online/OnlineSubsystem/Binaries/Win64/UE4Editor-OnlineSubsystem.dll (API version 3709383).
LogModuleManager: Display: Found up-to-date module file ../../../Engine/Plugins/Runtime/AndroidPermission/Binaries/Win64/UE4Editor-AndroidPermission.dll (API version 3709383).
LogModuleManager: Display: Found up-to-date module file ../../../Engine/Plugins/Online/OnlineSubsystemNull/Binaries/Win64/UE4Editor-OnlineSubsystemNull.dll (API version 3709383).
LogModuleManager: Display: Found up-to-date module file ../../../Engine/Plugins/Online/OnlineSubsystemUtils/Binaries/Win64/UE4Editor-OnlineSubsystemUtils.dll (API version 3709383).
LogModuleManager: Display: Found up-to-date module file ../../../Engine/Plugins/Online/OnlineSubsystemUtils/Binaries/Win64/UE4Editor-OnlineBlueprintSupport.dll (API version 3709383).
LogModuleManager: Display: Found up-to-date module file ../../../Engine/Plugins/Runtime/AndroidDeviceProfileSelector/Binaries/Win64/UE4Editor-AndroidDeviceProfileSelector.dll (API version 3709383).
LogModuleManager: Display: Found up-to-date module file ../../../Engine/Plugins/Runtime/AppleARKit/Binaries/Win64/UE4Editor-AppleARKit.dll (API version 3709383).
LogModuleManager: Display: Found up-to-date module file ../../../Engine/Plugins/Runtime/ArchVisCharacter/Binaries/Win64/UE4Editor-ArchVisCharacter.dll (API version 3709383).
LogModuleManager: Display: Found up-to-date module file ../../../Engine/Plugins/Runtime/CableComponent/Binaries/Win64/UE4Editor-CableComponent.dll (API version 3709383).
LogModuleManager: Display: Found up-to-date module file ../../../Engine/Plugins/Runtime/CustomMeshComponent/Binaries/Win64/UE4Editor-CustomMeshComponent.dll (API version 3709383).
LogModuleManager: Display: Found up-to-date module file ../../../Engine/Plugins/Runtime/ExampleDeviceProfileSelector/Binaries/Win64/UE4Editor-ExampleDeviceProfileSelector.dll (API version 3709383).
LogModuleManager: Display: Found up-to-date module file ../../../Engine/Plugins/Runtime/ImmediatePhysics/Binaries/Win64/UE4Editor-ImmediatePhysics.dll (API version 3709383).
LogModuleManager: Display: Found up-to-date module file ../../../Engine/Plugins/Runtime/ImmediatePhysics/Binaries/Win64/UE4Editor-ImmediatePhysicsEditor.dll (API version 3709383).
LogModuleManager: Display: Found up-to-date module file ../../../Engine/Plugins/Runtime/LocationServicesBPLibrary/Binaries/Win64/UE4Editor-LocationServicesBPLibrary.dll (API version 3709383).
LogModuleManager: Display: Found up-to-date module file ../../../Engine/Plugins/Runtime/MobilePatchingUtils/Binaries/Win64/UE4Editor-MobilePatchingUtils.dll (API version 3709383).
LogModuleManager: Display: Found up-to-date module file ../../../Engine/Plugins/Runtime/Oculus/OculusVR/Binaries/Win64/UE4Editor-OculusHMD.dll (API version 3709383).
LogModuleManager: Display: Found up-to-date module file ../../../Engine/Plugins/Runtime/Oculus/OculusVR/Binaries/Win64/UE4Editor-OculusInput.dll (API version 3709383).
LogModuleManager: Display: Found up-to-date module file ../../../Engine/Plugins/Runtime/Oculus/OculusVR/Binaries/Win64/UE4Editor-OculusEditor.dll (API version 3709383).
LogModuleManager: Display: Found up-to-date module file ../../../Engine/Plugins/Runtime/PhysXVehicles/Binaries/Win64/UE4Editor-PhysXVehicles.dll (API version 3709383).
LogModuleManager: Display: Found up-to-date module file ../../../Engine/Plugins/Runtime/PhysXVehicles/Binaries/Win64/UE4Editor-PhysXVehiclesEditor.dll (API version 3709383).
LogModuleManager: Display: Found up-to-date module file ../../../Engine/Plugins/Runtime/ProceduralMeshComponent/Binaries/Win64/UE4Editor-ProceduralMeshComponent.dll (API version 3709383).
LogModuleManager: Display: Found up-to-date module file ../../../Engine/Plugins/Runtime/ProceduralMeshComponent/Binaries/Win64/UE4Editor-ProceduralMeshComponentEditor.dll (API version 3709383).
LogModuleManager: Display: Found up-to-date module file ../../../Engine/Plugins/Runtime/RuntimePhysXCooking/Binaries/Win64/UE4Editor-RuntimePhysXCooking.dll (API version 3709383).
LogModuleManager: Display: Found up-to-date module file ../../../Engine/Plugins/Runtime/Steam/SteamVR/Binaries/Win64/UE4Editor-SteamVR.dll (API version 3709383).
LogModuleManager: Display: Found up-to-date module file ../../../Engine/Plugins/Runtime/Steam/SteamVR/Binaries/Win64/UE4Editor-SteamVRController.dll (API version 3709383).
LogModuleManager: Display: Found up-to-date module file ../../../Engine/Plugins/Runtime/WindowsMoviePlayer/Binaries/Win64/UE4Editor-WindowsMoviePlayer.dll (API version 3709383).
LogPluginManager: Mounting plugin Paper2D
LogPluginManager: Mounting plugin LightPropagationVolume
LogPluginManager: Mounting plugin CodeLiteSourceCodeAccess
LogPluginManager: Mounting plugin GitSourceControl
LogPluginManager: Mounting plugin KDevelopSourceCodeAccess
LogPluginManager: Mounting plugin NullSourceCodeAccess
LogPluginManager: Mounting plugin PerforceSourceControl
LogPluginManager: Mounting plugin SubversionSourceControl
LogPluginManager: Mounting plugin UObjectPlugin
LogPluginManager: Mounting plugin VisualStudioCodeSourceCodeAccess
LogPluginManager: Mounting plugin VisualStudioSourceCodeAccess
LogPluginManager: Mounting plugin XCodeSourceCodeAccess
LogPluginManager: Mounting plugin AssetManagerEditor
LogPluginManager: Mounting plugin AudioCapture
LogPluginManager: Mounting plugin FacialAnimation
LogPluginManager: Mounting plugin GameplayTagsEditor
LogPluginManager: Mounting plugin MobileLauncherProfileWizard
LogPluginManager: Mounting plugin PluginBrowser
LogPluginManager: Mounting plugin SpeedTreeImporter
LogPluginManager: Mounting plugin AlembicImporter
LogPluginManager: Mounting plugin CharacterAI
LogPluginManager: Mounting plugin HTML5Networking
LogPluginManager: Mounting plugin DlgSystem
LogPluginManager: Mounting plugin GFur
LogPluginManager: Plugin shader directory ../../../Engine/Plugins/Marketplace/GFur/Shaders found
LogPluginManager: Mapping shader source directory ../../../Engine/Plugins/Marketplace/GFur/Shaders to virtual directory /Plugin/GFur
LogPluginManager: Mounting plugin Substance
LogPluginManager: Mounting plugin AndroidMedia
LogPluginManager: Mounting plugin AvfMedia
LogPluginManager: Mounting plugin ImgMedia
LogPluginManager: Mounting plugin MediaCompositing
LogPluginManager: Mounting plugin MediaPlayerEditor
LogPluginManager: Mounting plugin WmfMedia
LogPluginManager: Mounting plugin TcpMessaging
LogPluginManager: Mounting plugin UdpMessaging
LogPluginManager: Mounting plugin ActorSequence
LogPluginManager: Mounting plugin LevelSequenceEditor
LogPluginManager: Mounting plugin MatineeToLevelSequence
LogPluginManager: Mounting plugin OnlineSubsystemGooglePlay
LogPluginManager: Mounting plugin OnlineSubsystemIOS
LogPluginManager: Mounting plugin OnlineSubsystem
LogPluginManager: Mounting plugin OnlineSubsystemNull
LogPluginManager: Mounting plugin OnlineSubsystemUtils
LogPluginManager: Mounting plugin AndroidDeviceProfileSelector
LogPluginManager: Mounting plugin AndroidMoviePlayer
LogPluginManager: Mounting plugin AndroidPermission
LogPluginManager: Mounting plugin AppleARKit
LogPluginManager: Mounting plugin AppleMoviePlayer
LogPluginManager: Mounting plugin ArchVisCharacter
LogPluginManager: Mounting plugin CableComponent
LogPluginManager: Mounting plugin CustomMeshComponent
LogPluginManager: Mounting plugin ExampleDeviceProfileSelector
LogPluginManager: Mounting plugin GoogleCloudMessaging
LogPluginManager: Mounting plugin ImmediatePhysics
LogPluginManager: Mounting plugin IOSDeviceProfileSelector
LogPluginManager: Mounting plugin LinuxDeviceProfileSelector
LogPluginManager: Mounting plugin LocationServicesBPLibrary
LogPluginManager: Mounting plugin MobilePatchingUtils
LogPluginManager: Mounting plugin OculusVR
LogPluginManager: Plugin shader directory ../../../Engine/Plugins/Runtime/Oculus/OculusVR/Shaders found
LogPluginManager: Mapping shader source directory ../../../Engine/Plugins/Runtime/Oculus/OculusVR/Shaders to virtual directory /Plugin/OculusVR
LogPluginManager: Mounting plugin PhysXVehicles
LogPluginManager: Mounting plugin ProceduralMeshComponent
LogPluginManager: Mounting plugin RuntimePhysXCooking
LogPluginManager: Mounting plugin SteamVR
LogPluginManager: Mounting plugin WindowsMoviePlayer
LogInit: Using libcurl 7.47.1
LogInit:  - built for x86_64-pc-win32
LogInit:  - supports SSL with OpenSSL/1.0.2g
LogInit:  - supports HTTP deflate (compression) using libz 1.2.8
LogInit:  - other features:
LogInit:      CURL_VERSION_SSL
LogInit:      CURL_VERSION_LIBZ
LogInit:      CURL_VERSION_IPV6
LogInit:      CURL_VERSION_ASYNCHDNS
LogInit:      CURL_VERSION_LARGEFILE
LogInit:      CURL_VERSION_IDN
LogInit:  CurlRequestOptions (configurable via config and command line):
LogInit:  - bVerifyPeer = false  - Libcurl will NOT verify peer certificate
LogInit:  - bUseHttpProxy = false  - Libcurl will NOT use HTTP proxy
LogInit:  - bDontReuseConnections = false  - Libcurl will reuse connections
LogInit:  - CertBundlePath = nullptr  - Libcurl will use whatever was configured at build time.
LogInit: Build: ++UE4+Release-4.18-CL-3754814
LogInit: Engine Version: 4.18.1-3754814+++UE4+Release-4.18
LogInit: Compatible Engine Version: 4.18.0-3709383+++UE4+Release-4.18
LogInit: Net CL: 3709383
LogDevObjectVersion: Number of dev versions registered: 16
LogDevObjectVersion:   Dev-Blueprints (B0D832E4-1F89-4F0D-ACCF-7EB736FD4AA2): 10
LogDevObjectVersion:   Dev-Build (E1C64328-A22C-4D53-A36C-8E866417BD8C): 0
LogDevObjectVersion:   Dev-Core (375EC13C-06E4-48FB-B500-84F0262A717E): 2
LogDevObjectVersion:   Dev-Editor (E4B068ED-F494-42E9-A231-DA0B2E46BB41): 20
LogDevObjectVersion:   Dev-Framework (CFFC743F-43B0-4480-9391-14DF171D2073): 30
LogDevObjectVersion:   Dev-Mobile (B02B49B5-BB20-44E9-A304-32B752E40360): 0
LogDevObjectVersion:   Dev-Networking (A4E4105C-59A1-49B5-A7C5-40C4547EDFEE): 0
LogDevObjectVersion:   Dev-Online (39C831C9-5AE6-47DC-9A44-9C173E1C8E7C): 0
LogDevObjectVersion:   Dev-Physics (78F01B33-EBEA-4F98-B9B4-84EACCB95AA2): 0
LogDevObjectVersion:   Dev-Platform (6631380F-2D4D-43E0-8009-CF276956A95A): 0
LogDevObjectVersion:   Dev-Rendering (12F88B9F-8875-4AFC-A67C-D90C383ABD29): 20
LogDevObjectVersion:   Dev-Sequencer (7B5AE74C-D270-4C10-A958-57980B212A5A): 4
LogDevObjectVersion:   Dev-VR (D7296918-1DD6-4BDD-9DE2-64A83CC13884): 0
LogDevObjectVersion:   Dev-LoadTimes (C2A15278-BFE7-4AFE-6C17-90FF531DF755): 1
LogDevObjectVersion:   Private-Geometry (6EACA3D4-40EC-4CC1-B786-8BED09428FC5): 1
LogDevObjectVersion:   Dev-AnimPhys (29E575DD-E0A3-4627-9D10-D276232CDCEA): 12
LogInit: Compiled (64-bit): Nov 14 2017 02:05:55
LogInit: Compiled with Visual C++: 19.00.24215.01
LogInit: Build Configuration: Development
LogInit: Branch Name: ++UE4+Release-4.18
LogInit: Command line:  
LogInit: Base directory: C:/Program Files/Epic Games/UE_4.18/Engine/Binaries/Win64/
LogInit: Installed Engine Build: 1
LogInit: Presizing for max 8388607 objects, including 0 objects not considered by GC, pre-allocating 0 bytes for permanent pool.
LogInit: Object subsystem initialized
[2018.04.16-23.46.44:214][  0]LogInit: Selected Device Profile: [Windows]
[2018.04.16-23.46.44:214][  0]LogInit: Applying CVar settings loaded from the selected device profile: [Windows]
[2018.04.16-23.46.44:231][  0]LogInit: Computer: MSI
[2018.04.16-23.46.44:231][  0]LogInit: User: Cormac
[2018.04.16-23.46.44:231][  0]LogInit: CPU Page size=4096, Cores=4
[2018.04.16-23.46.44:231][  0]LogInit: High frequency timer resolution =2.648437 MHz
[2018.04.16-23.46.44:231][  0]LogMemory: Memory total: Physical=32.0GB (32GB approx)
[2018.04.16-23.46.44:231][  0]LogMemory: Platform Memory Stats for Windows
[2018.04.16-23.46.44:231][  0]LogMemory: Process Physical Memory: 277.33 MB used, 277.33 MB peak
[2018.04.16-23.46.44:231][  0]LogMemory: Process Virtual Memory: 282.13 MB used, 282.13 MB peak
[2018.04.16-23.46.44:231][  0]LogMemory: Physical Memory: 26163.76 MB used,  6561.57 MB free, 32725.33 MB total
[2018.04.16-23.46.44:231][  0]LogMemory: Virtual Memory: 690.53 MB used,  6561.57 MB free, 134217728.00 MB total
[2018.04.16-23.46.44:358][  0]LogInit: Using OS detected language (en-US).
[2018.04.16-23.46.44:358][  0]LogInit: Using OS detected locale (en-GB).
[2018.04.16-23.46.44:360][  0]LogTextLocalizationManager: No specific localization for 'en-US' exists, so the 'en' localization will be used.
[2018.04.16-23.46.44:690][  0]LogInit: Setting process to per monitor DPI aware
[2018.04.16-23.46.46:680][  0]LogD3D11RHI: D3D11 adapters:
[2018.04.16-23.46.46:725][  0]LogD3D11RHI:    0. 'NVIDIA GeForce GTX 1080' (Feature Level 11_0)
[2018.04.16-23.46.46:725][  0]LogD3D11RHI:       8079/0/16362 MB DedicatedVideo/DedicatedSystem/SharedSystem, Outputs:1, VendorId:0x10de
[2018.04.16-23.46.46:727][  0]LogD3D11RHI:    1. 'Microsoft Basic Render Driver' (Feature Level 11_0)
[2018.04.16-23.46.46:727][  0]LogD3D11RHI:       0/0/16362 MB DedicatedVideo/DedicatedSystem/SharedSystem, Outputs:0, VendorId:0x1414
[2018.04.16-23.46.46:727][  0]LogD3D11RHI: Chosen D3D11 Adapter: 0
[2018.04.16-23.46.46:733][  0]LogD3D11RHI: Creating new Direct3DDevice
[2018.04.16-23.46.46:733][  0]LogD3D11RHI:     GPU DeviceId: 0x1be0 (for the marketing name, search the web for "GPU Device Id")
[2018.04.16-23.46.46:733][  0]LogWindows: EnumDisplayDevices:
[2018.04.16-23.46.46:733][  0]LogWindows:    0. 'NVIDIA GeForce GTX 1080' (P:1 D:1)
[2018.04.16-23.46.46:733][  0]LogWindows:    1. 'NVIDIA GeForce GTX 1080' (P:0 D:0)
[2018.04.16-23.46.46:733][  0]LogWindows:    2. 'NVIDIA GeForce GTX 1080' (P:0 D:0)
[2018.04.16-23.46.46:734][  0]LogWindows:    3. 'NVIDIA GeForce GTX 1080' (P:0 D:0)
[2018.04.16-23.46.46:734][  0]LogWindows: DebugString: GetVideoDriverDetailsInvalid PrimaryIsNotTheChoosenAdapter GetVideoDriverDetailsInvalid PrimaryIsNotTheChoosenAdapter GetVideoDriverDetailsInvalid PrimaryIsNotTheChoosenAdapter GetVideoDriverDetailsInvalid PrimaryIsNotTheChoosenAdapter FoundDriverCount:0 
[2018.04.16-23.46.46:734][  0]LogD3D11RHI:     Adapter Name: NVIDIA GeForce GTX 1080
[2018.04.16-23.46.46:734][  0]LogD3D11RHI:   Driver Version: Unknown (internal:Unknown, unified:Unknown)
[2018.04.16-23.46.46:734][  0]LogD3D11RHI:      Driver Date: Unknown
[2018.04.16-23.46.46:734][  0]LogRHI: Texture pool is 5655 MB (70% of 8079 MB)
[2018.04.16-23.46.46:761][  0]LogD3D11RHI: Async texture creation enabled
[2018.04.16-23.46.46:784][  0]LogD3D11RHI: GPU Timing Frequency: 1000.000000 (Debug: 2 2)
[2018.04.16-23.46.46:830][  0]LogShaderCompilers: Guid format shader working directory is -9 characters bigger than the processId version (../../../../../../Users/Cormac/Desktop/StitchesAndBones/Intermediate/Shaders/WorkingDirectory/20368/).
[2018.04.16-23.46.46:830][  0]LogShaderCompilers: Cleaned the shader compiler working directory 'C:/Users/Cormac/AppData/Local/Temp/UnrealShaderWorkingDir/1F2E49EA4FEC8AEBB1E601B8CC497BB8/'.
[2018.04.16-23.46.46:830][  0]LogShaderCompilers: Display: Using Local Shader Compiler.
[2018.04.16-23.46.47:589][  0]LogTemp: Display: Loaded TP AllDesktopTargetPlatform
[2018.04.16-23.46.47:636][  0]LogTemp: Display: Loaded TP MacClientTargetPlatform
[2018.04.16-23.46.47:681][  0]LogTemp: Display: Loaded TP MacNoEditorTargetPlatform
[2018.04.16-23.46.47:726][  0]LogTemp: Display: Loaded TP MacServerTargetPlatform
[2018.04.16-23.46.47:777][  0]LogTemp: Display: Loaded TP MacTargetPlatform
[2018.04.16-23.46.47:823][  0]LogTemp: Display: Loaded TP WindowsClientTargetPlatform
[2018.04.16-23.46.47:868][  0]LogTemp: Display: Loaded TP WindowsNoEditorTargetPlatform
[2018.04.16-23.46.47:913][  0]LogTemp: Display: Loaded TP WindowsServerTargetPlatform
[2018.04.16-23.46.47:949][  0]LogTemp: Display: Loaded TP WindowsTargetPlatform
[2018.04.16-23.46.47:993][  0]LogTemp: Display: Loaded TP Android_ASTCTargetPlatform
[2018.04.16-23.46.48:037][  0]LogTemp: Display: Loaded TP Android_ATCTargetPlatform
[2018.04.16-23.46.48:081][  0]LogTemp: Display: Loaded TP Android_DXTTargetPlatform
[2018.04.16-23.46.48:125][  0]LogTemp: Display: Loaded TP Android_ETC1TargetPlatform
[2018.04.16-23.46.48:169][  0]LogTemp: Display: Loaded TP Android_ETC2TargetPlatform
[2018.04.16-23.46.48:258][  0]LogTemp: Display: Loaded TP Android_MultiTargetPlatform
[2018.04.16-23.46.48:258][  0]LogTemp: Display: Loaded TP Android_PVRTCTargetPlatform
[2018.04.16-23.46.48:310][  0]LogTemp: Display: Loaded TP AndroidTargetPlatform
[2018.04.16-23.46.48:347][  0]LogTemp: Display: Loaded TP HTML5TargetPlatform
[2018.04.16-23.46.48:434][  0]LogTemp: Display: Loaded TP IOSTargetPlatform
[2018.04.16-23.46.48:458][  0]LogTemp: Display: Loaded TP TVOSTargetPlatform
[2018.04.16-23.46.48:503][  0]LogTemp: Display: Loaded TP LinuxClientTargetPlatform
[2018.04.16-23.46.48:549][  0]LogTemp: Display: Loaded TP LinuxNoEditorTargetPlatform
[2018.04.16-23.46.48:597][  0]LogTemp: Display: Loaded TP LinuxServerTargetPlatform
[2018.04.16-23.46.48:645][  0]LogTemp: Display: Loaded TP LinuxTargetPlatform
[2018.04.16-23.46.48:645][  0]LogTargetPlatformManager: Display: Building Assets For Windows
[2018.04.16-23.46.49:034][  0]LogDerivedDataCache: Display: Max Cache Size: 512 MB
[2018.04.16-23.46.49:092][  0]LogDerivedDataCache: Loaded boot cache 0.06s 79MB C:/Users/Cormac/AppData/Local/UnrealEngine/4.18/DerivedDataCache/Boot.ddc.
[2018.04.16-23.46.49:092][  0]LogDerivedDataCache: Display: Loaded Boot cache: C:/Users/Cormac/AppData/Local/UnrealEngine/4.18/DerivedDataCache/Boot.ddc
[2018.04.16-23.46.49:092][  0]LogDerivedDataCache: FDerivedDataBackendGraph:  Pak pak cache file ../../../../../../Users/Cormac/Desktop/StitchesAndBones/DerivedDataCache/DDC.ddp not found, will not use a pak cache.
[2018.04.16-23.46.49:092][  0]LogDerivedDataCache: Unable to find inner node Pak for hierarchical cache Hierarchy.
[2018.04.16-23.46.49:092][  0]LogDerivedDataCache: FDerivedDataBackendGraph:  CompressedPak pak cache file ../../../../../../Users/Cormac/Desktop/StitchesAndBones/DerivedDataCache/Compressed.ddp not found, will not use a pak cache.
[2018.04.16-23.46.49:092][  0]LogDerivedDataCache: Unable to find inner node CompressedPak for hierarchical cache Hierarchy.
[2018.04.16-23.46.49:105][  0]LogDerivedDataCache: Display: Pak cache opened for reading ../../../Engine/DerivedDataCache/Compressed.ddp.
[2018.04.16-23.46.49:117][  0]LogDerivedDataCache: Using Local data cache path C:/Users/Cormac/AppData/Local/UnrealEngine/Common/DerivedDataCache: Writable
[2018.04.16-23.46.49:126][  0]LogMaterial: Verifying Global Shaders for PCD3D_SM5
[2018.04.16-23.46.49:126][  0]LogSlate: Using Freetype 2.6.0
[2018.04.16-23.46.49:127][  0]LogSlate: SlateFontCache - WITH_FREETYPE: 1, WITH_HARFBUZZ: 1
[2018.04.16-23.46.49:127][  0]LogSlate: SlateFontCache - WITH_FREETYPE: 1, WITH_HARFBUZZ: 1
[2018.04.16-23.46.49:427][  0]LogInit: Selected Device Profile: [Windows]
[2018.04.16-23.46.49:699][  0]LogSimplygon: Simplygon DLL not present - disabling.
[2018.04.16-23.46.49:733][  0]LogMeshReduction: Using SimplygonSwarm for distributed automatic mesh merging
[2018.04.16-23.46.49:733][  0]LogMeshReduction: Using QuadricMeshReduction for automatic static mesh reduction
[2018.04.16-23.46.49:733][  0]LogMeshReduction: No automatic skeletal mesh reduction module available
[2018.04.16-23.46.49:733][  0]LogMeshReduction: No automatic mesh merging module available
[2018.04.16-23.46.49:733][  0]LogMeshMerging: No automatic mesh merging module available
[2018.04.16-23.46.49:757][  0]LogNetVersion: MyProject , NetCL: 3709383, EngineNetVer: 2, GameNetVer: 0 (Checksum: 1490074681)
[2018.04.16-23.46.49:902][  0]LogAssetRegistry: FAssetRegistry took 0.0247 seconds to start up
[2018.04.16-23.46.50:382][  0]LogPackageLocalizationCache: Processed 9 localized package path(s) for 2 prioritized culture(s) in 0.092239 seconds
[2018.04.16-23.46.50:386][  0]LogUObjectArray: 35937 objects as part of root set at end of initial load.
[2018.04.16-23.46.50:386][  0]LogUObjectAllocator: 7380480 out of 0 bytes used by permanent object pool.
[2018.04.16-23.46.50:386][  0]LogUObjectArray: CloseDisregardForGC: 0/0 objects in disregard for GC pool
[2018.04.16-23.46.50:430][  0]LogInit: WinSock: version 1.1 (2.2), MaxSocks=32767, MaxUdp=65467
[2018.04.16-23.46.54:852][  0]LogDlgSystem: Verbose: Creating new DlgGuid = `5BA4124342112A9F7FD2C7810F475344` for Dialogue = `/Script/DlgSystem.Default__DlgDialogue` because of new created Dialogue.
[2018.04.16-23.46.54:853][  0]LogDlgSystem: Verbose: Started DlgSystemModule
[2018.04.16-23.46.54:954][  0]LogSubstanceCoreModule: Substance [CPU] Engine Loaded, Max Texture Size = 2048
[2018.04.16-23.46.54:983][  0]LogTcpMessaging: Initializing TcpMessaging bridge
[2018.04.16-23.46.55:019][  0]LogUdpMessaging: Initializing bridge on interface 0.0.0.0:0 to multicast group 230.0.0.1:6666.
[2018.04.16-23.46.55:777][  0]LogMaterial: Uniform references updated for custom material expression Custom.
[2018.04.16-23.46.56:181][  0]SourceControl: Source control is disabled
[2018.04.16-23.46.56:181][  0]SourceControl: Source control is disabled
[2018.04.16-23.46.56:237][  0]SourceControl: Source control is disabled
[2018.04.16-23.46.56:286][  0]SourceControl: Source control is disabled
[2018.04.16-23.46.57:103][  0]LogAndroidPermission: UAndroidPermissionCallbackProxy::GetInstance
[2018.04.16-23.46.57:324][  0]LogOcInput: OculusInput pre-init called
[2018.04.16-23.46.57:504][  0]LogDlgSystemEditor: Verbose: Started DlgSystemEditorModule
[2018.04.16-23.46.57:607][  0]LogDlgSystem: Verbose: Creating graph for Dialogue = `/DlgSystem/TestDialogue.TestDialogue`
[2018.04.16-23.46.57:607][  0]LogDlgSystem: Verbose: Creating new DlgGuid = `581CB2EC49076EB819661B94956753D2` for Dialogue = `/DlgSystem/TestDialogue.TestDialogue` because of new created Dialogue.
[2018.04.16-23.46.57:609][  0]LogDlgSystem: Verbose: Creating graph for Dialogue = `/Game/NewDlgDialogue.NewDlgDialogue`
[2018.04.16-23.46.57:609][  0]LogDlgSystem: Verbose: Creating new DlgGuid = `68354AF54A56EBCE5CE147974FA80FD6` for Dialogue = `/Game/NewDlgDialogue.NewDlgDialogue` because of new created Dialogue.
[2018.04.16-23.46.57:610][  0]LogDlgSystemEditor: Verbose: UDlgManager::LoadAllDialoguesIntoMemory loaded 0 Dialogues into Memory
[2018.04.16-23.46.57:954][  0]LogEngine: Initializing Engine...
[2018.04.16-23.46.57:956][  0]LogHMD: Failed to initialize OpenVR with code 110
[2018.04.16-23.46.58:148][  0]LogStats: UGameplayTagsManager::ConstructGameplayTagTree: Construct from data asset -  0.000 s
[2018.04.16-23.46.58:148][  0]LogStats: UGameplayTagsManager::ConstructGameplayTagTree: GameplayTagTreeChangedEvent.Broadcast -  0.000 s
[2018.04.16-23.46.58:225][  0]LogAIModule: Creating AISystem for world Untitled
[2018.04.16-23.46.58:232][  0]LogInit: XAudio2 using 'Speakers (Realtek High Definition Audio)' : 2 channels at 48 kHz using 32 bits per sample (channel mask 0x3)
[2018.04.16-23.46.58:259][  0]LogInit: FAudioDevice initialized.
[2018.04.16-23.46.58:302][  0]LogDerivedDataCache: Saved boot cache 0.04s 79MB C:/Users/Cormac/AppData/Local/UnrealEngine/4.18/DerivedDataCache/Boot.ddc.
[2018.04.16-23.46.58:318][  0]LogInit: Texture streaming: Enabled
[2018.04.16-23.46.58:407][  0]LogEngineSessionManager: EngineSessionManager initialized
[2018.04.16-23.46.58:520][  0]LogInit: Transaction tracking system initialized
[2018.04.16-23.46.58:802][  0]BlueprintLog: New page: Editor Load
[2018.04.16-23.46.59:579][  0]LocalizationService: Localization service is disabled
[2018.04.16-23.47.00:240][  0]LogConsoleResponse: Display: 
[2018.04.16-23.47.00:534][  0]LogCook: Display: Max memory allowance for cook 16384mb min free memory 0mb
[2018.04.16-23.47.00:534][  0]LogCook: Display: Mobile HDR setting 1
[2018.04.16-23.47.00:534][  0]LogGameplayTags: Display: UGameplayTagsManager::DoneAddingNativeTags. DelegateIsBound: 0
[2018.04.16-23.47.01:140][  0]LogFileCache: Scanning file cache for directory 'C:/Users/Cormac/Desktop/StitchesAndBones/Content/' took 0.03s
[2018.04.16-23.47.01:634][  0]SourceControl: Source control is disabled
[2018.04.16-23.47.01:634][  0]Cmd: MAP LOAD FILE="../../../../../../Users/Cormac/Desktop/StitchesAndBones/Content/TitleScreen.umap" TEMPLATE=0 SHOWPROGRESS=1 FEATURELEVEL=3
[2018.04.16-23.47.01:634][  0]LightingResults: New page: Lighting Build
[2018.04.16-23.47.01:674][  0]MapCheck: New page: Map Check
[2018.04.16-23.47.01:674][  0]LightingResults: New page: Lighting Build
[2018.04.16-23.47.01:763][  0]LogAIModule: Creating AISystem for world TitleScreen
[2018.04.16-23.47.01:764][  0]LogEditorServer: Finished looking for orphan Actors (0.000 secs)
[2018.04.16-23.47.01:772][  0]Cmd: MAP CHECKDEP NOCLEARLOG
[2018.04.16-23.47.01:810][  0]MapCheck: Map check complete: 0 Error(s), 0 Warning(s), took 38.501ms to complete.
[2018.04.16-23.47.01:810][  0]LogFileHelpers: Loading map 'TitleScreen' took 0.176
[2018.04.16-23.47.01:968][  0]LogCollectionManager: Loaded 0 collections in 0.001326 seconds
[2018.04.16-23.47.02:041][  0]LogFileCache: Scanning file cache for directory 'C:/Users/Cormac/Desktop/StitchesAndBones/Saved/Collections/' took 0.01s
[2018.04.16-23.47.02:041][  0]LogFileCache: Scanning file cache for directory 'C:/Users/Cormac/Desktop/StitchesAndBones/Content/Developers/Cormac/Collections/' took 0.01s
[2018.04.16-23.47.02:041][  0]LogFileCache: Scanning file cache for directory 'C:/Users/Cormac/Desktop/StitchesAndBones/Content/Collections/' took 0.01s
[2018.04.16-23.47.02:041][  0]LogCollectionManager: Rebuilt the GUID cache for 0 collections in 0.000000 seconds
[2018.04.16-23.47.02:048][  0]LogContentBrowser: Native class hierarchy populated in 0.0069 seconds. Added 2419 classes and 544 folders.
[2018.04.16-23.47.02:103][  0]LogContentBrowser: Native class hierarchy updated for 'WidgetCarousel' in 0.0002 seconds. Added 0 classes and 0 folders.
[2018.04.16-23.47.02:435][  0]LogContentBrowser: Native class hierarchy updated for 'AddContentDialog' in 0.0002 seconds. Added 0 classes and 0 folders.
[2018.04.16-23.47.02:479][  0]LogContentBrowser: Native class hierarchy updated for 'SceneOutliner' in 0.0002 seconds. Added 1 classes and 2 folders.
[2018.04.16-23.47.02:546][  0]LogSlate: Took 0.006141 seconds to synchronously load lazily loaded font '../../../Engine/Content/Slate/Fonts/Roboto-Regular.ttf' (155K)
[2018.04.16-23.47.02:551][  0]LogSlate: Took 0.003679 seconds to synchronously load lazily loaded font '../../../Engine/Content/Slate/Fonts/Roboto-Bold.ttf' (160K)
[2018.04.16-23.47.02:560][  0]LogSlate: Took 0.004640 seconds to synchronously load lazily loaded font '../../../Engine/Content/Editor/Slate/Fonts/FontAwesome.ttf' (139K)
[2018.04.16-23.47.02:672][  0]LogRenderer: Reallocating scene render targets to support 1056x552 Format 10 NumSamples 1 (Frame:1).
[2018.04.16-23.47.02:720][  0]LogSlate: Took 0.005120 seconds to synchronously load lazily loaded font '../../../Engine/Content/Slate/Fonts/Roboto-Light.ttf' (159K)
[2018.04.16-23.47.02:904][  0]LogContentBrowser: Native class hierarchy updated for 'HierarchicalLODOutliner' in 0.0002 seconds. Added 1 classes and 2 folders.
[2018.04.16-23.47.02:904][  0]LogLoad: (Engine Initialization) Total time: 20.76 seconds
[2018.04.16-23.47.02:904][  0]LogLoad: (Engine Initialization) Total Blueprint compile time: 0.00 seconds
[2018.04.16-23.47.02:904][  0]LogExternalProfiler: Found external profiler: VSPerf
[2018.04.16-23.47.02:904][  0]LogExternalProfiler: Using external profiler: VSPerf
[2018.04.16-23.47.02:975][  0]LogContentStreaming: Texture pool size now 1000 MB
[2018.04.16-23.47.03:031][  1]LogSubstanceLiveLink: Warning: Unable to send data along socket, closing connection
[2018.04.16-23.47.03:039][  1]LogFileCache: Retrieving MD5 hashes for directory 'C:/Users/Cormac/Desktop/StitchesAndBones/Content/' took 0.10s
[2018.04.16-23.47.03:054][  1]LogAssetRegistry: Asset discovery search completed in 13.1738 seconds
[2018.04.16-23.47.03:058][  1]LogCollectionManager: Rebuilt the object cache for 0 collections in 0.000000 seconds (found 0 objects)
[2018.04.16-23.47.03:058][  1]LogCollectionManager: Fixed up redirectors for 0 collections in 0.000051 seconds (updated 0 objects)
[2018.04.16-23.47.13:385][611]LogBlueprintUserMessages: Early PlayInEditor Detection: Level '/Game/TitleScreen.TitleScreen:PersistentLevel' has LevelScriptBlueprint '/Game/TitleScreen.TitleScreen:PersistentLevel.TitleScreen' with GeneratedClass '/Game/TitleScreen.TitleScreen_C' with ClassGeneratedBy '/Game/TitleScreen.TitleScreen:PersistentLevel.TitleScreen'
[2018.04.16-23.47.13:385][611]LogPlayLevel: PlayLevel: No blueprints needed recompiling
[2018.04.16-23.47.13:386][611]PIE: New page: PIE session: TitleScreen (17 Apr 2018 01:47:13)
[2018.04.16-23.47.13:386][611]LogPlayLevel: Creating play world package: /Game/UEDPIE_0_TitleScreen
[2018.04.16-23.47.13:388][611]LogPlayLevel: PIE: StaticDuplicateObject took: (0.002221s)
[2018.04.16-23.47.13:389][611]LogAIModule: Creating AISystem for world TitleScreen
[2018.04.16-23.47.13:389][611]LogPlayLevel: PIE: World Init took: (0.000544s)
[2018.04.16-23.47.13:389][611]LogPlayLevel: PIE: Created PIE world by copying editor world from /Game/TitleScreen.TitleScreen to /Game/UEDPIE_0_TitleScreen.TitleScreen (0.002961s)
[2018.04.16-23.47.13:398][611]LogInit: XAudio2 using 'Speakers (Realtek High Definition Audio)' : 2 channels at 48 kHz using 32 bits per sample (channel mask 0x3)
[2018.04.16-23.47.13:421][611]LogInit: FAudioDevice initialized.
[2018.04.16-23.47.13:466][611]LogLoad: Game class is 'MyGame_C'
[2018.04.16-23.47.13:468][611]LogWorld: Bringing World /Game/UEDPIE_0_TitleScreen.TitleScreen up for play (max tick rate 60) at 2018.04.17-00.47.13
[2018.04.16-23.47.13:468][611]LogWorld: Bringing up level for play took: 0.000351
[2018.04.16-23.47.13:504][611]LogContentBrowser: Native class hierarchy updated for 'MovieSceneCapture' in 0.0002 seconds. Added 11 classes and 0 folders.
[2018.04.16-23.47.13:507][611]PIE: Play in editor start time for /Game/UEDPIE_0_TitleScreen -0.076
[2018.04.16-23.47.13:507][611]LogBlueprintUserMessages: Late PlayInEditor Detection: Level '/Game/TitleScreen.TitleScreen:PersistentLevel' has LevelScriptBlueprint '/Game/TitleScreen.TitleScreen:PersistentLevel.TitleScreen' with GeneratedClass '/Game/TitleScreen.TitleScreen_C' with ClassGeneratedBy '/Game/TitleScreen.TitleScreen:PersistentLevel.TitleScreen'
[2018.04.16-23.47.13:529][611]LogSlate: Took 0.013381 seconds to synchronously load lazily loaded font '../../../Engine/Content/Slate/Fonts/DroidSansFallback.ttf' (3848K)
[2018.04.16-23.47.16:865][811]LogNet: Browse: /Game/Kitchen
[2018.04.16-23.47.16:865][811]LogLoad: LoadMap: /Game/Kitchen
[2018.04.16-23.47.17:913][811]LogMaterial: Missing cached shader map for material Material__39, compiling. 
[2018.04.16-23.47.17:913][811]LogMaterial: Warning: C:\Users\Cormac\Desktop\StitchesAndBones\Content\Level_Assets\Environments\Kitchen\Materials\Material__39.uasset: Failed to compile Material for platform PCD3D_SM5, Default Material will be used in game.
[2018.04.16-23.47.17:913][811]LogMaterial: 	(Node TextureSample) TextureSample> Sampler type is Color, should be Linear Color for /Game/Level_Assets/Environments/Kitchen/CerealBoxMap.CerealBoxMap
[2018.04.16-23.47.18:786][811]LogAIModule: Creating AISystem for world Kitchen
[2018.04.16-23.47.18:787][811]LogLoad: Game class is 'MyGame_C'
[2018.04.16-23.47.18:808][811]LogWorld: Bringing World /Game/UEDPIE_0_Kitchen.Kitchen up for play (max tick rate 60) at 2018.04.17-00.47.18
[2018.04.16-23.47.18:811][811]LogWorld: Bringing up level for play took: 0.023326
[2018.04.16-23.47.18:811][811]LogLevel: Warning: EnableInput on a LevelScript actor can not be specified for only one PlayerController.  Enabling for all PlayerControllers.
[2018.04.16-23.47.18:812][811]LogLevel: Warning: EnableInput on a LevelScript actor can not be specified for only one PlayerController.  Enabling for all PlayerControllers.
[2018.04.16-23.47.18:814][811]LogLoad: Took 1.948796 seconds to LoadMap(/Game/Kitchen)
[2018.04.16-23.47.18:820][811]LogAudio: Warning: Detected orphaned looping sound 'cavemusic'.
[2018.04.16-23.47.22:052][996]LogBlueprintUserMessages: Early EndPlayMap Detection: Level '/Game/TitleScreen.TitleScreen:PersistentLevel' has LevelScriptBlueprint '/Game/TitleScreen.TitleScreen:PersistentLevel.TitleScreen' with GeneratedClass '/Game/TitleScreen.TitleScreen_C' with ClassGeneratedBy '/Game/TitleScreen.TitleScreen:PersistentLevel.TitleScreen'
[2018.04.16-23.47.22:089][996]LogBlueprintUserMessages: Late EndPlayMap Detection: Level '/Game/TitleScreen.TitleScreen:PersistentLevel' has LevelScriptBlueprint '/Game/TitleScreen.TitleScreen:PersistentLevel.TitleScreen' with GeneratedClass '/Game/TitleScreen.TitleScreen_C' with ClassGeneratedBy '/Game/TitleScreen.TitleScreen:PersistentLevel.TitleScreen'
[2018.04.16-23.48.28:333][900]LogTemp: Repeating last play command: Standalone Game
[2018.04.17-00.13.53:774][326]LogSlate: Took 0.000245 seconds to synchronously load lazily loaded font '../../../Engine/Content/Slate/Fonts/Roboto-Light.ttf' (159K)
[2018.04.17-00.13.54:288][326]LogAIModule: Creating AISystem for world Kitchen
[2018.04.17-00.13.54:325][326]Cmd: MAP LOAD FILE="../../../../../../Users/Cormac/Desktop/StitchesAndBones/Content/Kitchen.umap" TEMPLATE=0 SHOWPROGRESS=1 FEATURELEVEL=3
[2018.04.17-00.13.54:325][326]LightingResults: New page: Lighting Build
[2018.04.17-00.13.54:326][326]LoadErrors: New page: Loading map: Kitchen.umap
[2018.04.17-00.13.54:326][326]MapCheck: New page: Map Check
[2018.04.17-00.13.54:326][326]LightingResults: New page: Lighting Build
[2018.04.17-00.13.54:442][326]LogEditorServer: Finished looking for orphan Actors (0.000 secs)
[2018.04.17-00.13.54:504][326]Cmd: MAP CHECKDEP NOCLEARLOG
[2018.04.17-00.13.54:571][326]MapCheck: Map check complete: 0 Error(s), 0 Warning(s), took 67.514ms to complete.
[2018.04.17-00.13.54:572][326]LogFileHelpers: Loading map 'Kitchen' took 0.249
[2018.04.17-00.13.56:888][441]Cmd: QUIT_EDITOR
[2018.04.17-00.13.57:310][441]LogWindowsTextInputMethodSystem: Display: IME system now deactivated.
[2018.04.17-00.13.57:322][441]LogExit: Preparing to exit.
[2018.04.17-00.13.57:557][441]LogDirectoryWatcher: A directory notification for 'C:/Users/Cormac/Desktop/StitchesAndBones/Content/' was aborted.
[2018.04.17-00.13.57:558][441]PIE: UWidget::RemoveFromParent() called on '/Game/Kitchen.Kitchen:None' which has no UMG parent (if it was added directly to a native Slate widget via TakeWidget() then it must be removed explicitly rather than via RemoveFromParent())
[2018.04.17-00.13.57:558][441]PIE: UWidget::RemoveFromParent() called on '/Game/Kitchen.Kitchen:None' which has no UMG parent (if it was added directly to a native Slate widget via TakeWidget() then it must be removed explicitly rather than via RemoveFromParent())
[2018.04.17-00.13.57:558][441]PIE: UWidget::RemoveFromParent() called on '/Game/Kitchen.Kitchen:None' which has no UMG parent (if it was added directly to a native Slate widget via TakeWidget() then it must be removed explicitly rather than via RemoveFromParent())
[2018.04.17-00.13.57:559][441]PIE: UWidget::RemoveFromParent() called on '/Game/Kitchen.Kitchen:None' which has no UMG parent (if it was added directly to a native Slate widget via TakeWidget() then it must be removed explicitly rather than via RemoveFromParent())
[2018.04.17-00.13.57:560][441]PIE: UWidget::RemoveFromParent() called on '/Game/Kitchen.Kitchen:None' which has no UMG parent (if it was added directly to a native Slate widget via TakeWidget() then it must be removed explicitly rather than via RemoveFromParent())
[2018.04.17-00.13.57:560][441]PIE: UWidget::RemoveFromParent() called on '/Game/Kitchen.Kitchen:None' which has no UMG parent (if it was added directly to a native Slate widget via TakeWidget() then it must be removed explicitly rather than via RemoveFromParent())
[2018.04.17-00.13.57:606][441]LogExit: Editor shut down
[2018.04.17-00.13.57:628][441]LogExit: Transaction tracking system shut down
[2018.04.17-00.13.57:904][441]LogDirectoryWatcher: A directory notification for '../../../Engine/Content/' was aborted.
[2018.04.17-00.13.57:904][441]LogDirectoryWatcher: A directory notification for '../../../../../../Users/Cormac/Desktop/StitchesAndBones/Content/' was aborted.
[2018.04.17-00.13.57:904][441]LogDirectoryWatcher: A directory notification for '../../../Engine/Plugins/2D/Paper2D/Content/' was aborted.
[2018.04.17-00.13.57:904][441]LogDirectoryWatcher: A directory notification for '../../../Engine/Plugins/Marketplace/DlgSystem/Content/' was aborted.
[2018.04.17-00.13.57:904][441]LogDirectoryWatcher: A directory notification for '../../../Engine/Plugins/Marketplace/GFur/Content/' was aborted.
[2018.04.17-00.13.57:904][441]LogDirectoryWatcher: A directory notification for '../../../Engine/Plugins/Media/MediaCompositing/Content/' was aborted.
[2018.04.17-00.13.57:904][441]LogDirectoryWatcher: A directory notification for '../../../Engine/Plugins/Runtime/AppleARKit/Content/' was aborted.
[2018.04.17-00.13.57:904][441]LogDirectoryWatcher: A directory notification for '../../../Engine/Plugins/Runtime/Oculus/OculusVR/Content/' was aborted.
[2018.04.17-00.13.57:904][441]LogDirectoryWatcher: A directory notification for '../../../Engine/Plugins/Runtime/Steam/SteamVR/Content/' was aborted.
[2018.04.17-00.13.58:152][441]LogExit: Object subsystem successfully closed.
[2018.04.17-00.13.58:188][441]LogD3D11RHI: Shutdown
[2018.04.17-00.13.58:188][441]LogD3D11RHI: CleanupD3DDevice
[2018.04.17-00.13.58:192][441]LogD3D11RHI: ~FD3D11DynamicRHI
[2018.04.17-00.13.58:204][441]LogModuleManager: Shutting down and abandoning module MovieSceneCapture (566)
[2018.04.17-00.13.58:204][441]LogModuleManager: Shutting down and abandoning module HierarchicalLODOutliner (564)
[2018.04.17-00.13.58:204][441]LogModuleManager: Shutting down and abandoning module SceneOutliner (562)
[2018.04.17-00.13.58:204][441]LogModuleManager: Shutting down and abandoning module AddContentDialog (560)
[2018.04.17-00.13.58:205][441]LogDirectoryWatcher: A directory notification for 'C:/Program Files/Epic Games/UE_4.18/FeaturePacks/' was aborted.
[2018.04.17-00.13.58:208][441]LogModuleManager: Shutting down and abandoning module WidgetCarousel (559)
[2018.04.17-00.13.58:208][441]LogModuleManager: Shutting down and abandoning module EditorWidgets (556)
[2018.04.17-00.13.58:208][441]LogModuleManager: Shutting down and abandoning module CollectionManager (554)
[2018.04.17-00.13.58:208][441]LogDirectoryWatcher: A directory notification for 'C:/Users/Cormac/Desktop/StitchesAndBones/Content/Collections/' was aborted.
[2018.04.17-00.13.58:208][441]LogDirectoryWatcher: A directory notification for 'C:/Users/Cormac/Desktop/StitchesAndBones/Content/Developers/Cormac/Collections/' was aborted.
[2018.04.17-00.13.58:208][441]LogDirectoryWatcher: A directory notification for 'C:/Users/Cormac/Desktop/StitchesAndBones/Saved/Collections/' was aborted.
[2018.04.17-00.13.58:208][441]LogModuleManager: Shutting down and abandoning module StatsViewer (552)
[2018.04.17-00.13.58:208][441]LogModuleManager: Shutting down and abandoning module FoliageEdit (550)
[2018.04.17-00.13.58:208][441]LogModuleManager: Shutting down and abandoning module LandscapeEditor (548)
[2018.04.17-00.13.58:208][441]LogModuleManager: Shutting down and abandoning module MeshPaintMode (546)
[2018.04.17-00.13.58:208][441]LogModuleManager: Shutting down and abandoning module SceneDepthPickerMode (544)
[2018.04.17-00.13.58:208][441]LogModuleManager: Shutting down and abandoning module ActorPickerMode (542)
[2018.04.17-00.13.58:208][441]LogModuleManager: Shutting down and abandoning module GeometryMode (540)
[2018.04.17-00.13.58:208][441]LogModuleManager: Shutting down and abandoning module TextureAlignMode (538)
[2018.04.17-00.13.58:208][441]LogModuleManager: Shutting down and abandoning module BspMode (536)
[2018.04.17-00.13.58:208][441]LogModuleManager: Shutting down and abandoning module PIEPreviewDeviceProfileSelector (534)
[2018.04.17-00.13.58:208][441]LogModuleManager: Shutting down and abandoning module HardwareSurvey (532)
[2018.04.17-00.13.58:208][441]LogModuleManager: Shutting down and abandoning module SequenceRecorderSections (530)
[2018.04.17-00.13.58:208][441]LogModuleManager: Shutting down and abandoning module AutomationWorker (528)
[2018.04.17-00.13.58:208][441]LogModuleManager: Shutting down and abandoning module MatineeToLevelSequence (526)
[2018.04.17-00.13.58:208][441]LogModuleManager: Shutting down and abandoning module LevelSequenceEditor (524)
[2018.04.17-00.13.58:208][441]LogModuleManager: Shutting down and abandoning module PlacementMode (523)
[2018.04.17-00.13.58:208][441]LogModuleManager: Shutting down and abandoning module WmfMediaFactory (520)
[2018.04.17-00.13.58:208][441]LogModuleManager: Shutting down and abandoning module WmfMediaEditor (518)
[2018.04.17-00.13.58:209][441]LogModuleManager: Shutting down and abandoning module OpenExrWrapper (516)
[2018.04.17-00.13.58:209][441]LogModuleManager: Shutting down and abandoning module ImgMediaFactory (514)
[2018.04.17-00.13.58:209][441]LogModuleManager: Shutting down and abandoning module ImgMediaEditor (512)
[2018.04.17-00.13.58:209][441]LogModuleManager: Shutting down and abandoning module AvfMediaFactory (510)
[2018.04.17-00.13.58:209][441]LogModuleManager: Shutting down and abandoning module AvfMediaEditor (508)
[2018.04.17-00.13.58:209][441]LogModuleManager: Shutting down and abandoning module AndroidMediaFactory (506)
[2018.04.17-00.13.58:209][441]LogModuleManager: Shutting down and abandoning module AndroidMediaEditor (504)
[2018.04.17-00.13.58:209][441]LogModuleManager: Shutting down and abandoning module GFurEditor (502)
[2018.04.17-00.13.58:209][441]LogModuleManager: Shutting down and abandoning module CharacterAI (500)
[2018.04.17-00.13.58:209][441]LogModuleManager: Shutting down and abandoning module AudioCapture (498)
[2018.04.17-00.13.58:209][441]LogModuleManager: Shutting down and abandoning module SequenceRecorder (497)
[2018.04.17-00.13.58:209][441]LogModuleManager: Shutting down and abandoning module SmartSnapping (494)
[2018.04.17-00.13.58:209][441]LogModuleManager: Shutting down and abandoning module SessionServices (492)
[2018.04.17-00.13.58:209][441]LogModuleManager: Shutting down and abandoning module ViewportSnapping (490)
[2018.04.17-00.13.58:209][441]LogModuleManager: Shutting down and abandoning module ViewportInteraction (488)
[2018.04.17-00.13.58:209][441]LogModuleManager: Shutting down and abandoning module ClothPainter (486)
[2018.04.17-00.13.58:209][441]LogModuleManager: Shutting down and abandoning module SkeletalMeshEditor (485)
[2018.04.17-00.13.58:209][441]LogModuleManager: Shutting down and abandoning module LogVisualizer (482)
[2018.04.17-00.13.58:209][441]LogModuleManager: Shutting down and abandoning module IntroTutorials (480)
[2018.04.17-00.13.58:209][441]LogModuleManager: Shutting down and abandoning module GameProjectGeneration (479)
[2018.04.17-00.13.58:209][441]LogModuleManager: Shutting down and abandoning module IOSPlatformEditor (476)
[2018.04.17-00.13.58:209][441]LogModuleManager: Shutting down and abandoning module HTML5PlatformEditor (474)
[2018.04.17-00.13.58:209][441]LogModuleManager: Shutting down and abandoning module AndroidPlatformEditor (472)
[2018.04.17-00.13.58:209][441]LogModuleManager: Shutting down and abandoning module AndroidDeviceDetection (471)
[2018.04.17-00.13.59:167][441]LogModuleManager: Shutting down and abandoning module WindowsPlatformEditor (468)
[2018.04.17-00.13.59:167][441]LogModuleManager: Shutting down and abandoning module IOSRuntimeSettings (466)
[2018.04.17-00.13.59:167][441]LogModuleManager: Shutting down and abandoning module AndroidRuntimeSettings (464)
[2018.04.17-00.13.59:167][441]LogModuleManager: Shutting down and abandoning module InputBindingEditor (462)
[2018.04.17-00.13.59:167][441]LogModuleManager: Shutting down and abandoning module MergeActors (460)
[2018.04.17-00.13.59:167][441]LogModuleManager: Shutting down and abandoning module SizeMap (458)
[2018.04.17-00.13.59:167][441]LogModuleManager: Shutting down and abandoning module TreeMap (456)
[2018.04.17-00.13.59:167][441]LogModuleManager: Shutting down and abandoning module ReferenceViewer (454)
[2018.04.17-00.13.59:167][441]LogModuleManager: Shutting down and abandoning module LocalizationDashboard (452)
[2018.04.17-00.13.59:167][441]LogModuleManager: Shutting down and abandoning module LocalizationService (451)
[2018.04.17-00.13.59:167][441]LogModuleManager: Shutting down and abandoning module HardwareTargeting (448)
[2018.04.17-00.13.59:167][441]LogModuleManager: Shutting down and abandoning module DeviceProfileEditor (446)
[2018.04.17-00.13.59:167][441]LogModuleManager: Shutting down and abandoning module UndoHistory (444)
[2018.04.17-00.13.59:167][441]LogModuleManager: Shutting down and abandoning module XmlParser (442)
[2018.04.17-00.13.59:167][441]LogModuleManager: Shutting down and abandoning module Blutility (440)
[2018.04.17-00.13.59:168][441]LogModuleManager: Shutting down and abandoning module ProjectSettingsViewer (438)
[2018.04.17-00.13.59:168][441]LogModuleManager: Shutting down and abandoning module ProjectTargetPlatformEditor (437)
[2018.04.17-00.13.59:168][441]LogModuleManager: Shutting down and abandoning module EditorSettingsViewer (434)
[2018.04.17-00.13.59:168][441]LogModuleManager: Shutting down and abandoning module SettingsEditor (432)
[2018.04.17-00.13.59:168][441]LogModuleManager: Shutting down and abandoning module ProjectLauncher (430)
[2018.04.17-00.13.59:168][441]LogModuleManager: Shutting down and abandoning module SessionFrontend (428)
[2018.04.17-00.13.59:168][441]LogModuleManager: Shutting down and abandoning module ProfilerClient (426)
[2018.04.17-00.13.59:168][441]LogModuleManager: Shutting down and abandoning module DeviceManager (424)
[2018.04.17-00.13.59:168][441]LogModuleManager: Shutting down and abandoning module TargetDeviceServices (423)
[2018.04.17-00.13.59:230][441]LogModuleManager: Shutting down and abandoning module AutomationController (420)
[2018.04.17-00.13.59:230][441]LogModuleManager: Shutting down and abandoning module AutomationWindow (418)
[2018.04.17-00.13.59:230][441]LogModuleManager: Shutting down and abandoning module Layers (416)
[2018.04.17-00.13.59:230][441]LogModuleManager: Shutting down and abandoning module ComponentVisualizers (414)
[2018.04.17-00.13.59:230][441]LogModuleManager: Shutting down and abandoning module DetailCustomizations (412)
[2018.04.17-00.13.59:230][441]LogModuleManager: Shutting down and abandoning module PackagesDialog (410)
[2018.04.17-00.13.59:230][441]LogModuleManager: Shutting down and abandoning module Persona (408)
[2018.04.17-00.13.59:230][441]LogModuleManager: Shutting down and abandoning module AdvancedPreviewScene (407)
[2018.04.17-00.13.59:230][441]LogModuleManager: Shutting down and abandoning module AnimGraph (405)
[2018.04.17-00.13.59:230][441]LogModuleManager: Shutting down and abandoning module Kismet (402)
[2018.04.17-00.13.59:231][441]LogModuleManager: Shutting down and abandoning module ClassViewer (400)
[2018.04.17-00.13.59:231][441]LogModuleManager: Shutting down and abandoning module Toolbox (398)
[2018.04.17-00.13.59:231][441]LogModuleManager: Shutting down and abandoning module ModuleUI (396)
[2018.04.17-00.13.59:231][441]LogModuleManager: Shutting down and abandoning module MovieSceneTools (394)
[2018.04.17-00.13.59:231][441]LogModuleManager: Shutting down and abandoning module OutputLog (392)
[2018.04.17-00.13.59:231][441]LogModuleManager: Shutting down and abandoning module GammaUI (390)
[2018.04.17-00.13.59:231][441]LogModuleManager: Shutting down and abandoning module Documentation (388)
[2018.04.17-00.13.59:231][441]LogModuleManager: Shutting down and abandoning module MovieSceneTracks (386)
[2018.04.17-00.13.59:231][441]LogModuleManager: Shutting down and abandoning module MovieScene (384)
[2018.04.17-00.13.59:231][441]LogModuleManager: Shutting down and abandoning module StreamingPauseRendering (382)
[2018.04.17-00.13.59:231][441]LogModuleManager: Shutting down and abandoning module LauncherPlatform (380)
[2018.04.17-00.13.59:231][441]LogModuleManager: Shutting down and abandoning module AnalyticsET (378)
[2018.04.17-00.13.59:231][441]LogModuleManager: Shutting down and abandoning module PortalServices (376)
[2018.04.17-00.13.59:231][441]LogModuleManager: Shutting down and abandoning module PortalRpc (374)
[2018.04.17-00.13.59:231][441]LogModuleManager: Shutting down and abandoning module MessagingRpc (372)
[2018.04.17-00.13.59:231][441]LogModuleManager: Shutting down and abandoning module AIModule (370)
[2018.04.17-00.13.59:231][441]LogModuleManager: Shutting down and abandoning module AITestSuite (369)
[2018.04.17-00.13.59:231][441]LogModuleManager: Shutting down and abandoning module DesktopPlatform (366)
[2018.04.17-00.13.59:232][441]LogModuleManager: Shutting down and abandoning module ProfilerService (364)
[2018.04.17-00.13.59:249][441]LogModuleManager: Shutting down and abandoning module TaskGraph (362)
[2018.04.17-00.13.59:249][441]LogModuleManager: Shutting down and abandoning module SubstanceLiveLink (360)
[2018.04.17-00.13.59:249][441]LogModuleManager: Shutting down and abandoning module SubstanceSource (358)
[2018.04.17-00.13.59:249][441]LogModuleManager: Shutting down and abandoning module SubstanceEditor (356)
[2018.04.17-00.13.59:249][441]LogModuleManager: Shutting down and abandoning module DlgSystemEditor (354)
[2018.04.17-00.13.59:249][441]LogDlgSystemEditor: Verbose: Stopped DlgSystemEditorModule
[2018.04.17-00.13.59:249][441]LogModuleManager: Shutting down and abandoning module SteamVRController (352)
[2018.04.17-00.13.59:249][441]LogModuleManager: Shutting down and abandoning module ProceduralMeshComponentEditor (350)
[2018.04.17-00.13.59:249][441]LogModuleManager: Shutting down and abandoning module ProceduralMeshComponent (348)
[2018.04.17-00.13.59:249][441]LogModuleManager: Shutting down and abandoning module OculusInput (346)
[2018.04.17-00.13.59:250][441]LogModuleManager: Shutting down and abandoning module MobilePatchingUtils (344)
[2018.04.17-00.13.59:250][441]LogModuleManager: Shutting down and abandoning module CustomMeshComponent (342)
[2018.04.17-00.13.59:250][441]LogModuleManager: Shutting down and abandoning module CableComponent (340)
[2018.04.17-00.13.59:250][441]LogModuleManager: Shutting down and abandoning module ArchVisCharacter (338)
[2018.04.17-00.13.59:250][441]LogModuleManager: Shutting down and abandoning module AndroidPermission (336)
[2018.04.17-00.13.59:250][441]LogModuleManager: Shutting down and abandoning module ActorSequence (332)
[2018.04.17-00.13.59:250][441]LogModuleManager: Shutting down and abandoning module MediaPlayerEditor (330)
[2018.04.17-00.13.59:250][441]LogModuleManager: Shutting down and abandoning module MediaCompositingEditor (328)
[2018.04.17-00.13.59:250][441]LogModuleManager: Shutting down and abandoning module MediaCompositing (326)
[2018.04.17-00.13.59:250][441]LogModuleManager: Shutting down and abandoning module HTML5Networking (324)
[2018.04.17-00.13.59:250][441]LogModuleManager: Shutting down and abandoning module AlembicImporter (322)
[2018.04.17-00.13.59:250][441]LogModuleManager: Shutting down and abandoning module AlembicLibrary (321)
[2018.04.17-00.13.59:250][441]LogModuleManager: Shutting down and abandoning module GeometryCache (320)
[2018.04.17-00.13.59:250][441]LogModuleManager: Shutting down and abandoning module GeometryCacheEd (319)
[2018.04.17-00.13.59:250][441]LogModuleManager: Shutting down and abandoning module SpeedTreeImporter (314)
[2018.04.17-00.13.59:250][441]LogModuleManager: Shutting down and abandoning module PluginBrowser (312)
[2018.04.17-00.13.59:250][441]LogModuleManager: Shutting down and abandoning module MobileLauncherProfileWizard (310)
[2018.04.17-00.13.59:250][441]LogModuleManager: Shutting down and abandoning module VisualStudioSourceCodeAccess (308)
[2018.04.17-00.13.59:250][441]LogModuleManager: Shutting down and abandoning module VisualStudioCodeSourceCodeAccess (306)
[2018.04.17-00.13.59:250][441]LogModuleManager: Shutting down and abandoning module UObjectPlugin (304)
[2018.04.17-00.13.59:250][441]LogModuleManager: Shutting down and abandoning module SubversionSourceControl (302)
[2018.04.17-00.13.59:250][441]LogModuleManager: Shutting down and abandoning module PerforceSourceControl (300)
[2018.04.17-00.13.59:250][441]LogModuleManager: Shutting down and abandoning module GitSourceControl (298)
[2018.04.17-00.13.59:250][441]LogModuleManager: Shutting down and abandoning module SourceControl (297)
[2018.04.17-00.13.59:250][441]LogModuleManager: Shutting down and abandoning module LightPropagationVolumeEditor (294)
[2018.04.17-00.13.59:250][441]LogModuleManager: Shutting down and abandoning module PaperTiledImporter (292)
[2018.04.17-00.13.59:250][441]LogModuleManager: Shutting down and abandoning module PaperSpriteSheetImporter (290)
[2018.04.17-00.13.59:250][441]LogModuleManager: Shutting down and abandoning module Paper2DEditor (288)
[2018.04.17-00.13.59:250][441]LogModuleManager: Shutting down and abandoning module MeshPaint (287)
[2018.04.17-00.13.59:250][441]LogModuleManager: Shutting down and abandoning module LevelEditor (285)
[2018.04.17-00.13.59:251][441]LogModuleManager: Shutting down and abandoning module PixelInspectorModule (284)
[2018.04.17-00.13.59:251][441]LogModuleManager: Shutting down and abandoning module MainFrame (282)
[2018.04.17-00.13.59:251][441]LogModuleManager: Shutting down and abandoning module HotReload (281)
[2018.04.17-00.13.59:252][441]LogModuleManager: Shutting down and abandoning module RuntimePhysXCooking (276)
[2018.04.17-00.13.59:252][441]LogModuleManager: Shutting down and abandoning module PhysXVehiclesEditor (274)
[2018.04.17-00.13.59:252][441]LogModuleManager: Shutting down and abandoning module PhysXVehicles (272)
[2018.04.17-00.13.59:252][441]LogModuleManager: Shutting down and abandoning module OculusEditor (270)
[2018.04.17-00.13.59:252][441]LogModuleManager: Shutting down and abandoning module LocationServicesBPLibrary (268)
[2018.04.17-00.13.59:252][441]LogModuleManager: Shutting down and abandoning module ImmediatePhysicsEditor (266)
[2018.04.17-00.13.59:252][441]LogModuleManager: Shutting down and abandoning module ImmediatePhysics (264)
[2018.04.17-00.13.59:252][441]LogModuleManager: Shutting down and abandoning module UdpMessaging (262)
[2018.04.17-00.13.59:353][441]LogModuleManager: Shutting down and abandoning module TcpMessaging (260)
[2018.04.17-00.13.59:453][441]LogModuleManager: Shutting down and abandoning module SubstanceCore (258)
[2018.04.17-00.13.59:453][441]LogModuleManager: Shutting down and abandoning module DlgSystem (256)
[2018.04.17-00.13.59:453][441]LogDlgSystem: Verbose: Stopped DlgSystemModule
[2018.04.17-00.13.59:453][441]LogModuleManager: Shutting down and abandoning module GameplayDebugger (255)
[2018.04.17-00.13.59:453][441]LogModuleManager: Shutting down and abandoning module GameplayTagsEditor (252)
[2018.04.17-00.13.59:453][441]LogModuleManager: Shutting down and abandoning module FacialAnimationEditor (250)
[2018.04.17-00.13.59:453][441]LogModuleManager: Shutting down and abandoning module FacialAnimation (248)
[2018.04.17-00.13.59:453][441]LogModuleManager: Shutting down and abandoning module AssetManagerEditor (246)
[2018.04.17-00.13.59:453][441]LogModuleManager: Shutting down and abandoning module GraphEditor (245)
[2018.04.17-00.13.59:453][441]LogModuleManager: Shutting down and abandoning module ContentBrowser (243)
[2018.04.17-00.13.59:455][441]LogModuleManager: Shutting down and abandoning module LightPropagationVolumeRuntime (240)
[2018.04.17-00.13.59:455][441]LogModuleManager: Shutting down and abandoning module Paper2D (238)
[2018.04.17-00.13.59:455][441]LogModuleManager: Shutting down and abandoning module WindowsMoviePlayer (236)
[2018.04.17-00.13.59:455][441]LogModuleManager: Shutting down and abandoning module WmfMedia (234)
[2018.04.17-00.13.59:456][441]LogModuleManager: Shutting down and abandoning module ImgMedia (232)
[2018.04.17-00.13.59:456][441]LogModuleManager: Shutting down and abandoning module PacketHandler (230)
[2018.04.17-00.13.59:456][441]LogModuleManager: Shutting down and abandoning module ClothingSystemEditor (228)
[2018.04.17-00.13.59:456][441]LogModuleManager: Shutting down and abandoning module ClothingSystemRuntime (226)
[2018.04.17-00.13.59:456][441]LogModuleManager: Shutting down and abandoning module MediaAssets (224)
[2018.04.17-00.13.59:456][441]LogModuleManager: Shutting down and abandoning module Media (223)
[2018.04.17-00.13.59:462][441]LogModuleManager: Shutting down and abandoning module Overlay (220)
[2018.04.17-00.13.59:462][441]LogModuleManager: Shutting down and abandoning module OverlayEditor (219)
[2018.04.17-00.13.59:462][441]LogModuleManager: Shutting down and abandoning module VREditor (216)
[2018.04.17-00.13.59:462][441]LogModuleManager: Shutting down and abandoning module StringTableEditor (214)
[2018.04.17-00.13.59:462][441]LogModuleManager: Shutting down and abandoning module GameplayTasksEditor (212)
[2018.04.17-00.13.59:462][441]LogModuleManager: Shutting down and abandoning module BehaviorTreeEditor (210)
[2018.04.17-00.13.59:462][441]LogModuleManager: Shutting down and abandoning module FunctionalTesting (208)
[2018.04.17-00.13.59:462][441]LogModuleManager: Shutting down and abandoning module CollisionAnalyzer (206)
[2018.04.17-00.13.59:462][441]LogModuleManager: Shutting down and abandoning module WorkspaceMenuStructure (205)
[2018.04.17-00.13.59:462][441]LogModuleManager: Shutting down and abandoning module UMG (202)
[2018.04.17-00.13.59:462][441]LogModuleManager: Shutting down and abandoning module UMGEditor (201)
[2018.04.17-00.13.59:462][441]LogModuleManager: Shutting down and abandoning module Sequencer (200)
[2018.04.17-00.13.59:462][441]LogModuleManager: Shutting down and abandoning module MessageLog (197)
[2018.04.17-00.13.59:462][441]LogModuleManager: Shutting down and abandoning module SlateReflector (192)
[2018.04.17-00.13.59:463][441]LogModuleManager: Shutting down and abandoning module Slate (190)
[2018.04.17-00.13.59:463][441]LogModuleManager: Shutting down and abandoning module EditorStyle (188)
[2018.04.17-00.13.59:465][441]LogModuleManager: Shutting down and abandoning module MRMesh (186)
[2018.04.17-00.13.59:465][441]LogModuleManager: Shutting down and abandoning module SourceCodeAccess (184)
[2018.04.17-00.13.59:465][441]LogModuleManager: Shutting down and abandoning module HeadMountedDisplay (182)
[2018.04.17-00.13.59:465][441]LogModuleManager: Shutting down and abandoning module XAudio2 (180)
[2018.04.17-00.13.59:465][441]LogModuleManager: Shutting down and abandoning module Networking (178)
[2018.04.17-00.13.59:465][441]LogModuleManager: Shutting down and abandoning module Core (174)
[2018.04.17-00.13.59:465][441]LogModuleManager: Shutting down and abandoning module LevelSequence (170)
[2018.04.17-00.13.59:465][441]LogModuleManager: Shutting down and abandoning module DirectoryWatcher (168)
[2018.04.17-00.13.59:470][441]LogModuleManager: Shutting down and abandoning module KismetCompiler (166)
[2018.04.17-00.13.59:470][441]LogModuleManager: Shutting down and abandoning module MeshUtilities (164)
[2018.04.17-00.13.59:470][441]LogModuleManager: Shutting down and abandoning module MeshMergeUtilities (163)
[2018.04.17-00.13.59:470][441]LogModuleManager: Shutting down and abandoning module MeshReductionInterface (162)
[2018.04.17-00.13.59:470][441]LogModuleManager: Shutting down and abandoning module SimplygonSwarm (161)
[2018.04.17-00.13.59:470][441]LogModuleManager: Shutting down and abandoning module SimplygonMeshReduction (159)
[2018.04.17-00.13.59:470][441]LogModuleManager: Shutting down and abandoning module QuadricMeshReduction (157)
[2018.04.17-00.13.59:470][441]LogModuleManager: Shutting down and abandoning module MaterialBaking (153)
[2018.04.17-00.13.59:470][441]LogModuleManager: Shutting down and abandoning module DerivedDataCache (150)
[2018.04.17-00.13.59:518][441]LogDerivedDataCache: Shutdown
[2018.04.17-00.13.59:518][441]LogModuleManager: Shutting down and abandoning module TargetPlatform (148)
[2018.04.17-00.13.59:518][441]LogModuleManager: Shutting down and abandoning module VulkanShaderFormat (147)
[2018.04.17-00.13.59:518][441]LogModuleManager: Shutting down and abandoning module ShaderFormatVectorVM (145)
[2018.04.17-00.13.59:518][441]LogModuleManager: Shutting down and abandoning module ShaderFormatOpenGL (143)
[2018.04.17-00.13.59:518][441]LogModuleManager: Shutting down and abandoning module ShaderFormatD3D (141)
[2018.04.17-00.13.59:518][441]LogModuleManager: Shutting down and abandoning module MetalShaderFormat (139)
[2018.04.17-00.13.59:518][441]LogModuleManager: Shutting down and abandoning module TextureFormatUncompressed (137)
[2018.04.17-00.13.59:518][441]LogModuleManager: Shutting down and abandoning module TextureFormatPVR (135)
[2018.04.17-00.13.59:518][441]LogModuleManager: Shutting down and abandoning module TextureFormatDXT (133)
[2018.04.17-00.13.59:518][441]LogModuleManager: Shutting down and abandoning module TextureFormatIntelISPCTexComp (131)
[2018.04.17-00.13.59:518][441]LogModuleManager: Shutting down and abandoning module TextureFormatASTC (129)
[2018.04.17-00.13.59:518][441]LogModuleManager: Shutting down and abandoning module ImageWrapper (128)
[2018.04.17-00.13.59:518][441]LogModuleManager: Shutting down and abandoning module TextureFormatAndroid (125)
[2018.04.17-00.13.59:518][441]LogModuleManager: Shutting down and abandoning module AudioFormatOpus (123)
[2018.04.17-00.13.59:518][441]LogModuleManager: Shutting down and abandoning module AudioFormatOgg (121)
[2018.04.17-00.13.59:518][441]LogModuleManager: Shutting down and abandoning module AudioFormatADPCM (119)
[2018.04.17-00.13.59:519][441]LogModuleManager: Shutting down and abandoning module LinuxTargetPlatform (117)
[2018.04.17-00.13.59:519][441]LogModuleManager: Shutting down and abandoning module LinuxServerTargetPlatform (115)
[2018.04.17-00.13.59:519][441]LogModuleManager: Shutting down and abandoning module LinuxNoEditorTargetPlatform (113)
[2018.04.17-00.13.59:519][441]LogModuleManager: Shutting down and abandoning module LinuxClientTargetPlatform (111)
[2018.04.17-00.13.59:519][441]LogModuleManager: Shutting down and abandoning module TVOSTargetPlatform (109)
[2018.04.17-00.13.59:519][441]LogModuleManager: Shutting down and abandoning module Messaging (107)
[2018.04.17-00.13.59:519][441]LogModuleManager: Shutting down and abandoning module IOSTargetPlatform (105)
[2018.04.17-00.13.59:519][441]LogModuleManager: Shutting down and abandoning module HTML5TargetPlatform (103)
[2018.04.17-00.13.59:519][441]LogModuleManager: Shutting down and abandoning module AndroidTargetPlatform (101)
[2018.04.17-00.13.59:519][441]LogModuleManager: Shutting down and abandoning module Android_PVRTCTargetPlatform (99)
[2018.04.17-00.13.59:519][441]LogModuleManager: Shutting down and abandoning module Android_MultiTargetPlatform (97)
[2018.04.17-00.13.59:519][441]LogModuleManager: Shutting down and abandoning module Android_ETC2TargetPlatform (95)
[2018.04.17-00.13.59:519][441]LogModuleManager: Shutting down and abandoning module Android_ETC1TargetPlatform (93)
[2018.04.17-00.13.59:519][441]LogModuleManager: Shutting down and abandoning module Android_DXTTargetPlatform (91)
[2018.04.17-00.13.59:519][441]LogModuleManager: Shutting down and abandoning module Android_ATCTargetPlatform (89)
[2018.04.17-00.13.59:519][441]LogModuleManager: Shutting down and abandoning module Android_ASTCTargetPlatform (87)
[2018.04.17-00.13.59:519][441]LogModuleManager: Shutting down and abandoning module WindowsTargetPlatform (85)
[2018.04.17-00.13.59:519][441]LogModuleManager: Shutting down and abandoning module WindowsServerTargetPlatform (83)
[2018.04.17-00.13.59:519][441]LogModuleManager: Shutting down and abandoning module WindowsNoEditorTargetPlatform (81)
[2018.04.17-00.13.59:519][441]LogModuleManager: Shutting down and abandoning module WindowsClientTargetPlatform (79)
[2018.04.17-00.13.59:519][441]LogModuleManager: Shutting down and abandoning module MacTargetPlatform (77)
[2018.04.17-00.13.59:519][441]LogModuleManager: Shutting down and abandoning module MacServerTargetPlatform (75)
[2018.04.17-00.13.59:519][441]LogModuleManager: Shutting down and abandoning module MacNoEditorTargetPlatform (73)
[2018.04.17-00.13.59:519][441]LogModuleManager: Shutting down and abandoning module MacClientTargetPlatform (71)
[2018.04.17-00.13.59:519][441]LogModuleManager: Shutting down and abandoning module AllDesktopTargetPlatform (69)
[2018.04.17-00.13.59:519][441]LogModuleManager: Shutting down and abandoning module InputCore (66)
[2018.04.17-00.13.59:519][441]LogModuleManager: Shutting down and abandoning module Settings (64)
[2018.04.17-00.13.59:519][441]LogModuleManager: Shutting down and abandoning module PhysXCooking (62)
[2018.04.17-00.13.59:519][441]LogModuleManager: Shutting down and abandoning module SteamVR (60)
[2018.04.17-00.13.59:519][441]LogModuleManager: Shutting down and abandoning module OculusHMD (58)
[2018.04.17-00.13.59:519][441]LogModuleManager: Shutting down and abandoning module ExampleDeviceProfileSelector (56)
[2018.04.17-00.13.59:519][441]LogModuleManager: Shutting down and abandoning module AppleARKit (54)
[2018.04.17-00.13.59:519][441]LogModuleManager: Shutting down and abandoning module AugmentedReality (53)
[2018.04.17-00.13.59:519][441]LogModuleManager: Shutting down and abandoning module OnlineBlueprintSupport (50)
[2018.04.17-00.13.59:519][441]LogModuleManager: Shutting down and abandoning module OnlineSubsystem (46)
[2018.04.17-00.13.59:519][441]LogModuleManager: Shutting down and abandoning module XMPP (45)
[2018.04.17-00.13.59:519][441]LogModuleManager: Shutting down and abandoning module HTTP (43)
[2018.04.17-00.13.59:519][441]LogHttp: Display: Http module shutting down, but needs to wait on 1 outstanding Http requests:
[2018.04.17-00.13.59:519][441]LogHttp: Display: 	verb=[POST] url=[https://datarouter.ol.epicgames.com/datarouter/api/v1/public/data?SessionID=%7B5C9BC45D-475B-866B-1309-B781A8ABCD9C%7D&AppID=UEEditor.Rocket.Release&AppVersion=4.18.1-3754814%2B%2B%2BUE4%2BRelease-4.18&UserID=88ddbd0a4f420f2d671fd392716753eb%7C41a0277436e94d8b92f055378518919c%7Caa405f8b-d904-444a-83fd-af1dc9c4c244&AppEnvironment=datacollector-binary&UploadType=eteventstream] status=Processing
[2018.04.17-00.13.59:546][441]LogModuleManager: Shutting down and abandoning module SSL (42)
[2018.04.17-00.13.59:547][441]LogModuleManager: Shutting down and abandoning module GFur (38)
[2018.04.17-00.13.59:547][441]LogModuleManager: Shutting down and abandoning module AnimationModifiers (36)
[2018.04.17-00.13.59:547][441]LogModuleManager: Shutting down and abandoning module PropertyEditor (35)
[2018.04.17-00.13.59:547][441]LogModuleManager: Shutting down and abandoning module AudioEditor (32)
[2018.04.17-00.13.59:547][441]LogModuleManager: Shutting down and abandoning module TextureCompressor (30)
[2018.04.17-00.13.59:547][441]LogModuleManager: Shutting down and abandoning module ShaderCore (28)
[2018.04.17-00.13.59:547][441]LogModuleManager: Shutting down and abandoning module Landscape (26)
[2018.04.17-00.13.59:547][441]LogModuleManager: Shutting down and abandoning module SlateRHIRenderer (24)
[2018.04.17-00.13.59:555][441]LogModuleManager: Shutting down and abandoning module OpenGLDrv (22)
[2018.04.17-00.13.59:555][441]LogModuleManager: Shutting down and abandoning module D3D11RHI (20)
[2018.04.17-00.13.59:555][441]LogModuleManager: Shutting down and abandoning module AnimGraphRuntime (18)
[2018.04.17-00.13.59:555][441]LogModuleManager: Shutting down and abandoning module Renderer (16)
[2018.04.17-00.13.59:555][441]LogModuleManager: Shutting down and abandoning module Engine (14)
[2018.04.17-00.13.59:555][441]LogModuleManager: Shutting down and abandoning module CoreUObject (12)
[2018.04.17-00.13.59:555][441]LogModuleManager: Shutting down and abandoning module NetworkFile (10)
[2018.04.17-00.13.59:555][441]LogModuleManager: Shutting down and abandoning module CookedIterativeFile (8)
[2018.04.17-00.13.59:555][441]LogModuleManager: Shutting down and abandoning module StreamingFile (6)
[2018.04.17-00.13.59:555][441]LogModuleManager: Shutting down and abandoning module SandboxFile (4)
[2018.04.17-00.13.59:555][441]LogModuleManager: Shutting down and abandoning module PakFile (2)
[2018.04.17-00.13.59:558][441]LogExit: Exiting.
[2018.04.17-00.13.59:584][441]Log file closed, 04/17/18 01:13:59
