Log file open, 11/23/17 19:15:38
LogWindows: Failed to load 'aqProf.dll' (GetLastError=126)
LogWindows: File 'aqProf.dll' does not exist
LogWindows: Failed to load 'VSPerf140.dll' (GetLastError=126)
LogWindows: File 'VSPerf140.dll' does not exist
LogWindows: Failed to load 'VtuneApi.dll' (GetLastError=126)
LogWindows: File 'VtuneApi.dll' does not exist
LogWindows: Failed to load 'VtuneApi32e.dll' (GetLastError=126)
LogWindows: File 'VtuneApi32e.dll' does not exist
LogInit: Display: Running engine for game: MyProject
LogPlatformFile: Not using cached read wrapper
LogInit: Display: RandInit(233732171) SRandInit(233732171).
LogTaskGraph: Started task graph with 5 named threads and 14 total threads with 3 sets of task threads.
LogStats: Stats thread started at 0.169326
LogD3D11RHI: Aftermath initialized
LogPluginManager: Mounting plugin Paper2D
LogPluginManager: Mounting plugin LightPropagationVolume
LogPluginManager: Mounting plugin CodeLiteSourceCodeAccess
LogPluginManager: Mounting plugin GitSourceControl
LogPluginManager: Mounting plugin KDevelopSourceCodeAccess
LogPluginManager: Mounting plugin NullSourceCodeAccess
LogPluginManager: Mounting plugin PerforceSourceControl
LogPluginManager: Mounting plugin SubversionSourceControl
LogPluginManager: Mounting plugin UObjectPlugin
LogPluginManager: Mounting plugin VisualStudioSourceCodeAccess
LogPluginManager: Mounting plugin XCodeSourceCodeAccess
LogPluginManager: Mounting plugin AssetManagerEditor
LogPluginManager: Mounting plugin AudioCapture
LogPluginManager: Mounting plugin FacialAnimation
LogPluginManager: Mounting plugin GameplayTagsEditor
LogPluginManager: Mounting plugin MobileLauncherProfileWizard
LogPluginManager: Mounting plugin PluginBrowser
LogPluginManager: Mounting plugin SpeedTreeImporter
LogPluginManager: Mounting plugin AlembicImporter
LogPluginManager: Mounting plugin CharacterAI
LogPluginManager: Mounting plugin HTML5Networking
LogPluginManager: Mounting plugin AndroidMedia
LogPluginManager: Mounting plugin AvfMedia
LogPluginManager: Mounting plugin MediaPlayerEditor
LogPluginManager: Mounting plugin WmfMedia
LogPluginManager: Mounting plugin TcpMessaging
LogPluginManager: Mounting plugin UdpMessaging
LogPluginManager: Mounting plugin LevelSequenceEditor
LogPluginManager: Mounting plugin MatineeToLevelSequence
LogPluginManager: Mounting plugin OnlineSubsystemGooglePlay
LogPluginManager: Mounting plugin OnlineSubsystemIOS
LogPluginManager: Mounting plugin OnlineSubsystem
LogPluginManager: Mounting plugin OnlineSubsystemNull
LogPluginManager: Mounting plugin OnlineSubsystemUtils
LogPluginManager: Mounting plugin AndroidDeviceProfileSelector
LogPluginManager: Mounting plugin AndroidMoviePlayer
LogPluginManager: Mounting plugin AndroidPermission
LogPluginManager: Mounting plugin AppleMoviePlayer
LogPluginManager: Mounting plugin ArchVisCharacter
LogPluginManager: Mounting plugin CableComponent
LogPluginManager: Mounting plugin CustomMeshComponent
LogPluginManager: Mounting plugin ExampleDeviceProfileSelector
LogPluginManager: Mounting plugin GoogleCloudMessaging
LogPluginManager: Mounting plugin ImmediatePhysics
LogPluginManager: Mounting plugin IOSDeviceProfileSelector
LogPluginManager: Mounting plugin LinuxDeviceProfileSelector
LogPluginManager: Mounting plugin LocationServicesBPLibrary
LogPluginManager: Mounting plugin MobilePatchingUtils
LogPluginManager: Mounting plugin OculusVR
LogPluginManager: Mounting plugin PhysXVehicles
LogPluginManager: Mounting plugin ProceduralMeshComponent
LogPluginManager: Mounting plugin RuntimePhysXCooking
LogPluginManager: Mounting plugin SteamVR
LogPluginManager: Mounting plugin WindowsMoviePlayer
LogInit: Using libcurl 7.47.1
LogInit:  - built for x86_64-pc-win32
LogInit:  - supports SSL with OpenSSL/1.0.2g
LogInit:  - supports HTTP deflate (compression) using libz 1.2.8
LogInit:  - other features:
LogInit:      CURL_VERSION_SSL
LogInit:      CURL_VERSION_LIBZ
LogInit:      CURL_VERSION_IPV6
LogInit:      CURL_VERSION_ASYNCHDNS
LogInit:      CURL_VERSION_LARGEFILE
LogInit:      CURL_VERSION_IDN
LogInit:  CurlRequestOptions (configurable via config and command line):
LogInit:  - bVerifyPeer = false  - Libcurl will NOT verify peer certificate
LogInit:  - bUseHttpProxy = false  - Libcurl will NOT use HTTP proxy
LogInit:  - bDontReuseConnections = false  - Libcurl will reuse connections
LogInit:  - CertBundlePath = nullptr  - Libcurl will use whatever was configured at build time.
LogInit: Build: ++UE4+Release-4.17-CL-3658906
LogInit: Engine Version: 4.17.2-3658906+++UE4+Release-4.17
LogInit: Compatible Engine Version: 4.17.0-3573198+++UE4+Release-4.17
LogInit: Net CL: 3573198
LogDevObjectVersion: Number of dev versions registered: 16
LogDevObjectVersion:   Dev-Blueprints (B0D832E4-1F89-4F0D-ACCF-7EB736FD4AA2): 10
LogDevObjectVersion:   Dev-Build (E1C64328-A22C-4D53-A36C-8E866417BD8C): 0
LogDevObjectVersion:   Dev-Core (375EC13C-06E4-48FB-B500-84F0262A717E): 2
LogDevObjectVersion:   Dev-Editor (E4B068ED-F494-42E9-A231-DA0B2E46BB41): 20
LogDevObjectVersion:   Dev-Framework (CFFC743F-43B0-4480-9391-14DF171D2073): 28
LogDevObjectVersion:   Dev-Mobile (B02B49B5-BB20-44E9-A304-32B752E40360): 0
LogDevObjectVersion:   Dev-Networking (A4E4105C-59A1-49B5-A7C5-40C4547EDFEE): 0
LogDevObjectVersion:   Dev-Online (39C831C9-5AE6-47DC-9A44-9C173E1C8E7C): 0
LogDevObjectVersion:   Dev-Physics (78F01B33-EBEA-4F98-B9B4-84EACCB95AA2): 0
LogDevObjectVersion:   Dev-Platform (6631380F-2D4D-43E0-8009-CF276956A95A): 0
LogDevObjectVersion:   Dev-Rendering (12F88B9F-8875-4AFC-A67C-D90C383ABD29): 19
LogDevObjectVersion:   Dev-Sequencer (7B5AE74C-D270-4C10-A958-57980B212A5A): 4
LogDevObjectVersion:   Dev-VR (D7296918-1DD6-4BDD-9DE2-64A83CC13884): 0
LogDevObjectVersion:   Dev-LoadTimes (C2A15278-BFE7-4AFE-6C17-90FF531DF755): 1
LogDevObjectVersion:   Private-Geometry (6EACA3D4-40EC-4CC1-B786-8BED09428FC5): 1
LogDevObjectVersion:   Dev-AnimPhys (29E575DD-E0A3-4627-9D10-D276232CDCEA): 7
LogInit: Compiled (64-bit): Sep 22 2017 13:47:16
LogInit: Compiled with Visual C++: 19.00.24215.01
LogInit: Build Configuration: Development
LogInit: Branch Name: ++UE4+Release-4.17
LogInit: Command line:  
LogInit: Base directory: C:/Program Files/Epic Games/UE_4.17/Engine/Binaries/Win64/
LogInit: Installed Engine Build: 1
LogInit: Presizing for max 8388607 objects, including 0 objects not considered by GC, pre-allocating 0 bytes for permanent pool.
LogInit: Object subsystem initialized
[2017.11.23-19.15.38:845][  0]LogInit: Selected Device Profile: [Windows]
[2017.11.23-19.15.38:845][  0]LogInit: Applying CVar settings loaded from the selected device profile: [Windows]
[2017.11.23-19.15.38:859][  0]LogInit: Computer: MSI
[2017.11.23-19.15.38:859][  0]LogInit: User: Stumps
[2017.11.23-19.15.38:859][  0]LogInit: CPU Page size=4096, Cores=4
[2017.11.23-19.15.38:859][  0]LogInit: High frequency timer resolution =2.648437 MHz
[2017.11.23-19.15.38:859][  0]LogMemory: Memory total: Physical=32.0GB (32GB approx)
[2017.11.23-19.15.38:859][  0]LogMemory: Platform Memory Stats for Windows
[2017.11.23-19.15.38:859][  0]LogMemory: Process Physical Memory: 280.23 MB used, 280.23 MB peak
[2017.11.23-19.15.38:859][  0]LogMemory: Process Virtual Memory: 286.50 MB used, 286.50 MB peak
[2017.11.23-19.15.38:859][  0]LogMemory: Physical Memory: 7066.20 MB used,  25659.13 MB free, 32725.33 MB total
[2017.11.23-19.15.38:859][  0]LogMemory: Virtual Memory: 680.92 MB used,  25659.13 MB free, 134217728.00 MB total
[2017.11.23-19.15.39:168][  0]LogInit: Using OS detected language (en-US).
[2017.11.23-19.15.39:168][  0]LogInit: Using OS detected locale (en-GB).
[2017.11.23-19.15.39:170][  0]LogTextLocalizationManager: No specific localization for 'en-US' exists, so the 'en' localization will be used.
[2017.11.23-19.15.39:843][  0]LogD3D11RHI: D3D11 adapters:
[2017.11.23-19.15.39:897][  0]LogD3D11RHI:    0. 'NVIDIA GeForce GTX 1080' (Feature Level 11_0)
[2017.11.23-19.15.39:897][  0]LogD3D11RHI:       8076/0/16362 MB DedicatedVideo/DedicatedSystem/SharedSystem, Outputs:1, VendorId:0x10de
[2017.11.23-19.15.39:899][  0]LogD3D11RHI:    1. 'Microsoft Basic Render Driver' (Feature Level 11_0)
[2017.11.23-19.15.39:899][  0]LogD3D11RHI:       0/0/16362 MB DedicatedVideo/DedicatedSystem/SharedSystem, Outputs:0, VendorId:0x1414
[2017.11.23-19.15.39:899][  0]LogD3D11RHI: Chosen D3D11 Adapter: 0
[2017.11.23-19.15.39:902][  0]LogD3D11RHI: Creating new Direct3DDevice
[2017.11.23-19.15.39:902][  0]LogD3D11RHI:     GPU DeviceId: 0x1be0 (for the marketing name, search the web for "GPU Device Id")
[2017.11.23-19.15.39:902][  0]LogWindows: EnumDisplayDevices:
[2017.11.23-19.15.39:902][  0]LogWindows:    0. 'NVIDIA GeForce GTX 1080' (P:1 D:1)
[2017.11.23-19.15.39:902][  0]LogWindows:    1. 'NVIDIA GeForce GTX 1080' (P:0 D:0)
[2017.11.23-19.15.39:903][  0]LogWindows:    2. 'NVIDIA GeForce GTX 1080' (P:0 D:0)
[2017.11.23-19.15.39:903][  0]LogWindows:    3. 'NVIDIA GeForce GTX 1080' (P:0 D:0)
[2017.11.23-19.15.39:903][  0]LogWindows: DebugString: FoundDriverCount:4 
[2017.11.23-19.15.39:903][  0]LogD3D11RHI:     Adapter Name: NVIDIA GeForce GTX 1080
[2017.11.23-19.15.39:903][  0]LogD3D11RHI:   Driver Version: 384.94 (internal:22.21.13.8494, unified:384.94)
[2017.11.23-19.15.39:903][  0]LogD3D11RHI:      Driver Date: 7-18-2017
[2017.11.23-19.15.39:903][  0]LogRHI: Texture pool is 1361 MB (70% of 1945 MB)
[2017.11.23-19.15.39:929][  0]LogD3D11RHI: Async texture creation enabled
[2017.11.23-19.15.39:940][  0]LogD3D11RHI: GPU Timing Frequency: 1000.000000 (Debug: 2 1)
[2017.11.23-19.15.39:986][  0]LogShaderCompilers: Guid format shader working directory is -25 characters bigger than the processId version (../../../../../../Users/Stumps/Desktop/StitchesAndBones/StitchesAndBones/Intermediate/Shaders/WorkingDirectory/7048/).
[2017.11.23-19.15.39:986][  0]LogShaderCompilers: Cleaned the shader compiler working directory 'C:/Users/Stumps/AppData/Local/Temp/UnrealShaderWorkingDir/5AA543BD4D6C65DB277B859AC44A3BE7/'.
[2017.11.23-19.15.39:986][  0]LogShaderCompilers: Display: Using Local Shader Compiler.
[2017.11.23-19.15.40:923][  0]LogTemp: Display: Loaded TP AllDesktopTargetPlatform
[2017.11.23-19.15.40:973][  0]LogTemp: Display: Loaded TP MacClientTargetPlatform
[2017.11.23-19.15.41:021][  0]LogTemp: Display: Loaded TP MacNoEditorTargetPlatform
[2017.11.23-19.15.41:070][  0]LogTemp: Display: Loaded TP MacServerTargetPlatform
[2017.11.23-19.15.41:120][  0]LogTemp: Display: Loaded TP MacTargetPlatform
[2017.11.23-19.15.41:169][  0]LogTemp: Display: Loaded TP WindowsClientTargetPlatform
[2017.11.23-19.15.41:219][  0]LogTemp: Display: Loaded TP WindowsNoEditorTargetPlatform
[2017.11.23-19.15.41:268][  0]LogTemp: Display: Loaded TP WindowsServerTargetPlatform
[2017.11.23-19.15.41:314][  0]LogTemp: Display: Loaded TP WindowsTargetPlatform
[2017.11.23-19.15.41:361][  0]LogTemp: Display: Loaded TP AndroidTargetPlatform
[2017.11.23-19.15.41:412][  0]LogTemp: Display: Loaded TP Android_ASTCTargetPlatform
[2017.11.23-19.15.41:461][  0]LogTemp: Display: Loaded TP Android_ATCTargetPlatform
[2017.11.23-19.15.41:509][  0]LogTemp: Display: Loaded TP Android_DXTTargetPlatform
[2017.11.23-19.15.41:558][  0]LogTemp: Display: Loaded TP Android_ETC1TargetPlatform
[2017.11.23-19.15.41:606][  0]LogTemp: Display: Loaded TP Android_ETC2TargetPlatform
[2017.11.23-19.15.41:705][  0]LogTemp: Display: Loaded TP Android_MultiTargetPlatform
[2017.11.23-19.15.41:705][  0]LogTemp: Display: Loaded TP Android_PVRTCTargetPlatform
[2017.11.23-19.15.41:741][  0]LogTemp: Display: Loaded TP HTML5TargetPlatform
[2017.11.23-19.15.41:836][  0]LogTemp: Display: Loaded TP IOSTargetPlatform
[2017.11.23-19.15.41:866][  0]LogTemp: Display: Loaded TP TVOSTargetPlatform
[2017.11.23-19.15.41:914][  0]LogTemp: Display: Loaded TP LinuxClientTargetPlatform
[2017.11.23-19.15.41:963][  0]LogTemp: Display: Loaded TP LinuxNoEditorTargetPlatform
[2017.11.23-19.15.42:021][  0]LogTemp: Display: Loaded TP LinuxServerTargetPlatform
[2017.11.23-19.15.42:073][  0]LogTemp: Display: Loaded TP LinuxTargetPlatform
[2017.11.23-19.15.42:073][  0]LogTargetPlatformManager: Display: Building Assets For Windows
[2017.11.23-19.15.42:537][  0]LogDerivedDataCache: Display: Max Cache Size: 512 MB
[2017.11.23-19.15.42:610][  0]LogDerivedDataCache: Loaded boot cache 0.07s 94MB C:/Users/Stumps/AppData/Local/UnrealEngine/4.17/DerivedDataCache/Boot.ddc.
[2017.11.23-19.15.42:610][  0]LogDerivedDataCache: Display: Loaded Boot cache: C:/Users/Stumps/AppData/Local/UnrealEngine/4.17/DerivedDataCache/Boot.ddc
[2017.11.23-19.15.42:610][  0]LogDerivedDataCache: FDerivedDataBackendGraph:  Pak pak cache file ../../../../../../Users/Stumps/Desktop/StitchesAndBones/StitchesAndBones/DerivedDataCache/DDC.ddp not found, will not use a pak cache.
[2017.11.23-19.15.42:610][  0]LogDerivedDataCache: Unable to find inner node Pak for hierarchical cache Hierarchy.
[2017.11.23-19.15.42:611][  0]LogDerivedDataCache: FDerivedDataBackendGraph:  CompressedPak pak cache file ../../../../../../Users/Stumps/Desktop/StitchesAndBones/StitchesAndBones/DerivedDataCache/Compressed.ddp not found, will not use a pak cache.
[2017.11.23-19.15.42:611][  0]LogDerivedDataCache: Unable to find inner node CompressedPak for hierarchical cache Hierarchy.
[2017.11.23-19.15.42:628][  0]LogDerivedDataCache: Display: Pak cache opened for reading ../../../Engine/DerivedDataCache/Compressed.ddp.
[2017.11.23-19.15.42:640][  0]LogDerivedDataCache: Using Local data cache path C:/Users/Stumps/AppData/Local/UnrealEngine/Common/DerivedDataCache: Writable
[2017.11.23-19.15.42:650][  0]LogMaterial: Verifying Global Shaders for PCD3D_SM5
[2017.11.23-19.15.42:650][  0]LogSlate: Using Freetype 2.6.0
[2017.11.23-19.15.42:651][  0]LogSlate: SlateFontCache - WITH_FREETYPE: 1, WITH_HARFBUZZ: 1
[2017.11.23-19.15.42:651][  0]LogSlate: SlateFontCache - WITH_FREETYPE: 1, WITH_HARFBUZZ: 1
[2017.11.23-19.15.42:940][  0]LogAssetRegistry: FAssetRegistry took 0.0264 seconds to start up
[2017.11.23-19.15.43:085][  0]LogInit: Selected Device Profile: [Windows]
[2017.11.23-19.15.43:449][  0]LogSimplygon: Simplygon DLL not present - disabling.
[2017.11.23-19.15.43:485][  0]LogMeshReduction: Using SimplygonSwarm for distributed automatic mesh merging
[2017.11.23-19.15.43:485][  0]LogMeshReduction: Using QuadricMeshReduction for automatic static mesh reduction
[2017.11.23-19.15.43:485][  0]LogMeshReduction: No automatic skeletal mesh reduction module available
[2017.11.23-19.15.43:485][  0]LogMeshReduction: No automatic mesh merging module available
[2017.11.23-19.15.43:485][  0]LogMeshMerging: No automatic mesh merging module available
[2017.11.23-19.15.43:508][  0]LogContentStreaming: Texture pool size is 0.00 MB
[2017.11.23-19.15.43:917][  0]LogNetVersion: MyProject , NetCL: 3573198, EngineNetVer: 2, GameNetVer: 0 (Checksum: 3113362612)
[2017.11.23-19.15.44:146][  0]LogPackageLocalizationCache: Processed 5 localized package path(s) for 2 prioritized culture(s) in 0.056314 seconds
[2017.11.23-19.15.44:152][  0]LogUObjectArray: 35825 objects as part of root set at end of initial load.
[2017.11.23-19.15.44:153][  0]LogUObjectAllocator: 7529112 out of 0 bytes used by permanent object pool.
[2017.11.23-19.15.44:153][  0]LogUObjectArray: CloseDisregardForGC: 0/0 objects in disregard for GC pool
[2017.11.23-19.15.44:214][  0]LogInit: WinSock: version 1.1 (2.2), MaxSocks=32767, MaxUdp=65467
[2017.11.23-19.15.46:832][  0]LogTcpMessaging: Initializing TcpMessaging bridge
[2017.11.23-19.15.46:869][  0]LogUdpMessaging: Initializing bridge on interface 0.0.0.0:0 to multicast group 230.0.0.1:6666.
[2017.11.23-19.15.47:484][  0]LogMaterial: Uniform references updated for custom material expression Custom.
[2017.11.23-19.15.47:899][  0]SourceControl: Source control is disabled
[2017.11.23-19.15.47:899][  0]SourceControl: Source control is disabled
[2017.11.23-19.15.47:952][  0]SourceControl: Source control is disabled
[2017.11.23-19.15.47:996][  0]SourceControl: Source control is disabled
[2017.11.23-19.15.48:572][  0]LogAndroidPermission: UAndroidPermissionCallbackProxy::GetInstance
[2017.11.23-19.15.48:834][  0]LogOcInput: OculusInput pre-init called
[2017.11.23-19.15.49:106][  0]LogEngine: Initializing Engine...
[2017.11.23-19.15.49:108][  0]LogHMD: Failed to initialize OpenVR with code 110
[2017.11.23-19.15.49:332][  0]LogStats: UGameplayTagsManager::ConstructGameplayTagTree: Construct from data asset -  0.000 s
[2017.11.23-19.15.49:332][  0]LogStats: UGameplayTagsManager::ConstructGameplayTagTree: GameplayTagTreeChangedEvent.Broadcast -  0.000 s
[2017.11.23-19.15.49:473][  0]LogAIModule: Creating AISystem for world Untitled
[2017.11.23-19.15.49:535][  0]LogInit: XAudio2 using 'HeadPhone/Digital Output (Realtek High Definition Audio)' : 6 channels at 48 kHz using 32 bits per sample (channel mask 0x3f)
[2017.11.23-19.15.49:581][  0]LogInit: FAudioDevice initialized.
[2017.11.23-19.15.49:644][  0]LogDerivedDataCache: Saved boot cache 0.06s 94MB C:/Users/Stumps/AppData/Local/UnrealEngine/4.17/DerivedDataCache/Boot.ddc.
[2017.11.23-19.15.49:657][  0]LogInit: Texture streaming: Enabled
[2017.11.23-19.15.49:777][  0]LogEngineSessionManager: EngineSessionManager initialized
[2017.11.23-19.15.49:978][  0]LogInit: Transaction tracking system initialized
[2017.11.23-19.15.50:298][  0]BlueprintLog: New page: Editor Load
[2017.11.23-19.15.51:191][  0]LocalizationService: Localization service is disabled
[2017.11.23-19.15.51:891][  0]LogConsoleResponse: Display: 
[2017.11.23-19.15.52:044][  0]LogCook: Display: Max memory allowance for cook 16384mb min free memory 0mb
[2017.11.23-19.15.52:044][  0]LogCook: Display: Mobile HDR setting 1
[2017.11.23-19.15.52:044][  0]LogGameplayTags: Display: UGameplayTagsManager::DoneAddingNativeTags. DelegateIsBound: 0
[2017.11.23-19.15.52:095][  0]LogFileCache: Scanning file cache for directory 'C:/Users/Stumps/Desktop/StitchesAndBones/StitchesAndBones/Content/' took 0.01s
[2017.11.23-19.15.52:947][  0]SourceControl: Source control is disabled
[2017.11.23-19.15.52:947][  0]Cmd: MAP LOAD FILE="../../../../../../Users/Stumps/Desktop/StitchesAndBones/StitchesAndBones/Content/ThirdPersonBP/Maps/ThirdPersonExampleMap.umap" TEMPLATE=0 SHOWPROGRESS=1 FEATURELEVEL=3
[2017.11.23-19.15.52:947][  0]LogEditorServer: Warning: Can't find file '../../../../../../Users/Stumps/Desktop/StitchesAndBones/StitchesAndBones/Content/ThirdPersonBP/Maps/ThirdPersonExampleMap.umap'
[2017.11.23-19.15.52:947][  0]Cmd: MAP CHECKDEP NOCLEARLOG
[2017.11.23-19.15.52:987][  0]MapCheck: Map check complete: 0 Error(s), 0 Warning(s), took 39.528ms to complete.
[2017.11.23-19.15.52:987][  0]LogFileHelpers: Loading map 'ThirdPersonExampleMap' took 0.040
[2017.11.23-19.15.53:109][  0]LogCollectionManager: Loaded 0 collections in 0.001444 seconds
[2017.11.23-19.15.53:181][  0]LogFileCache: Scanning file cache for directory 'C:/Users/Stumps/Desktop/StitchesAndBones/StitchesAndBones/Saved/Collections/' took 0.01s
[2017.11.23-19.15.53:181][  0]LogFileCache: Scanning file cache for directory 'C:/Users/Stumps/Desktop/StitchesAndBones/StitchesAndBones/Content/Developers/Stumps/Collections/' took 0.01s
[2017.11.23-19.15.53:181][  0]LogFileCache: Scanning file cache for directory 'C:/Users/Stumps/Desktop/StitchesAndBones/StitchesAndBones/Content/Collections/' took 0.01s
[2017.11.23-19.15.53:181][  0]LogCollectionManager: Rebuilt the GUID cache for 0 collections in 0.000001 seconds
[2017.11.23-19.15.53:190][  0]LogContentBrowser: Native class hierarchy populated in 0.0090 seconds. Added 2386 classes and 500 folders.
[2017.11.23-19.15.53:247][  0]LogContentBrowser: Native class hierarchy updated for 'WidgetCarousel' in 0.0006 seconds. Added 0 classes and 0 folders.
[2017.11.23-19.15.53:278][  0]LogContentBrowser: Native class hierarchy updated for 'AddContentDialog' in 0.0006 seconds. Added 0 classes and 0 folders.
[2017.11.23-19.15.53:316][  0]LogContentBrowser: Native class hierarchy updated for 'SceneOutliner' in 0.0006 seconds. Added 1 classes and 2 folders.
[2017.11.23-19.15.53:370][  0]LogSlate: Took 0.000157 seconds to synchronously load lazily loaded font '../../../Engine/Content/Slate/Fonts/Roboto-Regular.ttf' (155K)
[2017.11.23-19.15.53:372][  0]LogSlate: Took 0.000139 seconds to synchronously load lazily loaded font '../../../Engine/Content/Slate/Fonts/Roboto-Bold.ttf' (160K)
[2017.11.23-19.15.53:376][  0]LogSlate: Took 0.000153 seconds to synchronously load lazily loaded font '../../../Engine/Content/Editor/Slate/Fonts/FontAwesome.ttf' (139K)
[2017.11.23-19.15.53:498][  0]LogRenderer: Reallocating scene render targets to support 1232x596 Format 10 NumSamples 1 (Frame:1).
[2017.11.23-19.15.53:618][  0]LogContentBrowser: Native class hierarchy updated for 'HierarchicalLODOutliner' in 0.0006 seconds. Added 1 classes and 2 folders.
[2017.11.23-19.15.53:618][  0]LogLoad: (Engine Initialization) Total time: 16.41 seconds
[2017.11.23-19.15.53:618][  0]LogLoad: (Engine Initialization) Total Blueprint compile time: 0.00 seconds
[2017.11.23-19.15.53:618][  0]LogExternalProfiler: No external profilers were discovered.  External profiling features will not be available.
[2017.11.23-19.15.53:987][  0]LogContentStreaming: Texture pool size now 1000 MB
[2017.11.23-19.15.54:018][  0]LogSlate: Took 0.000135 seconds to synchronously load lazily loaded font '../../../Engine/Content/Slate/Fonts/Roboto-Light.ttf' (159K)
[2017.11.23-19.15.54:292][  1]LogFileCache: Retrieving MD5 hashes for directory 'C:/Users/Stumps/Desktop/StitchesAndBones/StitchesAndBones/Content/' took 0.32s
[2017.11.23-19.15.54:306][  1]LogAssetRegistry: Asset discovery search completed in 11.3883 seconds
[2017.11.23-19.15.54:308][  1]LogCollectionManager: Rebuilt the object cache for 0 collections in 0.000000 seconds (found 0 objects)
[2017.11.23-19.15.54:308][  1]LogCollectionManager: Fixed up redirectors for 0 collections in 0.000046 seconds (updated 0 objects)
[2017.11.23-19.15.56:975][ 48]AssetReimport: New page: Outstanding source content changes 19:15:56
[2017.11.23-19.15.56:980][ 48]LogFactory: FactoryCreateFile: StaticMesh with FbxFactory (0 0 C:/Users/Stumps/Desktop/StitchesAndBones/StitchesAndBones/Content/Level Assets/Environments/Kitchen/Tap.FBX)
[2017.11.23-19.15.56:989][ 48]LogFbx: ItemName: GlobalSettings, ItemCount : 1
[2017.11.23-19.15.56:989][ 48]LogFbx: ItemName: AnimationStack, ItemCount : 1
[2017.11.23-19.15.56:989][ 48]LogFbx: ItemName: AnimationLayer, ItemCount : 1
[2017.11.23-19.15.56:989][ 48]LogFbx: ItemName: Model, ItemCount : 45
[2017.11.23-19.15.56:989][ 48]LogFbx: ItemName: Geometry, ItemCount : 42
[2017.11.23-19.15.56:989][ 48]LogFbx: ItemName: NodeAttribute, ItemCount : 3
[2017.11.23-19.15.56:993][ 48]LogFbx: Loading FBX Scene from C:/Users/Stumps/Desktop/StitchesAndBones/StitchesAndBones/Content/Level Assets/Environments/Kitchen/Tap.FBX
[2017.11.23-19.15.57:053][ 48]LogFbx: FBX Scene Loaded Succesfully
[2017.11.23-19.15.57:086][ 48]LogSlate: Took 0.000153 seconds to synchronously load lazily loaded font '../../../Engine/Content/Slate/Fonts/Roboto-Light.ttf' (159K)
[2017.11.23-19.15.59:895][ 48]LogFbx: Loading FBX Scene from C:/Users/Stumps/Desktop/StitchesAndBones/StitchesAndBones/Content/Level Assets/Environments/Kitchen/Tap.FBX
[2017.11.23-19.15.59:952][ 48]LogFbx: FBX Scene Loaded Succesfully
[2017.11.23-19.15.59:964][ 48]LogStaticMesh: Building static mesh Tap_Box001...
[2017.11.23-19.15.59:968][ 48]LogStaticMesh: Built static mesh [0.00s] /Game/Level_Assets/Environments/Kitchen/Tap_Box001.Tap_Box001
[2017.11.23-19.15.59:978][ 48]LogStaticMesh: Building static mesh Tap_Box002...
[2017.11.23-19.15.59:982][ 48]LogStaticMesh: Built static mesh [0.00s] /Game/Level_Assets/Environments/Kitchen/Tap_Box002.Tap_Box002
[2017.11.23-19.15.59:992][ 48]LogStaticMesh: Building static mesh Tap_Box003...
[2017.11.23-19.15.59:996][ 48]LogStaticMesh: Built static mesh [0.00s] /Game/Level_Assets/Environments/Kitchen/Tap_Box003.Tap_Box003
[2017.11.23-19.16.00:005][ 48]LogStaticMesh: Building static mesh Tap_Box004...
[2017.11.23-19.16.00:008][ 48]LogStaticMesh: Built static mesh [0.00s] /Game/Level_Assets/Environments/Kitchen/Tap_Box004.Tap_Box004
[2017.11.23-19.16.00:017][ 48]LogStaticMesh: Building static mesh Tap_Box005...
[2017.11.23-19.16.00:020][ 48]LogStaticMesh: Built static mesh [0.00s] /Game/Level_Assets/Environments/Kitchen/Tap_Box005.Tap_Box005
[2017.11.23-19.16.00:024][ 48]LogStaticMesh: Building static mesh Tap_Cylinder012...
[2017.11.23-19.16.00:040][ 48]LogStaticMesh: Built static mesh [0.02s] /Game/Level_Assets/Environments/Kitchen/Tap_Cylinder012.Tap_Cylinder012
[2017.11.23-19.16.00:045][ 48]LogStaticMesh: Building static mesh Tap_Cylinder013...
[2017.11.23-19.16.00:059][ 48]LogStaticMesh: Built static mesh [0.01s] /Game/Level_Assets/Environments/Kitchen/Tap_Cylinder013.Tap_Cylinder013
[2017.11.23-19.16.00:218][ 48]LogStaticMesh: Building static mesh Tap_Cylinder014...
[2017.11.23-19.16.00:244][ 48]LogStaticMesh: Built static mesh [0.03s] /Game/Level_Assets/Environments/Kitchen/Tap_Cylinder014.Tap_Cylinder014
[2017.11.23-19.16.00:404][ 48]LogStaticMesh: Building static mesh Tap_Cylinder015...
[2017.11.23-19.16.00:428][ 48]LogStaticMesh: Built static mesh [0.02s] /Game/Level_Assets/Environments/Kitchen/Tap_Cylinder015.Tap_Cylinder015
[2017.11.23-19.16.00:587][ 48]LogStaticMesh: Building static mesh Tap_Cylinder016...
[2017.11.23-19.16.00:610][ 48]LogStaticMesh: Built static mesh [0.02s] /Game/Level_Assets/Environments/Kitchen/Tap_Cylinder016.Tap_Cylinder016
[2017.11.23-19.16.00:768][ 48]LogStaticMesh: Building static mesh Tap_Cylinder017...
[2017.11.23-19.16.00:793][ 48]LogStaticMesh: Built static mesh [0.03s] /Game/Level_Assets/Environments/Kitchen/Tap_Cylinder017.Tap_Cylinder017
[2017.11.23-19.16.00:859][ 48]LogStaticMesh: Building static mesh Tap_Sphere002...
[2017.11.23-19.16.00:867][ 48]LogStaticMesh: Built static mesh [0.01s] /Game/Level_Assets/Environments/Kitchen/Tap_Sphere002.Tap_Sphere002
[2017.11.23-19.16.00:931][ 48]LogStaticMesh: Building static mesh Tap_Sphere001...
[2017.11.23-19.16.00:940][ 48]LogStaticMesh: Built static mesh [0.01s] /Game/Level_Assets/Environments/Kitchen/Tap_Sphere001.Tap_Sphere001
[2017.11.23-19.16.01:098][ 48]LogStaticMesh: Building static mesh Tap_Cylinder011...
[2017.11.23-19.16.01:122][ 48]LogStaticMesh: Built static mesh [0.02s] /Game/Level_Assets/Environments/Kitchen/Tap_Cylinder011.Tap_Cylinder011
[2017.11.23-19.16.01:280][ 48]LogStaticMesh: Building static mesh Tap_Cylinder010...
[2017.11.23-19.16.01:304][ 48]LogStaticMesh: Built static mesh [0.02s] /Game/Level_Assets/Environments/Kitchen/Tap_Cylinder010.Tap_Cylinder010
[2017.11.23-19.16.01:463][ 48]LogStaticMesh: Building static mesh Tap_Cylinder009...
[2017.11.23-19.16.01:486][ 48]LogStaticMesh: Built static mesh [0.02s] /Game/Level_Assets/Environments/Kitchen/Tap_Cylinder009.Tap_Cylinder009
[2017.11.23-19.16.01:679][ 48]LogStaticMesh: Building static mesh Tap_Cylinder008...
[2017.11.23-19.16.01:705][ 48]LogStaticMesh: Built static mesh [0.03s] /Game/Level_Assets/Environments/Kitchen/Tap_Cylinder008.Tap_Cylinder008
[2017.11.23-19.16.01:715][ 48]LogStaticMesh: Building static mesh Tap_Cylinder007...
[2017.11.23-19.16.01:733][ 48]LogStaticMesh: Built static mesh [0.02s] /Game/Level_Assets/Environments/Kitchen/Tap_Cylinder007.Tap_Cylinder007
[2017.11.23-19.16.01:742][ 48]LogStaticMesh: Building static mesh Tap_Cylinder006...
[2017.11.23-19.16.01:761][ 48]LogStaticMesh: Built static mesh [0.02s] /Game/Level_Assets/Environments/Kitchen/Tap_Cylinder006.Tap_Cylinder006
[2017.11.23-19.16.01:766][ 48]LogStaticMesh: Building static mesh Tap_Cylinder002...
[2017.11.23-19.16.01:784][ 48]LogStaticMesh: Built static mesh [0.02s] /Game/Level_Assets/Environments/Kitchen/Tap_Cylinder002.Tap_Cylinder002
[2017.11.23-19.16.01:787][ 48]LogStaticMesh: Building static mesh Tap_Cylinder001...
[2017.11.23-19.16.01:794][ 48]LogStaticMesh: Built static mesh [0.01s] /Game/Level_Assets/Environments/Kitchen/Tap_Cylinder001.Tap_Cylinder001
[2017.11.23-19.16.01:800][ 48]LogStaticMesh: Building static mesh Tap_Cylinder004...
[2017.11.23-19.16.01:844][ 48]LogStaticMesh: Built static mesh [0.04s] /Game/Level_Assets/Environments/Kitchen/Tap_Cylinder004.Tap_Cylinder004
[2017.11.23-19.16.01:854][ 48]LogStaticMesh: Building static mesh Tap_Cylinder003...
[2017.11.23-19.16.01:859][ 48]LogStaticMesh: Built static mesh [0.01s] /Game/Level_Assets/Environments/Kitchen/Tap_Cylinder003.Tap_Cylinder003
[2017.11.23-19.16.03:279][ 48]LogStaticMesh: Building static mesh Tap_Cylinder005...
[2017.11.23-19.16.03:991][ 48]LogStaticMesh: Built static mesh [0.71s] /Game/Level_Assets/Environments/Kitchen/Tap_Cylinder005.Tap_Cylinder005
[2017.11.23-19.16.04:059][ 48]LogStaticMesh: Building static mesh Tap_Plane001...
[2017.11.23-19.16.04:063][ 48]LogStaticMesh: Built static mesh [0.00s] /Game/Level_Assets/Environments/Kitchen/Tap_Plane001.Tap_Plane001
[2017.11.23-19.16.04:097][ 48]LogStaticMesh: Building static mesh Tap_Plane002...
[2017.11.23-19.16.04:101][ 48]LogStaticMesh: Built static mesh [0.00s] /Game/Level_Assets/Environments/Kitchen/Tap_Plane002.Tap_Plane002
[2017.11.23-19.16.04:132][ 48]LogStaticMesh: Building static mesh Tap_Plane003...
[2017.11.23-19.16.04:136][ 48]LogStaticMesh: Built static mesh [0.00s] /Game/Level_Assets/Environments/Kitchen/Tap_Plane003.Tap_Plane003
[2017.11.23-19.16.04:167][ 48]LogStaticMesh: Building static mesh Tap_Plane004...
[2017.11.23-19.16.04:171][ 48]LogStaticMesh: Built static mesh [0.00s] /Game/Level_Assets/Environments/Kitchen/Tap_Plane004.Tap_Plane004
[2017.11.23-19.16.04:203][ 48]LogStaticMesh: Building static mesh Tap_Plane005...
[2017.11.23-19.16.04:207][ 48]LogStaticMesh: Built static mesh [0.00s] /Game/Level_Assets/Environments/Kitchen/Tap_Plane005.Tap_Plane005
[2017.11.23-19.16.04:535][ 48]LogStaticMesh: Building static mesh Tap_Cylinder018...
[2017.11.23-19.16.04:578][ 48]LogStaticMesh: Built static mesh [0.04s] /Game/Level_Assets/Environments/Kitchen/Tap_Cylinder018.Tap_Cylinder018
[2017.11.23-19.16.04:636][ 48]LogStaticMesh: Building static mesh Tap_Torus001...
[2017.11.23-19.16.04:643][ 48]LogStaticMesh: Built static mesh [0.01s] /Game/Level_Assets/Environments/Kitchen/Tap_Torus001.Tap_Torus001
[2017.11.23-19.16.04:693][ 48]LogStaticMesh: Building static mesh Tap_Torus002...
[2017.11.23-19.16.04:700][ 48]LogStaticMesh: Built static mesh [0.01s] /Game/Level_Assets/Environments/Kitchen/Tap_Torus002.Tap_Torus002
[2017.11.23-19.16.04:757][ 48]LogStaticMesh: Building static mesh Tap_Torus003...
[2017.11.23-19.16.04:765][ 48]LogStaticMesh: Built static mesh [0.01s] /Game/Level_Assets/Environments/Kitchen/Tap_Torus003.Tap_Torus003
[2017.11.23-19.16.04:821][ 48]LogStaticMesh: Building static mesh Tap_Torus004...
[2017.11.23-19.16.04:828][ 48]LogStaticMesh: Built static mesh [0.01s] /Game/Level_Assets/Environments/Kitchen/Tap_Torus004.Tap_Torus004
[2017.11.23-19.16.04:838][ 48]LogStaticMesh: Building static mesh Tap_Box006...
[2017.11.23-19.16.04:842][ 48]LogStaticMesh: Built static mesh [0.00s] /Game/Level_Assets/Environments/Kitchen/Tap_Box006.Tap_Box006
[2017.11.23-19.16.04:851][ 48]LogStaticMesh: Building static mesh Tap_Box007...
[2017.11.23-19.16.04:854][ 48]LogStaticMesh: Built static mesh [0.00s] /Game/Level_Assets/Environments/Kitchen/Tap_Box007.Tap_Box007
[2017.11.23-19.16.05:195][ 48]LogStaticMesh: Building static mesh Tap_Cylinder019...
[2017.11.23-19.16.05:261][ 48]LogStaticMesh: Built static mesh [0.07s] /Game/Level_Assets/Environments/Kitchen/Tap_Cylinder019.Tap_Cylinder019
[2017.11.23-19.16.05:594][ 48]LogStaticMesh: Building static mesh Tap_Cylinder020...
[2017.11.23-19.16.05:680][ 48]LogStaticMesh: Built static mesh [0.09s] /Game/Level_Assets/Environments/Kitchen/Tap_Cylinder020.Tap_Cylinder020
[2017.11.23-19.16.06:096][ 48]LogStaticMesh: Building static mesh Tap_Cylinder021...
[2017.11.23-19.16.06:182][ 48]LogStaticMesh: Built static mesh [0.09s] /Game/Level_Assets/Environments/Kitchen/Tap_Cylinder021.Tap_Cylinder021
[2017.11.23-19.16.06:597][ 48]LogStaticMesh: Building static mesh Tap_Cylinder022...
[2017.11.23-19.16.06:664][ 48]LogStaticMesh: Built static mesh [0.07s] /Game/Level_Assets/Environments/Kitchen/Tap_Cylinder022.Tap_Cylinder022
[2017.11.23-19.16.07:001][ 48]LogStaticMesh: Building static mesh Tap_Cylinder023...
[2017.11.23-19.16.07:068][ 48]LogStaticMesh: Built static mesh [0.07s] /Game/Level_Assets/Environments/Kitchen/Tap_Cylinder023.Tap_Cylinder023
[2017.11.23-19.16.07:404][ 48]LogStaticMesh: Building static mesh Tap_Cylinder024...
[2017.11.23-19.16.07:476][ 48]LogStaticMesh: Built static mesh [0.07s] /Game/Level_Assets/Environments/Kitchen/Tap_Cylinder024.Tap_Cylinder024
[2017.11.23-19.16.07:607][ 49]LogSavePackage: Save=4.38ms
[2017.11.23-19.16.07:607][ 49]LogSavePackage: Moving '../../../../../../Users/Stumps/Desktop/StitchesAndBones/StitchesAndBones/Saved/Tap4C69953E43263C2A4832678E14640F4F.tmp' to '../../../../../../Users/Stumps/Desktop/StitchesAndBones/StitchesAndBones/Content/Level_Assets/Environments/Kitchen/Tap.uasset'
[2017.11.23-19.16.07:609][ 49]LogSavePackage: Display: Finished SavePackage ../../../../../../Users/Stumps/Desktop/StitchesAndBones/StitchesAndBones/Content/Level_Assets/Environments/Kitchen/Tap.uasset
[2017.11.23-19.16.10:618][165]AssetReimport: Importing new asset /Game/Level_Assets/Environments/Kitchen/Tap.
[2017.11.23-19.17.42:125][556]LogAIModule: Creating AISystem for world Kitchen
[2017.11.23-19.17.46:696][556]LogSavePackage: Save=14.46ms
[2017.11.23-19.17.46:696][556]LogSavePackage: Moving '../../../../../../Users/Stumps/Desktop/StitchesAndBones/StitchesAndBones/Saved/Tap_Box001EC24CDC84A09C6D4058A24AFACC0D2C0.tmp' to '../../../../../../Users/Stumps/Desktop/StitchesAndBones/StitchesAndBones/Content/Level_Assets/Environments/Kitchen/Tap_Box001.uasset'
[2017.11.23-19.17.46:704][556]LogSavePackage: Display: Finished SavePackage ../../../../../../Users/Stumps/Desktop/StitchesAndBones/StitchesAndBones/Content/Level_Assets/Environments/Kitchen/Tap_Box001.uasset
[2017.11.23-19.17.46:733][556]LogSavePackage: Save=14.03ms
[2017.11.23-19.17.46:733][556]LogSavePackage: Moving '../../../../../../Users/Stumps/Desktop/StitchesAndBones/StitchesAndBones/Saved/Tap_Box0022D47BC4B44F9D3E73704BDA64EB192E6.tmp' to '../../../../../../Users/Stumps/Desktop/StitchesAndBones/StitchesAndBones/Content/Level_Assets/Environments/Kitchen/Tap_Box002.uasset'
[2017.11.23-19.17.46:736][556]LogSavePackage: Display: Finished SavePackage ../../../../../../Users/Stumps/Desktop/StitchesAndBones/StitchesAndBones/Content/Level_Assets/Environments/Kitchen/Tap_Box002.uasset
[2017.11.23-19.17.46:764][556]LogSavePackage: Save=14.01ms
[2017.11.23-19.17.46:765][556]LogSavePackage: Moving '../../../../../../Users/Stumps/Desktop/StitchesAndBones/StitchesAndBones/Saved/Tap_Box003A06D179541B5653B84B1439F0F09308F.tmp' to '../../../../../../Users/Stumps/Desktop/StitchesAndBones/StitchesAndBones/Content/Level_Assets/Environments/Kitchen/Tap_Box003.uasset'
[2017.11.23-19.17.46:768][556]LogSavePackage: Display: Finished SavePackage ../../../../../../Users/Stumps/Desktop/StitchesAndBones/StitchesAndBones/Content/Level_Assets/Environments/Kitchen/Tap_Box003.uasset
[2017.11.23-19.17.46:797][556]LogSavePackage: Save=14.30ms
[2017.11.23-19.17.46:797][556]LogSavePackage: Moving '../../../../../../Users/Stumps/Desktop/StitchesAndBones/StitchesAndBones/Saved/Tap_Box004FF10AE5F42A332A3AAFC3B83D91BF156.tmp' to '../../../../../../Users/Stumps/Desktop/StitchesAndBones/StitchesAndBones/Content/Level_Assets/Environments/Kitchen/Tap_Box004.uasset'
[2017.11.23-19.17.46:800][556]LogSavePackage: Display: Finished SavePackage ../../../../../../Users/Stumps/Desktop/StitchesAndBones/StitchesAndBones/Content/Level_Assets/Environments/Kitchen/Tap_Box004.uasset
[2017.11.23-19.17.46:829][556]LogSavePackage: Save=14.21ms
[2017.11.23-19.17.46:829][556]LogSavePackage: Moving '../../../../../../Users/Stumps/Desktop/StitchesAndBones/StitchesAndBones/Saved/Tap_Box0053345AFFC45FBBBA4145630A55311A5CB.tmp' to '../../../../../../Users/Stumps/Desktop/StitchesAndBones/StitchesAndBones/Content/Level_Assets/Environments/Kitchen/Tap_Box005.uasset'
[2017.11.23-19.17.46:832][556]LogSavePackage: Display: Finished SavePackage ../../../../../../Users/Stumps/Desktop/StitchesAndBones/StitchesAndBones/Content/Level_Assets/Environments/Kitchen/Tap_Box005.uasset
[2017.11.23-19.17.46:861][556]LogSavePackage: Save=14.12ms
[2017.11.23-19.17.46:861][556]LogSavePackage: Moving '../../../../../../Users/Stumps/Desktop/StitchesAndBones/StitchesAndBones/Saved/Tap_Box00620251C9546E8C4A5B13E748646E00FEA.tmp' to '../../../../../../Users/Stumps/Desktop/StitchesAndBones/StitchesAndBones/Content/Level_Assets/Environments/Kitchen/Tap_Box006.uasset'
[2017.11.23-19.17.46:864][556]LogSavePackage: Display: Finished SavePackage ../../../../../../Users/Stumps/Desktop/StitchesAndBones/StitchesAndBones/Content/Level_Assets/Environments/Kitchen/Tap_Box006.uasset
[2017.11.23-19.17.46:892][556]LogSavePackage: Save=15.06ms
[2017.11.23-19.17.46:893][556]LogSavePackage: Moving '../../../../../../Users/Stumps/Desktop/StitchesAndBones/StitchesAndBones/Saved/Tap_Box007361196E24A79AD829BF5979FB33A0B2D.tmp' to '../../../../../../Users/Stumps/Desktop/StitchesAndBones/StitchesAndBones/Content/Level_Assets/Environments/Kitchen/Tap_Box007.uasset'
[2017.11.23-19.17.46:896][556]LogSavePackage: Display: Finished SavePackage ../../../../../../Users/Stumps/Desktop/StitchesAndBones/StitchesAndBones/Content/Level_Assets/Environments/Kitchen/Tap_Box007.uasset
[2017.11.23-19.17.46:923][556]LogSavePackage: Save=13.64ms
[2017.11.23-19.17.46:923][556]LogSavePackage: Moving '../../../../../../Users/Stumps/Desktop/StitchesAndBones/StitchesAndBones/Saved/Tap_Cylinder001A0A451BA487696C40DCBE1BF2AD86EF4.tmp' to '../../../../../../Users/Stumps/Desktop/StitchesAndBones/StitchesAndBones/Content/Level_Assets/Environments/Kitchen/Tap_Cylinder001.uasset'
[2017.11.23-19.17.46:927][556]LogSavePackage: Display: Finished SavePackage ../../../../../../Users/Stumps/Desktop/StitchesAndBones/StitchesAndBones/Content/Level_Assets/Environments/Kitchen/Tap_Cylinder001.uasset
[2017.11.23-19.17.46:961][556]LogSavePackage: Save=19.21ms
[2017.11.23-19.17.46:961][556]LogSavePackage: Moving '../../../../../../Users/Stumps/Desktop/StitchesAndBones/StitchesAndBones/Saved/Tap_Cylinder002FD7EBE474E19FC33D850B4BE94901C05.tmp' to '../../../../../../Users/Stumps/Desktop/StitchesAndBones/StitchesAndBones/Content/Level_Assets/Environments/Kitchen/Tap_Cylinder002.uasset'
[2017.11.23-19.17.46:965][556]LogSavePackage: Display: Finished SavePackage ../../../../../../Users/Stumps/Desktop/StitchesAndBones/StitchesAndBones/Content/Level_Assets/Environments/Kitchen/Tap_Cylinder002.uasset
[2017.11.23-19.17.46:994][556]LogSavePackage: Save=14.53ms
[2017.11.23-19.17.46:994][556]LogSavePackage: Moving '../../../../../../Users/Stumps/Desktop/StitchesAndBones/StitchesAndBones/Saved/Tap_Cylinder0037B00646942D802BAD9A60A863FDAB0A3.tmp' to '../../../../../../Users/Stumps/Desktop/StitchesAndBones/StitchesAndBones/Content/Level_Assets/Environments/Kitchen/Tap_Cylinder003.uasset'
[2017.11.23-19.17.46:997][556]LogSavePackage: Display: Finished SavePackage ../../../../../../Users/Stumps/Desktop/StitchesAndBones/StitchesAndBones/Content/Level_Assets/Environments/Kitchen/Tap_Cylinder003.uasset
[2017.11.23-19.17.47:024][556]LogSavePackage: Save=13.10ms
[2017.11.23-19.17.47:024][556]LogSavePackage: Moving '../../../../../../Users/Stumps/Desktop/StitchesAndBones/StitchesAndBones/Saved/Tap_Cylinder00442978477454511D51C79D2B1939EAF66.tmp' to '../../../../../../Users/Stumps/Desktop/StitchesAndBones/StitchesAndBones/Content/Level_Assets/Environments/Kitchen/Tap_Cylinder004.uasset'
[2017.11.23-19.17.47:027][556]LogSavePackage: Display: Finished SavePackage ../../../../../../Users/Stumps/Desktop/StitchesAndBones/StitchesAndBones/Content/Level_Assets/Environments/Kitchen/Tap_Cylinder004.uasset
[2017.11.23-19.17.47:054][556]LogSavePackage: Save=13.72ms
[2017.11.23-19.17.47:054][556]LogSavePackage: Moving '../../../../../../Users/Stumps/Desktop/StitchesAndBones/StitchesAndBones/Saved/Tap_Cylinder0057C9A65A242ABCFB03EE93C9E0DA84517.tmp' to '../../../../../../Users/Stumps/Desktop/StitchesAndBones/StitchesAndBones/Content/Level_Assets/Environments/Kitchen/Tap_Cylinder005.uasset'
[2017.11.23-19.17.47:059][556]LogSavePackage: Display: Finished SavePackage ../../../../../../Users/Stumps/Desktop/StitchesAndBones/StitchesAndBones/Content/Level_Assets/Environments/Kitchen/Tap_Cylinder005.uasset
[2017.11.23-19.17.47:087][556]LogSavePackage: Save=13.88ms
[2017.11.23-19.17.47:087][556]LogSavePackage: Moving '../../../../../../Users/Stumps/Desktop/StitchesAndBones/StitchesAndBones/Saved/Tap_Cylinder0067603E8D540DE4AFC16C5648D377F0AAF.tmp' to '../../../../../../Users/Stumps/Desktop/StitchesAndBones/StitchesAndBones/Content/Level_Assets/Environments/Kitchen/Tap_Cylinder006.uasset'
[2017.11.23-19.17.47:090][556]LogSavePackage: Display: Finished SavePackage ../../../../../../Users/Stumps/Desktop/StitchesAndBones/StitchesAndBones/Content/Level_Assets/Environments/Kitchen/Tap_Cylinder006.uasset
[2017.11.23-19.17.47:119][556]LogSavePackage: Save=14.53ms
[2017.11.23-19.17.47:119][556]LogSavePackage: Moving '../../../../../../Users/Stumps/Desktop/StitchesAndBones/StitchesAndBones/Saved/Tap_Cylinder00739980D52436EE7F136122F973C69BABD.tmp' to '../../../../../../Users/Stumps/Desktop/StitchesAndBones/StitchesAndBones/Content/Level_Assets/Environments/Kitchen/Tap_Cylinder007.uasset'
[2017.11.23-19.17.47:122][556]LogSavePackage: Display: Finished SavePackage ../../../../../../Users/Stumps/Desktop/StitchesAndBones/StitchesAndBones/Content/Level_Assets/Environments/Kitchen/Tap_Cylinder007.uasset
[2017.11.23-19.17.47:150][556]LogSavePackage: Save=13.49ms
[2017.11.23-19.17.47:150][556]LogSavePackage: Moving '../../../../../../Users/Stumps/Desktop/StitchesAndBones/StitchesAndBones/Saved/Tap_Cylinder0084A29F28640BD18706397CE80CF183662.tmp' to '../../../../../../Users/Stumps/Desktop/StitchesAndBones/StitchesAndBones/Content/Level_Assets/Environments/Kitchen/Tap_Cylinder008.uasset'
[2017.11.23-19.17.47:153][556]LogSavePackage: Display: Finished SavePackage ../../../../../../Users/Stumps/Desktop/StitchesAndBones/StitchesAndBones/Content/Level_Assets/Environments/Kitchen/Tap_Cylinder008.uasset
[2017.11.23-19.17.47:179][556]LogSavePackage: Save=13.26ms
[2017.11.23-19.17.47:179][556]LogSavePackage: Moving '../../../../../../Users/Stumps/Desktop/StitchesAndBones/StitchesAndBones/Saved/Tap_Cylinder00997F1E7074859EA79986424B5CF1137CE.tmp' to '../../../../../../Users/Stumps/Desktop/StitchesAndBones/StitchesAndBones/Content/Level_Assets/Environments/Kitchen/Tap_Cylinder009.uasset'
[2017.11.23-19.17.47:183][556]LogSavePackage: Display: Finished SavePackage ../../../../../../Users/Stumps/Desktop/StitchesAndBones/StitchesAndBones/Content/Level_Assets/Environments/Kitchen/Tap_Cylinder009.uasset
[2017.11.23-19.17.47:209][556]LogSavePackage: Save=13.11ms
[2017.11.23-19.17.47:209][556]LogSavePackage: Moving '../../../../../../Users/Stumps/Desktop/StitchesAndBones/StitchesAndBones/Saved/Tap_Cylinder010A696829D480F903C9D7EDAA81863C47B.tmp' to '../../../../../../Users/Stumps/Desktop/StitchesAndBones/StitchesAndBones/Content/Level_Assets/Environments/Kitchen/Tap_Cylinder010.uasset'
[2017.11.23-19.17.47:213][556]LogSavePackage: Display: Finished SavePackage ../../../../../../Users/Stumps/Desktop/StitchesAndBones/StitchesAndBones/Content/Level_Assets/Environments/Kitchen/Tap_Cylinder010.uasset
[2017.11.23-19.17.47:240][556]LogSavePackage: Save=13.14ms
[2017.11.23-19.17.47:240][556]LogSavePackage: Moving '../../../../../../Users/Stumps/Desktop/StitchesAndBones/StitchesAndBones/Saved/Tap_Cylinder011C4075EF84DE71BC08BADAF86FB660071.tmp' to '../../../../../../Users/Stumps/Desktop/StitchesAndBones/StitchesAndBones/Content/Level_Assets/Environments/Kitchen/Tap_Cylinder011.uasset'
[2017.11.23-19.17.47:243][556]LogSavePackage: Display: Finished SavePackage ../../../../../../Users/Stumps/Desktop/StitchesAndBones/StitchesAndBones/Content/Level_Assets/Environments/Kitchen/Tap_Cylinder011.uasset
[2017.11.23-19.17.47:270][556]LogSavePackage: Save=13.92ms
[2017.11.23-19.17.47:270][556]LogSavePackage: Moving '../../../../../../Users/Stumps/Desktop/StitchesAndBones/StitchesAndBones/Saved/Tap_Cylinder0129941EE9B42639D400DDFC79C6DC1734A.tmp' to '../../../../../../Users/Stumps/Desktop/StitchesAndBones/StitchesAndBones/Content/Level_Assets/Environments/Kitchen/Tap_Cylinder012.uasset'
[2017.11.23-19.17.47:274][556]LogSavePackage: Display: Finished SavePackage ../../../../../../Users/Stumps/Desktop/StitchesAndBones/StitchesAndBones/Content/Level_Assets/Environments/Kitchen/Tap_Cylinder012.uasset
[2017.11.23-19.17.47:302][556]LogSavePackage: Save=15.22ms
[2017.11.23-19.17.47:302][556]LogSavePackage: Moving '../../../../../../Users/Stumps/Desktop/StitchesAndBones/StitchesAndBones/Saved/Tap_Cylinder013F1741BB241E30E0B50AEEBB1E1727A21.tmp' to '../../../../../../Users/Stumps/Desktop/StitchesAndBones/StitchesAndBones/Content/Level_Assets/Environments/Kitchen/Tap_Cylinder013.uasset'
[2017.11.23-19.17.47:306][556]LogSavePackage: Display: Finished SavePackage ../../../../../../Users/Stumps/Desktop/StitchesAndBones/StitchesAndBones/Content/Level_Assets/Environments/Kitchen/Tap_Cylinder013.uasset
[2017.11.23-19.17.47:333][556]LogSavePackage: Save=13.80ms
[2017.11.23-19.17.47:333][556]LogSavePackage: Moving '../../../../../../Users/Stumps/Desktop/StitchesAndBones/StitchesAndBones/Saved/Tap_Cylinder014213F63194B6B0F4BD0608CA27D66ED0C.tmp' to '../../../../../../Users/Stumps/Desktop/StitchesAndBones/StitchesAndBones/Content/Level_Assets/Environments/Kitchen/Tap_Cylinder014.uasset'
[2017.11.23-19.17.47:337][556]LogSavePackage: Display: Finished SavePackage ../../../../../../Users/Stumps/Desktop/StitchesAndBones/StitchesAndBones/Content/Level_Assets/Environments/Kitchen/Tap_Cylinder014.uasset
[2017.11.23-19.17.47:364][556]LogSavePackage: Save=13.69ms
[2017.11.23-19.17.47:364][556]LogSavePackage: Moving '../../../../../../Users/Stumps/Desktop/StitchesAndBones/StitchesAndBones/Saved/Tap_Cylinder01543338E7A4CC2C0290590979D6218A11A.tmp' to '../../../../../../Users/Stumps/Desktop/StitchesAndBones/StitchesAndBones/Content/Level_Assets/Environments/Kitchen/Tap_Cylinder015.uasset'
[2017.11.23-19.17.47:368][556]LogSavePackage: Display: Finished SavePackage ../../../../../../Users/Stumps/Desktop/StitchesAndBones/StitchesAndBones/Content/Level_Assets/Environments/Kitchen/Tap_Cylinder015.uasset
[2017.11.23-19.17.47:396][556]LogSavePackage: Save=13.07ms
[2017.11.23-19.17.47:396][556]LogSavePackage: Moving '../../../../../../Users/Stumps/Desktop/StitchesAndBones/StitchesAndBones/Saved/Tap_Cylinder0165C3B84104DF31E5CD3871E93D6238971.tmp' to '../../../../../../Users/Stumps/Desktop/StitchesAndBones/StitchesAndBones/Content/Level_Assets/Environments/Kitchen/Tap_Cylinder016.uasset'
[2017.11.23-19.17.47:400][556]LogSavePackage: Display: Finished SavePackage ../../../../../../Users/Stumps/Desktop/StitchesAndBones/StitchesAndBones/Content/Level_Assets/Environments/Kitchen/Tap_Cylinder016.uasset
[2017.11.23-19.17.47:428][556]LogSavePackage: Save=13.82ms
[2017.11.23-19.17.47:428][556]LogSavePackage: Moving '../../../../../../Users/Stumps/Desktop/StitchesAndBones/StitchesAndBones/Saved/Tap_Cylinder01738454393454CB406BF900DB334174089.tmp' to '../../../../../../Users/Stumps/Desktop/StitchesAndBones/StitchesAndBones/Content/Level_Assets/Environments/Kitchen/Tap_Cylinder017.uasset'
[2017.11.23-19.17.47:432][556]LogSavePackage: Display: Finished SavePackage ../../../../../../Users/Stumps/Desktop/StitchesAndBones/StitchesAndBones/Content/Level_Assets/Environments/Kitchen/Tap_Cylinder017.uasset
[2017.11.23-19.17.47:460][556]LogSavePackage: Save=14.00ms
[2017.11.23-19.17.47:460][556]LogSavePackage: Moving '../../../../../../Users/Stumps/Desktop/StitchesAndBones/StitchesAndBones/Saved/Tap_Cylinder018A2606354465FD6B3F73FD9BE3B654E18.tmp' to '../../../../../../Users/Stumps/Desktop/StitchesAndBones/StitchesAndBones/Content/Level_Assets/Environments/Kitchen/Tap_Cylinder018.uasset'
[2017.11.23-19.17.47:465][556]LogSavePackage: Display: Finished SavePackage ../../../../../../Users/Stumps/Desktop/StitchesAndBones/StitchesAndBones/Content/Level_Assets/Environments/Kitchen/Tap_Cylinder018.uasset
[2017.11.23-19.17.47:495][556]LogSavePackage: Save=14.49ms
[2017.11.23-19.17.47:495][556]LogSavePackage: Moving '../../../../../../Users/Stumps/Desktop/StitchesAndBones/StitchesAndBones/Saved/Tap_Cylinder019C055679F41876C7D545EB8A38DBE484B.tmp' to '../../../../../../Users/Stumps/Desktop/StitchesAndBones/StitchesAndBones/Content/Level_Assets/Environments/Kitchen/Tap_Cylinder019.uasset'
[2017.11.23-19.17.47:499][556]LogSavePackage: Display: Finished SavePackage ../../../../../../Users/Stumps/Desktop/StitchesAndBones/StitchesAndBones/Content/Level_Assets/Environments/Kitchen/Tap_Cylinder019.uasset
[2017.11.23-19.17.47:526][556]LogSavePackage: Save=13.65ms
[2017.11.23-19.17.47:526][556]LogSavePackage: Moving '../../../../../../Users/Stumps/Desktop/StitchesAndBones/StitchesAndBones/Saved/Tap_Cylinder0203E1545F44B902DACCADFE5BB52009E96.tmp' to '../../../../../../Users/Stumps/Desktop/StitchesAndBones/StitchesAndBones/Content/Level_Assets/Environments/Kitchen/Tap_Cylinder020.uasset'
[2017.11.23-19.17.47:529][556]LogSavePackage: Display: Finished SavePackage ../../../../../../Users/Stumps/Desktop/StitchesAndBones/StitchesAndBones/Content/Level_Assets/Environments/Kitchen/Tap_Cylinder020.uasset
[2017.11.23-19.17.47:556][556]LogSavePackage: Save=13.97ms
[2017.11.23-19.17.47:556][556]LogSavePackage: Moving '../../../../../../Users/Stumps/Desktop/StitchesAndBones/StitchesAndBones/Saved/Tap_Cylinder021DA8016634C853DE1A345898FEDE8B7CD.tmp' to '../../../../../../Users/Stumps/Desktop/StitchesAndBones/StitchesAndBones/Content/Level_Assets/Environments/Kitchen/Tap_Cylinder021.uasset'
[2017.11.23-19.17.47:561][556]LogSavePackage: Display: Finished SavePackage ../../../../../../Users/Stumps/Desktop/StitchesAndBones/StitchesAndBones/Content/Level_Assets/Environments/Kitchen/Tap_Cylinder021.uasset
[2017.11.23-19.17.47:588][556]LogSavePackage: Save=13.97ms
[2017.11.23-19.17.47:588][556]LogSavePackage: Moving '../../../../../../Users/Stumps/Desktop/StitchesAndBones/StitchesAndBones/Saved/Tap_Cylinder0229A0980F543AF4686C1936088031D0348.tmp' to '../../../../../../Users/Stumps/Desktop/StitchesAndBones/StitchesAndBones/Content/Level_Assets/Environments/Kitchen/Tap_Cylinder022.uasset'
[2017.11.23-19.17.47:592][556]LogSavePackage: Display: Finished SavePackage ../../../../../../Users/Stumps/Desktop/StitchesAndBones/StitchesAndBones/Content/Level_Assets/Environments/Kitchen/Tap_Cylinder022.uasset
[2017.11.23-19.17.47:619][556]LogSavePackage: Save=13.42ms
[2017.11.23-19.17.47:620][556]LogSavePackage: Moving '../../../../../../Users/Stumps/Desktop/StitchesAndBones/StitchesAndBones/Saved/Tap_Cylinder02369E0141C4638E2C83D712484335C5687.tmp' to '../../../../../../Users/Stumps/Desktop/StitchesAndBones/StitchesAndBones/Content/Level_Assets/Environments/Kitchen/Tap_Cylinder023.uasset'
[2017.11.23-19.17.47:623][556]LogSavePackage: Display: Finished SavePackage ../../../../../../Users/Stumps/Desktop/StitchesAndBones/StitchesAndBones/Content/Level_Assets/Environments/Kitchen/Tap_Cylinder023.uasset
[2017.11.23-19.17.47:650][556]LogSavePackage: Save=13.62ms
[2017.11.23-19.17.47:650][556]LogSavePackage: Moving '../../../../../../Users/Stumps/Desktop/StitchesAndBones/StitchesAndBones/Saved/Tap_Cylinder024034804004EECD681FA46A88F67B0B425.tmp' to '../../../../../../Users/Stumps/Desktop/StitchesAndBones/StitchesAndBones/Content/Level_Assets/Environments/Kitchen/Tap_Cylinder024.uasset'
[2017.11.23-19.17.47:654][556]LogSavePackage: Display: Finished SavePackage ../../../../../../Users/Stumps/Desktop/StitchesAndBones/StitchesAndBones/Content/Level_Assets/Environments/Kitchen/Tap_Cylinder024.uasset
[2017.11.23-19.17.47:681][556]LogSavePackage: Save=14.03ms
[2017.11.23-19.17.47:681][556]LogSavePackage: Moving '../../../../../../Users/Stumps/Desktop/StitchesAndBones/StitchesAndBones/Saved/Tap_Plane00111EE992A4F8795BB3B4A5B86A8513555.tmp' to '../../../../../../Users/Stumps/Desktop/StitchesAndBones/StitchesAndBones/Content/Level_Assets/Environments/Kitchen/Tap_Plane001.uasset'
[2017.11.23-19.17.47:686][556]LogSavePackage: Display: Finished SavePackage ../../../../../../Users/Stumps/Desktop/StitchesAndBones/StitchesAndBones/Content/Level_Assets/Environments/Kitchen/Tap_Plane001.uasset
[2017.11.23-19.17.47:719][556]LogSavePackage: Save=18.25ms
[2017.11.23-19.17.47:719][556]LogSavePackage: Moving '../../../../../../Users/Stumps/Desktop/StitchesAndBones/StitchesAndBones/Saved/Tap_Plane002643C429F4F6E50D2CC63C5843958FD9B.tmp' to '../../../../../../Users/Stumps/Desktop/StitchesAndBones/StitchesAndBones/Content/Level_Assets/Environments/Kitchen/Tap_Plane002.uasset'
[2017.11.23-19.17.47:722][556]LogSavePackage: Display: Finished SavePackage ../../../../../../Users/Stumps/Desktop/StitchesAndBones/StitchesAndBones/Content/Level_Assets/Environments/Kitchen/Tap_Plane002.uasset
[2017.11.23-19.17.47:750][556]LogSavePackage: Save=14.23ms
[2017.11.23-19.17.47:750][556]LogSavePackage: Moving '../../../../../../Users/Stumps/Desktop/StitchesAndBones/StitchesAndBones/Saved/Tap_Plane0035C06146142FA5961EB0A30A8273B3D4B.tmp' to '../../../../../../Users/Stumps/Desktop/StitchesAndBones/StitchesAndBones/Content/Level_Assets/Environments/Kitchen/Tap_Plane003.uasset'
[2017.11.23-19.17.47:755][556]LogSavePackage: Display: Finished SavePackage ../../../../../../Users/Stumps/Desktop/StitchesAndBones/StitchesAndBones/Content/Level_Assets/Environments/Kitchen/Tap_Plane003.uasset
[2017.11.23-19.17.47:789][556]LogSavePackage: Save=17.77ms
[2017.11.23-19.17.47:789][556]LogSavePackage: Moving '../../../../../../Users/Stumps/Desktop/StitchesAndBones/StitchesAndBones/Saved/Tap_Plane0049CA0F0184FE001E57CB8DA8AF7961C46.tmp' to '../../../../../../Users/Stumps/Desktop/StitchesAndBones/StitchesAndBones/Content/Level_Assets/Environments/Kitchen/Tap_Plane004.uasset'
[2017.11.23-19.17.47:792][556]LogSavePackage: Display: Finished SavePackage ../../../../../../Users/Stumps/Desktop/StitchesAndBones/StitchesAndBones/Content/Level_Assets/Environments/Kitchen/Tap_Plane004.uasset
[2017.11.23-19.17.47:826][556]LogSavePackage: Save=16.66ms
[2017.11.23-19.17.47:826][556]LogSavePackage: Moving '../../../../../../Users/Stumps/Desktop/StitchesAndBones/StitchesAndBones/Saved/Tap_Plane0052A24EC894FBCFA8292488EACE0ED34B2.tmp' to '../../../../../../Users/Stumps/Desktop/StitchesAndBones/StitchesAndBones/Content/Level_Assets/Environments/Kitchen/Tap_Plane005.uasset'
[2017.11.23-19.17.47:830][556]LogSavePackage: Display: Finished SavePackage ../../../../../../Users/Stumps/Desktop/StitchesAndBones/StitchesAndBones/Content/Level_Assets/Environments/Kitchen/Tap_Plane005.uasset
[2017.11.23-19.17.47:860][556]LogSavePackage: Save=15.99ms
[2017.11.23-19.17.47:860][556]LogSavePackage: Moving '../../../../../../Users/Stumps/Desktop/StitchesAndBones/StitchesAndBones/Saved/Tap_Sphere001E9580738400734A9AA234BB0E862782E.tmp' to '../../../../../../Users/Stumps/Desktop/StitchesAndBones/StitchesAndBones/Content/Level_Assets/Environments/Kitchen/Tap_Sphere001.uasset'
[2017.11.23-19.17.47:864][556]LogSavePackage: Display: Finished SavePackage ../../../../../../Users/Stumps/Desktop/StitchesAndBones/StitchesAndBones/Content/Level_Assets/Environments/Kitchen/Tap_Sphere001.uasset
[2017.11.23-19.17.47:891][556]LogSavePackage: Save=13.78ms
[2017.11.23-19.17.47:891][556]LogSavePackage: Moving '../../../../../../Users/Stumps/Desktop/StitchesAndBones/StitchesAndBones/Saved/Tap_Sphere00225A5C159490EDFAF7FE558999B26494B.tmp' to '../../../../../../Users/Stumps/Desktop/StitchesAndBones/StitchesAndBones/Content/Level_Assets/Environments/Kitchen/Tap_Sphere002.uasset'
[2017.11.23-19.17.47:894][556]LogSavePackage: Display: Finished SavePackage ../../../../../../Users/Stumps/Desktop/StitchesAndBones/StitchesAndBones/Content/Level_Assets/Environments/Kitchen/Tap_Sphere002.uasset
[2017.11.23-19.17.47:921][556]LogSavePackage: Save=13.30ms
[2017.11.23-19.17.47:921][556]LogSavePackage: Moving '../../../../../../Users/Stumps/Desktop/StitchesAndBones/StitchesAndBones/Saved/Tap_Torus001DFD363644ED16657E46B41989E88EDF1.tmp' to '../../../../../../Users/Stumps/Desktop/StitchesAndBones/StitchesAndBones/Content/Level_Assets/Environments/Kitchen/Tap_Torus001.uasset'
[2017.11.23-19.17.47:924][556]LogSavePackage: Display: Finished SavePackage ../../../../../../Users/Stumps/Desktop/StitchesAndBones/StitchesAndBones/Content/Level_Assets/Environments/Kitchen/Tap_Torus001.uasset
[2017.11.23-19.17.47:951][556]LogSavePackage: Save=13.25ms
[2017.11.23-19.17.47:951][556]LogSavePackage: Moving '../../../../../../Users/Stumps/Desktop/StitchesAndBones/StitchesAndBones/Saved/Tap_Torus00261F6F3614233CA42DDE329BA8EC6BC23.tmp' to '../../../../../../Users/Stumps/Desktop/StitchesAndBones/StitchesAndBones/Content/Level_Assets/Environments/Kitchen/Tap_Torus002.uasset'
[2017.11.23-19.17.47:954][556]LogSavePackage: Display: Finished SavePackage ../../../../../../Users/Stumps/Desktop/StitchesAndBones/StitchesAndBones/Content/Level_Assets/Environments/Kitchen/Tap_Torus002.uasset
[2017.11.23-19.17.47:981][556]LogSavePackage: Save=13.41ms
[2017.11.23-19.17.47:981][556]LogSavePackage: Moving '../../../../../../Users/Stumps/Desktop/StitchesAndBones/StitchesAndBones/Saved/Tap_Torus003AE1A4C38453C1E4221B1FDB7A8F4E471.tmp' to '../../../../../../Users/Stumps/Desktop/StitchesAndBones/StitchesAndBones/Content/Level_Assets/Environments/Kitchen/Tap_Torus003.uasset'
[2017.11.23-19.17.47:984][556]LogSavePackage: Display: Finished SavePackage ../../../../../../Users/Stumps/Desktop/StitchesAndBones/StitchesAndBones/Content/Level_Assets/Environments/Kitchen/Tap_Torus003.uasset
[2017.11.23-19.17.48:010][556]LogSavePackage: Save=13.00ms
[2017.11.23-19.17.48:010][556]LogSavePackage: Moving '../../../../../../Users/Stumps/Desktop/StitchesAndBones/StitchesAndBones/Saved/Tap_Torus00494C161C2491C14C5E1C74EA3505C7DB3.tmp' to '../../../../../../Users/Stumps/Desktop/StitchesAndBones/StitchesAndBones/Content/Level_Assets/Environments/Kitchen/Tap_Torus004.uasset'
[2017.11.23-19.17.48:013][556]LogSavePackage: Display: Finished SavePackage ../../../../../../Users/Stumps/Desktop/StitchesAndBones/StitchesAndBones/Content/Level_Assets/Environments/Kitchen/Tap_Torus004.uasset
[2017.11.23-19.17.48:014][556]Cmd: MAP LOAD FILE="../../../../../../Users/Stumps/Desktop/StitchesAndBones/StitchesAndBones/Content/Kitchen.umap" TEMPLATE=0 SHOWPROGRESS=1 FEATURELEVEL=3
[2017.11.23-19.17.48:014][556]LightingResults: New page: Lighting Build
[2017.11.23-19.17.48:066][556]LogContentBrowser: Native class hierarchy updated for 'StatsViewer' in 0.0008 seconds. Added 5 classes and 0 folders.
[2017.11.23-19.17.48:067][556]LoadErrors: New page: Loading map: Kitchen.umap
[2017.11.23-19.17.48:068][556]MapCheck: New page: Map Check
[2017.11.23-19.17.48:068][556]LightingResults: New page: Lighting Build
[2017.11.23-19.17.48:151][556]LogEditorServer: Finished looking for orphan Actors (0.000 secs)
[2017.11.23-19.17.48:216][556]Cmd: MAP CHECKDEP NOCLEARLOG
[2017.11.23-19.17.49:716][556]MapCheck: Map check complete: 0 Error(s), 0 Warning(s), took 1,499.323ms to complete.
[2017.11.23-19.17.49:716][556]LogFileHelpers: Loading map 'Kitchen' took 1.703
[2017.11.23-19.18.12:881][843]LogTemp: Repeating last play command: Selected Viewport
[2017.11.23-19.18.12:959][843]LogBlueprintUserMessages: Early PlayInEditor Detection: Level '/Game/Kitchen.Kitchen:PersistentLevel' has LevelScriptBlueprint '/Game/Kitchen.Kitchen:PersistentLevel.Kitchen' with GeneratedClass '/Game/Kitchen.Kitchen_C' with ClassGeneratedBy '/Game/Kitchen.Kitchen:PersistentLevel.Kitchen'
[2017.11.23-19.18.12:959][843]LogPlayLevel: PlayLevel: No blueprints needed recompiling
[2017.11.23-19.18.12:959][843]PIE: New page: PIE session: Kitchen (23 Nov 2017 19:18:12)
[2017.11.23-19.18.12:959][843]LogPlayLevel: Creating play world package: /Game/UEDPIE_0_Kitchen
[2017.11.23-19.18.12:970][843]LogPlayLevel: PIE: StaticDuplicateObject took: (0.010575s)
[2017.11.23-19.18.12:971][843]LogAIModule: Creating AISystem for world Kitchen
[2017.11.23-19.18.12:971][843]LogPlayLevel: PIE: World Init took: (0.000952s)
[2017.11.23-19.18.12:971][843]LogPlayLevel: PIE: Created PIE world by copying editor world from /Game/Kitchen.Kitchen to /Game/UEDPIE_0_Kitchen.Kitchen (0.011930s)
[2017.11.23-19.18.13:033][843]LogInit: XAudio2 using 'HeadPhone/Digital Output (Realtek High Definition Audio)' : 6 channels at 48 kHz using 32 bits per sample (channel mask 0x3f)
[2017.11.23-19.18.13:075][843]LogInit: FAudioDevice initialized.
[2017.11.23-19.18.13:131][843]LogLoad: Game class is 'MyGame_C'
[2017.11.23-19.18.13:138][843]LogWorld: Bringing World /Game/UEDPIE_0_Kitchen.Kitchen up for play (max tick rate 60) at 2017.11.23-19.18.13
[2017.11.23-19.18.13:139][843]LogWorld: Bringing up level for play took: 0.005920
[2017.11.23-19.18.13:177][843]LogContentBrowser: Native class hierarchy updated for 'MovieSceneCapture' in 0.0010 seconds. Added 11 classes and 0 folders.
[2017.11.23-19.18.13:179][843]PIE: Play in editor start time for /Game/UEDPIE_0_Kitchen 1.146
[2017.11.23-19.18.13:180][843]LogBlueprintUserMessages: Late PlayInEditor Detection: Level '/Game/Kitchen.Kitchen:PersistentLevel' has LevelScriptBlueprint '/Game/Kitchen.Kitchen:PersistentLevel.Kitchen' with GeneratedClass '/Game/Kitchen.Kitchen_C' with ClassGeneratedBy '/Game/Kitchen.Kitchen:PersistentLevel.Kitchen'
[2017.11.23-19.18.13:188][843]LogAudio: Warning: Detected orphaned looping sound 'cavemusic'.
[2017.11.23-19.18.41:302][529]LogActorComponent: Error: May not destroy component CapsuleComponent /Game/UEDPIE_0_Kitchen.Kitchen:PersistentLevel.Hugo_C_0.CollisionCylinder owned by Hugo_C /Game/UEDPIE_0_Kitchen.Kitchen:PersistentLevel.Hugo_C_0.
[2017.11.23-19.18.41:318][530]LogActorComponent: Error: May not destroy component CapsuleComponent /Game/UEDPIE_0_Kitchen.Kitchen:PersistentLevel.Hugo_C_0.CollisionCylinder owned by Hugo_C /Game/UEDPIE_0_Kitchen.Kitchen:PersistentLevel.Hugo_C_0.
[2017.11.23-19.18.41:335][531]LogActorComponent: Error: May not destroy component CapsuleComponent /Game/UEDPIE_0_Kitchen.Kitchen:PersistentLevel.Hugo_C_0.CollisionCylinder owned by Hugo_C /Game/UEDPIE_0_Kitchen.Kitchen:PersistentLevel.Hugo_C_0.
[2017.11.23-19.18.44:697][720]LogWindowsTextInputMethodSystem: Display: IME system now deactivated.
[2017.11.23-19.18.44:764][720]LogBlueprintUserMessages: Early EndPlayMap Detection: Level '/Game/Kitchen.Kitchen:PersistentLevel' has LevelScriptBlueprint '/Game/Kitchen.Kitchen:PersistentLevel.Kitchen' with GeneratedClass '/Game/Kitchen.Kitchen_C' with ClassGeneratedBy '/Game/Kitchen.Kitchen:PersistentLevel.Kitchen'
[2017.11.23-19.18.44:794][720]LogBlueprintUserMessages: Late EndPlayMap Detection: Level '/Game/Kitchen.Kitchen:PersistentLevel' has LevelScriptBlueprint '/Game/Kitchen.Kitchen:PersistentLevel.Kitchen' with GeneratedClass '/Game/Kitchen.Kitchen_C' with ClassGeneratedBy '/Game/Kitchen.Kitchen:PersistentLevel.Kitchen'
[2017.11.23-19.18.44:934][721]Cmd: QUIT_EDITOR
[2017.11.23-19.18.45:317][721]LogExit: Preparing to exit.
[2017.11.23-19.18.46:043][721]PIE: UWidget::RemoveFromParent() called on '/Game/Kitchen.Kitchen:None' which has no UMG parent (if it was added directly to a native Slate widget via TakeWidget() then it must be removed explicitly rather than via RemoveFromParent())
[2017.11.23-19.18.46:043][721]PIE: UWidget::RemoveFromParent() called on '/Game/Kitchen.Kitchen:None' which has no UMG parent (if it was added directly to a native Slate widget via TakeWidget() then it must be removed explicitly rather than via RemoveFromParent())
[2017.11.23-19.18.46:046][721]LogDirectoryWatcher: A directory notification for 'C:/Users/Stumps/Desktop/StitchesAndBones/StitchesAndBones/Content/' was aborted.
[2017.11.23-19.18.46:051][721]PIE: UWidget::RemoveFromParent() called on 'None.None:None' which has no UMG parent (if it was added directly to a native Slate widget via TakeWidget() then it must be removed explicitly rather than via RemoveFromParent())
[2017.11.23-19.18.46:067][721]LogExit: Editor shut down
[2017.11.23-19.18.46:070][721]LogExit: Transaction tracking system shut down
[2017.11.23-19.18.46:185][721]LogDirectoryWatcher: A directory notification for '../../../Engine/Content/' was aborted.
[2017.11.23-19.18.46:185][721]LogDirectoryWatcher: A directory notification for '../../../../../../Users/Stumps/Desktop/StitchesAndBones/StitchesAndBones/Content/' was aborted.
[2017.11.23-19.18.46:186][721]LogDirectoryWatcher: A directory notification for '../../../Engine/Plugins/2D/Paper2D/Content/' was aborted.
[2017.11.23-19.18.46:186][721]LogDirectoryWatcher: A directory notification for '../../../Engine/Plugins/Runtime/Oculus/OculusVR/Content/' was aborted.
[2017.11.23-19.18.46:186][721]LogDirectoryWatcher: A directory notification for '../../../Engine/Plugins/Runtime/Steam/SteamVR/Content/' was aborted.
[2017.11.23-19.18.46:233][721]LogExit: Object subsystem successfully closed.
[2017.11.23-19.18.46:258][721]LogD3D11RHI: Shutdown
[2017.11.23-19.18.46:258][721]LogD3D11RHI: CleanupD3DDevice
[2017.11.23-19.18.46:376][721]LogD3D11RHI: ~FD3D11DynamicRHI
[2017.11.23-19.18.46:390][721]LogModuleManager: Shutting down and abandoning module MovieSceneCapture (532)
[2017.11.23-19.18.46:390][721]LogModuleManager: Shutting down and abandoning module StatsViewer (530)
[2017.11.23-19.18.46:390][721]LogModuleManager: Shutting down and abandoning module HierarchicalLODOutliner (528)
[2017.11.23-19.18.46:390][721]LogModuleManager: Shutting down and abandoning module SceneOutliner (526)
[2017.11.23-19.18.46:390][721]LogModuleManager: Shutting down and abandoning module AddContentDialog (524)
[2017.11.23-19.18.46:390][721]LogDirectoryWatcher: A directory notification for 'C:/Program Files/Epic Games/UE_4.17/FeaturePacks/' was aborted.
[2017.11.23-19.18.46:391][721]LogModuleManager: Shutting down and abandoning module WidgetCarousel (523)
[2017.11.23-19.18.46:391][721]LogModuleManager: Shutting down and abandoning module EditorWidgets (520)
[2017.11.23-19.18.46:391][721]LogModuleManager: Shutting down and abandoning module CollectionManager (518)
[2017.11.23-19.18.46:391][721]LogDirectoryWatcher: A directory notification for 'C:/Users/Stumps/Desktop/StitchesAndBones/StitchesAndBones/Content/Collections/' was aborted.
[2017.11.23-19.18.46:391][721]LogDirectoryWatcher: A directory notification for 'C:/Users/Stumps/Desktop/StitchesAndBones/StitchesAndBones/Content/Developers/Stumps/Collections/' was aborted.
[2017.11.23-19.18.46:391][721]LogDirectoryWatcher: A directory notification for 'C:/Users/Stumps/Desktop/StitchesAndBones/StitchesAndBones/Saved/Collections/' was aborted.
[2017.11.23-19.18.46:391][721]LogModuleManager: Shutting down and abandoning module FoliageEdit (516)
[2017.11.23-19.18.46:391][721]LogModuleManager: Shutting down and abandoning module LandscapeEditor (514)
[2017.11.23-19.18.46:391][721]LogModuleManager: Shutting down and abandoning module MeshPaintMode (512)
[2017.11.23-19.18.46:391][721]LogModuleManager: Shutting down and abandoning module SceneDepthPickerMode (510)
[2017.11.23-19.18.46:391][721]LogModuleManager: Shutting down and abandoning module ActorPickerMode (508)
[2017.11.23-19.18.46:391][721]LogModuleManager: Shutting down and abandoning module GeometryMode (506)
[2017.11.23-19.18.46:391][721]LogModuleManager: Shutting down and abandoning module TextureAlignMode (504)
[2017.11.23-19.18.46:391][721]LogModuleManager: Shutting down and abandoning module BspMode (502)
[2017.11.23-19.18.46:391][721]LogModuleManager: Shutting down and abandoning module PIEPreviewDeviceProfileSelector (500)
[2017.11.23-19.18.46:391][721]LogModuleManager: Shutting down and abandoning module HardwareSurvey (498)
[2017.11.23-19.18.46:391][721]LogModuleManager: Shutting down and abandoning module SequenceRecorderSections (496)
[2017.11.23-19.18.46:391][721]LogModuleManager: Shutting down and abandoning module AutomationWorker (494)
[2017.11.23-19.18.46:391][721]LogModuleManager: Shutting down and abandoning module MatineeToLevelSequence (492)
[2017.11.23-19.18.46:391][721]LogModuleManager: Shutting down and abandoning module LevelSequenceEditor (490)
[2017.11.23-19.18.46:391][721]LogModuleManager: Shutting down and abandoning module PlacementMode (489)
[2017.11.23-19.18.46:391][721]LogModuleManager: Shutting down and abandoning module WmfMediaFactory (486)
[2017.11.23-19.18.46:391][721]LogModuleManager: Shutting down and abandoning module WmfMediaEditor (484)
[2017.11.23-19.18.46:391][721]LogModuleManager: Shutting down and abandoning module AvfMediaFactory (482)
[2017.11.23-19.18.46:391][721]LogModuleManager: Shutting down and abandoning module AvfMediaEditor (480)
[2017.11.23-19.18.46:391][721]LogModuleManager: Shutting down and abandoning module AndroidMediaFactory (478)
[2017.11.23-19.18.46:391][721]LogModuleManager: Shutting down and abandoning module Media (477)
[2017.11.23-19.18.46:391][721]LogModuleManager: Shutting down and abandoning module AndroidMediaEditor (474)
[2017.11.23-19.18.46:391][721]LogModuleManager: Shutting down and abandoning module CharacterAI (472)
[2017.11.23-19.18.46:391][721]LogModuleManager: Shutting down and abandoning module AudioCapture (470)
[2017.11.23-19.18.46:391][721]LogModuleManager: Shutting down and abandoning module SequenceRecorder (469)
[2017.11.23-19.18.46:391][721]LogModuleManager: Shutting down and abandoning module SmartSnapping (466)
[2017.11.23-19.18.46:391][721]LogModuleManager: Shutting down and abandoning module SessionServices (464)
[2017.11.23-19.18.46:391][721]LogModuleManager: Shutting down and abandoning module ViewportSnapping (462)
[2017.11.23-19.18.46:392][721]LogModuleManager: Shutting down and abandoning module ViewportInteraction (460)
[2017.11.23-19.18.46:392][721]LogModuleManager: Shutting down and abandoning module ClothPainter (458)
[2017.11.23-19.18.46:392][721]LogModuleManager: Shutting down and abandoning module LogVisualizer (456)
[2017.11.23-19.18.46:392][721]LogModuleManager: Shutting down and abandoning module IntroTutorials (454)
[2017.11.23-19.18.46:392][721]LogModuleManager: Shutting down and abandoning module GameProjectGeneration (453)
[2017.11.23-19.18.46:392][721]LogModuleManager: Shutting down and abandoning module IOSPlatformEditor (450)
[2017.11.23-19.18.46:392][721]LogModuleManager: Shutting down and abandoning module HTML5PlatformEditor (448)
[2017.11.23-19.18.46:392][721]LogModuleManager: Shutting down and abandoning module AndroidPlatformEditor (446)
[2017.11.23-19.18.46:392][721]LogModuleManager: Shutting down and abandoning module AndroidDeviceDetection (445)
[2017.11.23-19.18.46:593][721]LogModuleManager: Shutting down and abandoning module WindowsPlatformEditor (442)
[2017.11.23-19.18.46:593][721]LogModuleManager: Shutting down and abandoning module IOSRuntimeSettings (440)
[2017.11.23-19.18.46:593][721]LogModuleManager: Shutting down and abandoning module AndroidRuntimeSettings (438)
[2017.11.23-19.18.46:593][721]LogModuleManager: Shutting down and abandoning module InputBindingEditor (436)
[2017.11.23-19.18.46:593][721]LogModuleManager: Shutting down and abandoning module MergeActors (434)
[2017.11.23-19.18.46:593][721]LogModuleManager: Shutting down and abandoning module SizeMap (432)
[2017.11.23-19.18.46:593][721]LogModuleManager: Shutting down and abandoning module TreeMap (430)
[2017.11.23-19.18.46:593][721]LogModuleManager: Shutting down and abandoning module ReferenceViewer (428)
[2017.11.23-19.18.46:593][721]LogModuleManager: Shutting down and abandoning module LocalizationDashboard (426)
[2017.11.23-19.18.46:593][721]LogModuleManager: Shutting down and abandoning module LocalizationService (425)
[2017.11.23-19.18.46:593][721]LogModuleManager: Shutting down and abandoning module HardwareTargeting (422)
[2017.11.23-19.18.46:593][721]LogModuleManager: Shutting down and abandoning module DeviceProfileEditor (420)
[2017.11.23-19.18.46:593][721]LogModuleManager: Shutting down and abandoning module UndoHistory (418)
[2017.11.23-19.18.46:593][721]LogModuleManager: Shutting down and abandoning module XmlParser (416)
[2017.11.23-19.18.46:593][721]LogModuleManager: Shutting down and abandoning module Blutility (414)
[2017.11.23-19.18.46:593][721]LogModuleManager: Shutting down and abandoning module ProjectSettingsViewer (412)
[2017.11.23-19.18.46:593][721]LogModuleManager: Shutting down and abandoning module ProjectTargetPlatformEditor (411)
[2017.11.23-19.18.46:593][721]LogModuleManager: Shutting down and abandoning module EditorSettingsViewer (408)
[2017.11.23-19.18.46:593][721]LogModuleManager: Shutting down and abandoning module SettingsEditor (406)
[2017.11.23-19.18.46:593][721]LogModuleManager: Shutting down and abandoning module ProjectLauncher (404)
[2017.11.23-19.18.46:593][721]LogModuleManager: Shutting down and abandoning module SessionFrontend (402)
[2017.11.23-19.18.46:593][721]LogModuleManager: Shutting down and abandoning module ProfilerClient (400)
[2017.11.23-19.18.46:593][721]LogModuleManager: Shutting down and abandoning module DeviceManager (398)
[2017.11.23-19.18.46:593][721]LogModuleManager: Shutting down and abandoning module TargetDeviceServices (397)
[2017.11.23-19.18.46:657][721]LogModuleManager: Shutting down and abandoning module AutomationController (394)
[2017.11.23-19.18.46:657][721]LogModuleManager: Shutting down and abandoning module AutomationWindow (392)
[2017.11.23-19.18.46:657][721]LogModuleManager: Shutting down and abandoning module Layers (390)
[2017.11.23-19.18.46:657][721]LogModuleManager: Shutting down and abandoning module ComponentVisualizers (388)
[2017.11.23-19.18.46:657][721]LogModuleManager: Shutting down and abandoning module DetailCustomizations (386)
[2017.11.23-19.18.46:657][721]LogModuleManager: Shutting down and abandoning module PackagesDialog (384)
[2017.11.23-19.18.46:657][721]LogModuleManager: Shutting down and abandoning module Persona (382)
[2017.11.23-19.18.46:657][721]LogModuleManager: Shutting down and abandoning module AdvancedPreviewScene (381)
[2017.11.23-19.18.46:657][721]LogModuleManager: Shutting down and abandoning module AnimGraph (379)
[2017.11.23-19.18.46:657][721]LogModuleManager: Shutting down and abandoning module Kismet (376)
[2017.11.23-19.18.46:658][721]LogModuleManager: Shutting down and abandoning module ClassViewer (374)
[2017.11.23-19.18.46:658][721]LogModuleManager: Shutting down and abandoning module Toolbox (372)
[2017.11.23-19.18.46:658][721]LogModuleManager: Shutting down and abandoning module ModuleUI (370)
[2017.11.23-19.18.46:658][721]LogModuleManager: Shutting down and abandoning module MovieSceneTools (368)
[2017.11.23-19.18.46:658][721]LogModuleManager: Shutting down and abandoning module OutputLog (366)
[2017.11.23-19.18.46:658][721]LogModuleManager: Shutting down and abandoning module GammaUI (364)
[2017.11.23-19.18.46:658][721]LogModuleManager: Shutting down and abandoning module Documentation (362)
[2017.11.23-19.18.46:658][721]LogModuleManager: Shutting down and abandoning module MovieSceneTracks (360)
[2017.11.23-19.18.46:658][721]LogModuleManager: Shutting down and abandoning module MovieScene (358)
[2017.11.23-19.18.46:658][721]LogModuleManager: Shutting down and abandoning module Niagara (356)
[2017.11.23-19.18.46:658][721]LogModuleManager: Shutting down and abandoning module NiagaraEditor (355)
[2017.11.23-19.18.46:658][721]LogModuleManager: Shutting down and abandoning module StreamingPauseRendering (352)
[2017.11.23-19.18.46:658][721]LogModuleManager: Shutting down and abandoning module LauncherPlatform (350)
[2017.11.23-19.18.46:658][721]LogModuleManager: Shutting down and abandoning module AnalyticsET (348)
[2017.11.23-19.18.46:658][721]LogModuleManager: Shutting down and abandoning module PortalServices (346)
[2017.11.23-19.18.46:658][721]LogModuleManager: Shutting down and abandoning module PortalRpc (344)
[2017.11.23-19.18.46:658][721]LogModuleManager: Shutting down and abandoning module MessagingRpc (342)
[2017.11.23-19.18.46:658][721]LogModuleManager: Shutting down and abandoning module AIModule (340)
[2017.11.23-19.18.46:658][721]LogModuleManager: Shutting down and abandoning module GameplayDebugger (339)
[2017.11.23-19.18.46:658][721]LogModuleManager: Shutting down and abandoning module AITestSuite (337)
[2017.11.23-19.18.46:658][721]LogModuleManager: Shutting down and abandoning module ProfilerService (334)
[2017.11.23-19.18.46:761][721]LogModuleManager: Shutting down and abandoning module TaskGraph (332)
[2017.11.23-19.18.46:762][721]LogModuleManager: Shutting down and abandoning module SteamVRController (330)
[2017.11.23-19.18.46:762][721]LogModuleManager: Shutting down and abandoning module ProceduralMeshComponentEditor (328)
[2017.11.23-19.18.46:762][721]LogModuleManager: Shutting down and abandoning module ProceduralMeshComponent (326)
[2017.11.23-19.18.46:762][721]LogModuleManager: Shutting down and abandoning module OculusInput (324)
[2017.11.23-19.18.46:762][721]LogModuleManager: Shutting down and abandoning module MobilePatchingUtils (322)
[2017.11.23-19.18.46:762][721]LogModuleManager: Shutting down and abandoning module CustomMeshComponent (320)
[2017.11.23-19.18.46:762][721]LogModuleManager: Shutting down and abandoning module CableComponent (318)
[2017.11.23-19.18.46:762][721]LogModuleManager: Shutting down and abandoning module ArchVisCharacter (316)
[2017.11.23-19.18.46:762][721]LogModuleManager: Shutting down and abandoning module AndroidPermission (314)
[2017.11.23-19.18.46:762][721]LogModuleManager: Shutting down and abandoning module MediaPlayerEditor (310)
[2017.11.23-19.18.46:762][721]LogModuleManager: Shutting down and abandoning module HTML5Networking (308)
[2017.11.23-19.18.46:762][721]LogModuleManager: Shutting down and abandoning module AlembicImporter (306)
[2017.11.23-19.18.46:762][721]LogModuleManager: Shutting down and abandoning module AlembicLibrary (305)
[2017.11.23-19.18.46:762][721]LogModuleManager: Shutting down and abandoning module GeometryCache (304)
[2017.11.23-19.18.46:762][721]LogModuleManager: Shutting down and abandoning module GeometryCacheEd (303)
[2017.11.23-19.18.46:762][721]LogModuleManager: Shutting down and abandoning module SpeedTreeImporter (298)
[2017.11.23-19.18.46:762][721]LogModuleManager: Shutting down and abandoning module PluginBrowser (296)
[2017.11.23-19.18.46:762][721]LogModuleManager: Shutting down and abandoning module MobileLauncherProfileWizard (294)
[2017.11.23-19.18.46:762][721]LogModuleManager: Shutting down and abandoning module VisualStudioSourceCodeAccess (292)
[2017.11.23-19.18.46:762][721]LogModuleManager: Shutting down and abandoning module DesktopPlatform (291)
[2017.11.23-19.18.46:762][721]LogModuleManager: Shutting down and abandoning module UObjectPlugin (288)
[2017.11.23-19.18.46:762][721]LogModuleManager: Shutting down and abandoning module SubversionSourceControl (286)
[2017.11.23-19.18.46:762][721]LogModuleManager: Shutting down and abandoning module PerforceSourceControl (284)
[2017.11.23-19.18.46:762][721]LogModuleManager: Shutting down and abandoning module GitSourceControl (282)
[2017.11.23-19.18.46:762][721]LogModuleManager: Shutting down and abandoning module SourceControl (281)
[2017.11.23-19.18.46:763][721]LogModuleManager: Shutting down and abandoning module LightPropagationVolumeEditor (278)
[2017.11.23-19.18.46:763][721]LogModuleManager: Shutting down and abandoning module PaperTiledImporter (276)
[2017.11.23-19.18.46:763][721]LogModuleManager: Shutting down and abandoning module PaperSpriteSheetImporter (274)
[2017.11.23-19.18.46:763][721]LogModuleManager: Shutting down and abandoning module Paper2DEditor (272)
[2017.11.23-19.18.46:763][721]LogModuleManager: Shutting down and abandoning module MeshPaint (271)
[2017.11.23-19.18.46:763][721]LogModuleManager: Shutting down and abandoning module LevelEditor (269)
[2017.11.23-19.18.46:764][721]LogModuleManager: Shutting down and abandoning module PixelInspectorModule (268)
[2017.11.23-19.18.46:764][721]LogModuleManager: Shutting down and abandoning module MainFrame (266)
[2017.11.23-19.18.46:764][721]LogModuleManager: Shutting down and abandoning module HotReload (265)
[2017.11.23-19.18.46:764][721]LogModuleManager: Shutting down and abandoning module RuntimePhysXCooking (260)
[2017.11.23-19.18.46:765][721]LogModuleManager: Shutting down and abandoning module PhysXVehiclesEditor (258)
[2017.11.23-19.18.46:765][721]LogModuleManager: Shutting down and abandoning module PhysXVehicles (256)
[2017.11.23-19.18.46:765][721]LogModuleManager: Shutting down and abandoning module OculusEditor (254)
[2017.11.23-19.18.46:765][721]LogModuleManager: Shutting down and abandoning module LocationServicesBPLibrary (252)
[2017.11.23-19.18.46:765][721]LogModuleManager: Shutting down and abandoning module ImmediatePhysicsEditor (250)
[2017.11.23-19.18.46:765][721]LogModuleManager: Shutting down and abandoning module ImmediatePhysics (248)
[2017.11.23-19.18.46:765][721]LogModuleManager: Shutting down and abandoning module UdpMessaging (246)
[2017.11.23-19.18.46:865][721]LogModuleManager: Shutting down and abandoning module TcpMessaging (244)
[2017.11.23-19.18.46:966][721]LogModuleManager: Shutting down and abandoning module GameplayTagsEditor (242)
[2017.11.23-19.18.46:966][721]LogModuleManager: Shutting down and abandoning module FacialAnimationEditor (240)
[2017.11.23-19.18.46:966][721]LogModuleManager: Shutting down and abandoning module FacialAnimation (238)
[2017.11.23-19.18.46:966][721]LogModuleManager: Shutting down and abandoning module AssetManagerEditor (236)
[2017.11.23-19.18.46:966][721]LogModuleManager: Shutting down and abandoning module GraphEditor (235)
[2017.11.23-19.18.46:966][721]LogModuleManager: Shutting down and abandoning module ContentBrowser (233)
[2017.11.23-19.18.46:967][721]LogModuleManager: Shutting down and abandoning module LightPropagationVolumeRuntime (230)
[2017.11.23-19.18.46:967][721]LogModuleManager: Shutting down and abandoning module Paper2D (228)
[2017.11.23-19.18.46:967][721]LogModuleManager: Shutting down and abandoning module WindowsMoviePlayer (226)
[2017.11.23-19.18.46:967][721]LogModuleManager: Shutting down and abandoning module WmfMedia (224)
[2017.11.23-19.18.46:967][721]LogModuleManager: Shutting down and abandoning module PacketHandler (222)
[2017.11.23-19.18.46:967][721]LogModuleManager: Shutting down and abandoning module ClothingSystemEditor (220)
[2017.11.23-19.18.46:967][721]LogModuleManager: Shutting down and abandoning module ClothingSystemRuntime (218)
[2017.11.23-19.18.46:967][721]LogModuleManager: Shutting down and abandoning module Overlay (216)
[2017.11.23-19.18.46:967][721]LogModuleManager: Shutting down and abandoning module OverlayEditor (215)
[2017.11.23-19.18.46:967][721]LogModuleManager: Shutting down and abandoning module MediaAssets (212)
[2017.11.23-19.18.46:967][721]LogModuleManager: Shutting down and abandoning module VREditor (210)
[2017.11.23-19.18.46:967][721]LogModuleManager: Shutting down and abandoning module StringTableEditor (208)
[2017.11.23-19.18.46:967][721]LogModuleManager: Shutting down and abandoning module GameplayTasksEditor (206)
[2017.11.23-19.18.46:967][721]LogModuleManager: Shutting down and abandoning module BehaviorTreeEditor (204)
[2017.11.23-19.18.46:967][721]LogModuleManager: Shutting down and abandoning module FunctionalTesting (202)
[2017.11.23-19.18.46:967][721]LogModuleManager: Shutting down and abandoning module CollisionAnalyzer (200)
[2017.11.23-19.18.46:967][721]LogModuleManager: Shutting down and abandoning module WorkspaceMenuStructure (199)
[2017.11.23-19.18.46:967][721]LogModuleManager: Shutting down and abandoning module UMG (196)
[2017.11.23-19.18.46:967][721]LogModuleManager: Shutting down and abandoning module UMGEditor (195)
[2017.11.23-19.18.46:967][721]LogModuleManager: Shutting down and abandoning module Sequencer (194)
[2017.11.23-19.18.46:967][721]LogModuleManager: Shutting down and abandoning module MessageLog (191)
[2017.11.23-19.18.46:967][721]LogModuleManager: Shutting down and abandoning module SlateReflector (186)
[2017.11.23-19.18.46:967][721]LogModuleManager: Shutting down and abandoning module Slate (184)
[2017.11.23-19.18.46:967][721]LogModuleManager: Shutting down and abandoning module EditorStyle (182)
[2017.11.23-19.18.46:970][721]LogModuleManager: Shutting down and abandoning module MRMesh (180)
[2017.11.23-19.18.46:970][721]LogModuleManager: Shutting down and abandoning module SourceCodeAccess (178)
[2017.11.23-19.18.46:970][721]LogModuleManager: Shutting down and abandoning module HeadMountedDisplay (176)
[2017.11.23-19.18.46:970][721]LogModuleManager: Shutting down and abandoning module XAudio2 (174)
[2017.11.23-19.18.46:970][721]LogModuleManager: Shutting down and abandoning module Networking (172)
[2017.11.23-19.18.46:970][721]LogModuleManager: Shutting down and abandoning module Core (168)
[2017.11.23-19.18.46:970][721]LogModuleManager: Shutting down and abandoning module KismetCompiler (164)
[2017.11.23-19.18.46:970][721]LogModuleManager: Shutting down and abandoning module LevelSequence (162)
[2017.11.23-19.18.46:970][721]LogModuleManager: Shutting down and abandoning module MeshUtilities (160)
[2017.11.23-19.18.46:970][721]LogModuleManager: Shutting down and abandoning module MeshMergeUtilities (159)
[2017.11.23-19.18.46:970][721]LogModuleManager: Shutting down and abandoning module MeshReductionInterface (158)
[2017.11.23-19.18.46:970][721]LogModuleManager: Shutting down and abandoning module SimplygonSwarm (157)
[2017.11.23-19.18.46:970][721]LogModuleManager: Shutting down and abandoning module SimplygonMeshReduction (155)
[2017.11.23-19.18.46:970][721]LogModuleManager: Shutting down and abandoning module QuadricMeshReduction (153)
[2017.11.23-19.18.46:970][721]LogModuleManager: Shutting down and abandoning module MaterialBaking (149)
[2017.11.23-19.18.46:970][721]LogModuleManager: Shutting down and abandoning module DirectoryWatcher (146)
[2017.11.23-19.18.46:971][721]LogModuleManager: Shutting down and abandoning module DerivedDataCache (144)
[2017.11.23-19.18.46:996][721]LogDerivedDataCache: Shutdown
[2017.11.23-19.18.46:996][721]LogModuleManager: Shutting down and abandoning module TargetPlatform (142)
[2017.11.23-19.18.46:996][721]LogModuleManager: Shutting down and abandoning module VulkanShaderFormat (141)
[2017.11.23-19.18.46:996][721]LogModuleManager: Shutting down and abandoning module ShaderFormatVectorVM (139)
[2017.11.23-19.18.46:996][721]LogModuleManager: Shutting down and abandoning module ShaderFormatOpenGL (137)
[2017.11.23-19.18.46:996][721]LogModuleManager: Shutting down and abandoning module ShaderFormatD3D (135)
[2017.11.23-19.18.46:996][721]LogModuleManager: Shutting down and abandoning module MetalShaderFormat (133)
[2017.11.23-19.18.46:996][721]LogModuleManager: Shutting down and abandoning module TextureFormatUncompressed (131)
[2017.11.23-19.18.46:996][721]LogModuleManager: Shutting down and abandoning module TextureFormatPVR (129)
[2017.11.23-19.18.46:996][721]LogModuleManager: Shutting down and abandoning module TextureFormatDXT (127)
[2017.11.23-19.18.46:996][721]LogModuleManager: Shutting down and abandoning module TextureFormatIntelISPCTexComp (125)
[2017.11.23-19.18.46:996][721]LogModuleManager: Shutting down and abandoning module TextureFormatASTC (123)
[2017.11.23-19.18.46:996][721]LogModuleManager: Shutting down and abandoning module ImageWrapper (122)
[2017.11.23-19.18.46:996][721]LogModuleManager: Shutting down and abandoning module TextureFormatAndroid (119)
[2017.11.23-19.18.46:997][721]LogModuleManager: Shutting down and abandoning module AudioFormatOpus (117)
[2017.11.23-19.18.46:997][721]LogModuleManager: Shutting down and abandoning module AudioFormatOgg (115)
[2017.11.23-19.18.46:997][721]LogModuleManager: Shutting down and abandoning module AudioFormatADPCM (113)
[2017.11.23-19.18.46:997][721]LogModuleManager: Shutting down and abandoning module LinuxTargetPlatform (111)
[2017.11.23-19.18.46:997][721]LogModuleManager: Shutting down and abandoning module LinuxServerTargetPlatform (109)
[2017.11.23-19.18.46:997][721]LogModuleManager: Shutting down and abandoning module LinuxNoEditorTargetPlatform (107)
[2017.11.23-19.18.46:997][721]LogModuleManager: Shutting down and abandoning module LinuxClientTargetPlatform (105)
[2017.11.23-19.18.46:997][721]LogModuleManager: Shutting down and abandoning module TVOSTargetPlatform (103)
[2017.11.23-19.18.46:997][721]LogModuleManager: Shutting down and abandoning module Messaging (101)
[2017.11.23-19.18.46:997][721]LogModuleManager: Shutting down and abandoning module IOSTargetPlatform (99)
[2017.11.23-19.18.46:997][721]LogModuleManager: Shutting down and abandoning module HTML5TargetPlatform (97)
[2017.11.23-19.18.46:997][721]LogModuleManager: Shutting down and abandoning module Android_PVRTCTargetPlatform (95)
[2017.11.23-19.18.46:997][721]LogModuleManager: Shutting down and abandoning module Android_MultiTargetPlatform (93)
[2017.11.23-19.18.46:997][721]LogModuleManager: Shutting down and abandoning module Android_ETC2TargetPlatform (91)
[2017.11.23-19.18.46:997][721]LogModuleManager: Shutting down and abandoning module Android_ETC1TargetPlatform (89)
[2017.11.23-19.18.46:997][721]LogModuleManager: Shutting down and abandoning module Android_DXTTargetPlatform (87)
[2017.11.23-19.18.46:997][721]LogModuleManager: Shutting down and abandoning module Android_ATCTargetPlatform (85)
[2017.11.23-19.18.46:997][721]LogModuleManager: Shutting down and abandoning module Android_ASTCTargetPlatform (83)
[2017.11.23-19.18.46:997][721]LogModuleManager: Shutting down and abandoning module AndroidTargetPlatform (81)
[2017.11.23-19.18.46:997][721]LogModuleManager: Shutting down and abandoning module WindowsTargetPlatform (79)
[2017.11.23-19.18.46:997][721]LogModuleManager: Shutting down and abandoning module WindowsServerTargetPlatform (77)
[2017.11.23-19.18.46:997][721]LogModuleManager: Shutting down and abandoning module WindowsNoEditorTargetPlatform (75)
[2017.11.23-19.18.46:997][721]LogModuleManager: Shutting down and abandoning module WindowsClientTargetPlatform (73)
[2017.11.23-19.18.46:997][721]LogModuleManager: Shutting down and abandoning module MacTargetPlatform (71)
[2017.11.23-19.18.46:997][721]LogModuleManager: Shutting down and abandoning module MacServerTargetPlatform (69)
[2017.11.23-19.18.46:997][721]LogModuleManager: Shutting down and abandoning module MacNoEditorTargetPlatform (67)
[2017.11.23-19.18.46:997][721]LogModuleManager: Shutting down and abandoning module MacClientTargetPlatform (65)
[2017.11.23-19.18.46:997][721]LogModuleManager: Shutting down and abandoning module AllDesktopTargetPlatform (63)
[2017.11.23-19.18.46:997][721]LogModuleManager: Shutting down and abandoning module InputCore (60)
[2017.11.23-19.18.46:997][721]LogModuleManager: Shutting down and abandoning module Settings (58)
[2017.11.23-19.18.46:997][721]LogModuleManager: Shutting down and abandoning module PhysXCooking (56)
[2017.11.23-19.18.46:997][721]LogModuleManager: Shutting down and abandoning module SteamVR (54)
[2017.11.23-19.18.46:997][721]LogModuleManager: Shutting down and abandoning module OculusHMD (52)
[2017.11.23-19.18.46:997][721]LogModuleManager: Shutting down and abandoning module ExampleDeviceProfileSelector (50)
[2017.11.23-19.18.46:997][721]LogModuleManager: Shutting down and abandoning module OnlineBlueprintSupport (48)
[2017.11.23-19.18.46:997][721]LogModuleManager: Shutting down and abandoning module OnlineSubsystem (44)
[2017.11.23-19.18.46:997][721]LogOnline: Display: Unloading online subsystem: NULL
[2017.11.23-19.18.46:997][721]LogModuleManager: Shutting down and abandoning module XMPP (43)
[2017.11.23-19.18.46:997][721]LogModuleManager: Shutting down and abandoning module HTTP (41)
[2017.11.23-19.18.46:997][721]LogHttp: Display: Http module shutting down, but needs to wait on 1 outstanding Http requests:
[2017.11.23-19.18.46:997][721]LogHttp: Display: 	verb=[POST] url=[https://datarouter.ol.epicgames.com/datarouter/api/v1/public/data?SessionID=%7B6C2D6EB4-4E0D-F3E5-E785-8685205960FA%7D&AppID=UEEditor.Rocket.Release&AppVersion=4.17.2-3658906%2B%2B%2BUE4%2BRelease-4.17&UserID=4e1c652841417e4dcb185cb6888fcec9%7Ceaa7ed5ebec04e62b7875f125685b0e6%7C04d2ed9c-9225-4cb2-b67a-4bce4f84c733&AppEnvironment=datacollector-binary&UploadType=eteventstream] status=Processing
[2017.11.23-19.18.47:017][721]LogModuleManager: Shutting down and abandoning module SSL (40)
[2017.11.23-19.18.47:018][721]LogModuleManager: Shutting down and abandoning module AnimationModifiers (36)
[2017.11.23-19.18.47:018][721]LogModuleManager: Shutting down and abandoning module PropertyEditor (35)
[2017.11.23-19.18.47:018][721]LogModuleManager: Shutting down and abandoning module AudioEditor (32)
[2017.11.23-19.18.47:018][721]LogModuleManager: Shutting down and abandoning module TextureCompressor (30)
[2017.11.23-19.18.47:018][721]LogModuleManager: Shutting down and abandoning module ShaderCore (28)
[2017.11.23-19.18.47:018][721]LogModuleManager: Shutting down and abandoning module Landscape (26)
[2017.11.23-19.18.47:018][721]LogModuleManager: Shutting down and abandoning module SlateRHIRenderer (24)
[2017.11.23-19.18.47:019][721]LogModuleManager: Shutting down and abandoning module OpenGLDrv (22)
[2017.11.23-19.18.47:019][721]LogModuleManager: Shutting down and abandoning module D3D11RHI (20)
[2017.11.23-19.18.47:019][721]LogModuleManager: Shutting down and abandoning module AnimGraphRuntime (18)
[2017.11.23-19.18.47:019][721]LogModuleManager: Shutting down and abandoning module Renderer (16)
[2017.11.23-19.18.47:019][721]LogModuleManager: Shutting down and abandoning module Engine (14)
[2017.11.23-19.18.47:019][721]LogModuleManager: Shutting down and abandoning module CoreUObject (12)
[2017.11.23-19.18.47:019][721]LogModuleManager: Shutting down and abandoning module NetworkFile (10)
[2017.11.23-19.18.47:019][721]LogModuleManager: Shutting down and abandoning module CookedIterativeFile (8)
[2017.11.23-19.18.47:019][721]LogModuleManager: Shutting down and abandoning module StreamingFile (6)
[2017.11.23-19.18.47:019][721]LogModuleManager: Shutting down and abandoning module SandboxFile (4)
[2017.11.23-19.18.47:019][721]LogModuleManager: Shutting down and abandoning module PakFile (2)
[2017.11.23-19.18.47:022][721]LogExit: Exiting.
[2017.11.23-19.18.47:048][721]Log file closed, 11/23/17 19:18:47
