Log file open, 04/12/18 19:38:00
LogWindows: Failed to load 'aqProf.dll' (GetLastError=126)
LogWindows: File 'aqProf.dll' does not exist
LogWindows: Failed to load 'VtuneApi.dll' (GetLastError=126)
LogWindows: File 'VtuneApi.dll' does not exist
LogWindows: Failed to load 'VtuneApi32e.dll' (GetLastError=126)
LogWindows: File 'VtuneApi32e.dll' does not exist
LogInit: Display: Running engine for game: MyProject
LogPlatformFile: Not using cached read wrapper
LogInit: Display: RandInit(-251895836) SRandInit(-251895836).
LogInit: Read version file with build ID '3709383'
LogInit: Overriding engine version to CL 3754814, compatible CL 3709383
LogInit: Registered custom module enumerator with build ID '3709383'
LogTaskGraph: Started task graph with 5 named threads and 14 total threads with 3 sets of task threads.
LogStats: Stats thread started at 0.175644
LogD3D11RHI: Aftermath initialized
LogModuleManager: Display: Found up-to-date module file ../../../Engine/Plugins/2D/Paper2D/Binaries/Win64/UE4Editor-Paper2D.dll (API version 3709383).
LogModuleManager: Display: Found up-to-date module file ../../../Engine/Plugins/2D/Paper2D/Binaries/Win64/UE4Editor-Paper2DEditor.dll (API version 3709383).
LogModuleManager: Display: Found up-to-date module file ../../../Engine/Plugins/2D/Paper2D/Binaries/Win64/UE4Editor-PaperSpriteSheetImporter.dll (API version 3709383).
LogModuleManager: Display: Found up-to-date module file ../../../Engine/Plugins/2D/Paper2D/Binaries/Win64/UE4Editor-PaperTiledImporter.dll (API version 3709383).
LogModuleManager: Display: Found up-to-date module file ../../../Engine/Plugins/2D/Paper2D/Binaries/Win64/UE4Editor-SmartSnapping.dll (API version 3709383).
LogModuleManager: Display: Found up-to-date module file ../../../Engine/Plugins/Blendables/LightPropagationVolume/Binaries/Win64/UE4Editor-LightPropagationVolumeRuntime.dll (API version 3709383).
LogModuleManager: Display: Found up-to-date module file ../../../Engine/Plugins/Blendables/LightPropagationVolume/Binaries/Win64/UE4Editor-LightPropagationVolumeEditor.dll (API version 3709383).
LogModuleManager: Display: Found up-to-date module file ../../../Engine/Plugins/Developer/GitSourceControl/Binaries/Win64/UE4Editor-GitSourceControl.dll (API version 3709383).
LogModuleManager: Display: Found up-to-date module file ../../../Engine/Plugins/Developer/PerforceSourceControl/Binaries/Win64/UE4Editor-PerforceSourceControl.dll (API version 3709383).
LogModuleManager: Display: Found up-to-date module file ../../../Engine/Plugins/Developer/SubversionSourceControl/Binaries/Win64/UE4Editor-SubversionSourceControl.dll (API version 3709383).
LogModuleManager: Display: Found up-to-date module file ../../../Engine/Plugins/Developer/UObjectPlugin/Binaries/Win64/UE4Editor-UObjectPlugin.dll (API version 3709383).
LogModuleManager: Display: Found up-to-date module file ../../../Engine/Plugins/Developer/VisualStudioCodeSourceCodeAccess/Binaries/Win64/UE4Editor-VisualStudioCodeSourceCodeAccess.dll (API version 3709383).
LogModuleManager: Display: Found up-to-date module file ../../../Engine/Plugins/Developer/VisualStudioSourceCodeAccess/Binaries/Win64/UE4Editor-VisualStudioSourceCodeAccess.dll (API version 3709383).
LogModuleManager: Display: Found up-to-date module file ../../../Engine/Plugins/Editor/AssetManagerEditor/Binaries/Win64/UE4Editor-AssetManagerEditor.dll (API version 3709383).
LogModuleManager: Display: Found up-to-date module file ../../../Engine/Plugins/Editor/AudioCapture/Binaries/Win64/UE4Editor-AudioCapture.dll (API version 3709383).
LogModuleManager: Display: Found up-to-date module file ../../../Engine/Plugins/Editor/FacialAnimation/Binaries/Win64/UE4Editor-FacialAnimation.dll (API version 3709383).
LogModuleManager: Display: Found up-to-date module file ../../../Engine/Plugins/Editor/FacialAnimation/Binaries/Win64/UE4Editor-FacialAnimationEditor.dll (API version 3709383).
LogModuleManager: Display: Found up-to-date module file ../../../Engine/Plugins/Editor/GameplayTagsEditor/Binaries/Win64/UE4Editor-GameplayTagsEditor.dll (API version 3709383).
LogModuleManager: Display: Found up-to-date module file ../../../Engine/Plugins/Editor/MobileLauncherProfileWizard/Binaries/Win64/UE4Editor-MobileLauncherProfileWizard.dll (API version 3709383).
LogModuleManager: Display: Found up-to-date module file ../../../Engine/Plugins/Editor/PluginBrowser/Binaries/Win64/UE4Editor-PluginBrowser.dll (API version 3709383).
LogModuleManager: Display: Found up-to-date module file ../../../Engine/Plugins/Editor/SpeedTreeImporter/Binaries/Win64/UE4Editor-SpeedTreeImporter.dll (API version 3709383).
LogModuleManager: Display: Found up-to-date module file ../../../Engine/Plugins/Experimental/AlembicImporter/Binaries/Win64/UE4Editor-AlembicImporter.dll (API version 3709383).
LogModuleManager: Display: Found up-to-date module file ../../../Engine/Plugins/Experimental/AlembicImporter/Binaries/Win64/UE4Editor-AlembicLibrary.dll (API version 3709383).
LogModuleManager: Display: Found up-to-date module file ../../../Engine/Plugins/Experimental/CharacterAI/Binaries/Win64/UE4Editor-CharacterAI.dll (API version 3709383).
LogModuleManager: Display: Found up-to-date module file ../../../Engine/Plugins/Experimental/HTML5Networking/Binaries/Win64/UE4Editor-HTML5Networking.dll (API version 3709383).
LogModuleManager: Display: Found up-to-date module file ../../../Engine/Plugins/Media/AndroidMedia/Binaries/Win64/UE4Editor-AndroidMediaEditor.dll (API version 3709383).
LogModuleManager: Display: Found up-to-date module file ../../../Engine/Plugins/Media/AndroidMedia/Binaries/Win64/UE4Editor-AndroidMediaFactory.dll (API version 3709383).
LogModuleManager: Display: Found up-to-date module file ../../../Engine/Plugins/Media/AvfMedia/Binaries/Win64/UE4Editor-AvfMediaEditor.dll (API version 3709383).
LogModuleManager: Display: Found up-to-date module file ../../../Engine/Plugins/Media/AvfMedia/Binaries/Win64/UE4Editor-AvfMediaFactory.dll (API version 3709383).
LogModuleManager: Display: Found up-to-date module file ../../../Engine/Plugins/Media/AvfMedia/Binaries/Win64/UE4Editor-AvfMediaFactory.dll (API version 3709383).
LogModuleManager: Display: Found up-to-date module file ../../../Engine/Plugins/Media/ImgMedia/Binaries/Win64/UE4Editor-ImgMedia.dll (API version 3709383).
LogModuleManager: Display: Found up-to-date module file ../../../Engine/Plugins/Media/ImgMedia/Binaries/Win64/UE4Editor-ImgMediaEditor.dll (API version 3709383).
LogModuleManager: Display: Found up-to-date module file ../../../Engine/Plugins/Media/ImgMedia/Binaries/Win64/UE4Editor-ImgMediaFactory.dll (API version 3709383).
LogModuleManager: Display: Found up-to-date module file ../../../Engine/Plugins/Media/ImgMedia/Binaries/Win64/UE4Editor-ImgMediaFactory.dll (API version 3709383).
LogModuleManager: Display: Found up-to-date module file ../../../Engine/Plugins/Media/ImgMedia/Binaries/Win64/UE4Editor-OpenExrWrapper.dll (API version 3709383).
LogModuleManager: Display: Found up-to-date module file ../../../Engine/Plugins/Media/MediaCompositing/Binaries/Win64/UE4Editor-MediaCompositing.dll (API version 3709383).
LogModuleManager: Display: Found up-to-date module file ../../../Engine/Plugins/Media/MediaCompositing/Binaries/Win64/UE4Editor-MediaCompositingEditor.dll (API version 3709383).
LogModuleManager: Display: Found up-to-date module file ../../../Engine/Plugins/Media/MediaPlayerEditor/Binaries/Win64/UE4Editor-MediaPlayerEditor.dll (API version 3709383).
LogModuleManager: Display: Found up-to-date module file ../../../Engine/Plugins/Media/WmfMedia/Binaries/Win64/UE4Editor-WmfMedia.dll (API version 3709383).
LogModuleManager: Display: Found up-to-date module file ../../../Engine/Plugins/Media/WmfMedia/Binaries/Win64/UE4Editor-WmfMediaEditor.dll (API version 3709383).
LogModuleManager: Display: Found up-to-date module file ../../../Engine/Plugins/Media/WmfMedia/Binaries/Win64/UE4Editor-WmfMediaFactory.dll (API version 3709383).
LogModuleManager: Display: Found up-to-date module file ../../../Engine/Plugins/Media/WmfMedia/Binaries/Win64/UE4Editor-WmfMediaFactory.dll (API version 3709383).
LogModuleManager: Display: Found up-to-date module file ../../../Engine/Plugins/Messaging/TcpMessaging/Binaries/Win64/UE4Editor-TcpMessaging.dll (API version 3709383).
LogModuleManager: Display: Found up-to-date module file ../../../Engine/Plugins/Messaging/UdpMessaging/Binaries/Win64/UE4Editor-UdpMessaging.dll (API version 3709383).
LogModuleManager: Display: Found up-to-date module file ../../../Engine/Plugins/MovieScene/ActorSequence/Binaries/Win64/UE4Editor-ActorSequence.dll (API version 3709383).
LogModuleManager: Display: Found up-to-date module file ../../../Engine/Plugins/MovieScene/LevelSequenceEditor/Binaries/Win64/UE4Editor-LevelSequenceEditor.dll (API version 3709383).
LogModuleManager: Display: Found up-to-date module file ../../../Engine/Plugins/MovieScene/MatineeToLevelSequence/Binaries/Win64/UE4Editor-MatineeToLevelSequence.dll (API version 3709383).
LogModuleManager: Display: Found up-to-date module file ../../../Engine/Plugins/Online/OnlineSubsystem/Binaries/Win64/UE4Editor-OnlineSubsystem.dll (API version 3709383).
LogModuleManager: Display: Found up-to-date module file ../../../Engine/Plugins/Runtime/AndroidPermission/Binaries/Win64/UE4Editor-AndroidPermission.dll (API version 3709383).
LogModuleManager: Display: Found up-to-date module file ../../../Engine/Plugins/Online/OnlineSubsystemNull/Binaries/Win64/UE4Editor-OnlineSubsystemNull.dll (API version 3709383).
LogModuleManager: Display: Found up-to-date module file ../../../Engine/Plugins/Online/OnlineSubsystemUtils/Binaries/Win64/UE4Editor-OnlineSubsystemUtils.dll (API version 3709383).
LogModuleManager: Display: Found up-to-date module file ../../../Engine/Plugins/Online/OnlineSubsystemUtils/Binaries/Win64/UE4Editor-OnlineBlueprintSupport.dll (API version 3709383).
LogModuleManager: Display: Found up-to-date module file ../../../Engine/Plugins/Runtime/AndroidDeviceProfileSelector/Binaries/Win64/UE4Editor-AndroidDeviceProfileSelector.dll (API version 3709383).
LogModuleManager: Display: Found up-to-date module file ../../../Engine/Plugins/Runtime/AppleARKit/Binaries/Win64/UE4Editor-AppleARKit.dll (API version 3709383).
LogModuleManager: Display: Found up-to-date module file ../../../Engine/Plugins/Runtime/ArchVisCharacter/Binaries/Win64/UE4Editor-ArchVisCharacter.dll (API version 3709383).
LogModuleManager: Display: Found up-to-date module file ../../../Engine/Plugins/Runtime/CableComponent/Binaries/Win64/UE4Editor-CableComponent.dll (API version 3709383).
LogModuleManager: Display: Found up-to-date module file ../../../Engine/Plugins/Runtime/CustomMeshComponent/Binaries/Win64/UE4Editor-CustomMeshComponent.dll (API version 3709383).
LogModuleManager: Display: Found up-to-date module file ../../../Engine/Plugins/Runtime/ExampleDeviceProfileSelector/Binaries/Win64/UE4Editor-ExampleDeviceProfileSelector.dll (API version 3709383).
LogModuleManager: Display: Found up-to-date module file ../../../Engine/Plugins/Runtime/ImmediatePhysics/Binaries/Win64/UE4Editor-ImmediatePhysics.dll (API version 3709383).
LogModuleManager: Display: Found up-to-date module file ../../../Engine/Plugins/Runtime/ImmediatePhysics/Binaries/Win64/UE4Editor-ImmediatePhysicsEditor.dll (API version 3709383).
LogModuleManager: Display: Found up-to-date module file ../../../Engine/Plugins/Runtime/LocationServicesBPLibrary/Binaries/Win64/UE4Editor-LocationServicesBPLibrary.dll (API version 3709383).
LogModuleManager: Display: Found up-to-date module file ../../../Engine/Plugins/Runtime/MobilePatchingUtils/Binaries/Win64/UE4Editor-MobilePatchingUtils.dll (API version 3709383).
LogModuleManager: Display: Found up-to-date module file ../../../Engine/Plugins/Runtime/Oculus/OculusVR/Binaries/Win64/UE4Editor-OculusHMD.dll (API version 3709383).
LogModuleManager: Display: Found up-to-date module file ../../../Engine/Plugins/Runtime/Oculus/OculusVR/Binaries/Win64/UE4Editor-OculusInput.dll (API version 3709383).
LogModuleManager: Display: Found up-to-date module file ../../../Engine/Plugins/Runtime/Oculus/OculusVR/Binaries/Win64/UE4Editor-OculusEditor.dll (API version 3709383).
LogModuleManager: Display: Found up-to-date module file ../../../Engine/Plugins/Runtime/PhysXVehicles/Binaries/Win64/UE4Editor-PhysXVehicles.dll (API version 3709383).
LogModuleManager: Display: Found up-to-date module file ../../../Engine/Plugins/Runtime/PhysXVehicles/Binaries/Win64/UE4Editor-PhysXVehiclesEditor.dll (API version 3709383).
LogModuleManager: Display: Found up-to-date module file ../../../Engine/Plugins/Runtime/ProceduralMeshComponent/Binaries/Win64/UE4Editor-ProceduralMeshComponent.dll (API version 3709383).
LogModuleManager: Display: Found up-to-date module file ../../../Engine/Plugins/Runtime/ProceduralMeshComponent/Binaries/Win64/UE4Editor-ProceduralMeshComponentEditor.dll (API version 3709383).
LogModuleManager: Display: Found up-to-date module file ../../../Engine/Plugins/Runtime/RuntimePhysXCooking/Binaries/Win64/UE4Editor-RuntimePhysXCooking.dll (API version 3709383).
LogModuleManager: Display: Found up-to-date module file ../../../Engine/Plugins/Runtime/Steam/SteamVR/Binaries/Win64/UE4Editor-SteamVR.dll (API version 3709383).
LogModuleManager: Display: Found up-to-date module file ../../../Engine/Plugins/Runtime/Steam/SteamVR/Binaries/Win64/UE4Editor-SteamVRController.dll (API version 3709383).
LogModuleManager: Display: Found up-to-date module file ../../../Engine/Plugins/Runtime/WindowsMoviePlayer/Binaries/Win64/UE4Editor-WindowsMoviePlayer.dll (API version 3709383).
LogPluginManager: Mounting plugin Paper2D
LogPluginManager: Mounting plugin LightPropagationVolume
LogPluginManager: Mounting plugin CodeLiteSourceCodeAccess
LogPluginManager: Mounting plugin GitSourceControl
LogPluginManager: Mounting plugin KDevelopSourceCodeAccess
LogPluginManager: Mounting plugin NullSourceCodeAccess
LogPluginManager: Mounting plugin PerforceSourceControl
LogPluginManager: Mounting plugin SubversionSourceControl
LogPluginManager: Mounting plugin UObjectPlugin
LogPluginManager: Mounting plugin VisualStudioCodeSourceCodeAccess
LogPluginManager: Mounting plugin VisualStudioSourceCodeAccess
LogPluginManager: Mounting plugin XCodeSourceCodeAccess
LogPluginManager: Mounting plugin AssetManagerEditor
LogPluginManager: Mounting plugin AudioCapture
LogPluginManager: Mounting plugin FacialAnimation
LogPluginManager: Mounting plugin GameplayTagsEditor
LogPluginManager: Mounting plugin MobileLauncherProfileWizard
LogPluginManager: Mounting plugin PluginBrowser
LogPluginManager: Mounting plugin SpeedTreeImporter
LogPluginManager: Mounting plugin AlembicImporter
LogPluginManager: Mounting plugin CharacterAI
LogPluginManager: Mounting plugin HTML5Networking
LogPluginManager: Mounting plugin AndroidMedia
LogPluginManager: Mounting plugin AvfMedia
LogPluginManager: Mounting plugin ImgMedia
LogPluginManager: Mounting plugin MediaCompositing
LogPluginManager: Mounting plugin MediaPlayerEditor
LogPluginManager: Mounting plugin WmfMedia
LogPluginManager: Mounting plugin TcpMessaging
LogPluginManager: Mounting plugin UdpMessaging
LogPluginManager: Mounting plugin ActorSequence
LogPluginManager: Mounting plugin LevelSequenceEditor
LogPluginManager: Mounting plugin MatineeToLevelSequence
LogPluginManager: Mounting plugin OnlineSubsystemGooglePlay
LogPluginManager: Mounting plugin OnlineSubsystemIOS
LogPluginManager: Mounting plugin OnlineSubsystem
LogPluginManager: Mounting plugin OnlineSubsystemNull
LogPluginManager: Mounting plugin OnlineSubsystemUtils
LogPluginManager: Mounting plugin AndroidDeviceProfileSelector
LogPluginManager: Mounting plugin AndroidMoviePlayer
LogPluginManager: Mounting plugin AndroidPermission
LogPluginManager: Mounting plugin AppleARKit
LogPluginManager: Mounting plugin AppleMoviePlayer
LogPluginManager: Mounting plugin ArchVisCharacter
LogPluginManager: Mounting plugin CableComponent
LogPluginManager: Mounting plugin CustomMeshComponent
LogPluginManager: Mounting plugin ExampleDeviceProfileSelector
LogPluginManager: Mounting plugin GoogleCloudMessaging
LogPluginManager: Mounting plugin ImmediatePhysics
LogPluginManager: Mounting plugin IOSDeviceProfileSelector
LogPluginManager: Mounting plugin LinuxDeviceProfileSelector
LogPluginManager: Mounting plugin LocationServicesBPLibrary
LogPluginManager: Mounting plugin MobilePatchingUtils
LogPluginManager: Mounting plugin OculusVR
LogPluginManager: Plugin shader directory ../../../Engine/Plugins/Runtime/Oculus/OculusVR/Shaders found
LogPluginManager: Mapping shader source directory ../../../Engine/Plugins/Runtime/Oculus/OculusVR/Shaders to virtual directory /Plugin/OculusVR
LogPluginManager: Mounting plugin PhysXVehicles
LogPluginManager: Mounting plugin ProceduralMeshComponent
LogPluginManager: Mounting plugin RuntimePhysXCooking
LogPluginManager: Mounting plugin SteamVR
LogPluginManager: Mounting plugin WindowsMoviePlayer
LogInit: Using libcurl 7.47.1
LogInit:  - built for x86_64-pc-win32
LogInit:  - supports SSL with OpenSSL/1.0.2g
LogInit:  - supports HTTP deflate (compression) using libz 1.2.8
LogInit:  - other features:
LogInit:      CURL_VERSION_SSL
LogInit:      CURL_VERSION_LIBZ
LogInit:      CURL_VERSION_IPV6
LogInit:      CURL_VERSION_ASYNCHDNS
LogInit:      CURL_VERSION_LARGEFILE
LogInit:      CURL_VERSION_IDN
LogInit:  CurlRequestOptions (configurable via config and command line):
LogInit:  - bVerifyPeer = false  - Libcurl will NOT verify peer certificate
LogInit:  - bUseHttpProxy = false  - Libcurl will NOT use HTTP proxy
LogInit:  - bDontReuseConnections = false  - Libcurl will reuse connections
LogInit:  - CertBundlePath = nullptr  - Libcurl will use whatever was configured at build time.
LogInit: Build: ++UE4+Release-4.18-CL-3754814
LogInit: Engine Version: 4.18.1-3754814+++UE4+Release-4.18
LogInit: Compatible Engine Version: 4.18.0-3709383+++UE4+Release-4.18
LogInit: Net CL: 3709383
LogDevObjectVersion: Number of dev versions registered: 16
LogDevObjectVersion:   Dev-Blueprints (B0D832E4-1F89-4F0D-ACCF-7EB736FD4AA2): 10
LogDevObjectVersion:   Dev-Build (E1C64328-A22C-4D53-A36C-8E866417BD8C): 0
LogDevObjectVersion:   Dev-Core (375EC13C-06E4-48FB-B500-84F0262A717E): 2
LogDevObjectVersion:   Dev-Editor (E4B068ED-F494-42E9-A231-DA0B2E46BB41): 20
LogDevObjectVersion:   Dev-Framework (CFFC743F-43B0-4480-9391-14DF171D2073): 30
LogDevObjectVersion:   Dev-Mobile (B02B49B5-BB20-44E9-A304-32B752E40360): 0
LogDevObjectVersion:   Dev-Networking (A4E4105C-59A1-49B5-A7C5-40C4547EDFEE): 0
LogDevObjectVersion:   Dev-Online (39C831C9-5AE6-47DC-9A44-9C173E1C8E7C): 0
LogDevObjectVersion:   Dev-Physics (78F01B33-EBEA-4F98-B9B4-84EACCB95AA2): 0
LogDevObjectVersion:   Dev-Platform (6631380F-2D4D-43E0-8009-CF276956A95A): 0
LogDevObjectVersion:   Dev-Rendering (12F88B9F-8875-4AFC-A67C-D90C383ABD29): 20
LogDevObjectVersion:   Dev-Sequencer (7B5AE74C-D270-4C10-A958-57980B212A5A): 4
LogDevObjectVersion:   Dev-VR (D7296918-1DD6-4BDD-9DE2-64A83CC13884): 0
LogDevObjectVersion:   Dev-LoadTimes (C2A15278-BFE7-4AFE-6C17-90FF531DF755): 1
LogDevObjectVersion:   Private-Geometry (6EACA3D4-40EC-4CC1-B786-8BED09428FC5): 1
LogDevObjectVersion:   Dev-AnimPhys (29E575DD-E0A3-4627-9D10-D276232CDCEA): 12
LogInit: Compiled (64-bit): Nov 14 2017 02:05:55
LogInit: Compiled with Visual C++: 19.00.24215.01
LogInit: Build Configuration: Development
LogInit: Branch Name: ++UE4+Release-4.18
LogInit: Command line:  
LogInit: Base directory: C:/Program Files/Epic Games/UE_4.18/Engine/Binaries/Win64/
LogInit: Installed Engine Build: 1
LogInit: Presizing for max 8388607 objects, including 0 objects not considered by GC, pre-allocating 0 bytes for permanent pool.
LogInit: Object subsystem initialized
[2018.04.12-18.38.01:898][  0]LogInit: Selected Device Profile: [Windows]
[2018.04.12-18.38.01:898][  0]LogInit: Applying CVar settings loaded from the selected device profile: [Windows]
[2018.04.12-18.38.01:912][  0]LogInit: Computer: MSI
[2018.04.12-18.38.01:912][  0]LogInit: User: Cormac
[2018.04.12-18.38.01:912][  0]LogInit: CPU Page size=4096, Cores=4
[2018.04.12-18.38.01:912][  0]LogInit: High frequency timer resolution =2.648437 MHz
[2018.04.12-18.38.01:912][  0]LogMemory: Memory total: Physical=32.0GB (32GB approx)
[2018.04.12-18.38.01:912][  0]LogMemory: Platform Memory Stats for Windows
[2018.04.12-18.38.01:912][  0]LogMemory: Process Physical Memory: 273.69 MB used, 273.69 MB peak
[2018.04.12-18.38.01:912][  0]LogMemory: Process Virtual Memory: 273.88 MB used, 273.88 MB peak
[2018.04.12-18.38.01:912][  0]LogMemory: Physical Memory: 8862.02 MB used,  23863.31 MB free, 32725.33 MB total
[2018.04.12-18.38.01:912][  0]LogMemory: Virtual Memory: 681.61 MB used,  23863.31 MB free, 134217728.00 MB total
[2018.04.12-18.38.02:066][  0]LogInit: Using OS detected language (en-US).
[2018.04.12-18.38.02:066][  0]LogInit: Using OS detected locale (en-GB).
[2018.04.12-18.38.02:069][  0]LogTextLocalizationManager: No specific localization for 'en-US' exists, so the 'en' localization will be used.
[2018.04.12-18.38.02:489][  0]LogInit: Setting process to per monitor DPI aware
[2018.04.12-18.38.02:774][  0]LogD3D11RHI: D3D11 adapters:
[2018.04.12-18.38.02:828][  0]LogD3D11RHI:    0. 'NVIDIA GeForce GTX 1080' (Feature Level 11_0)
[2018.04.12-18.38.02:828][  0]LogD3D11RHI:       8079/0/16362 MB DedicatedVideo/DedicatedSystem/SharedSystem, Outputs:1, VendorId:0x10de
[2018.04.12-18.38.02:831][  0]LogD3D11RHI:    1. 'Microsoft Basic Render Driver' (Feature Level 11_0)
[2018.04.12-18.38.02:831][  0]LogD3D11RHI:       0/0/16362 MB DedicatedVideo/DedicatedSystem/SharedSystem, Outputs:0, VendorId:0x1414
[2018.04.12-18.38.02:831][  0]LogD3D11RHI: Chosen D3D11 Adapter: 0
[2018.04.12-18.38.02:838][  0]LogD3D11RHI: Creating new Direct3DDevice
[2018.04.12-18.38.02:838][  0]LogD3D11RHI:     GPU DeviceId: 0x1be0 (for the marketing name, search the web for "GPU Device Id")
[2018.04.12-18.38.02:838][  0]LogWindows: EnumDisplayDevices:
[2018.04.12-18.38.02:838][  0]LogWindows:    0. 'NVIDIA GeForce GTX 1080' (P:1 D:1)
[2018.04.12-18.38.02:838][  0]LogWindows:    1. 'NVIDIA GeForce GTX 1080' (P:0 D:0)
[2018.04.12-18.38.02:838][  0]LogWindows:    2. 'NVIDIA GeForce GTX 1080' (P:0 D:0)
[2018.04.12-18.38.02:838][  0]LogWindows:    3. 'NVIDIA GeForce GTX 1080' (P:0 D:0)
[2018.04.12-18.38.02:838][  0]LogWindows: DebugString: GetVideoDriverDetailsInvalid PrimaryIsNotTheChoosenAdapter GetVideoDriverDetailsInvalid PrimaryIsNotTheChoosenAdapter GetVideoDriverDetailsInvalid PrimaryIsNotTheChoosenAdapter GetVideoDriverDetailsInvalid PrimaryIsNotTheChoosenAdapter FoundDriverCount:0 
[2018.04.12-18.38.02:838][  0]LogD3D11RHI:     Adapter Name: NVIDIA GeForce GTX 1080
[2018.04.12-18.38.02:838][  0]LogD3D11RHI:   Driver Version: Unknown (internal:Unknown, unified:Unknown)
[2018.04.12-18.38.02:838][  0]LogD3D11RHI:      Driver Date: Unknown
[2018.04.12-18.38.02:838][  0]LogRHI: Texture pool is 5655 MB (70% of 8079 MB)
[2018.04.12-18.38.02:870][  0]LogD3D11RHI: Async texture creation enabled
[2018.04.12-18.38.02:888][  0]LogD3D11RHI: GPU Timing Frequency: 1000.000000 (Debug: 2 2)
[2018.04.12-18.38.02:935][  0]LogShaderCompilers: Guid format shader working directory is -9 characters bigger than the processId version (../../../../../../Users/Cormac/Desktop/StitchesAndBones/Intermediate/Shaders/WorkingDirectory/14712/).
[2018.04.12-18.38.02:935][  0]LogShaderCompilers: Cleaned the shader compiler working directory 'C:/Users/Cormac/AppData/Local/Temp/UnrealShaderWorkingDir/5D62CEAA4AC760A11247338096074650/'.
[2018.04.12-18.38.02:935][  0]LogShaderCompilers: Display: Using Local Shader Compiler.
[2018.04.12-18.38.03:866][  0]LogTemp: Display: Loaded TP AllDesktopTargetPlatform
[2018.04.12-18.38.03:923][  0]LogTemp: Display: Loaded TP MacClientTargetPlatform
[2018.04.12-18.38.03:977][  0]LogTemp: Display: Loaded TP MacNoEditorTargetPlatform
[2018.04.12-18.38.04:031][  0]LogTemp: Display: Loaded TP MacServerTargetPlatform
[2018.04.12-18.38.04:084][  0]LogTemp: Display: Loaded TP MacTargetPlatform
[2018.04.12-18.38.04:137][  0]LogTemp: Display: Loaded TP WindowsClientTargetPlatform
[2018.04.12-18.38.04:190][  0]LogTemp: Display: Loaded TP WindowsNoEditorTargetPlatform
[2018.04.12-18.38.04:242][  0]LogTemp: Display: Loaded TP WindowsServerTargetPlatform
[2018.04.12-18.38.04:290][  0]LogTemp: Display: Loaded TP WindowsTargetPlatform
[2018.04.12-18.38.04:340][  0]LogTemp: Display: Loaded TP Android_ASTCTargetPlatform
[2018.04.12-18.38.04:391][  0]LogTemp: Display: Loaded TP Android_ATCTargetPlatform
[2018.04.12-18.38.04:444][  0]LogTemp: Display: Loaded TP Android_DXTTargetPlatform
[2018.04.12-18.38.04:495][  0]LogTemp: Display: Loaded TP Android_ETC1TargetPlatform
[2018.04.12-18.38.04:546][  0]LogTemp: Display: Loaded TP Android_ETC2TargetPlatform
[2018.04.12-18.38.04:651][  0]LogTemp: Display: Loaded TP Android_MultiTargetPlatform
[2018.04.12-18.38.04:651][  0]LogTemp: Display: Loaded TP Android_PVRTCTargetPlatform
[2018.04.12-18.38.04:703][  0]LogTemp: Display: Loaded TP AndroidTargetPlatform
[2018.04.12-18.38.04:743][  0]LogTemp: Display: Loaded TP HTML5TargetPlatform
[2018.04.12-18.38.04:836][  0]LogTemp: Display: Loaded TP IOSTargetPlatform
[2018.04.12-18.38.04:862][  0]LogTemp: Display: Loaded TP TVOSTargetPlatform
[2018.04.12-18.38.04:915][  0]LogTemp: Display: Loaded TP LinuxClientTargetPlatform
[2018.04.12-18.38.04:966][  0]LogTemp: Display: Loaded TP LinuxNoEditorTargetPlatform
[2018.04.12-18.38.05:017][  0]LogTemp: Display: Loaded TP LinuxServerTargetPlatform
[2018.04.12-18.38.05:069][  0]LogTemp: Display: Loaded TP LinuxTargetPlatform
[2018.04.12-18.38.05:069][  0]LogTargetPlatformManager: Display: Building Assets For Windows
[2018.04.12-18.38.05:529][  0]LogDerivedDataCache: Display: Max Cache Size: 512 MB
[2018.04.12-18.38.05:596][  0]LogDerivedDataCache: Loaded boot cache 0.07s 78MB C:/Users/Cormac/AppData/Local/UnrealEngine/4.18/DerivedDataCache/Boot.ddc.
[2018.04.12-18.38.05:596][  0]LogDerivedDataCache: Display: Loaded Boot cache: C:/Users/Cormac/AppData/Local/UnrealEngine/4.18/DerivedDataCache/Boot.ddc
[2018.04.12-18.38.05:596][  0]LogDerivedDataCache: FDerivedDataBackendGraph:  Pak pak cache file ../../../../../../Users/Cormac/Desktop/StitchesAndBones/DerivedDataCache/DDC.ddp not found, will not use a pak cache.
[2018.04.12-18.38.05:596][  0]LogDerivedDataCache: Unable to find inner node Pak for hierarchical cache Hierarchy.
[2018.04.12-18.38.05:596][  0]LogDerivedDataCache: FDerivedDataBackendGraph:  CompressedPak pak cache file ../../../../../../Users/Cormac/Desktop/StitchesAndBones/DerivedDataCache/Compressed.ddp not found, will not use a pak cache.
[2018.04.12-18.38.05:596][  0]LogDerivedDataCache: Unable to find inner node CompressedPak for hierarchical cache Hierarchy.
[2018.04.12-18.38.05:612][  0]LogDerivedDataCache: Display: Pak cache opened for reading ../../../Engine/DerivedDataCache/Compressed.ddp.
[2018.04.12-18.38.05:624][  0]LogDerivedDataCache: Using Local data cache path C:/Users/Cormac/AppData/Local/UnrealEngine/Common/DerivedDataCache: Writable
[2018.04.12-18.38.05:635][  0]LogMaterial: Verifying Global Shaders for PCD3D_SM5
[2018.04.12-18.38.05:636][  0]LogSlate: Using Freetype 2.6.0
[2018.04.12-18.38.05:636][  0]LogSlate: SlateFontCache - WITH_FREETYPE: 1, WITH_HARFBUZZ: 1
[2018.04.12-18.38.05:636][  0]LogSlate: SlateFontCache - WITH_FREETYPE: 1, WITH_HARFBUZZ: 1
[2018.04.12-18.38.06:002][  0]LogInit: Selected Device Profile: [Windows]
[2018.04.12-18.38.06:342][  0]LogSimplygon: Simplygon DLL not present - disabling.
[2018.04.12-18.38.06:383][  0]LogMeshReduction: Using SimplygonSwarm for distributed automatic mesh merging
[2018.04.12-18.38.06:383][  0]LogMeshReduction: Using QuadricMeshReduction for automatic static mesh reduction
[2018.04.12-18.38.06:383][  0]LogMeshReduction: No automatic skeletal mesh reduction module available
[2018.04.12-18.38.06:383][  0]LogMeshReduction: No automatic mesh merging module available
[2018.04.12-18.38.06:383][  0]LogMeshMerging: No automatic mesh merging module available
[2018.04.12-18.38.06:412][  0]LogNetVersion: MyProject , NetCL: 3709383, EngineNetVer: 2, GameNetVer: 0 (Checksum: 1490074681)
[2018.04.12-18.38.06:576][  0]LogAssetRegistry: FAssetRegistry took 0.0257 seconds to start up
[2018.04.12-18.38.07:091][  0]LogPackageLocalizationCache: Processed 7 localized package path(s) for 2 prioritized culture(s) in 0.071079 seconds
[2018.04.12-18.38.07:096][  0]LogUObjectArray: 35900 objects as part of root set at end of initial load.
[2018.04.12-18.38.07:096][  0]LogUObjectAllocator: 7372024 out of 0 bytes used by permanent object pool.
[2018.04.12-18.38.07:096][  0]LogUObjectArray: CloseDisregardForGC: 0/0 objects in disregard for GC pool
[2018.04.12-18.38.07:148][  0]LogInit: WinSock: version 1.1 (2.2), MaxSocks=32767, MaxUdp=65467
[2018.04.12-18.38.09:892][  0]LogTcpMessaging: Initializing TcpMessaging bridge
[2018.04.12-18.38.09:933][  0]LogUdpMessaging: Initializing bridge on interface 0.0.0.0:0 to multicast group 230.0.0.1:6666.
[2018.04.12-18.38.10:605][  0]LogMaterial: Uniform references updated for custom material expression Custom.
[2018.04.12-18.38.11:036][  0]SourceControl: Source control is disabled
[2018.04.12-18.38.11:036][  0]SourceControl: Source control is disabled
[2018.04.12-18.38.11:088][  0]SourceControl: Source control is disabled
[2018.04.12-18.38.11:141][  0]SourceControl: Source control is disabled
[2018.04.12-18.38.11:946][  0]LogAndroidPermission: UAndroidPermissionCallbackProxy::GetInstance
[2018.04.12-18.38.12:217][  0]LogOcInput: OculusInput pre-init called
[2018.04.12-18.38.12:503][  0]LogEngine: Initializing Engine...
[2018.04.12-18.38.12:506][  0]LogHMD: Failed to initialize OpenVR with code 110
[2018.04.12-18.38.12:705][  0]LogStats: UGameplayTagsManager::ConstructGameplayTagTree: Construct from data asset -  0.000 s
[2018.04.12-18.38.12:706][  0]LogStats: UGameplayTagsManager::ConstructGameplayTagTree: GameplayTagTreeChangedEvent.Broadcast -  0.000 s
[2018.04.12-18.38.12:831][  0]LogAIModule: Creating AISystem for world Untitled
[2018.04.12-18.38.12:840][  0]LogInit: XAudio2 using 'Speakers (Realtek High Definition Audio)' : 2 channels at 48 kHz using 32 bits per sample (channel mask 0x3)
[2018.04.12-18.38.12:977][  0]LogInit: FAudioDevice initialized.
[2018.04.12-18.38.13:031][  0]LogDerivedDataCache: Saved boot cache 0.05s 78MB C:/Users/Cormac/AppData/Local/UnrealEngine/4.18/DerivedDataCache/Boot.ddc.
[2018.04.12-18.38.13:041][  0]LogInit: Texture streaming: Enabled
[2018.04.12-18.38.13:138][  0]LogEngineSessionManager: EngineSessionManager initialized
[2018.04.12-18.38.13:269][  0]LogInit: Transaction tracking system initialized
[2018.04.12-18.38.13:580][  0]BlueprintLog: New page: Editor Load
[2018.04.12-18.38.14:461][  0]LocalizationService: Localization service is disabled
[2018.04.12-18.38.15:187][  0]LogConsoleResponse: Display: 
[2018.04.12-18.38.15:367][  0]LogCook: Display: Max memory allowance for cook 16384mb min free memory 0mb
[2018.04.12-18.38.15:367][  0]LogCook: Display: Mobile HDR setting 1
[2018.04.12-18.38.15:367][  0]LogGameplayTags: Display: UGameplayTagsManager::DoneAddingNativeTags. DelegateIsBound: 0
[2018.04.12-18.38.15:393][  0]LogFileCache: Scanning file cache for directory 'C:/Users/Cormac/Desktop/StitchesAndBones/Content/' took 0.02s
[2018.04.12-18.38.16:537][  0]SourceControl: Source control is disabled
[2018.04.12-18.38.16:537][  0]Cmd: MAP LOAD FILE="../../../../../../Users/Cormac/Desktop/StitchesAndBones/Content/TitleScreen.umap" TEMPLATE=0 SHOWPROGRESS=1 FEATURELEVEL=3
[2018.04.12-18.38.16:538][  0]LightingResults: New page: Lighting Build
[2018.04.12-18.38.16:578][  0]MapCheck: New page: Map Check
[2018.04.12-18.38.16:578][  0]LightingResults: New page: Lighting Build
[2018.04.12-18.38.16:668][  0]LogAIModule: Creating AISystem for world TitleScreen
[2018.04.12-18.38.16:670][  0]LogEditorServer: Finished looking for orphan Actors (0.000 secs)
[2018.04.12-18.38.16:680][  0]Cmd: MAP CHECKDEP NOCLEARLOG
[2018.04.12-18.38.16:725][  0]MapCheck: Map check complete: 0 Error(s), 0 Warning(s), took 45.593ms to complete.
[2018.04.12-18.38.16:725][  0]LogFileHelpers: Loading map 'TitleScreen' took 0.188
[2018.04.12-18.38.16:862][  0]LogCollectionManager: Loaded 0 collections in 0.001771 seconds
[2018.04.12-18.38.16:939][  0]LogFileCache: Scanning file cache for directory 'C:/Users/Cormac/Desktop/StitchesAndBones/Saved/Collections/' took 0.01s
[2018.04.12-18.38.16:940][  0]LogFileCache: Scanning file cache for directory 'C:/Users/Cormac/Desktop/StitchesAndBones/Content/Developers/Cormac/Collections/' took 0.01s
[2018.04.12-18.38.16:940][  0]LogFileCache: Scanning file cache for directory 'C:/Users/Cormac/Desktop/StitchesAndBones/Content/Collections/' took 0.01s
[2018.04.12-18.38.16:940][  0]LogCollectionManager: Rebuilt the GUID cache for 0 collections in 0.000000 seconds
[2018.04.12-18.38.16:947][  0]LogContentBrowser: Native class hierarchy populated in 0.0077 seconds. Added 2363 classes and 519 folders.
[2018.04.12-18.38.17:012][  0]LogContentBrowser: Native class hierarchy updated for 'WidgetCarousel' in 0.0002 seconds. Added 0 classes and 0 folders.
[2018.04.12-18.38.17:047][  0]LogContentBrowser: Native class hierarchy updated for 'AddContentDialog' in 0.0003 seconds. Added 0 classes and 0 folders.
[2018.04.12-18.38.17:089][  0]LogContentBrowser: Native class hierarchy updated for 'SceneOutliner' in 0.0002 seconds. Added 1 classes and 2 folders.
[2018.04.12-18.38.17:150][  0]LogSlate: Took 0.000190 seconds to synchronously load lazily loaded font '../../../Engine/Content/Slate/Fonts/Roboto-Regular.ttf' (155K)
[2018.04.12-18.38.17:153][  0]LogSlate: Took 0.000203 seconds to synchronously load lazily loaded font '../../../Engine/Content/Slate/Fonts/Roboto-Bold.ttf' (160K)
[2018.04.12-18.38.17:159][  0]LogSlate: Took 0.000195 seconds to synchronously load lazily loaded font '../../../Engine/Content/Editor/Slate/Fonts/FontAwesome.ttf' (139K)
[2018.04.12-18.38.17:262][  0]LogRenderer: Reallocating scene render targets to support 1056x552 Format 10 NumSamples 1 (Frame:1).
[2018.04.12-18.38.17:303][  0]LogSlate: Took 0.000171 seconds to synchronously load lazily loaded font '../../../Engine/Content/Slate/Fonts/Roboto-Light.ttf' (159K)
[2018.04.12-18.38.17:429][  0]LogContentBrowser: Native class hierarchy updated for 'HierarchicalLODOutliner' in 0.0002 seconds. Added 1 classes and 2 folders.
[2018.04.12-18.38.17:429][  0]LogLoad: (Engine Initialization) Total time: 17.74 seconds
[2018.04.12-18.38.17:429][  0]LogLoad: (Engine Initialization) Total Blueprint compile time: 0.00 seconds
[2018.04.12-18.38.17:429][  0]LogExternalProfiler: Found external profiler: VSPerf
[2018.04.12-18.38.17:429][  0]LogExternalProfiler: Using external profiler: VSPerf
[2018.04.12-18.38.17:478][  0]LogContentStreaming: Texture pool size now 1000 MB
[2018.04.12-18.38.17:569][  1]LogFileCache: Retrieving MD5 hashes for directory 'C:/Users/Cormac/Desktop/StitchesAndBones/Content/' took 0.11s
[2018.04.12-18.38.17:582][  1]LogAssetRegistry: Asset discovery search completed in 11.0279 seconds
[2018.04.12-18.38.17:584][  1]LogCollectionManager: Rebuilt the object cache for 0 collections in 0.000000 seconds (found 0 objects)
[2018.04.12-18.38.17:584][  1]LogCollectionManager: Fixed up redirectors for 0 collections in 0.000042 seconds (updated 0 objects)
[2018.04.12-18.38.28:809][  4]LogSlate: Took 0.000227 seconds to synchronously load lazily loaded font '../../../Engine/Content/Slate/Fonts/Roboto-Light.ttf' (159K)
[2018.04.12-18.38.29:560][  4]LogMaterial: Missing cached shader map for material Material__39, compiling. 
[2018.04.12-18.38.29:560][  4]LogMaterial: Warning: C:\Users\Cormac\Desktop\StitchesAndBones\Content\Level_Assets\Environments\Kitchen\Materials\Material__39.uasset: Failed to compile Material for platform PCD3D_SM5, Default Material will be used in game.
[2018.04.12-18.38.29:560][  4]LogMaterial: 	(Node TextureSample) TextureSample> Sampler type is Color, should be Linear Color for /Game/Level_Assets/Environments/Kitchen/CerealBoxMap.CerealBoxMap
[2018.04.12-18.38.29:925][  4]LogAIModule: Creating AISystem for world Kitchen
[2018.04.12-18.38.29:971][  4]Cmd: MAP LOAD FILE="../../../../../../Users/Cormac/Desktop/StitchesAndBones/Content/Kitchen.umap" TEMPLATE=0 SHOWPROGRESS=1 FEATURELEVEL=3
[2018.04.12-18.38.29:971][  4]LightingResults: New page: Lighting Build
[2018.04.12-18.38.29:972][  4]LoadErrors: New page: Loading map: Kitchen.umap
[2018.04.12-18.38.29:972][  4]MapCheck: New page: Map Check
[2018.04.12-18.38.29:972][  4]LightingResults: New page: Lighting Build
[2018.04.12-18.38.30:087][  4]LogEditorServer: Finished looking for orphan Actors (0.000 secs)
[2018.04.12-18.38.30:154][  4]Cmd: MAP CHECKDEP NOCLEARLOG
[2018.04.12-18.38.30:227][  4]MapCheck: Map check complete: 0 Error(s), 0 Warning(s), took 73.2ms to complete.
[2018.04.12-18.38.30:227][  4]LogFileHelpers: Loading map 'Kitchen' took 0.256
[2018.04.12-18.38.32:334][240]MapCheck: New page: Map Check
[2018.04.12-18.38.32:343][240]Cmd: MAP REBUILD ALLVISIBLE
[2018.04.12-18.38.32:343][240]LogEditorServer: Rebuildmap Clear paths rebuilt
[2018.04.12-18.38.32:589][240]LogMaterial: Missing cached shader map for material FDebugViewModeMaterialProxy WorldGridMaterial, compiling. Is special engine material.
[2018.04.12-18.38.32:596][240]LogMaterial: Missing cached shader map for material FDebugViewModeMaterialProxy LandscapeGizmo_Mat, compiling. 
[2018.04.12-18.38.32:602][240]LogMaterial: Missing cached shader map for material FDebugViewModeMaterialProxy Worktop, compiling. 
[2018.04.12-18.38.32:608][240]LogMaterial: Missing cached shader map for material FDebugViewModeMaterialProxy Cupboard, compiling. 
[2018.04.12-18.38.32:613][240]LogMaterial: Missing cached shader map for material FDebugViewModeMaterialProxy Metal, compiling. 
[2018.04.12-18.38.32:620][240]LogMaterial: Missing cached shader map for material FDebugViewModeMaterialProxy SoftWood, compiling. 
[2018.04.12-18.38.32:627][240]LogMaterial: Missing cached shader map for material FDebugViewModeMaterialProxy Wood, compiling. 
[2018.04.12-18.38.32:633][240]LogMaterial: Missing cached shader map for material FDebugViewModeMaterialProxy Gold, compiling. 
[2018.04.12-18.38.32:640][240]LogMaterial: Missing cached shader map for material FDebugViewModeMaterialProxy KitchenTile, compiling. 
[2018.04.12-18.38.32:647][240]LogMaterial: Missing cached shader map for material FDebugViewModeMaterialProxy rackwood, compiling. 
[2018.04.12-18.38.32:656][240]LogMaterial: Missing cached shader map for material FDebugViewModeMaterialProxy Tile, compiling. 
[2018.04.12-18.38.32:662][240]LogMaterial: Missing cached shader map for material FDebugViewModeMaterialProxy MaterialInstanceDynamic_5, compiling. 
[2018.04.12-18.38.32:670][240]LogMaterial: Missing cached shader map for material FDebugViewModeMaterialProxy BasicShapeMaterial, compiling. 
[2018.04.12-18.38.32:678][240]LogMaterial: Missing cached shader map for material FDebugViewModeMaterialProxy Book1, compiling. 
[2018.04.12-18.38.32:684][240]LogMaterial: Missing cached shader map for material FDebugViewModeMaterialProxy Book3, compiling. 
[2018.04.12-18.38.32:691][240]LogMaterial: Missing cached shader map for material FDebugViewModeMaterialProxy Book2, compiling. 
[2018.04.12-18.38.32:698][240]LogMaterial: Missing cached shader map for material FDebugViewModeMaterialProxy lambert1, compiling. 
[2018.04.12-18.38.32:703][240]LogMaterial: Missing cached shader map for material FDebugViewModeMaterialProxy Glass, compiling. 
[2018.04.12-18.38.32:711][240]LogMaterial: Missing cached shader map for material FDebugViewModeMaterialProxy Manaliquid, compiling. 
[2018.04.12-18.38.32:717][240]LogMaterial: Missing cached shader map for material FDebugViewModeMaterialProxy Glass, compiling. 
[2018.04.12-18.38.32:725][240]LogMaterial: Missing cached shader map for material FDebugViewModeMaterialProxy HealthLiquid, compiling. 
[2018.04.12-18.38.32:730][240]LogMaterial: Missing cached shader map for material FDebugViewModeMaterialProxy M_Fire_SubUV, compiling. 
[2018.04.12-18.38.32:736][240]LogMaterial: Missing cached shader map for material FDebugViewModeMaterialProxy M_smoke_subUV, compiling. 
[2018.04.12-18.38.32:743][240]LogMaterial: Missing cached shader map for material FDebugViewModeMaterialProxy M_Radial_Gradient, compiling. 
[2018.04.12-18.38.32:748][240]LogMaterial: Missing cached shader map for material FDebugViewModeMaterialProxy M_Heat_Distortion, compiling. 
[2018.04.12-18.38.32:755][240]LogMaterial: Missing cached shader map for material FDebugViewModeMaterialProxy 03_-_Default, compiling. 
[2018.04.12-18.38.32:761][240]LogMaterial: Missing cached shader map for material FDebugViewModeMaterialProxy 02_-_Default, compiling. 
[2018.04.12-18.38.32:767][240]LogMaterial: Missing cached shader map for material FDebugViewModeMaterialProxy 01_-_Default, compiling. 
[2018.04.12-18.38.32:773][240]LogMaterial: Missing cached shader map for material FDebugViewModeMaterialProxy 07_-_Default, compiling. 
[2018.04.12-18.38.32:781][240]LogMaterial: Missing cached shader map for material FDebugViewModeMaterialProxy 08_-_Default, compiling. 
[2018.04.12-18.38.32:789][240]LogMaterial: Missing cached shader map for material FDebugViewModeMaterialProxy BlueBase, compiling. 
[2018.04.12-18.38.32:796][240]LogMaterial: Missing cached shader map for material FDebugViewModeMaterialProxy Pencil1, compiling. 
[2018.04.12-18.38.32:803][240]LogMaterial: Missing cached shader map for material FDebugViewModeMaterialProxy Pencil2, compiling. 
[2018.04.12-18.38.32:809][240]LogMaterial: Missing cached shader map for material FDebugViewModeMaterialProxy Pencil3, compiling. 
[2018.04.12-18.38.32:816][240]LogMaterial: Missing cached shader map for material FDebugViewModeMaterialProxy TableTop, compiling. 
[2018.04.12-18.38.32:822][240]LogMaterial: Missing cached shader map for material FDebugViewModeMaterialProxy TableLeg, compiling. 
[2018.04.12-18.38.32:828][240]LogMaterial: Missing cached shader map for material FDebugViewModeMaterialProxy ChairBack, compiling. 
[2018.04.12-18.38.32:835][240]LogMaterial: Missing cached shader map for material FDebugViewModeMaterialProxy ChairLeg, compiling. 
[2018.04.12-18.38.32:843][240]LogMaterial: Missing cached shader map for material FDebugViewModeMaterialProxy TeaPot1, compiling. 
[2018.04.12-18.38.32:851][240]LogMaterial: Missing cached shader map for material FDebugViewModeMaterialProxy CutleryHandle, compiling. 
[2018.04.12-18.38.32:857][240]LogMaterial: Missing cached shader map for material FDebugViewModeMaterialProxy CutleryMetal, compiling. 
[2018.04.12-18.38.32:865][240]LogMaterial: Missing cached shader map for material FDebugViewModeMaterialProxy Porcelain, compiling. 
[2018.04.12-18.38.32:873][240]LogMaterial: Missing cached shader map for material FDebugViewModeMaterialProxy ToastBrown, compiling. 
[2018.04.12-18.38.32:881][240]LogMaterial: Missing cached shader map for material FDebugViewModeMaterialProxy ToastWhite, compiling. 
[2018.04.12-18.38.32:888][240]LogMaterial: Missing cached shader map for material FDebugViewModeMaterialProxy CerealBoxMap_Mat, compiling. 
[2018.04.12-18.38.32:894][240]LogMaterial: Missing cached shader map for material FDebugViewModeMaterialProxy CerealO, compiling. 
[2018.04.12-18.38.32:903][240]LogMaterial: Missing cached shader map for material FDebugViewModeMaterialProxy Chocolate, compiling. 
[2018.04.12-18.38.32:911][240]LogMaterial: Missing cached shader map for material FDebugViewModeMaterialProxy foilwrapper, compiling. 
[2018.04.12-18.38.32:919][240]LogMaterial: Missing cached shader map for material FDebugViewModeMaterialProxy candywrapper, compiling. 
[2018.04.12-18.38.32:926][240]LogMaterial: Missing cached shader map for material FDebugViewModeMaterialProxy GlassJar, compiling. 
[2018.04.12-18.38.32:932][240]LogMaterial: Missing cached shader map for material FDebugViewModeMaterialProxy tweed, compiling. 
[2018.04.12-18.38.32:939][240]LogMaterial: Missing cached shader map for material FDebugViewModeMaterialProxy lid, compiling. 
[2018.04.12-18.38.32:946][240]LogMaterial: Missing cached shader map for material FDebugViewModeMaterialProxy Jam2, compiling. 
[2018.04.12-18.38.32:953][240]LogMaterial: Missing cached shader map for material FDebugViewModeMaterialProxy MetalCap, compiling. 
[2018.04.12-18.38.32:961][240]LogMaterial: Missing cached shader map for material FDebugViewModeMaterialProxy Salt, compiling. 
[2018.04.12-18.38.32:968][240]LogMaterial: Missing cached shader map for material FDebugViewModeMaterialProxy Pepper, compiling. 
[2018.04.12-18.38.32:975][240]LogMaterial: Missing cached shader map for material FDebugViewModeMaterialProxy Material__2, compiling. 
[2018.04.12-18.38.32:982][240]LogMaterial: Missing cached shader map for material FDebugViewModeMaterialProxy lambert5SG, compiling. 
[2018.04.12-18.38.32:989][240]LogMaterial: Missing cached shader map for material FDebugViewModeMaterialProxy lambert4SG, compiling. 
[2018.04.12-18.38.34:753][240]TextureStreamingBuild: Display: Compiling optional shaders took 2.170 seconds.
[2018.04.12-18.38.34:766][240]LogLevel: Display: Export Material TexCoord Scales took 0.013 seconds.
[2018.04.12-18.38.34:788][240]TextureStreamingBuild: Display: Build Texture Streaming took 0.021 seconds.
[2018.04.12-18.38.34:800][240]LightingResults: New page: Lighting Build - 12 Apr 2018 20:38:34
[2018.04.12-18.38.34:831][240]LogSwarmInterface: [OpenConnection] Registering TCP channel ...
[2018.04.12-18.38.34:882][240]LogSwarmInterface: [OpenConnection] Connecting to agent ...
[2018.04.12-18.38.34:894][240]LogSwarmInterface: [TryOpenConnection] Testing the Agent
[2018.04.12-18.38.35:402][240]LogSwarmInterface: [TryOpenConnection] Opening Connection to Agent
[2018.04.12-18.38.35:402][240]LogSwarmInterface: [TryOpenConnection] Local Process ID is 14712
[2018.04.12-18.38.37:843][240]LogStaticLightingSystem: Running Lightmass w/ ImmediateImport mode ENABLED
[2018.04.12-18.38.37:843][240]LogStaticLightingSystem: Running Lightmass w/ ImmediateProcess mode ENABLED
[2018.04.12-18.38.37:843][240]LogStaticLightingSystem: Running Lightmass w/ Sorting mode ENABLED
[2018.04.12-18.38.37:843][240]LogStaticLightingSystem: Running Lightmass w/ Mapping paddings ENABLED
[2018.04.12-18.38.37:843][240]LogStaticLightingSystem: Running Lightmass w/ Mapping debug paddings DISABLED
[2018.04.12-18.38.37:970][240]Cmd: MAP CHECK DONTDISPLAYDIALOG
[2018.04.12-18.38.37:970][240]MapCheck: New page: Kitchen - 12 Apr 2018 20:38:37
[2018.04.12-18.38.37:973][240]MapCheck: Warning: Wall10 Static mesh actor has NULL StaticMesh property 
[2018.04.12-18.38.37:973][240]MapCheck: Warning: Wall10 Static mesh actor has NULL StaticMesh property 
[2018.04.12-18.38.37:973][240]MapCheck: Warning: Wall11 Static mesh actor has NULL StaticMesh property 
[2018.04.12-18.38.37:973][240]MapCheck: Warning: Wall11 Static mesh actor has NULL StaticMesh property 
[2018.04.12-18.38.37:973][240]MapCheck: Warning: Wall9 Static mesh actor has NULL StaticMesh property 
[2018.04.12-18.38.37:973][240]MapCheck: Warning: Wall9 Static mesh actor has NULL StaticMesh property 
[2018.04.12-18.38.37:973][240]MapCheck: Error: WorldInfo_0 Maps need lighting rebuilt 
[2018.04.12-18.38.38:042][240]MapCheck: Map check complete: 1 Error(s), 6 Warning(s), took 71.972ms to complete.
[2018.04.12-18.38.38:065][240]LogEditorBuildUtils: Build time 0:05
[2018.04.12-18.39.11:950][453]LightingResults: Warning: KitchenChair Object has overlapping UVs.
[2018.04.12-18.39.11:950][453]LightingResults: KitchenChair Lightmap UV are overlapping by 22.9%. Please adjust content - Enable Error Coloring to visualize.
[2018.04.12-18.39.12:814][525]LightingResults: Warning: KitchenChair Object has overlapping UVs.
[2018.04.12-18.39.12:814][525]LightingResults: KitchenChair Lightmap UV are overlapping by 22.9%. Please adjust content - Enable Error Coloring to visualize.
[2018.04.12-18.39.14:340][656]LightingResults: Warning: KitchenChair Object has overlapping UVs.
[2018.04.12-18.39.14:340][656]LightingResults: KitchenChair Lightmap UV are overlapping by 22.9%. Please adjust content - Enable Error Coloring to visualize.
[2018.04.12-18.39.16:218][811]LightingResults: Warning: KitchenChair Object has overlapping UVs.
[2018.04.12-18.39.16:218][811]LightingResults: KitchenChair Lightmap UV are overlapping by 22.9%. Please adjust content - Enable Error Coloring to visualize.
[2018.04.12-18.39.18:257][964]LightingResults: Warning: Oven Object has overlapping UVs.
[2018.04.12-18.39.18:257][964]LightingResults: Oven Lightmap UV are overlapping by 2.3%. Please adjust content - Enable Error Coloring to visualize.
[2018.04.12-18.39.19:643][ 81]LightingResults: Warning: Knife Object has overlapping UVs.
[2018.04.12-18.39.19:643][ 81]LightingResults: Knife Lightmap UV are overlapping by 47.4%. Please adjust content - Enable Error Coloring to visualize.
[2018.04.12-18.39.20:728][179]LightingResults: Warning: KnifeBlock Object has overlapping UVs.
[2018.04.12-18.39.20:728][179]LightingResults: KnifeBlock Lightmap UV are overlapping by 29.2%. Please adjust content - Enable Error Coloring to visualize.
[2018.04.12-18.39.36:975][621]LightingResults: Warning: Knife Object has overlapping UVs.
[2018.04.12-18.39.36:975][621]LightingResults: Knife Lightmap UV are overlapping by 47.4%. Please adjust content - Enable Error Coloring to visualize.
[2018.04.12-18.39.44:280][282]Job is a success!
[2018.04.12-18.39.44:393][284]LogVolumetricLightmapImport: Imported Volumetric Lightmap in 0.057s
[2018.04.12-18.39.44:393][284]LogVolumetricLightmapImport:      Indirection Texture 32x32x32 = 0.1Mb
[2018.04.12-18.39.44:393][284]LogVolumetricLightmapImport:      BrickData 1280x10x5 = 2.0Mb
[2018.04.12-18.39.44:393][284]LogVolumetricLightmapImport:      Bricks at Level
[2018.04.12-18.39.44:393][284]LogVolumetricLightmapImport:          0: 2.8% covering 100.0% of volume
[2018.04.12-18.39.44:393][284]LogVolumetricLightmapImport:          1: 11.7% covering 6.4% of volume
[2018.04.12-18.39.44:393][284]LogVolumetricLightmapImport:          2: 85.5% covering 0.7% of volume
[2018.04.12-18.39.45:018][284]LogTexture: Display: Building textures: SkyOcclusion0_1 (AutoDXT, 1024X512)
[2018.04.12-18.39.45:018][284]LogTexture: Display: Building textures: HQ_Lightmap0_1 (AutoDXT, 1024X1024)
[2018.04.12-18.39.45:018][284]LogTexture: Display: Building textures: LQ_Lightmap_0_1 (DXT1, 1024X1024)
[2018.04.12-18.39.45:018][284]LogTexture: Display: Building textures: SkyOcclusion0_2 (AutoDXT, 64X32)
[2018.04.12-18.39.45:018][284]LogTexture: Display: Building textures: HQ_Lightmap1_2 (AutoDXT, 64X64)
[2018.04.12-18.39.45:018][284]LogTexture: Display: Building textures: LQ_Lightmap_1_2 (DXT1, 64X64)
[2018.04.12-18.39.45:150][284]LogTexture: Display: Building textures: ShadowMapTexture2D_0 (G8, 1024X512)
[2018.04.12-18.39.45:177][284]Lightmass on MSI: 1:06 min total, 244 ms importing, 87 ms setup, 31.8 sec photons, 34.3 sec processing, 0 ms extra exporting [81/81 mappings]. Threads: 4:00 min total, 1:18 min processing.
[2018.04.12-18.39.45:198][284]LogStaticLightingSystem: Illumination: 1:10 min (583 ms encoding lightmaps, 126 ms encoding shadowmaps)
[2018.04.12-18.39.45:198][284]LogStaticLightingSystem: Lightmap texture memory:  2.7 MB (2.7 MB streaming, 0.0 MB non-streaming), 4 textures
[2018.04.12-18.39.45:198][284]LogStaticLightingSystem: Shadowmap texture memory: 0.7 MB (0.7 MB streaming, 0.0 MB non-streaming), 1 textures
[2018.04.12-18.39.45:858][284]DumpUnbuiltLightIteractions
[2018.04.12-18.39.45:858][284]Lights with unbuilt interactions: 0
[2018.04.12-18.39.45:858][284]
[2018.04.12-18.39.45:858][284]Primitives with unbuilt interactions: 0
[2018.04.12-18.39.45:872][285]Cmd: MAP CHECK NOTIFYRESULTS
[2018.04.12-18.39.45:873][285]MapCheck: New page: Kitchen - 12 Apr 2018 20:39:45
[2018.04.12-18.39.45:874][285]MapCheck: Warning: Wall10 Static mesh actor has NULL StaticMesh property 
[2018.04.12-18.39.45:874][285]MapCheck: Warning: Wall10 Static mesh actor has NULL StaticMesh property 
[2018.04.12-18.39.45:875][285]MapCheck: Warning: Wall11 Static mesh actor has NULL StaticMesh property 
[2018.04.12-18.39.45:875][285]MapCheck: Warning: Wall11 Static mesh actor has NULL StaticMesh property 
[2018.04.12-18.39.45:875][285]MapCheck: Warning: Wall9 Static mesh actor has NULL StaticMesh property 
[2018.04.12-18.39.45:875][285]MapCheck: Warning: Wall9 Static mesh actor has NULL StaticMesh property 
[2018.04.12-18.39.45:945][285]MapCheck: Map check complete: 0 Error(s), 6 Warning(s), took 72.931ms to complete.
[2018.04.12-18.44.24:913][617]LogEditorViewport: Clicking on Actor (LMB): StaticMeshActor (Table)
[2018.04.12-18.44.25:329][644]LogEditorViewport: Clicking on Actor (LMB): StaticMeshActor (Worktop_01)
[2018.04.12-18.44.33:162][485]Cmd: OBJ SAVEPACKAGE PACKAGE="/Game/Kitchen" FILE="../../../../../../Users/Cormac/Desktop/StitchesAndBones/Content/Kitchen.umap" SILENT=true AUTOSAVING=false KEEPDIRTY=false
[2018.04.12-18.44.33:763][485]LogSavePackage: Save=562.41ms
[2018.04.12-18.44.33:763][485]LogSavePackage: Moving '../../../../../../Users/Cormac/Desktop/StitchesAndBones/Saved/Kitchen96B077D944A63AC64112799737FF0548.tmp' to '../../../../../../Users/Cormac/Desktop/StitchesAndBones/Content/Kitchen.umap'
[2018.04.12-18.44.33:771][485]LogSavePackage: Display: Finished SavePackage ../../../../../../Users/Cormac/Desktop/StitchesAndBones/Content/Kitchen.umap
[2018.04.12-18.44.33:829][485]Cmd: OBJ SAVEPACKAGE PACKAGE="/Game/Kitchen_BuiltData" FILE="../../../../../../Users/Cormac/Desktop/StitchesAndBones/Content/Kitchen_BuiltData.uasset" SILENT=true
[2018.04.12-18.44.34:009][485]LogSavePackage: Save=152.08ms
[2018.04.12-18.44.34:009][485]LogSavePackage: Moving '../../../../../../Users/Cormac/Desktop/StitchesAndBones/Saved/Kitchen_BuiltData053658A44ED02AE8A1A437BA87E1CDAA.tmp' to '../../../../../../Users/Cormac/Desktop/StitchesAndBones/Content/Kitchen_BuiltData.uasset'
[2018.04.12-18.44.34:012][485]LogSavePackage: Display: Finished SavePackage ../../../../../../Users/Cormac/Desktop/StitchesAndBones/Content/Kitchen_BuiltData.uasset
[2018.04.12-18.44.48:934][192]Cmd: OBJ SAVEPACKAGE PACKAGE="/Game/Kitchen" FILE="../../../../../../Users/Cormac/Desktop/StitchesAndBones/Content/Kitchen.umap" SILENT=true AUTOSAVING=false KEEPDIRTY=false
[2018.04.12-18.44.49:507][192]LogSavePackage: Save=549.65ms
[2018.04.12-18.44.49:507][192]LogSavePackage: Moving '../../../../../../Users/Cormac/Desktop/StitchesAndBones/Saved/KitchenCEC0F2B14C90E44E1A46E4AAFA9F935A.tmp' to '../../../../../../Users/Cormac/Desktop/StitchesAndBones/Content/Kitchen.umap'
[2018.04.12-18.44.49:511][192]LogSavePackage: Display: Finished SavePackage ../../../../../../Users/Cormac/Desktop/StitchesAndBones/Content/Kitchen.umap
[2018.04.12-18.44.49:568][192]Cmd: OBJ SAVEPACKAGE PACKAGE="/Game/Kitchen_BuiltData" FILE="../../../../../../Users/Cormac/Desktop/StitchesAndBones/Content/Kitchen_BuiltData.uasset" SILENT=true
[2018.04.12-18.44.49:733][192]LogSavePackage: Save=151.80ms
[2018.04.12-18.44.49:733][192]LogSavePackage: Moving '../../../../../../Users/Cormac/Desktop/StitchesAndBones/Saved/Kitchen_BuiltData267E15AD422AD208DFA2ACB64B2B29F0.tmp' to '../../../../../../Users/Cormac/Desktop/StitchesAndBones/Content/Kitchen_BuiltData.uasset'
[2018.04.12-18.44.49:735][192]LogSavePackage: Display: Finished SavePackage ../../../../../../Users/Cormac/Desktop/StitchesAndBones/Content/Kitchen_BuiltData.uasset
[2018.04.12-18.46.27:660][398]Cmd: OBJ SAVEPACKAGE PACKAGE="/Game/Kitchen" FILE="../../../../../../Users/Cormac/Desktop/StitchesAndBones/Content/Kitchen.umap" SILENT=true AUTOSAVING=false KEEPDIRTY=false
[2018.04.12-18.46.28:243][398]LogSavePackage: Save=556.53ms
[2018.04.12-18.46.28:243][398]LogSavePackage: Moving '../../../../../../Users/Cormac/Desktop/StitchesAndBones/Saved/Kitchen8B1E36D44E9FE281EC8C3FB22FF776DC.tmp' to '../../../../../../Users/Cormac/Desktop/StitchesAndBones/Content/Kitchen.umap'
[2018.04.12-18.46.28:248][398]LogSavePackage: Display: Finished SavePackage ../../../../../../Users/Cormac/Desktop/StitchesAndBones/Content/Kitchen.umap
[2018.04.12-18.46.28:307][398]Cmd: OBJ SAVEPACKAGE PACKAGE="/Game/Kitchen_BuiltData" FILE="../../../../../../Users/Cormac/Desktop/StitchesAndBones/Content/Kitchen_BuiltData.uasset" SILENT=true
[2018.04.12-18.46.28:471][398]LogSavePackage: Save=150.08ms
[2018.04.12-18.46.28:471][398]LogSavePackage: Moving '../../../../../../Users/Cormac/Desktop/StitchesAndBones/Saved/Kitchen_BuiltDataC96233784BD503D919FED890C740655C.tmp' to '../../../../../../Users/Cormac/Desktop/StitchesAndBones/Content/Kitchen_BuiltData.uasset'
[2018.04.12-18.46.28:473][398]LogSavePackage: Display: Finished SavePackage ../../../../../../Users/Cormac/Desktop/StitchesAndBones/Content/Kitchen_BuiltData.uasset
[2018.04.12-18.48.38:225][437]Cmd: OBJ SAVEPACKAGE PACKAGE="/Game/Kitchen" FILE="../../../../../../Users/Cormac/Desktop/StitchesAndBones/Content/Kitchen.umap" SILENT=true AUTOSAVING=false KEEPDIRTY=false
[2018.04.12-18.48.38:804][437]LogSavePackage: Save=550.60ms
[2018.04.12-18.48.38:804][437]LogSavePackage: Moving '../../../../../../Users/Cormac/Desktop/StitchesAndBones/Saved/Kitchen36A4E3D14305623E079CD7B4FE1E2C69.tmp' to '../../../../../../Users/Cormac/Desktop/StitchesAndBones/Content/Kitchen.umap'
[2018.04.12-18.48.38:808][437]LogSavePackage: Display: Finished SavePackage ../../../../../../Users/Cormac/Desktop/StitchesAndBones/Content/Kitchen.umap
[2018.04.12-18.48.38:870][437]Cmd: OBJ SAVEPACKAGE PACKAGE="/Game/Kitchen_BuiltData" FILE="../../../../../../Users/Cormac/Desktop/StitchesAndBones/Content/Kitchen_BuiltData.uasset" SILENT=true
[2018.04.12-18.48.39:036][437]LogSavePackage: Save=151.64ms
[2018.04.12-18.48.39:036][437]LogSavePackage: Moving '../../../../../../Users/Cormac/Desktop/StitchesAndBones/Saved/Kitchen_BuiltDataC1A6F57546A04035F1F7DF8082D18384.tmp' to '../../../../../../Users/Cormac/Desktop/StitchesAndBones/Content/Kitchen_BuiltData.uasset'
[2018.04.12-18.48.39:039][437]LogSavePackage: Display: Finished SavePackage ../../../../../../Users/Cormac/Desktop/StitchesAndBones/Content/Kitchen_BuiltData.uasset
[2018.04.12-18.49.04:427][918]Cmd: QUIT_EDITOR
[2018.04.12-18.49.04:450][918]LogWindowsTextInputMethodSystem: Display: IME system now deactivated.
[2018.04.12-18.49.04:461][918]LogExit: Preparing to exit.
[2018.04.12-18.49.05:164][918]LogDirectoryWatcher: A directory notification for 'C:/Users/Cormac/Desktop/StitchesAndBones/Content/' was aborted.
[2018.04.12-18.49.05:166][918]PIE: UWidget::RemoveFromParent() called on 'None.Kitchen:None' which has no UMG parent (if it was added directly to a native Slate widget via TakeWidget() then it must be removed explicitly rather than via RemoveFromParent())
[2018.04.12-18.49.05:166][918]PIE: UWidget::RemoveFromParent() called on 'None.Kitchen:None' which has no UMG parent (if it was added directly to a native Slate widget via TakeWidget() then it must be removed explicitly rather than via RemoveFromParent())
[2018.04.12-18.49.05:166][918]PIE: UWidget::RemoveFromParent() called on 'None.Kitchen:None' which has no UMG parent (if it was added directly to a native Slate widget via TakeWidget() then it must be removed explicitly rather than via RemoveFromParent())
[2018.04.12-18.49.05:186][918]LogExit: Editor shut down
[2018.04.12-18.49.05:190][918]LogExit: Transaction tracking system shut down
[2018.04.12-18.49.05:339][918]LogDirectoryWatcher: A directory notification for '../../../Engine/Content/' was aborted.
[2018.04.12-18.49.05:339][918]LogDirectoryWatcher: A directory notification for '../../../../../../Users/Cormac/Desktop/StitchesAndBones/Content/' was aborted.
[2018.04.12-18.49.05:339][918]LogDirectoryWatcher: A directory notification for '../../../Engine/Plugins/2D/Paper2D/Content/' was aborted.
[2018.04.12-18.49.05:339][918]LogDirectoryWatcher: A directory notification for '../../../Engine/Plugins/Media/MediaCompositing/Content/' was aborted.
[2018.04.12-18.49.05:339][918]LogDirectoryWatcher: A directory notification for '../../../Engine/Plugins/Runtime/AppleARKit/Content/' was aborted.
[2018.04.12-18.49.05:339][918]LogDirectoryWatcher: A directory notification for '../../../Engine/Plugins/Runtime/Oculus/OculusVR/Content/' was aborted.
[2018.04.12-18.49.05:339][918]LogDirectoryWatcher: A directory notification for '../../../Engine/Plugins/Runtime/Steam/SteamVR/Content/' was aborted.
[2018.04.12-18.49.05:379][918]LogExit: Object subsystem successfully closed.
[2018.04.12-18.49.05:409][918]LogD3D11RHI: Shutdown
[2018.04.12-18.49.05:409][918]LogD3D11RHI: CleanupD3DDevice
[2018.04.12-18.49.05:410][918]LogD3D11RHI: ~FD3D11DynamicRHI
[2018.04.12-18.49.05:425][918]LogModuleManager: Shutting down and abandoning module HierarchicalLODUtilities (550)
[2018.04.12-18.49.05:425][918]LogModuleManager: Shutting down and abandoning module HierarchicalLODOutliner (548)
[2018.04.12-18.49.05:425][918]LogModuleManager: Shutting down and abandoning module SceneOutliner (546)
[2018.04.12-18.49.05:425][918]LogModuleManager: Shutting down and abandoning module AddContentDialog (544)
[2018.04.12-18.49.05:425][918]LogDirectoryWatcher: A directory notification for 'C:/Program Files/Epic Games/UE_4.18/FeaturePacks/' was aborted.
[2018.04.12-18.49.05:426][918]LogModuleManager: Shutting down and abandoning module WidgetCarousel (543)
[2018.04.12-18.49.05:426][918]LogModuleManager: Shutting down and abandoning module EditorWidgets (540)
[2018.04.12-18.49.05:426][918]LogModuleManager: Shutting down and abandoning module CollectionManager (538)
[2018.04.12-18.49.05:426][918]LogDirectoryWatcher: A directory notification for 'C:/Users/Cormac/Desktop/StitchesAndBones/Content/Collections/' was aborted.
[2018.04.12-18.49.05:426][918]LogDirectoryWatcher: A directory notification for 'C:/Users/Cormac/Desktop/StitchesAndBones/Content/Developers/Cormac/Collections/' was aborted.
[2018.04.12-18.49.05:426][918]LogDirectoryWatcher: A directory notification for 'C:/Users/Cormac/Desktop/StitchesAndBones/Saved/Collections/' was aborted.
[2018.04.12-18.49.05:426][918]LogModuleManager: Shutting down and abandoning module StatsViewer (536)
[2018.04.12-18.49.05:426][918]LogModuleManager: Shutting down and abandoning module FoliageEdit (534)
[2018.04.12-18.49.05:426][918]LogModuleManager: Shutting down and abandoning module LandscapeEditor (532)
[2018.04.12-18.49.05:426][918]LogModuleManager: Shutting down and abandoning module MeshPaintMode (530)
[2018.04.12-18.49.05:426][918]LogModuleManager: Shutting down and abandoning module SceneDepthPickerMode (528)
[2018.04.12-18.49.05:426][918]LogModuleManager: Shutting down and abandoning module ActorPickerMode (526)
[2018.04.12-18.49.05:426][918]LogModuleManager: Shutting down and abandoning module GeometryMode (524)
[2018.04.12-18.49.05:426][918]LogModuleManager: Shutting down and abandoning module TextureAlignMode (522)
[2018.04.12-18.49.05:426][918]LogModuleManager: Shutting down and abandoning module BspMode (520)
[2018.04.12-18.49.05:426][918]LogModuleManager: Shutting down and abandoning module PIEPreviewDeviceProfileSelector (518)
[2018.04.12-18.49.05:426][918]LogModuleManager: Shutting down and abandoning module HardwareSurvey (516)
[2018.04.12-18.49.05:426][918]LogModuleManager: Shutting down and abandoning module SequenceRecorderSections (514)
[2018.04.12-18.49.05:426][918]LogModuleManager: Shutting down and abandoning module AutomationWorker (512)
[2018.04.12-18.49.05:426][918]LogModuleManager: Shutting down and abandoning module MatineeToLevelSequence (510)
[2018.04.12-18.49.05:426][918]LogModuleManager: Shutting down and abandoning module LevelSequenceEditor (508)
[2018.04.12-18.49.05:426][918]LogModuleManager: Shutting down and abandoning module PlacementMode (507)
[2018.04.12-18.49.05:426][918]LogModuleManager: Shutting down and abandoning module WmfMediaFactory (504)
[2018.04.12-18.49.05:426][918]LogModuleManager: Shutting down and abandoning module WmfMediaEditor (502)
[2018.04.12-18.49.05:426][918]LogModuleManager: Shutting down and abandoning module OpenExrWrapper (500)
[2018.04.12-18.49.05:426][918]LogModuleManager: Shutting down and abandoning module ImgMediaFactory (498)
[2018.04.12-18.49.05:426][918]LogModuleManager: Shutting down and abandoning module ImgMediaEditor (496)
[2018.04.12-18.49.05:426][918]LogModuleManager: Shutting down and abandoning module AvfMediaFactory (494)
[2018.04.12-18.49.05:426][918]LogModuleManager: Shutting down and abandoning module AvfMediaEditor (492)
[2018.04.12-18.49.05:426][918]LogModuleManager: Shutting down and abandoning module AndroidMediaFactory (490)
[2018.04.12-18.49.05:426][918]LogModuleManager: Shutting down and abandoning module AndroidMediaEditor (488)
[2018.04.12-18.49.05:426][918]LogModuleManager: Shutting down and abandoning module CharacterAI (486)
[2018.04.12-18.49.05:426][918]LogModuleManager: Shutting down and abandoning module AudioCapture (484)
[2018.04.12-18.49.05:426][918]LogModuleManager: Shutting down and abandoning module SequenceRecorder (483)
[2018.04.12-18.49.05:427][918]LogModuleManager: Shutting down and abandoning module SmartSnapping (480)
[2018.04.12-18.49.05:427][918]LogModuleManager: Shutting down and abandoning module SessionServices (478)
[2018.04.12-18.49.05:427][918]LogModuleManager: Shutting down and abandoning module ViewportSnapping (476)
[2018.04.12-18.49.05:427][918]LogModuleManager: Shutting down and abandoning module ViewportInteraction (474)
[2018.04.12-18.49.05:427][918]LogModuleManager: Shutting down and abandoning module ClothPainter (472)
[2018.04.12-18.49.05:427][918]LogModuleManager: Shutting down and abandoning module SkeletalMeshEditor (471)
[2018.04.12-18.49.05:427][918]LogModuleManager: Shutting down and abandoning module LogVisualizer (468)
[2018.04.12-18.49.05:427][918]LogModuleManager: Shutting down and abandoning module IntroTutorials (466)
[2018.04.12-18.49.05:427][918]LogModuleManager: Shutting down and abandoning module GameProjectGeneration (465)
[2018.04.12-18.49.05:427][918]LogModuleManager: Shutting down and abandoning module IOSPlatformEditor (462)
[2018.04.12-18.49.05:427][918]LogModuleManager: Shutting down and abandoning module HTML5PlatformEditor (460)
[2018.04.12-18.49.05:427][918]LogModuleManager: Shutting down and abandoning module AndroidPlatformEditor (458)
[2018.04.12-18.49.05:427][918]LogModuleManager: Shutting down and abandoning module AndroidDeviceDetection (457)
[2018.04.12-18.49.05:620][918]LogModuleManager: Shutting down and abandoning module WindowsPlatformEditor (454)
[2018.04.12-18.49.05:620][918]LogModuleManager: Shutting down and abandoning module IOSRuntimeSettings (452)
[2018.04.12-18.49.05:620][918]LogModuleManager: Shutting down and abandoning module AndroidRuntimeSettings (450)
[2018.04.12-18.49.05:620][918]LogModuleManager: Shutting down and abandoning module InputBindingEditor (448)
[2018.04.12-18.49.05:620][918]LogModuleManager: Shutting down and abandoning module MergeActors (446)
[2018.04.12-18.49.05:620][918]LogModuleManager: Shutting down and abandoning module SizeMap (444)
[2018.04.12-18.49.05:620][918]LogModuleManager: Shutting down and abandoning module TreeMap (442)
[2018.04.12-18.49.05:620][918]LogModuleManager: Shutting down and abandoning module ReferenceViewer (440)
[2018.04.12-18.49.05:620][918]LogModuleManager: Shutting down and abandoning module LocalizationDashboard (438)
[2018.04.12-18.49.05:620][918]LogModuleManager: Shutting down and abandoning module LocalizationService (437)
[2018.04.12-18.49.05:620][918]LogModuleManager: Shutting down and abandoning module HardwareTargeting (434)
[2018.04.12-18.49.05:620][918]LogModuleManager: Shutting down and abandoning module DeviceProfileEditor (432)
[2018.04.12-18.49.05:620][918]LogModuleManager: Shutting down and abandoning module UndoHistory (430)
[2018.04.12-18.49.05:620][918]LogModuleManager: Shutting down and abandoning module XmlParser (428)
[2018.04.12-18.49.05:620][918]LogModuleManager: Shutting down and abandoning module Blutility (426)
[2018.04.12-18.49.05:620][918]LogModuleManager: Shutting down and abandoning module ProjectSettingsViewer (424)
[2018.04.12-18.49.05:620][918]LogModuleManager: Shutting down and abandoning module ProjectTargetPlatformEditor (423)
[2018.04.12-18.49.05:621][918]LogModuleManager: Shutting down and abandoning module EditorSettingsViewer (420)
[2018.04.12-18.49.05:621][918]LogModuleManager: Shutting down and abandoning module SettingsEditor (418)
[2018.04.12-18.49.05:621][918]LogModuleManager: Shutting down and abandoning module ProjectLauncher (416)
[2018.04.12-18.49.05:621][918]LogModuleManager: Shutting down and abandoning module SessionFrontend (414)
[2018.04.12-18.49.05:621][918]LogModuleManager: Shutting down and abandoning module ProfilerClient (412)
[2018.04.12-18.49.05:621][918]LogModuleManager: Shutting down and abandoning module DeviceManager (410)
[2018.04.12-18.49.05:621][918]LogModuleManager: Shutting down and abandoning module TargetDeviceServices (409)
[2018.04.12-18.49.05:686][918]LogModuleManager: Shutting down and abandoning module AutomationController (406)
[2018.04.12-18.49.05:686][918]LogModuleManager: Shutting down and abandoning module AutomationWindow (404)
[2018.04.12-18.49.05:686][918]LogModuleManager: Shutting down and abandoning module Layers (402)
[2018.04.12-18.49.05:686][918]LogModuleManager: Shutting down and abandoning module ComponentVisualizers (400)
[2018.04.12-18.49.05:686][918]LogModuleManager: Shutting down and abandoning module DetailCustomizations (398)
[2018.04.12-18.49.05:686][918]LogModuleManager: Shutting down and abandoning module PackagesDialog (396)
[2018.04.12-18.49.05:686][918]LogModuleManager: Shutting down and abandoning module Persona (394)
[2018.04.12-18.49.05:687][918]LogModuleManager: Shutting down and abandoning module AdvancedPreviewScene (393)
[2018.04.12-18.49.05:687][918]LogModuleManager: Shutting down and abandoning module AnimGraph (391)
[2018.04.12-18.49.05:687][918]LogModuleManager: Shutting down and abandoning module Kismet (388)
[2018.04.12-18.49.05:687][918]LogModuleManager: Shutting down and abandoning module ClassViewer (386)
[2018.04.12-18.49.05:687][918]LogModuleManager: Shutting down and abandoning module Toolbox (384)
[2018.04.12-18.49.05:687][918]LogModuleManager: Shutting down and abandoning module ModuleUI (382)
[2018.04.12-18.49.05:687][918]LogModuleManager: Shutting down and abandoning module MovieSceneTools (380)
[2018.04.12-18.49.05:687][918]LogModuleManager: Shutting down and abandoning module OutputLog (378)
[2018.04.12-18.49.05:687][918]LogModuleManager: Shutting down and abandoning module GammaUI (376)
[2018.04.12-18.49.05:687][918]LogModuleManager: Shutting down and abandoning module Documentation (374)
[2018.04.12-18.49.05:687][918]LogModuleManager: Shutting down and abandoning module MovieSceneTracks (372)
[2018.04.12-18.49.05:687][918]LogModuleManager: Shutting down and abandoning module MovieScene (370)
[2018.04.12-18.49.05:687][918]LogModuleManager: Shutting down and abandoning module StreamingPauseRendering (368)
[2018.04.12-18.49.05:688][918]LogModuleManager: Shutting down and abandoning module LauncherPlatform (366)
[2018.04.12-18.49.05:688][918]LogModuleManager: Shutting down and abandoning module AnalyticsET (364)
[2018.04.12-18.49.05:688][918]LogModuleManager: Shutting down and abandoning module PortalServices (362)
[2018.04.12-18.49.05:688][918]LogModuleManager: Shutting down and abandoning module PortalRpc (360)
[2018.04.12-18.49.05:688][918]LogModuleManager: Shutting down and abandoning module MessagingRpc (358)
[2018.04.12-18.49.05:688][918]LogModuleManager: Shutting down and abandoning module AIModule (356)
[2018.04.12-18.49.05:688][918]LogModuleManager: Shutting down and abandoning module GameplayDebugger (355)
[2018.04.12-18.49.05:688][918]LogModuleManager: Shutting down and abandoning module AITestSuite (353)
[2018.04.12-18.49.05:688][918]LogModuleManager: Shutting down and abandoning module DesktopPlatform (350)
[2018.04.12-18.49.05:688][918]LogModuleManager: Shutting down and abandoning module ProfilerService (348)
[2018.04.12-18.49.05:936][918]LogModuleManager: Shutting down and abandoning module TaskGraph (346)
[2018.04.12-18.49.05:936][918]LogModuleManager: Shutting down and abandoning module SteamVRController (344)
[2018.04.12-18.49.05:936][918]LogModuleManager: Shutting down and abandoning module ProceduralMeshComponentEditor (342)
[2018.04.12-18.49.05:936][918]LogModuleManager: Shutting down and abandoning module ProceduralMeshComponent (340)
[2018.04.12-18.49.05:936][918]LogModuleManager: Shutting down and abandoning module OculusInput (338)
[2018.04.12-18.49.05:936][918]LogModuleManager: Shutting down and abandoning module MobilePatchingUtils (336)
[2018.04.12-18.49.05:936][918]LogModuleManager: Shutting down and abandoning module CustomMeshComponent (334)
[2018.04.12-18.49.05:936][918]LogModuleManager: Shutting down and abandoning module CableComponent (332)
[2018.04.12-18.49.05:937][918]LogModuleManager: Shutting down and abandoning module ArchVisCharacter (330)
[2018.04.12-18.49.05:937][918]LogModuleManager: Shutting down and abandoning module AndroidPermission (328)
[2018.04.12-18.49.05:937][918]LogModuleManager: Shutting down and abandoning module ActorSequence (324)
[2018.04.12-18.49.05:937][918]LogModuleManager: Shutting down and abandoning module MediaPlayerEditor (322)
[2018.04.12-18.49.05:937][918]LogModuleManager: Shutting down and abandoning module MediaCompositingEditor (320)
[2018.04.12-18.49.05:937][918]LogModuleManager: Shutting down and abandoning module MediaCompositing (318)
[2018.04.12-18.49.05:937][918]LogModuleManager: Shutting down and abandoning module HTML5Networking (316)
[2018.04.12-18.49.05:937][918]LogModuleManager: Shutting down and abandoning module AlembicImporter (314)
[2018.04.12-18.49.05:937][918]LogModuleManager: Shutting down and abandoning module AlembicLibrary (313)
[2018.04.12-18.49.05:937][918]LogModuleManager: Shutting down and abandoning module GeometryCache (312)
[2018.04.12-18.49.05:937][918]LogModuleManager: Shutting down and abandoning module GeometryCacheEd (311)
[2018.04.12-18.49.05:937][918]LogModuleManager: Shutting down and abandoning module SpeedTreeImporter (306)
[2018.04.12-18.49.05:937][918]LogModuleManager: Shutting down and abandoning module PluginBrowser (304)
[2018.04.12-18.49.05:937][918]LogModuleManager: Shutting down and abandoning module MobileLauncherProfileWizard (302)
[2018.04.12-18.49.05:937][918]LogModuleManager: Shutting down and abandoning module VisualStudioSourceCodeAccess (300)
[2018.04.12-18.49.05:937][918]LogModuleManager: Shutting down and abandoning module VisualStudioCodeSourceCodeAccess (298)
[2018.04.12-18.49.05:937][918]LogModuleManager: Shutting down and abandoning module UObjectPlugin (296)
[2018.04.12-18.49.05:937][918]LogModuleManager: Shutting down and abandoning module SubversionSourceControl (294)
[2018.04.12-18.49.05:937][918]LogModuleManager: Shutting down and abandoning module PerforceSourceControl (292)
[2018.04.12-18.49.05:937][918]LogModuleManager: Shutting down and abandoning module GitSourceControl (290)
[2018.04.12-18.49.05:937][918]LogModuleManager: Shutting down and abandoning module SourceControl (289)
[2018.04.12-18.49.05:937][918]LogModuleManager: Shutting down and abandoning module LightPropagationVolumeEditor (286)
[2018.04.12-18.49.05:937][918]LogModuleManager: Shutting down and abandoning module PaperTiledImporter (284)
[2018.04.12-18.49.05:937][918]LogModuleManager: Shutting down and abandoning module PaperSpriteSheetImporter (282)
[2018.04.12-18.49.05:937][918]LogModuleManager: Shutting down and abandoning module Paper2DEditor (280)
[2018.04.12-18.49.05:937][918]LogModuleManager: Shutting down and abandoning module MeshPaint (279)
[2018.04.12-18.49.05:937][918]LogModuleManager: Shutting down and abandoning module LevelEditor (277)
[2018.04.12-18.49.05:938][918]LogModuleManager: Shutting down and abandoning module PixelInspectorModule (276)
[2018.04.12-18.49.05:938][918]LogModuleManager: Shutting down and abandoning module MainFrame (274)
[2018.04.12-18.49.05:938][918]LogModuleManager: Shutting down and abandoning module HotReload (273)
[2018.04.12-18.49.05:939][918]LogModuleManager: Shutting down and abandoning module RuntimePhysXCooking (268)
[2018.04.12-18.49.05:939][918]LogModuleManager: Shutting down and abandoning module PhysXVehiclesEditor (266)
[2018.04.12-18.49.05:939][918]LogModuleManager: Shutting down and abandoning module PhysXVehicles (264)
[2018.04.12-18.49.05:939][918]LogModuleManager: Shutting down and abandoning module OculusEditor (262)
[2018.04.12-18.49.05:939][918]LogModuleManager: Shutting down and abandoning module LocationServicesBPLibrary (260)
[2018.04.12-18.49.05:939][918]LogModuleManager: Shutting down and abandoning module ImmediatePhysicsEditor (258)
[2018.04.12-18.49.05:939][918]LogModuleManager: Shutting down and abandoning module ImmediatePhysics (256)
[2018.04.12-18.49.05:939][918]LogModuleManager: Shutting down and abandoning module UdpMessaging (254)
[2018.04.12-18.49.06:040][918]LogModuleManager: Shutting down and abandoning module TcpMessaging (252)
[2018.04.12-18.49.06:141][918]LogModuleManager: Shutting down and abandoning module GameplayTagsEditor (250)
[2018.04.12-18.49.06:141][918]LogModuleManager: Shutting down and abandoning module FacialAnimationEditor (248)
[2018.04.12-18.49.06:141][918]LogModuleManager: Shutting down and abandoning module FacialAnimation (246)
[2018.04.12-18.49.06:141][918]LogModuleManager: Shutting down and abandoning module AssetManagerEditor (244)
[2018.04.12-18.49.06:141][918]LogModuleManager: Shutting down and abandoning module GraphEditor (243)
[2018.04.12-18.49.06:141][918]LogModuleManager: Shutting down and abandoning module ContentBrowser (241)
[2018.04.12-18.49.06:142][918]LogModuleManager: Shutting down and abandoning module LightPropagationVolumeRuntime (238)
[2018.04.12-18.49.06:142][918]LogModuleManager: Shutting down and abandoning module Paper2D (236)
[2018.04.12-18.49.06:142][918]LogModuleManager: Shutting down and abandoning module WindowsMoviePlayer (234)
[2018.04.12-18.49.06:142][918]LogModuleManager: Shutting down and abandoning module WmfMedia (232)
[2018.04.12-18.49.06:144][918]LogModuleManager: Shutting down and abandoning module ImgMedia (230)
[2018.04.12-18.49.06:144][918]LogModuleManager: Shutting down and abandoning module PacketHandler (228)
[2018.04.12-18.49.06:144][918]LogModuleManager: Shutting down and abandoning module ClothingSystemEditor (226)
[2018.04.12-18.49.06:144][918]LogModuleManager: Shutting down and abandoning module ClothingSystemRuntime (224)
[2018.04.12-18.49.06:144][918]LogModuleManager: Shutting down and abandoning module MediaAssets (222)
[2018.04.12-18.49.06:144][918]LogModuleManager: Shutting down and abandoning module Media (221)
[2018.04.12-18.49.06:150][918]LogModuleManager: Shutting down and abandoning module Overlay (218)
[2018.04.12-18.49.06:150][918]LogModuleManager: Shutting down and abandoning module OverlayEditor (217)
[2018.04.12-18.49.06:150][918]LogModuleManager: Shutting down and abandoning module VREditor (214)
[2018.04.12-18.49.06:150][918]LogModuleManager: Shutting down and abandoning module StringTableEditor (212)
[2018.04.12-18.49.06:150][918]LogModuleManager: Shutting down and abandoning module GameplayTasksEditor (210)
[2018.04.12-18.49.06:150][918]LogModuleManager: Shutting down and abandoning module BehaviorTreeEditor (208)
[2018.04.12-18.49.06:150][918]LogModuleManager: Shutting down and abandoning module FunctionalTesting (206)
[2018.04.12-18.49.06:150][918]LogModuleManager: Shutting down and abandoning module CollisionAnalyzer (204)
[2018.04.12-18.49.06:150][918]LogModuleManager: Shutting down and abandoning module WorkspaceMenuStructure (203)
[2018.04.12-18.49.06:150][918]LogModuleManager: Shutting down and abandoning module UMG (200)
[2018.04.12-18.49.06:150][918]LogModuleManager: Shutting down and abandoning module UMGEditor (199)
[2018.04.12-18.49.06:150][918]LogModuleManager: Shutting down and abandoning module Sequencer (198)
[2018.04.12-18.49.06:150][918]LogModuleManager: Shutting down and abandoning module MessageLog (195)
[2018.04.12-18.49.06:150][918]LogModuleManager: Shutting down and abandoning module SlateReflector (190)
[2018.04.12-18.49.06:150][918]LogModuleManager: Shutting down and abandoning module Slate (188)
[2018.04.12-18.49.06:150][918]LogModuleManager: Shutting down and abandoning module EditorStyle (186)
[2018.04.12-18.49.06:152][918]LogModuleManager: Shutting down and abandoning module MRMesh (184)
[2018.04.12-18.49.06:152][918]LogModuleManager: Shutting down and abandoning module SourceCodeAccess (182)
[2018.04.12-18.49.06:152][918]LogModuleManager: Shutting down and abandoning module HeadMountedDisplay (180)
[2018.04.12-18.49.06:152][918]LogModuleManager: Shutting down and abandoning module XAudio2 (178)
[2018.04.12-18.49.06:152][918]LogModuleManager: Shutting down and abandoning module Networking (176)
[2018.04.12-18.49.06:152][918]LogModuleManager: Shutting down and abandoning module Core (172)
[2018.04.12-18.49.06:153][918]LogModuleManager: Shutting down and abandoning module LevelSequence (168)
[2018.04.12-18.49.06:153][918]LogModuleManager: Shutting down and abandoning module DirectoryWatcher (166)
[2018.04.12-18.49.06:153][918]LogModuleManager: Shutting down and abandoning module KismetCompiler (164)
[2018.04.12-18.49.06:153][918]LogModuleManager: Shutting down and abandoning module MeshUtilities (162)
[2018.04.12-18.49.06:153][918]LogModuleManager: Shutting down and abandoning module MeshMergeUtilities (161)
[2018.04.12-18.49.06:153][918]LogModuleManager: Shutting down and abandoning module MeshReductionInterface (160)
[2018.04.12-18.49.06:153][918]LogModuleManager: Shutting down and abandoning module SimplygonSwarm (159)
[2018.04.12-18.49.06:153][918]LogModuleManager: Shutting down and abandoning module SimplygonMeshReduction (157)
[2018.04.12-18.49.06:153][918]LogModuleManager: Shutting down and abandoning module QuadricMeshReduction (155)
[2018.04.12-18.49.06:153][918]LogModuleManager: Shutting down and abandoning module MaterialBaking (151)
[2018.04.12-18.49.06:153][918]LogModuleManager: Shutting down and abandoning module DerivedDataCache (148)
[2018.04.12-18.49.06:229][918]LogDerivedDataCache: Shutdown
[2018.04.12-18.49.06:229][918]LogModuleManager: Shutting down and abandoning module TargetPlatform (146)
[2018.04.12-18.49.06:229][918]LogModuleManager: Shutting down and abandoning module VulkanShaderFormat (145)
[2018.04.12-18.49.06:229][918]LogModuleManager: Shutting down and abandoning module ShaderFormatVectorVM (143)
[2018.04.12-18.49.06:229][918]LogModuleManager: Shutting down and abandoning module ShaderFormatOpenGL (141)
[2018.04.12-18.49.06:229][918]LogModuleManager: Shutting down and abandoning module ShaderFormatD3D (139)
[2018.04.12-18.49.06:229][918]LogModuleManager: Shutting down and abandoning module MetalShaderFormat (137)
[2018.04.12-18.49.06:229][918]LogModuleManager: Shutting down and abandoning module TextureFormatUncompressed (135)
[2018.04.12-18.49.06:229][918]LogModuleManager: Shutting down and abandoning module TextureFormatPVR (133)
[2018.04.12-18.49.06:229][918]LogModuleManager: Shutting down and abandoning module TextureFormatDXT (131)
[2018.04.12-18.49.06:229][918]LogModuleManager: Shutting down and abandoning module TextureFormatIntelISPCTexComp (129)
[2018.04.12-18.49.06:229][918]LogModuleManager: Shutting down and abandoning module TextureFormatASTC (127)
[2018.04.12-18.49.06:230][918]LogModuleManager: Shutting down and abandoning module ImageWrapper (126)
[2018.04.12-18.49.06:230][918]LogModuleManager: Shutting down and abandoning module TextureFormatAndroid (123)
[2018.04.12-18.49.06:230][918]LogModuleManager: Shutting down and abandoning module AudioFormatOpus (121)
[2018.04.12-18.49.06:230][918]LogModuleManager: Shutting down and abandoning module AudioFormatOgg (119)
[2018.04.12-18.49.06:230][918]LogModuleManager: Shutting down and abandoning module AudioFormatADPCM (117)
[2018.04.12-18.49.06:230][918]LogModuleManager: Shutting down and abandoning module LinuxTargetPlatform (115)
[2018.04.12-18.49.06:230][918]LogModuleManager: Shutting down and abandoning module LinuxServerTargetPlatform (113)
[2018.04.12-18.49.06:230][918]LogModuleManager: Shutting down and abandoning module LinuxNoEditorTargetPlatform (111)
[2018.04.12-18.49.06:230][918]LogModuleManager: Shutting down and abandoning module LinuxClientTargetPlatform (109)
[2018.04.12-18.49.06:230][918]LogModuleManager: Shutting down and abandoning module TVOSTargetPlatform (107)
[2018.04.12-18.49.06:230][918]LogModuleManager: Shutting down and abandoning module Messaging (105)
[2018.04.12-18.49.06:230][918]LogModuleManager: Shutting down and abandoning module IOSTargetPlatform (103)
[2018.04.12-18.49.06:230][918]LogModuleManager: Shutting down and abandoning module HTML5TargetPlatform (101)
[2018.04.12-18.49.06:230][918]LogModuleManager: Shutting down and abandoning module AndroidTargetPlatform (99)
[2018.04.12-18.49.06:230][918]LogModuleManager: Shutting down and abandoning module Android_PVRTCTargetPlatform (97)
[2018.04.12-18.49.06:230][918]LogModuleManager: Shutting down and abandoning module Android_MultiTargetPlatform (95)
[2018.04.12-18.49.06:230][918]LogModuleManager: Shutting down and abandoning module Android_ETC2TargetPlatform (93)
[2018.04.12-18.49.06:230][918]LogModuleManager: Shutting down and abandoning module Android_ETC1TargetPlatform (91)
[2018.04.12-18.49.06:230][918]LogModuleManager: Shutting down and abandoning module Android_DXTTargetPlatform (89)
[2018.04.12-18.49.06:230][918]LogModuleManager: Shutting down and abandoning module Android_ATCTargetPlatform (87)
[2018.04.12-18.49.06:230][918]LogModuleManager: Shutting down and abandoning module Android_ASTCTargetPlatform (85)
[2018.04.12-18.49.06:230][918]LogModuleManager: Shutting down and abandoning module WindowsTargetPlatform (83)
[2018.04.12-18.49.06:230][918]LogModuleManager: Shutting down and abandoning module WindowsServerTargetPlatform (81)
[2018.04.12-18.49.06:230][918]LogModuleManager: Shutting down and abandoning module WindowsNoEditorTargetPlatform (79)
[2018.04.12-18.49.06:230][918]LogModuleManager: Shutting down and abandoning module WindowsClientTargetPlatform (77)
[2018.04.12-18.49.06:230][918]LogModuleManager: Shutting down and abandoning module MacTargetPlatform (75)
[2018.04.12-18.49.06:230][918]LogModuleManager: Shutting down and abandoning module MacServerTargetPlatform (73)
[2018.04.12-18.49.06:230][918]LogModuleManager: Shutting down and abandoning module MacNoEditorTargetPlatform (71)
[2018.04.12-18.49.06:230][918]LogModuleManager: Shutting down and abandoning module MacClientTargetPlatform (69)
[2018.04.12-18.49.06:230][918]LogModuleManager: Shutting down and abandoning module AllDesktopTargetPlatform (67)
[2018.04.12-18.49.06:230][918]LogModuleManager: Shutting down and abandoning module InputCore (64)
[2018.04.12-18.49.06:230][918]LogModuleManager: Shutting down and abandoning module Settings (62)
[2018.04.12-18.49.06:230][918]LogModuleManager: Shutting down and abandoning module PhysXCooking (60)
[2018.04.12-18.49.06:230][918]LogModuleManager: Shutting down and abandoning module SteamVR (58)
[2018.04.12-18.49.06:230][918]LogModuleManager: Shutting down and abandoning module OculusHMD (56)
[2018.04.12-18.49.06:230][918]LogModuleManager: Shutting down and abandoning module ExampleDeviceProfileSelector (54)
[2018.04.12-18.49.06:230][918]LogModuleManager: Shutting down and abandoning module AppleARKit (52)
[2018.04.12-18.49.06:230][918]LogModuleManager: Shutting down and abandoning module AugmentedReality (51)
[2018.04.12-18.49.06:231][918]LogModuleManager: Shutting down and abandoning module OnlineBlueprintSupport (48)
[2018.04.12-18.49.06:231][918]LogModuleManager: Shutting down and abandoning module OnlineSubsystem (44)
[2018.04.12-18.49.06:231][918]LogModuleManager: Shutting down and abandoning module XMPP (43)
[2018.04.12-18.49.06:231][918]LogModuleManager: Shutting down and abandoning module HTTP (41)
[2018.04.12-18.49.06:231][918]LogHttp: Display: Http module shutting down, but needs to wait on 1 outstanding Http requests:
[2018.04.12-18.49.06:231][918]LogHttp: Display: 	verb=[POST] url=[https://datarouter.ol.epicgames.com/datarouter/api/v1/public/data?SessionID=%7BC4096AE5-45A3-3224-5915-109E2E346F61%7D&AppID=UEEditor.Rocket.Release&AppVersion=4.18.1-3754814%2B%2B%2BUE4%2BRelease-4.18&UserID=88ddbd0a4f420f2d671fd392716753eb%7C41a0277436e94d8b92f055378518919c%7Caa405f8b-d904-444a-83fd-af1dc9c4c244&AppEnvironment=datacollector-binary&UploadType=eteventstream] status=Processing
[2018.04.12-18.49.06:249][918]LogModuleManager: Shutting down and abandoning module SSL (40)
[2018.04.12-18.49.06:250][918]LogModuleManager: Shutting down and abandoning module AnimationModifiers (36)
[2018.04.12-18.49.06:250][918]LogModuleManager: Shutting down and abandoning module PropertyEditor (35)
[2018.04.12-18.49.06:250][918]LogModuleManager: Shutting down and abandoning module AudioEditor (32)
[2018.04.12-18.49.06:250][918]LogModuleManager: Shutting down and abandoning module TextureCompressor (30)
[2018.04.12-18.49.06:250][918]LogModuleManager: Shutting down and abandoning module ShaderCore (28)
[2018.04.12-18.49.06:250][918]LogModuleManager: Shutting down and abandoning module Landscape (26)
[2018.04.12-18.49.06:250][918]LogModuleManager: Shutting down and abandoning module SlateRHIRenderer (24)
[2018.04.12-18.49.06:251][918]LogModuleManager: Shutting down and abandoning module OpenGLDrv (22)
[2018.04.12-18.49.06:251][918]LogModuleManager: Shutting down and abandoning module D3D11RHI (20)
[2018.04.12-18.49.06:251][918]LogModuleManager: Shutting down and abandoning module AnimGraphRuntime (18)
[2018.04.12-18.49.06:251][918]LogModuleManager: Shutting down and abandoning module Renderer (16)
[2018.04.12-18.49.06:251][918]LogModuleManager: Shutting down and abandoning module Engine (14)
[2018.04.12-18.49.06:251][918]LogModuleManager: Shutting down and abandoning module CoreUObject (12)
[2018.04.12-18.49.06:251][918]LogModuleManager: Shutting down and abandoning module NetworkFile (10)
[2018.04.12-18.49.06:251][918]LogModuleManager: Shutting down and abandoning module CookedIterativeFile (8)
[2018.04.12-18.49.06:251][918]LogModuleManager: Shutting down and abandoning module StreamingFile (6)
[2018.04.12-18.49.06:251][918]LogModuleManager: Shutting down and abandoning module SandboxFile (4)
[2018.04.12-18.49.06:251][918]LogModuleManager: Shutting down and abandoning module PakFile (2)
[2018.04.12-18.49.06:255][918]LogExit: Exiting.
[2018.04.12-18.49.06:283][918]Log file closed, 04/12/18 19:49:06
