Log file open, 12/03/17 19:14:52
LogWindows: Failed to load 'aqProf.dll' (GetLastError=126)
LogWindows: File 'aqProf.dll' does not exist
LogWindows: Failed to load 'VSPerf140.dll' (GetLastError=126)
LogWindows: File 'VSPerf140.dll' does not exist
LogWindows: Failed to load 'VtuneApi.dll' (GetLastError=126)
LogWindows: File 'VtuneApi.dll' does not exist
LogWindows: Failed to load 'VtuneApi32e.dll' (GetLastError=126)
LogWindows: File 'VtuneApi32e.dll' does not exist
LogInit: Display: Running engine for game: MyProject
LogPlatformFile: Not using cached read wrapper
LogInit: Display: RandInit(-757308235) SRandInit(-757308234).
LogInit: Read version file with build ID '3709383'
LogInit: Overriding engine version to CL 3754814, compatible CL 3709383
LogInit: Registered custom module enumerator with build ID '3709383'
LogTaskGraph: Started task graph with 5 named threads and 14 total threads with 3 sets of task threads.
LogStats: Stats thread started at 0.165592
LogD3D11RHI: Aftermath initialized
LogModuleManager: Display: Found up-to-date module file ../../../Engine/Plugins/2D/Paper2D/Binaries/Win64/UE4Editor-Paper2D.dll (API version 3709383).
LogModuleManager: Display: Found up-to-date module file ../../../Engine/Plugins/2D/Paper2D/Binaries/Win64/UE4Editor-Paper2DEditor.dll (API version 3709383).
LogModuleManager: Display: Found up-to-date module file ../../../Engine/Plugins/2D/Paper2D/Binaries/Win64/UE4Editor-PaperSpriteSheetImporter.dll (API version 3709383).
LogModuleManager: Display: Found up-to-date module file ../../../Engine/Plugins/2D/Paper2D/Binaries/Win64/UE4Editor-PaperTiledImporter.dll (API version 3709383).
LogModuleManager: Display: Found up-to-date module file ../../../Engine/Plugins/2D/Paper2D/Binaries/Win64/UE4Editor-SmartSnapping.dll (API version 3709383).
LogModuleManager: Display: Found up-to-date module file ../../../Engine/Plugins/Blendables/LightPropagationVolume/Binaries/Win64/UE4Editor-LightPropagationVolumeRuntime.dll (API version 3709383).
LogModuleManager: Display: Found up-to-date module file ../../../Engine/Plugins/Blendables/LightPropagationVolume/Binaries/Win64/UE4Editor-LightPropagationVolumeEditor.dll (API version 3709383).
LogModuleManager: Display: Found up-to-date module file ../../../Engine/Plugins/Developer/GitSourceControl/Binaries/Win64/UE4Editor-GitSourceControl.dll (API version 3709383).
LogModuleManager: Display: Found up-to-date module file ../../../Engine/Plugins/Developer/PerforceSourceControl/Binaries/Win64/UE4Editor-PerforceSourceControl.dll (API version 3709383).
LogModuleManager: Display: Found up-to-date module file ../../../Engine/Plugins/Developer/SubversionSourceControl/Binaries/Win64/UE4Editor-SubversionSourceControl.dll (API version 3709383).
LogModuleManager: Display: Found up-to-date module file ../../../Engine/Plugins/Developer/UObjectPlugin/Binaries/Win64/UE4Editor-UObjectPlugin.dll (API version 3709383).
LogModuleManager: Display: Found up-to-date module file ../../../Engine/Plugins/Developer/VisualStudioCodeSourceCodeAccess/Binaries/Win64/UE4Editor-VisualStudioCodeSourceCodeAccess.dll (API version 3709383).
LogModuleManager: Display: Found up-to-date module file ../../../Engine/Plugins/Developer/VisualStudioSourceCodeAccess/Binaries/Win64/UE4Editor-VisualStudioSourceCodeAccess.dll (API version 3709383).
LogModuleManager: Display: Found up-to-date module file ../../../Engine/Plugins/Editor/AssetManagerEditor/Binaries/Win64/UE4Editor-AssetManagerEditor.dll (API version 3709383).
LogModuleManager: Display: Found up-to-date module file ../../../Engine/Plugins/Editor/AudioCapture/Binaries/Win64/UE4Editor-AudioCapture.dll (API version 3709383).
LogModuleManager: Display: Found up-to-date module file ../../../Engine/Plugins/Editor/FacialAnimation/Binaries/Win64/UE4Editor-FacialAnimation.dll (API version 3709383).
LogModuleManager: Display: Found up-to-date module file ../../../Engine/Plugins/Editor/FacialAnimation/Binaries/Win64/UE4Editor-FacialAnimationEditor.dll (API version 3709383).
LogModuleManager: Display: Found up-to-date module file ../../../Engine/Plugins/Editor/GameplayTagsEditor/Binaries/Win64/UE4Editor-GameplayTagsEditor.dll (API version 3709383).
LogModuleManager: Display: Found up-to-date module file ../../../Engine/Plugins/Editor/MobileLauncherProfileWizard/Binaries/Win64/UE4Editor-MobileLauncherProfileWizard.dll (API version 3709383).
LogModuleManager: Display: Found up-to-date module file ../../../Engine/Plugins/Editor/PluginBrowser/Binaries/Win64/UE4Editor-PluginBrowser.dll (API version 3709383).
LogModuleManager: Display: Found up-to-date module file ../../../Engine/Plugins/Editor/SpeedTreeImporter/Binaries/Win64/UE4Editor-SpeedTreeImporter.dll (API version 3709383).
LogModuleManager: Display: Found up-to-date module file ../../../Engine/Plugins/Experimental/AlembicImporter/Binaries/Win64/UE4Editor-AlembicImporter.dll (API version 3709383).
LogModuleManager: Display: Found up-to-date module file ../../../Engine/Plugins/Experimental/AlembicImporter/Binaries/Win64/UE4Editor-AlembicLibrary.dll (API version 3709383).
LogModuleManager: Display: Found up-to-date module file ../../../Engine/Plugins/Experimental/CharacterAI/Binaries/Win64/UE4Editor-CharacterAI.dll (API version 3709383).
LogModuleManager: Display: Found up-to-date module file ../../../Engine/Plugins/Experimental/HTML5Networking/Binaries/Win64/UE4Editor-HTML5Networking.dll (API version 3709383).
LogModuleManager: Display: Found up-to-date module file ../../../Engine/Plugins/Media/AndroidMedia/Binaries/Win64/UE4Editor-AndroidMediaEditor.dll (API version 3709383).
LogModuleManager: Display: Found up-to-date module file ../../../Engine/Plugins/Media/AndroidMedia/Binaries/Win64/UE4Editor-AndroidMediaFactory.dll (API version 3709383).
LogModuleManager: Display: Found up-to-date module file ../../../Engine/Plugins/Media/AvfMedia/Binaries/Win64/UE4Editor-AvfMediaEditor.dll (API version 3709383).
LogModuleManager: Display: Found up-to-date module file ../../../Engine/Plugins/Media/AvfMedia/Binaries/Win64/UE4Editor-AvfMediaFactory.dll (API version 3709383).
LogModuleManager: Display: Found up-to-date module file ../../../Engine/Plugins/Media/AvfMedia/Binaries/Win64/UE4Editor-AvfMediaFactory.dll (API version 3709383).
LogModuleManager: Display: Found up-to-date module file ../../../Engine/Plugins/Media/ImgMedia/Binaries/Win64/UE4Editor-ImgMedia.dll (API version 3709383).
LogModuleManager: Display: Found up-to-date module file ../../../Engine/Plugins/Media/ImgMedia/Binaries/Win64/UE4Editor-ImgMediaEditor.dll (API version 3709383).
LogModuleManager: Display: Found up-to-date module file ../../../Engine/Plugins/Media/ImgMedia/Binaries/Win64/UE4Editor-ImgMediaFactory.dll (API version 3709383).
LogModuleManager: Display: Found up-to-date module file ../../../Engine/Plugins/Media/ImgMedia/Binaries/Win64/UE4Editor-ImgMediaFactory.dll (API version 3709383).
LogModuleManager: Display: Found up-to-date module file ../../../Engine/Plugins/Media/ImgMedia/Binaries/Win64/UE4Editor-OpenExrWrapper.dll (API version 3709383).
LogModuleManager: Display: Found up-to-date module file ../../../Engine/Plugins/Media/MediaCompositing/Binaries/Win64/UE4Editor-MediaCompositing.dll (API version 3709383).
LogModuleManager: Display: Found up-to-date module file ../../../Engine/Plugins/Media/MediaCompositing/Binaries/Win64/UE4Editor-MediaCompositingEditor.dll (API version 3709383).
LogModuleManager: Display: Found up-to-date module file ../../../Engine/Plugins/Media/MediaPlayerEditor/Binaries/Win64/UE4Editor-MediaPlayerEditor.dll (API version 3709383).
LogModuleManager: Display: Found up-to-date module file ../../../Engine/Plugins/Media/WmfMedia/Binaries/Win64/UE4Editor-WmfMedia.dll (API version 3709383).
LogModuleManager: Display: Found up-to-date module file ../../../Engine/Plugins/Media/WmfMedia/Binaries/Win64/UE4Editor-WmfMediaEditor.dll (API version 3709383).
LogModuleManager: Display: Found up-to-date module file ../../../Engine/Plugins/Media/WmfMedia/Binaries/Win64/UE4Editor-WmfMediaFactory.dll (API version 3709383).
LogModuleManager: Display: Found up-to-date module file ../../../Engine/Plugins/Media/WmfMedia/Binaries/Win64/UE4Editor-WmfMediaFactory.dll (API version 3709383).
LogModuleManager: Display: Found up-to-date module file ../../../Engine/Plugins/Messaging/TcpMessaging/Binaries/Win64/UE4Editor-TcpMessaging.dll (API version 3709383).
LogModuleManager: Display: Found up-to-date module file ../../../Engine/Plugins/Messaging/UdpMessaging/Binaries/Win64/UE4Editor-UdpMessaging.dll (API version 3709383).
LogModuleManager: Display: Found up-to-date module file ../../../Engine/Plugins/MovieScene/ActorSequence/Binaries/Win64/UE4Editor-ActorSequence.dll (API version 3709383).
LogModuleManager: Display: Found up-to-date module file ../../../Engine/Plugins/MovieScene/LevelSequenceEditor/Binaries/Win64/UE4Editor-LevelSequenceEditor.dll (API version 3709383).
LogModuleManager: Display: Found up-to-date module file ../../../Engine/Plugins/MovieScene/MatineeToLevelSequence/Binaries/Win64/UE4Editor-MatineeToLevelSequence.dll (API version 3709383).
LogModuleManager: Display: Found up-to-date module file ../../../Engine/Plugins/Online/OnlineSubsystem/Binaries/Win64/UE4Editor-OnlineSubsystem.dll (API version 3709383).
LogModuleManager: Display: Found up-to-date module file ../../../Engine/Plugins/Runtime/AndroidPermission/Binaries/Win64/UE4Editor-AndroidPermission.dll (API version 3709383).
LogModuleManager: Display: Found up-to-date module file ../../../Engine/Plugins/Online/OnlineSubsystemNull/Binaries/Win64/UE4Editor-OnlineSubsystemNull.dll (API version 3709383).
LogModuleManager: Display: Found up-to-date module file ../../../Engine/Plugins/Online/OnlineSubsystemUtils/Binaries/Win64/UE4Editor-OnlineSubsystemUtils.dll (API version 3709383).
LogModuleManager: Display: Found up-to-date module file ../../../Engine/Plugins/Online/OnlineSubsystemUtils/Binaries/Win64/UE4Editor-OnlineBlueprintSupport.dll (API version 3709383).
LogModuleManager: Display: Found up-to-date module file ../../../Engine/Plugins/Runtime/AndroidDeviceProfileSelector/Binaries/Win64/UE4Editor-AndroidDeviceProfileSelector.dll (API version 3709383).
LogModuleManager: Display: Found up-to-date module file ../../../Engine/Plugins/Runtime/AppleARKit/Binaries/Win64/UE4Editor-AppleARKit.dll (API version 3709383).
LogModuleManager: Display: Found up-to-date module file ../../../Engine/Plugins/Runtime/ArchVisCharacter/Binaries/Win64/UE4Editor-ArchVisCharacter.dll (API version 3709383).
LogModuleManager: Display: Found up-to-date module file ../../../Engine/Plugins/Runtime/CableComponent/Binaries/Win64/UE4Editor-CableComponent.dll (API version 3709383).
LogModuleManager: Display: Found up-to-date module file ../../../Engine/Plugins/Runtime/CustomMeshComponent/Binaries/Win64/UE4Editor-CustomMeshComponent.dll (API version 3709383).
LogModuleManager: Display: Found up-to-date module file ../../../Engine/Plugins/Runtime/ExampleDeviceProfileSelector/Binaries/Win64/UE4Editor-ExampleDeviceProfileSelector.dll (API version 3709383).
LogModuleManager: Display: Found up-to-date module file ../../../Engine/Plugins/Runtime/ImmediatePhysics/Binaries/Win64/UE4Editor-ImmediatePhysics.dll (API version 3709383).
LogModuleManager: Display: Found up-to-date module file ../../../Engine/Plugins/Runtime/ImmediatePhysics/Binaries/Win64/UE4Editor-ImmediatePhysicsEditor.dll (API version 3709383).
LogModuleManager: Display: Found up-to-date module file ../../../Engine/Plugins/Runtime/LocationServicesBPLibrary/Binaries/Win64/UE4Editor-LocationServicesBPLibrary.dll (API version 3709383).
LogModuleManager: Display: Found up-to-date module file ../../../Engine/Plugins/Runtime/MobilePatchingUtils/Binaries/Win64/UE4Editor-MobilePatchingUtils.dll (API version 3709383).
LogModuleManager: Display: Found up-to-date module file ../../../Engine/Plugins/Runtime/Oculus/OculusVR/Binaries/Win64/UE4Editor-OculusHMD.dll (API version 3709383).
LogModuleManager: Display: Found up-to-date module file ../../../Engine/Plugins/Runtime/Oculus/OculusVR/Binaries/Win64/UE4Editor-OculusInput.dll (API version 3709383).
LogModuleManager: Display: Found up-to-date module file ../../../Engine/Plugins/Runtime/Oculus/OculusVR/Binaries/Win64/UE4Editor-OculusEditor.dll (API version 3709383).
LogModuleManager: Display: Found up-to-date module file ../../../Engine/Plugins/Runtime/PhysXVehicles/Binaries/Win64/UE4Editor-PhysXVehicles.dll (API version 3709383).
LogModuleManager: Display: Found up-to-date module file ../../../Engine/Plugins/Runtime/PhysXVehicles/Binaries/Win64/UE4Editor-PhysXVehiclesEditor.dll (API version 3709383).
LogModuleManager: Display: Found up-to-date module file ../../../Engine/Plugins/Runtime/ProceduralMeshComponent/Binaries/Win64/UE4Editor-ProceduralMeshComponent.dll (API version 3709383).
LogModuleManager: Display: Found up-to-date module file ../../../Engine/Plugins/Runtime/ProceduralMeshComponent/Binaries/Win64/UE4Editor-ProceduralMeshComponentEditor.dll (API version 3709383).
LogModuleManager: Display: Found up-to-date module file ../../../Engine/Plugins/Runtime/RuntimePhysXCooking/Binaries/Win64/UE4Editor-RuntimePhysXCooking.dll (API version 3709383).
LogModuleManager: Display: Found up-to-date module file ../../../Engine/Plugins/Runtime/Steam/SteamVR/Binaries/Win64/UE4Editor-SteamVR.dll (API version 3709383).
LogModuleManager: Display: Found up-to-date module file ../../../Engine/Plugins/Runtime/Steam/SteamVR/Binaries/Win64/UE4Editor-SteamVRController.dll (API version 3709383).
LogModuleManager: Display: Found up-to-date module file ../../../Engine/Plugins/Runtime/WindowsMoviePlayer/Binaries/Win64/UE4Editor-WindowsMoviePlayer.dll (API version 3709383).
LogPluginManager: Mounting plugin Paper2D
LogPluginManager: Mounting plugin LightPropagationVolume
LogPluginManager: Mounting plugin CodeLiteSourceCodeAccess
LogPluginManager: Mounting plugin GitSourceControl
LogPluginManager: Mounting plugin KDevelopSourceCodeAccess
LogPluginManager: Mounting plugin NullSourceCodeAccess
LogPluginManager: Mounting plugin PerforceSourceControl
LogPluginManager: Mounting plugin SubversionSourceControl
LogPluginManager: Mounting plugin UObjectPlugin
LogPluginManager: Mounting plugin VisualStudioCodeSourceCodeAccess
LogPluginManager: Mounting plugin VisualStudioSourceCodeAccess
LogPluginManager: Mounting plugin XCodeSourceCodeAccess
LogPluginManager: Mounting plugin AssetManagerEditor
LogPluginManager: Mounting plugin AudioCapture
LogPluginManager: Mounting plugin FacialAnimation
LogPluginManager: Mounting plugin GameplayTagsEditor
LogPluginManager: Mounting plugin MobileLauncherProfileWizard
LogPluginManager: Mounting plugin PluginBrowser
LogPluginManager: Mounting plugin SpeedTreeImporter
LogPluginManager: Mounting plugin AlembicImporter
LogPluginManager: Mounting plugin CharacterAI
LogPluginManager: Mounting plugin HTML5Networking
LogPluginManager: Mounting plugin AndroidMedia
LogPluginManager: Mounting plugin AvfMedia
LogPluginManager: Mounting plugin ImgMedia
LogPluginManager: Mounting plugin MediaCompositing
LogPluginManager: Mounting plugin MediaPlayerEditor
LogPluginManager: Mounting plugin WmfMedia
LogPluginManager: Mounting plugin TcpMessaging
LogPluginManager: Mounting plugin UdpMessaging
LogPluginManager: Mounting plugin ActorSequence
LogPluginManager: Mounting plugin LevelSequenceEditor
LogPluginManager: Mounting plugin MatineeToLevelSequence
LogPluginManager: Mounting plugin OnlineSubsystemGooglePlay
LogPluginManager: Mounting plugin OnlineSubsystemIOS
LogPluginManager: Mounting plugin OnlineSubsystem
LogPluginManager: Mounting plugin OnlineSubsystemNull
LogPluginManager: Mounting plugin OnlineSubsystemUtils
LogPluginManager: Mounting plugin AndroidDeviceProfileSelector
LogPluginManager: Mounting plugin AndroidMoviePlayer
LogPluginManager: Mounting plugin AndroidPermission
LogPluginManager: Mounting plugin AppleARKit
LogPluginManager: Mounting plugin AppleMoviePlayer
LogPluginManager: Mounting plugin ArchVisCharacter
LogPluginManager: Mounting plugin CableComponent
LogPluginManager: Mounting plugin CustomMeshComponent
LogPluginManager: Mounting plugin ExampleDeviceProfileSelector
LogPluginManager: Mounting plugin GoogleCloudMessaging
LogPluginManager: Mounting plugin ImmediatePhysics
LogPluginManager: Mounting plugin IOSDeviceProfileSelector
LogPluginManager: Mounting plugin LinuxDeviceProfileSelector
LogPluginManager: Mounting plugin LocationServicesBPLibrary
LogPluginManager: Mounting plugin MobilePatchingUtils
LogPluginManager: Mounting plugin OculusVR
LogPluginManager: Plugin shader directory ../../../Engine/Plugins/Runtime/Oculus/OculusVR/Shaders found
LogPluginManager: Mapping shader source directory ../../../Engine/Plugins/Runtime/Oculus/OculusVR/Shaders to virtual directory /Plugin/OculusVR
LogPluginManager: Mounting plugin PhysXVehicles
LogPluginManager: Mounting plugin ProceduralMeshComponent
LogPluginManager: Mounting plugin RuntimePhysXCooking
LogPluginManager: Mounting plugin SteamVR
LogPluginManager: Mounting plugin WindowsMoviePlayer
LogInit: Using libcurl 7.47.1
LogInit:  - built for x86_64-pc-win32
LogInit:  - supports SSL with OpenSSL/1.0.2g
LogInit:  - supports HTTP deflate (compression) using libz 1.2.8
LogInit:  - other features:
LogInit:      CURL_VERSION_SSL
LogInit:      CURL_VERSION_LIBZ
LogInit:      CURL_VERSION_IPV6
LogInit:      CURL_VERSION_ASYNCHDNS
LogInit:      CURL_VERSION_LARGEFILE
LogInit:      CURL_VERSION_IDN
LogInit:  CurlRequestOptions (configurable via config and command line):
LogInit:  - bVerifyPeer = false  - Libcurl will NOT verify peer certificate
LogInit:  - bUseHttpProxy = false  - Libcurl will NOT use HTTP proxy
LogInit:  - bDontReuseConnections = false  - Libcurl will reuse connections
LogInit:  - CertBundlePath = nullptr  - Libcurl will use whatever was configured at build time.
LogInit: Build: ++UE4+Release-4.18-CL-3754814
LogInit: Engine Version: 4.18.1-3754814+++UE4+Release-4.18
LogInit: Compatible Engine Version: 4.18.0-3709383+++UE4+Release-4.18
LogInit: Net CL: 3709383
LogDevObjectVersion: Number of dev versions registered: 16
LogDevObjectVersion:   Dev-Blueprints (B0D832E4-1F89-4F0D-ACCF-7EB736FD4AA2): 10
LogDevObjectVersion:   Dev-Build (E1C64328-A22C-4D53-A36C-8E866417BD8C): 0
LogDevObjectVersion:   Dev-Core (375EC13C-06E4-48FB-B500-84F0262A717E): 2
LogDevObjectVersion:   Dev-Editor (E4B068ED-F494-42E9-A231-DA0B2E46BB41): 20
LogDevObjectVersion:   Dev-Framework (CFFC743F-43B0-4480-9391-14DF171D2073): 30
LogDevObjectVersion:   Dev-Mobile (B02B49B5-BB20-44E9-A304-32B752E40360): 0
LogDevObjectVersion:   Dev-Networking (A4E4105C-59A1-49B5-A7C5-40C4547EDFEE): 0
LogDevObjectVersion:   Dev-Online (39C831C9-5AE6-47DC-9A44-9C173E1C8E7C): 0
LogDevObjectVersion:   Dev-Physics (78F01B33-EBEA-4F98-B9B4-84EACCB95AA2): 0
LogDevObjectVersion:   Dev-Platform (6631380F-2D4D-43E0-8009-CF276956A95A): 0
LogDevObjectVersion:   Dev-Rendering (12F88B9F-8875-4AFC-A67C-D90C383ABD29): 20
LogDevObjectVersion:   Dev-Sequencer (7B5AE74C-D270-4C10-A958-57980B212A5A): 4
LogDevObjectVersion:   Dev-VR (D7296918-1DD6-4BDD-9DE2-64A83CC13884): 0
LogDevObjectVersion:   Dev-LoadTimes (C2A15278-BFE7-4AFE-6C17-90FF531DF755): 1
LogDevObjectVersion:   Private-Geometry (6EACA3D4-40EC-4CC1-B786-8BED09428FC5): 1
LogDevObjectVersion:   Dev-AnimPhys (29E575DD-E0A3-4627-9D10-D276232CDCEA): 12
LogInit: Compiled (64-bit): Nov 14 2017 02:05:55
LogInit: Compiled with Visual C++: 19.00.24215.01
LogInit: Build Configuration: Development
LogInit: Branch Name: ++UE4+Release-4.18
LogInit: Command line:  
LogInit: Base directory: C:/Program Files/Epic Games/UE_4.18/Engine/Binaries/Win64/
LogInit: Installed Engine Build: 1
LogInit: Presizing for max 8388607 objects, including 0 objects not considered by GC, pre-allocating 0 bytes for permanent pool.
LogInit: Object subsystem initialized
[2017.12.03-19.14.53:389][  0]LogInit: Selected Device Profile: [Windows]
[2017.12.03-19.14.53:389][  0]LogInit: Applying CVar settings loaded from the selected device profile: [Windows]
[2017.12.03-19.14.53:399][  0]LogInit: Computer: MSI
[2017.12.03-19.14.53:399][  0]LogInit: User: Cormac
[2017.12.03-19.14.53:399][  0]LogInit: CPU Page size=4096, Cores=4
[2017.12.03-19.14.53:399][  0]LogInit: High frequency timer resolution =2.648437 MHz
[2017.12.03-19.14.53:399][  0]LogMemory: Memory total: Physical=32.0GB (32GB approx)
[2017.12.03-19.14.53:399][  0]LogMemory: Platform Memory Stats for Windows
[2017.12.03-19.14.53:399][  0]LogMemory: Process Physical Memory: 274.13 MB used, 274.13 MB peak
[2017.12.03-19.14.53:399][  0]LogMemory: Process Virtual Memory: 273.57 MB used, 273.57 MB peak
[2017.12.03-19.14.53:399][  0]LogMemory: Physical Memory: 10966.09 MB used,  21759.24 MB free, 32725.33 MB total
[2017.12.03-19.14.53:399][  0]LogMemory: Virtual Memory: 647.98 MB used,  21759.24 MB free, 134217728.00 MB total
[2017.12.03-19.14.53:713][  0]LogInit: Using OS detected language (en-US).
[2017.12.03-19.14.53:713][  0]LogInit: Using OS detected locale (en-GB).
[2017.12.03-19.14.53:715][  0]LogTextLocalizationManager: No specific localization for 'en-US' exists, so the 'en' localization will be used.
[2017.12.03-19.14.54:067][  0]LogInit: Setting process to per monitor DPI aware
[2017.12.03-19.14.54:288][  0]LogD3D11RHI: D3D11 adapters:
[2017.12.03-19.14.54:329][  0]LogD3D11RHI:    0. 'NVIDIA GeForce GTX 1080' (Feature Level 11_0)
[2017.12.03-19.14.54:330][  0]LogD3D11RHI:       8086/0/16362 MB DedicatedVideo/DedicatedSystem/SharedSystem, Outputs:1, VendorId:0x10de
[2017.12.03-19.14.54:331][  0]LogD3D11RHI:    1. 'Microsoft Basic Render Driver' (Feature Level 11_0)
[2017.12.03-19.14.54:331][  0]LogD3D11RHI:       0/0/16362 MB DedicatedVideo/DedicatedSystem/SharedSystem, Outputs:0, VendorId:0x1414
[2017.12.03-19.14.54:331][  0]LogD3D11RHI: Chosen D3D11 Adapter: 0
[2017.12.03-19.14.54:337][  0]LogD3D11RHI: Creating new Direct3DDevice
[2017.12.03-19.14.54:338][  0]LogD3D11RHI:     GPU DeviceId: 0x1be0 (for the marketing name, search the web for "GPU Device Id")
[2017.12.03-19.14.54:338][  0]LogWindows: EnumDisplayDevices:
[2017.12.03-19.14.54:338][  0]LogWindows:    0. 'NVIDIA GeForce GTX 1080' (P:1 D:1)
[2017.12.03-19.14.54:338][  0]LogWindows:    1. 'NVIDIA GeForce GTX 1080' (P:0 D:0)
[2017.12.03-19.14.54:338][  0]LogWindows:    2. 'NVIDIA GeForce GTX 1080' (P:0 D:0)
[2017.12.03-19.14.54:338][  0]LogWindows:    3. 'NVIDIA GeForce GTX 1080' (P:0 D:0)
[2017.12.03-19.14.54:338][  0]LogWindows: DebugString: FoundDriverCount:4 
[2017.12.03-19.14.54:338][  0]LogD3D11RHI:     Adapter Name: NVIDIA GeForce GTX 1080
[2017.12.03-19.14.54:338][  0]LogD3D11RHI:   Driver Version: 388.43 (internal:23.21.13.8843, unified:388.43)
[2017.12.03-19.14.54:338][  0]LogD3D11RHI:      Driver Date: 11-27-2017
[2017.12.03-19.14.54:338][  0]LogRHI: Texture pool is 5660 MB (70% of 8086 MB)
[2017.12.03-19.14.54:363][  0]LogD3D11RHI: Async texture creation enabled
[2017.12.03-19.14.54:374][  0]LogD3D11RHI: GPU Timing Frequency: 1000.000000 (Debug: 2 1)
[2017.12.03-19.14.54:421][  0]LogShaderCompilers: Guid format shader working directory is -9 characters bigger than the processId version (../../../../../../Users/Cormac/Desktop/StitchesAndBones/Intermediate/Shaders/WorkingDirectory/19444/).
[2017.12.03-19.14.54:421][  0]LogShaderCompilers: Cleaned the shader compiler working directory 'C:/Users/Cormac/AppData/Local/Temp/UnrealShaderWorkingDir/D64379B148F4B91FA6DC42B6CF63FBA3/'.
[2017.12.03-19.14.54:421][  0]LogShaderCompilers: Display: Using Local Shader Compiler.
[2017.12.03-19.14.55:240][  0]LogTemp: Display: Loaded TP AllDesktopTargetPlatform
[2017.12.03-19.14.55:291][  0]LogTemp: Display: Loaded TP MacClientTargetPlatform
[2017.12.03-19.14.55:345][  0]LogTemp: Display: Loaded TP MacNoEditorTargetPlatform
[2017.12.03-19.14.55:401][  0]LogTemp: Display: Loaded TP MacServerTargetPlatform
[2017.12.03-19.14.55:454][  0]LogTemp: Display: Loaded TP MacTargetPlatform
[2017.12.03-19.14.55:500][  0]LogTemp: Display: Loaded TP WindowsClientTargetPlatform
[2017.12.03-19.14.55:548][  0]LogTemp: Display: Loaded TP WindowsNoEditorTargetPlatform
[2017.12.03-19.14.55:601][  0]LogTemp: Display: Loaded TP WindowsServerTargetPlatform
[2017.12.03-19.14.55:642][  0]LogTemp: Display: Loaded TP WindowsTargetPlatform
[2017.12.03-19.14.55:690][  0]LogTemp: Display: Loaded TP Android_ASTCTargetPlatform
[2017.12.03-19.14.55:737][  0]LogTemp: Display: Loaded TP Android_ATCTargetPlatform
[2017.12.03-19.14.55:786][  0]LogTemp: Display: Loaded TP Android_DXTTargetPlatform
[2017.12.03-19.14.55:834][  0]LogTemp: Display: Loaded TP Android_ETC1TargetPlatform
[2017.12.03-19.14.55:878][  0]LogTemp: Display: Loaded TP Android_ETC2TargetPlatform
[2017.12.03-19.14.55:969][  0]LogTemp: Display: Loaded TP Android_MultiTargetPlatform
[2017.12.03-19.14.55:969][  0]LogTemp: Display: Loaded TP Android_PVRTCTargetPlatform
[2017.12.03-19.14.56:015][  0]LogTemp: Display: Loaded TP AndroidTargetPlatform
[2017.12.03-19.14.56:051][  0]LogTemp: Display: Loaded TP HTML5TargetPlatform
[2017.12.03-19.14.56:137][  0]LogTemp: Display: Loaded TP IOSTargetPlatform
[2017.12.03-19.14.56:162][  0]LogTemp: Display: Loaded TP TVOSTargetPlatform
[2017.12.03-19.14.56:209][  0]LogTemp: Display: Loaded TP LinuxClientTargetPlatform
[2017.12.03-19.14.56:255][  0]LogTemp: Display: Loaded TP LinuxNoEditorTargetPlatform
[2017.12.03-19.14.56:300][  0]LogTemp: Display: Loaded TP LinuxServerTargetPlatform
[2017.12.03-19.14.56:347][  0]LogTemp: Display: Loaded TP LinuxTargetPlatform
[2017.12.03-19.14.56:348][  0]LogTargetPlatformManager: Display: Building Assets For Windows
[2017.12.03-19.14.56:805][  0]LogDerivedDataCache: Display: Max Cache Size: 512 MB
[2017.12.03-19.14.56:876][  0]LogDerivedDataCache: Loaded boot cache 0.07s 78MB C:/Users/Cormac/AppData/Local/UnrealEngine/4.18/DerivedDataCache/Boot.ddc.
[2017.12.03-19.14.56:876][  0]LogDerivedDataCache: Display: Loaded Boot cache: C:/Users/Cormac/AppData/Local/UnrealEngine/4.18/DerivedDataCache/Boot.ddc
[2017.12.03-19.14.56:876][  0]LogDerivedDataCache: FDerivedDataBackendGraph:  Pak pak cache file ../../../../../../Users/Cormac/Desktop/StitchesAndBones/DerivedDataCache/DDC.ddp not found, will not use a pak cache.
[2017.12.03-19.14.56:876][  0]LogDerivedDataCache: Unable to find inner node Pak for hierarchical cache Hierarchy.
[2017.12.03-19.14.56:876][  0]LogDerivedDataCache: FDerivedDataBackendGraph:  CompressedPak pak cache file ../../../../../../Users/Cormac/Desktop/StitchesAndBones/DerivedDataCache/Compressed.ddp not found, will not use a pak cache.
[2017.12.03-19.14.56:876][  0]LogDerivedDataCache: Unable to find inner node CompressedPak for hierarchical cache Hierarchy.
[2017.12.03-19.14.56:890][  0]LogDerivedDataCache: Display: Pak cache opened for reading ../../../Engine/DerivedDataCache/Compressed.ddp.
[2017.12.03-19.14.56:902][  0]LogDerivedDataCache: Using Local data cache path C:/Users/Cormac/AppData/Local/UnrealEngine/Common/DerivedDataCache: Writable
[2017.12.03-19.14.56:910][  0]LogMaterial: Verifying Global Shaders for PCD3D_SM5
[2017.12.03-19.14.56:911][  0]LogSlate: Using Freetype 2.6.0
[2017.12.03-19.14.56:911][  0]LogSlate: SlateFontCache - WITH_FREETYPE: 1, WITH_HARFBUZZ: 1
[2017.12.03-19.14.56:911][  0]LogSlate: SlateFontCache - WITH_FREETYPE: 1, WITH_HARFBUZZ: 1
[2017.12.03-19.14.57:238][  0]LogInit: Selected Device Profile: [Windows]
[2017.12.03-19.14.57:555][  0]LogSimplygon: Simplygon DLL not present - disabling.
[2017.12.03-19.14.57:596][  0]LogMeshReduction: Using SimplygonSwarm for distributed automatic mesh merging
[2017.12.03-19.14.57:596][  0]LogMeshReduction: Using QuadricMeshReduction for automatic static mesh reduction
[2017.12.03-19.14.57:596][  0]LogMeshReduction: No automatic skeletal mesh reduction module available
[2017.12.03-19.14.57:596][  0]LogMeshReduction: No automatic mesh merging module available
[2017.12.03-19.14.57:596][  0]LogMeshMerging: No automatic mesh merging module available
[2017.12.03-19.14.57:619][  0]LogNetVersion: MyProject , NetCL: 3709383, EngineNetVer: 2, GameNetVer: 0 (Checksum: 1490074681)
[2017.12.03-19.14.57:784][  0]LogAssetRegistry: FAssetRegistry took 0.0255 seconds to start up
[2017.12.03-19.14.58:245][  0]LogPackageLocalizationCache: Processed 7 localized package path(s) for 2 prioritized culture(s) in 0.067831 seconds
[2017.12.03-19.14.58:250][  0]LogUObjectArray: 35900 objects as part of root set at end of initial load.
[2017.12.03-19.14.58:250][  0]LogUObjectAllocator: 7372024 out of 0 bytes used by permanent object pool.
[2017.12.03-19.14.58:250][  0]LogUObjectArray: CloseDisregardForGC: 0/0 objects in disregard for GC pool
[2017.12.03-19.14.58:297][  0]LogInit: WinSock: version 1.1 (2.2), MaxSocks=32767, MaxUdp=65467
[2017.12.03-19.15.00:794][  0]LogTcpMessaging: Initializing TcpMessaging bridge
[2017.12.03-19.15.00:837][  0]LogUdpMessaging: Initializing bridge on interface 0.0.0.0:0 to multicast group 230.0.0.1:6666.
[2017.12.03-19.15.01:484][  0]LogMaterial: Uniform references updated for custom material expression Custom.
[2017.12.03-19.15.01:872][  0]SourceControl: Source control is disabled
[2017.12.03-19.15.01:872][  0]SourceControl: Source control is disabled
[2017.12.03-19.15.01:918][  0]SourceControl: Source control is disabled
[2017.12.03-19.15.01:971][  0]SourceControl: Source control is disabled
[2017.12.03-19.15.02:713][  0]LogAndroidPermission: UAndroidPermissionCallbackProxy::GetInstance
[2017.12.03-19.15.02:967][  0]LogOcInput: OculusInput pre-init called
[2017.12.03-19.15.03:235][  0]LogEngine: Initializing Engine...
[2017.12.03-19.15.03:237][  0]LogHMD: Failed to initialize OpenVR with code 110
[2017.12.03-19.15.03:439][  0]LogStats: UGameplayTagsManager::ConstructGameplayTagTree: Construct from data asset -  0.000 s
[2017.12.03-19.15.03:439][  0]LogStats: UGameplayTagsManager::ConstructGameplayTagTree: GameplayTagTreeChangedEvent.Broadcast -  0.000 s
[2017.12.03-19.15.03:560][  0]LogAIModule: Creating AISystem for world Untitled
[2017.12.03-19.15.03:585][  0]LogInit: XAudio2 using 'Speakers (Realtek High Definition Audio)' : 6 channels at 48 kHz using 32 bits per sample (channel mask 0x3f)
[2017.12.03-19.15.03:638][  0]LogInit: FAudioDevice initialized.
[2017.12.03-19.15.03:682][  0]LogDerivedDataCache: Saved boot cache 0.04s 78MB C:/Users/Cormac/AppData/Local/UnrealEngine/4.18/DerivedDataCache/Boot.ddc.
[2017.12.03-19.15.03:689][  0]LogInit: Texture streaming: Enabled
[2017.12.03-19.15.03:781][  0]LogEngineSessionManager: EngineSessionManager initialized
[2017.12.03-19.15.03:903][  0]LogInit: Transaction tracking system initialized
[2017.12.03-19.15.04:204][  0]BlueprintLog: New page: Editor Load
[2017.12.03-19.15.05:065][  0]LocalizationService: Localization service is disabled
[2017.12.03-19.15.05:797][  0]LogConsoleResponse: Display: 
[2017.12.03-19.15.05:972][  0]LogCook: Display: Max memory allowance for cook 16384mb min free memory 0mb
[2017.12.03-19.15.05:972][  0]LogCook: Display: Mobile HDR setting 1
[2017.12.03-19.15.05:972][  0]LogGameplayTags: Display: UGameplayTagsManager::DoneAddingNativeTags. DelegateIsBound: 0
[2017.12.03-19.15.06:024][  0]LogFileCache: Scanning file cache for directory 'C:/Users/Cormac/Desktop/StitchesAndBones/Content/' took 0.02s
[2017.12.03-19.15.07:070][  0]SourceControl: Source control is disabled
[2017.12.03-19.15.07:070][  0]Cmd: MAP LOAD FILE="../../../../../../Users/Cormac/Desktop/StitchesAndBones/Content/Kitchen.umap" TEMPLATE=0 SHOWPROGRESS=1 FEATURELEVEL=3
[2017.12.03-19.15.07:070][  0]LightingResults: New page: Lighting Build
[2017.12.03-19.15.07:110][  0]MapCheck: New page: Map Check
[2017.12.03-19.15.07:110][  0]LightingResults: New page: Lighting Build
[2017.12.03-19.15.07:980][  0]LogAIModule: Creating AISystem for world Kitchen
[2017.12.03-19.15.07:999][  0]LogEditorServer: Finished looking for orphan Actors (0.000 secs)
[2017.12.03-19.15.08:017][  0]Cmd: MAP CHECKDEP NOCLEARLOG
[2017.12.03-19.15.08:070][  0]MapCheck: Map check complete: 0 Error(s), 0 Warning(s), took 53.516ms to complete.
[2017.12.03-19.15.08:070][  0]LogFileHelpers: Loading map 'Kitchen' took 1.000
[2017.12.03-19.15.08:213][  0]LogCollectionManager: Loaded 0 collections in 0.001257 seconds
[2017.12.03-19.15.08:288][  0]LogFileCache: Scanning file cache for directory 'C:/Users/Cormac/Desktop/StitchesAndBones/Saved/Collections/' took 0.01s
[2017.12.03-19.15.08:288][  0]LogFileCache: Scanning file cache for directory 'C:/Users/Cormac/Desktop/StitchesAndBones/Content/Developers/Cormac/Collections/' took 0.01s
[2017.12.03-19.15.08:288][  0]LogFileCache: Scanning file cache for directory 'C:/Users/Cormac/Desktop/StitchesAndBones/Content/Collections/' took 0.01s
[2017.12.03-19.15.08:288][  0]LogCollectionManager: Rebuilt the GUID cache for 0 collections in 0.000000 seconds
[2017.12.03-19.15.08:295][  0]LogContentBrowser: Native class hierarchy populated in 0.0065 seconds. Added 2363 classes and 519 folders.
[2017.12.03-19.15.08:361][  0]LogContentBrowser: Native class hierarchy updated for 'WidgetCarousel' in 0.0002 seconds. Added 0 classes and 0 folders.
[2017.12.03-19.15.08:397][  0]LogContentBrowser: Native class hierarchy updated for 'AddContentDialog' in 0.0003 seconds. Added 0 classes and 0 folders.
[2017.12.03-19.15.08:442][  0]LogContentBrowser: Native class hierarchy updated for 'SceneOutliner' in 0.0002 seconds. Added 1 classes and 2 folders.
[2017.12.03-19.15.08:461][  0]LogSlate: Took 0.000227 seconds to synchronously load lazily loaded font '../../../Engine/Content/Slate/Fonts/Roboto-Regular.ttf' (155K)
[2017.12.03-19.15.08:464][  0]LogSlate: Took 0.000230 seconds to synchronously load lazily loaded font '../../../Engine/Content/Slate/Fonts/Roboto-Bold.ttf' (160K)
[2017.12.03-19.15.08:470][  0]LogSlate: Took 0.000108 seconds to synchronously load lazily loaded font '../../../Engine/Content/Editor/Slate/Fonts/FontAwesome.ttf' (139K)
[2017.12.03-19.15.08:569][  0]LogRenderer: Reallocating scene render targets to support 1072x576 Format 10 NumSamples 1 (Frame:1).
[2017.12.03-19.15.08:626][  0]LogSlate: Took 0.000432 seconds to synchronously load lazily loaded font '../../../Engine/Content/Slate/Fonts/Roboto-Light.ttf' (159K)
[2017.12.03-19.15.08:743][  0]LogContentBrowser: Native class hierarchy updated for 'HierarchicalLODOutliner' in 0.0003 seconds. Added 1 classes and 2 folders.
[2017.12.03-19.15.08:743][  0]LogLoad: (Engine Initialization) Total time: 17.36 seconds
[2017.12.03-19.15.08:743][  0]LogLoad: (Engine Initialization) Total Blueprint compile time: 0.00 seconds
[2017.12.03-19.15.08:743][  0]LogExternalProfiler: No external profilers were discovered.  External profiling features will not be available.
[2017.12.03-19.15.09:130][  0]LogContentStreaming: Texture pool size now 1000 MB
[2017.12.03-19.15.09:416][  1]LogFileCache: Retrieving MD5 hashes for directory 'C:/Users/Cormac/Desktop/StitchesAndBones/Content/' took 0.32s
[2017.12.03-19.15.09:431][  1]LogAssetRegistry: Asset discovery search completed in 11.6687 seconds
[2017.12.03-19.15.09:433][  1]LogCollectionManager: Rebuilt the object cache for 0 collections in 0.000000 seconds (found 0 objects)
[2017.12.03-19.15.09:433][  1]LogCollectionManager: Fixed up redirectors for 0 collections in 0.000073 seconds (updated 0 objects)
[2017.12.03-19.15.20:564][157]LogSlate: Took 0.000146 seconds to synchronously load lazily loaded font '../../../Engine/Content/Slate/Fonts/Roboto-Light.ttf' (159K)
[2017.12.03-19.15.20:601][157]LogAIModule: Creating AISystem for world TitleScreen
[2017.12.03-19.15.20:615][157]Cmd: MAP LOAD FILE="../../../../../../Users/Cormac/Desktop/StitchesAndBones/Content/TitleScreen.umap" TEMPLATE=0 SHOWPROGRESS=1 FEATURELEVEL=3
[2017.12.03-19.15.20:615][157]LightingResults: New page: Lighting Build
[2017.12.03-19.15.20:616][157]LoadErrors: New page: Loading map: TitleScreen.umap
[2017.12.03-19.15.20:617][157]MapCheck: New page: Map Check
[2017.12.03-19.15.20:617][157]LightingResults: New page: Lighting Build
[2017.12.03-19.15.20:628][157]LogEditorServer: Finished looking for orphan Actors (0.000 secs)
[2017.12.03-19.15.20:678][157]Cmd: MAP CHECKDEP NOCLEARLOG
[2017.12.03-19.15.20:727][157]MapCheck: Map check complete: 0 Error(s), 0 Warning(s), took 48.49ms to complete.
[2017.12.03-19.15.20:727][157]LogFileHelpers: Loading map 'TitleScreen' took 0.113
[2017.12.03-19.15.21:570][207]LogTemp: Repeating last play command: Selected Viewport
[2017.12.03-19.15.21:616][207]LogBlueprintUserMessages: Early PlayInEditor Detection: Level '/Game/TitleScreen.TitleScreen:PersistentLevel' has LevelScriptBlueprint '/Game/TitleScreen.TitleScreen:PersistentLevel.TitleScreen' with GeneratedClass '/Game/TitleScreen.TitleScreen_C' with ClassGeneratedBy '/Game/TitleScreen.TitleScreen:PersistentLevel.TitleScreen'
[2017.12.03-19.15.21:616][207]LogPlayLevel: PlayLevel: No blueprints needed recompiling
[2017.12.03-19.15.21:616][207]PIE: New page: PIE session: TitleScreen (3 Dec 2017 19:15:21)
[2017.12.03-19.15.21:616][207]LogPlayLevel: Creating play world package: /Game/UEDPIE_0_TitleScreen
[2017.12.03-19.15.21:618][207]LogPlayLevel: PIE: StaticDuplicateObject took: (0.001441s)
[2017.12.03-19.15.21:618][207]LogAIModule: Creating AISystem for world TitleScreen
[2017.12.03-19.15.21:618][207]LogPlayLevel: PIE: World Init took: (0.000468s)
[2017.12.03-19.15.21:618][207]LogPlayLevel: PIE: Created PIE world by copying editor world from /Game/TitleScreen.TitleScreen to /Game/UEDPIE_0_TitleScreen.TitleScreen (0.002085s)
[2017.12.03-19.15.21:647][207]LogInit: XAudio2 using 'Speakers (Realtek High Definition Audio)' : 6 channels at 48 kHz using 32 bits per sample (channel mask 0x3f)
[2017.12.03-19.15.21:702][207]LogInit: FAudioDevice initialized.
[2017.12.03-19.15.21:748][207]LogLoad: Game class is 'MyGame_C'
[2017.12.03-19.15.21:749][207]LogWorld: Bringing World /Game/UEDPIE_0_TitleScreen.TitleScreen up for play (max tick rate 60) at 2017.12.03-19.15.21
[2017.12.03-19.15.21:749][207]LogWorld: Bringing up level for play took: 0.000406
[2017.12.03-19.15.21:784][207]LogContentBrowser: Native class hierarchy updated for 'MovieSceneCapture' in 0.0003 seconds. Added 11 classes and 0 folders.
[2017.12.03-19.15.21:785][207]PIE: Play in editor start time for /Game/UEDPIE_0_TitleScreen -0.304
[2017.12.03-19.15.21:785][207]LogBlueprintUserMessages: Late PlayInEditor Detection: Level '/Game/TitleScreen.TitleScreen:PersistentLevel' has LevelScriptBlueprint '/Game/TitleScreen.TitleScreen:PersistentLevel.TitleScreen' with GeneratedClass '/Game/TitleScreen.TitleScreen_C' with ClassGeneratedBy '/Game/TitleScreen.TitleScreen:PersistentLevel.TitleScreen'
[2017.12.03-19.15.21:796][207]LogSlate: Took 0.002164 seconds to synchronously load lazily loaded font '../../../Engine/Content/Slate/Fonts/DroidSansFallback.ttf' (3848K)
[2017.12.03-19.15.27:112][526]LogNet: Browse: /Game/Kitchen
[2017.12.03-19.15.27:112][526]LogLoad: LoadMap: /Game/Kitchen
[2017.12.03-19.15.27:465][526]LogAIModule: Creating AISystem for world Kitchen
[2017.12.03-19.15.27:465][526]LogLoad: Game class is 'MyGame_C'
[2017.12.03-19.15.27:473][526]LogWorld: Bringing World /Game/UEDPIE_0_Kitchen.Kitchen up for play (max tick rate 60) at 2017.12.03-19.15.27
[2017.12.03-19.15.27:474][526]LogWorld: Bringing up level for play took: 0.008177
[2017.12.03-19.15.27:475][526]LogLoad: Took 0.363341 seconds to LoadMap(/Game/Kitchen)
[2017.12.03-19.15.27:478][526]LogAudio: Warning: Detected orphaned looping sound 'cavemusic'.
[2017.12.03-19.15.28:960][615]LogBlueprintUserMessages: Early EndPlayMap Detection: Level '/Game/TitleScreen.TitleScreen:PersistentLevel' has LevelScriptBlueprint '/Game/TitleScreen.TitleScreen:PersistentLevel.TitleScreen' with GeneratedClass '/Game/TitleScreen.TitleScreen_C' with ClassGeneratedBy '/Game/TitleScreen.TitleScreen:PersistentLevel.TitleScreen'
[2017.12.03-19.15.28:994][615]LogBlueprintUserMessages: Late EndPlayMap Detection: Level '/Game/TitleScreen.TitleScreen:PersistentLevel' has LevelScriptBlueprint '/Game/TitleScreen.TitleScreen:PersistentLevel.TitleScreen' with GeneratedClass '/Game/TitleScreen.TitleScreen_C' with ClassGeneratedBy '/Game/TitleScreen.TitleScreen:PersistentLevel.TitleScreen'
[2017.12.03-19.15.54:986][173]LogSlate: Took 0.000174 seconds to synchronously load lazily loaded font '../../../Engine/Content/Slate/Fonts/Roboto-Light.ttf' (159K)
[2017.12.03-19.15.55:702][199]LogContentBrowser: Native class hierarchy updated for 'BlueprintGraph' in 0.0005 seconds. Added 116 classes and 0 folders.
[2017.12.03-19.15.56:222][199]LogSlate: Took 0.000153 seconds to synchronously load lazily loaded font '../../../Engine/Content/Editor/Slate/Fonts/Roboto-BoldCondensed.ttf' (158K)
[2017.12.03-19.15.56:332][200]LogSlate: Took 0.000191 seconds to synchronously load lazily loaded font '../../../Engine/Content/Editor/Slate/Fonts/Roboto-Italic.ttf' (157K)
[2017.12.03-19.16.34:438][470]LogSlate: Warning: Prevented a slow task dialog from being summoned while a context menu was open
[2017.12.03-19.17.04:790][272]LogTemp: Repeating last play command: Selected Viewport
[2017.12.03-19.17.04:823][272]LogBlueprintUserMessages: Early PlayInEditor Detection: Level '/Game/TitleScreen.TitleScreen:PersistentLevel' has LevelScriptBlueprint '/Game/TitleScreen.TitleScreen:PersistentLevel.TitleScreen' with GeneratedClass '/Game/TitleScreen.TitleScreen_C' with ClassGeneratedBy '/Game/TitleScreen.TitleScreen:PersistentLevel.TitleScreen'
[2017.12.03-19.17.04:823][272]LogPlayLevel: PlayLevel: No blueprints needed recompiling
[2017.12.03-19.17.04:823][272]PIE: New page: PIE session: TitleScreen (3 Dec 2017 19:17:04)
[2017.12.03-19.17.04:823][272]LogPlayLevel: Creating play world package: /Game/UEDPIE_0_TitleScreen
[2017.12.03-19.17.04:826][272]LogPlayLevel: PIE: StaticDuplicateObject took: (0.002039s)
[2017.12.03-19.17.04:826][272]LogAIModule: Creating AISystem for world TitleScreen
[2017.12.03-19.17.04:826][272]LogPlayLevel: PIE: World Init took: (0.000482s)
[2017.12.03-19.17.04:826][272]LogPlayLevel: PIE: Created PIE world by copying editor world from /Game/TitleScreen.TitleScreen to /Game/UEDPIE_0_TitleScreen.TitleScreen (0.002717s)
[2017.12.03-19.17.04:860][272]LogInit: XAudio2 using 'Speakers (Realtek High Definition Audio)' : 6 channels at 48 kHz using 32 bits per sample (channel mask 0x3f)
[2017.12.03-19.17.04:903][272]LogInit: FAudioDevice initialized.
[2017.12.03-19.17.04:934][272]LogLoad: Game class is 'MyGame_C'
[2017.12.03-19.17.04:935][272]LogWorld: Bringing World /Game/UEDPIE_0_TitleScreen.TitleScreen up for play (max tick rate 60) at 2017.12.03-19.17.04
[2017.12.03-19.17.04:935][272]LogWorld: Bringing up level for play took: 0.000455
[2017.12.03-19.17.04:937][272]PIE: Play in editor start time for /Game/UEDPIE_0_TitleScreen 0.847
[2017.12.03-19.17.04:937][272]LogBlueprintUserMessages: Late PlayInEditor Detection: Level '/Game/TitleScreen.TitleScreen:PersistentLevel' has LevelScriptBlueprint '/Game/TitleScreen.TitleScreen:PersistentLevel.TitleScreen' with GeneratedClass '/Game/TitleScreen.TitleScreen_C' with ClassGeneratedBy '/Game/TitleScreen.TitleScreen:PersistentLevel.TitleScreen'
[2017.12.03-19.17.06:950][393]LogNet: Browse: /Game/Kitchen
[2017.12.03-19.17.06:951][393]LogLoad: LoadMap: /Game/Kitchen
[2017.12.03-19.17.07:193][393]LogAIModule: Creating AISystem for world Kitchen
[2017.12.03-19.17.07:193][393]LogLoad: Game class is 'MyGame_C'
[2017.12.03-19.17.07:201][393]LogWorld: Bringing World /Game/UEDPIE_0_Kitchen.Kitchen up for play (max tick rate 60) at 2017.12.03-19.17.07
[2017.12.03-19.17.07:202][393]LogWorld: Bringing up level for play took: 0.008420
[2017.12.03-19.17.07:203][393]LogLoad: Took 0.252273 seconds to LoadMap(/Game/Kitchen)
[2017.12.03-19.17.07:205][393]LogAudio: Warning: Detected orphaned looping sound 'cavemusic'.
[2017.12.03-19.17.08:456][468]LogBlueprintUserMessages: Early EndPlayMap Detection: Level '/Game/TitleScreen.TitleScreen:PersistentLevel' has LevelScriptBlueprint '/Game/TitleScreen.TitleScreen:PersistentLevel.TitleScreen' with GeneratedClass '/Game/TitleScreen.TitleScreen_C' with ClassGeneratedBy '/Game/TitleScreen.TitleScreen:PersistentLevel.TitleScreen'
[2017.12.03-19.17.08:491][468]LogBlueprintUserMessages: Late EndPlayMap Detection: Level '/Game/TitleScreen.TitleScreen:PersistentLevel' has LevelScriptBlueprint '/Game/TitleScreen.TitleScreen:PersistentLevel.TitleScreen' with GeneratedClass '/Game/TitleScreen.TitleScreen_C' with ClassGeneratedBy '/Game/TitleScreen.TitleScreen:PersistentLevel.TitleScreen'
[2017.12.03-19.17.18:365][ 59]LogSlate: Warning: Prevented a slow task dialog from being summoned while a context menu was open
[2017.12.03-19.17.24:099][384]BlueprintLog: New page: Compile MyGame
[2017.12.03-19.17.32:238][859]Cmd: OBJ SAVEPACKAGE PACKAGE="/Game/CaveAssets/Characters/MyGame" FILE="../../../../../../Users/Cormac/Desktop/StitchesAndBones/Content/CaveAssets/Characters/MyGame.uasset" SILENT=true
[2017.12.03-19.17.32:310][859]LogSavePackage: Save=52.58ms
[2017.12.03-19.17.32:310][859]LogSavePackage: Moving '../../../../../../Users/Cormac/Desktop/StitchesAndBones/Saved/MyGame086CC6524CA4D69EC05C5C84BA2CA308.tmp' to '../../../../../../Users/Cormac/Desktop/StitchesAndBones/Content/CaveAssets/Characters/MyGame.uasset'
[2017.12.03-19.17.32:313][859]LogSavePackage: Display: Finished SavePackage ../../../../../../Users/Cormac/Desktop/StitchesAndBones/Content/CaveAssets/Characters/MyGame.uasset
[2017.12.03-19.17.35:559][ 49]Cmd: MAP LOAD FILE="../../../../../../Users/Cormac/Desktop/StitchesAndBones/Content/TitleScreen.umap" TEMPLATE=0 SHOWPROGRESS=1 FEATURELEVEL=3
[2017.12.03-19.17.35:559][ 49]LightingResults: New page: Lighting Build
[2017.12.03-19.17.35:560][ 49]LoadErrors: New page: Loading map: TitleScreen.umap
[2017.12.03-19.17.35:560][ 49]MapCheck: New page: Map Check
[2017.12.03-19.17.35:560][ 49]LightingResults: New page: Lighting Build
[2017.12.03-19.17.35:667][ 49]LogAIModule: Creating AISystem for world TitleScreen
[2017.12.03-19.17.35:668][ 49]LogEditorServer: Finished looking for orphan Actors (0.000 secs)
[2017.12.03-19.17.35:726][ 49]Cmd: MAP CHECKDEP NOCLEARLOG
[2017.12.03-19.17.35:784][ 49]MapCheck: Map check complete: 0 Error(s), 0 Warning(s), took 57.494ms to complete.
[2017.12.03-19.17.35:784][ 49]LogFileHelpers: Loading map 'TitleScreen' took 0.226
[2017.12.03-19.18.14:068][317]BlueprintLog: New page: Compile TitleScreen
[2017.12.03-19.18.14:626][340]Cmd: OBJ SAVEPACKAGE PACKAGE="/Game/TitleScreen" FILE="../../../../../../Users/Cormac/Desktop/StitchesAndBones/Content/TitleScreen.umap" SILENT=true AUTOSAVING=false KEEPDIRTY=false
[2017.12.03-19.18.14:805][340]LogSavePackage: Save=148.38ms
[2017.12.03-19.18.14:805][340]LogSavePackage: Moving '../../../../../../Users/Cormac/Desktop/StitchesAndBones/Saved/TitleScreen33198FD845073F91761546AF2DCF2E0F.tmp' to '../../../../../../Users/Cormac/Desktop/StitchesAndBones/Content/TitleScreen.umap'
[2017.12.03-19.18.14:808][340]LogSavePackage: Display: Finished SavePackage ../../../../../../Users/Cormac/Desktop/StitchesAndBones/Content/TitleScreen.umap
[2017.12.03-19.18.14:851][340]LogFileHelpers: Saving map 'TitleScreen' took 0.278
[2017.12.03-19.18.19:937][640]LogSlate: Warning: Prevented a slow task dialog from being summoned while a context menu was open
[2017.12.03-19.18.38:197][719]Cmd: OBJ SAVEPACKAGE PACKAGE="/Game/TitleScreen" FILE="../../../../../../Users/Cormac/Desktop/StitchesAndBones/Content/TitleScreen.umap" SILENT=true AUTOSAVING=false KEEPDIRTY=false
[2017.12.03-19.18.38:368][719]LogSavePackage: Save=142.43ms
[2017.12.03-19.18.38:368][719]LogSavePackage: Moving '../../../../../../Users/Cormac/Desktop/StitchesAndBones/Saved/TitleScreen1F9A700E4FEF3ED16D6DB4A422490008.tmp' to '../../../../../../Users/Cormac/Desktop/StitchesAndBones/Content/TitleScreen.umap'
[2017.12.03-19.18.38:371][719]LogSavePackage: Display: Finished SavePackage ../../../../../../Users/Cormac/Desktop/StitchesAndBones/Content/TitleScreen.umap
[2017.12.03-19.19.54:012][189]BlueprintLog: New page: Compile MyGame
[2017.12.03-19.19.54:600][212]Cmd: OBJ SAVEPACKAGE PACKAGE="/Game/CaveAssets/Characters/MyGame" FILE="../../../../../../Users/Cormac/Desktop/StitchesAndBones/Content/CaveAssets/Characters/MyGame.uasset" SILENT=true
[2017.12.03-19.19.54:666][212]LogSavePackage: Save=50.44ms
[2017.12.03-19.19.54:666][212]LogSavePackage: Moving '../../../../../../Users/Cormac/Desktop/StitchesAndBones/Saved/MyGameEC014AC14ECE121B9824FAA8D05E53CB.tmp' to '../../../../../../Users/Cormac/Desktop/StitchesAndBones/Content/CaveAssets/Characters/MyGame.uasset'
[2017.12.03-19.19.54:669][212]LogSavePackage: Display: Finished SavePackage ../../../../../../Users/Cormac/Desktop/StitchesAndBones/Content/CaveAssets/Characters/MyGame.uasset
[2017.12.03-19.20.43:915][121]LogSlate: Warning: Prevented a slow task dialog from being summoned while a context menu was open
[2017.12.03-19.20.59:063][ 10]BlueprintLog: New page: Compile MyGame
[2017.12.03-19.20.59:693][ 35]Cmd: OBJ SAVEPACKAGE PACKAGE="/Game/CaveAssets/Characters/MyGame" FILE="../../../../../../Users/Cormac/Desktop/StitchesAndBones/Content/CaveAssets/Characters/MyGame.uasset" SILENT=true
[2017.12.03-19.20.59:760][ 35]LogSavePackage: Save=51.43ms
[2017.12.03-19.20.59:760][ 35]LogSavePackage: Moving '../../../../../../Users/Cormac/Desktop/StitchesAndBones/Saved/MyGame36B983134F8642831889058FB6DF1577.tmp' to '../../../../../../Users/Cormac/Desktop/StitchesAndBones/Content/CaveAssets/Characters/MyGame.uasset'
[2017.12.03-19.20.59:763][ 35]LogSavePackage: Display: Finished SavePackage ../../../../../../Users/Cormac/Desktop/StitchesAndBones/Content/CaveAssets/Characters/MyGame.uasset
[2017.12.03-19.21.48:391][906]BlueprintLog: New page: Compile TitleScreen
[2017.12.03-19.21.49:397][956]Cmd: OBJ SAVEPACKAGE PACKAGE="/Game/TitleScreen" FILE="../../../../../../Users/Cormac/Desktop/StitchesAndBones/Content/TitleScreen.umap" SILENT=true AUTOSAVING=false KEEPDIRTY=false
[2017.12.03-19.21.49:573][956]LogSavePackage: Save=147.76ms
[2017.12.03-19.21.49:573][956]LogSavePackage: Moving '../../../../../../Users/Cormac/Desktop/StitchesAndBones/Saved/TitleScreen5DB2CA92445972182902E5940FA3C963.tmp' to '../../../../../../Users/Cormac/Desktop/StitchesAndBones/Content/TitleScreen.umap'
[2017.12.03-19.21.49:576][956]LogSavePackage: Display: Finished SavePackage ../../../../../../Users/Cormac/Desktop/StitchesAndBones/Content/TitleScreen.umap
[2017.12.03-19.21.49:619][956]LogFileHelpers: Saving map 'TitleScreen' took 0.278
[2017.12.03-19.21.55:027][277]LogSlate: Warning: Prevented a slow task dialog from being summoned while a context menu was open
[2017.12.03-19.22.06:174][928]BlueprintLog: New page: Compile MyGame
[2017.12.03-19.22.06:673][946]Cmd: OBJ SAVEPACKAGE PACKAGE="/Game/CaveAssets/Characters/MyGame" FILE="../../../../../../Users/Cormac/Desktop/StitchesAndBones/Content/CaveAssets/Characters/MyGame.uasset" SILENT=true
[2017.12.03-19.22.06:733][946]LogSavePackage: Save=50.28ms
[2017.12.03-19.22.06:733][946]LogSavePackage: Moving '../../../../../../Users/Cormac/Desktop/StitchesAndBones/Saved/MyGame75EB8B3E475D0D9106C1569ABECEB9C9.tmp' to '../../../../../../Users/Cormac/Desktop/StitchesAndBones/Content/CaveAssets/Characters/MyGame.uasset'
[2017.12.03-19.22.06:736][946]LogSavePackage: Display: Finished SavePackage ../../../../../../Users/Cormac/Desktop/StitchesAndBones/Content/CaveAssets/Characters/MyGame.uasset
[2017.12.03-19.22.34:172][589]BlueprintLog: New page: Compile MyGame
[2017.12.03-19.22.34:764][612]Cmd: OBJ SAVEPACKAGE PACKAGE="/Game/CaveAssets/Characters/MyGame" FILE="../../../../../../Users/Cormac/Desktop/StitchesAndBones/Content/CaveAssets/Characters/MyGame.uasset" SILENT=true
[2017.12.03-19.22.34:833][612]LogSavePackage: Save=50.63ms
[2017.12.03-19.22.34:833][612]LogSavePackage: Moving '../../../../../../Users/Cormac/Desktop/StitchesAndBones/Saved/MyGameB532DA7F4222807560EBD491CF38C266.tmp' to '../../../../../../Users/Cormac/Desktop/StitchesAndBones/Content/CaveAssets/Characters/MyGame.uasset'
[2017.12.03-19.22.34:836][612]LogSavePackage: Display: Finished SavePackage ../../../../../../Users/Cormac/Desktop/StitchesAndBones/Content/CaveAssets/Characters/MyGame.uasset
[2017.12.03-19.23.08:466][597]LogUObjectBase: Warning: Object is not registered
[2017.12.03-19.23.08:797][597]LogStats: FPlatformStackWalk::StackWalkAndDump -  0.331 s
[2017.12.03-19.23.08:797][597]LogOutputDevice: Error: === Handled ensure: ===
[2017.12.03-19.23.08:797][597]LogOutputDevice: Error: 
[2017.12.03-19.23.08:797][597]LogOutputDevice: Error: Ensure condition failed: false [File:D:\Build\++UE4+Release-4.18+Compile\Sync\Engine\Source\Editor\UnrealEd\Private\Kismet2\KismetDebugUtilities.cpp] [Line: 1029]
[2017.12.03-19.23.08:797][597]LogOutputDevice: Error: Error: Invalid (but non-null) property associated with pin; cannot get variable value
[2017.12.03-19.23.08:797][597]LogOutputDevice: Error: Stack: 
[2017.12.03-19.23.08:797][597]LogOutputDevice: Error: [Callstack] 0x0000000003322786 UE4Editor-Core.dll!UnknownFunction []
[2017.12.03-19.23.08:797][597]LogOutputDevice: Error: [Callstack] 0x00000000030C123A UE4Editor-Core.dll!UnknownFunction []
[2017.12.03-19.23.08:797][597]LogOutputDevice: Error: [Callstack] 0x00000000030DB906 UE4Editor-Core.dll!UnknownFunction []
[2017.12.03-19.23.08:797][597]LogOutputDevice: Error: [Callstack] 0x00000000FEFB32B6 UE4Editor-UnrealEd.dll!UnknownFunction []
[2017.12.03-19.23.08:797][597]LogOutputDevice: Error: [Callstack] 0x00000000F72C03AB UE4Editor-BlueprintGraph.dll!UnknownFunction []
[2017.12.03-19.23.08:797][597]LogOutputDevice: Error: [Callstack] 0x00000000F5CB3EBA UE4Editor-GraphEditor.dll!UnknownFunction []
[2017.12.03-19.23.08:797][597]LogOutputDevice: Error: [Callstack] 0x00000000F5B474AC UE4Editor-GraphEditor.dll!UnknownFunction []
[2017.12.03-19.23.08:797][597]LogOutputDevice: Error: [Callstack] 0x00000000F5B4ABF9 UE4Editor-GraphEditor.dll!UnknownFunction []
[2017.12.03-19.23.08:797][597]LogOutputDevice: Error: [Callstack] 0x00000000F5C78225 UE4Editor-GraphEditor.dll!UnknownFunction []
[2017.12.03-19.23.08:797][597]LogOutputDevice: Error: [Callstack] 0x000000002B567397 UE4Editor-Slate.dll!UnknownFunction []
[2017.12.03-19.23.08:797][597]LogOutputDevice: Error: [Callstack] 0x000000002B56CE61 UE4Editor-Slate.dll!UnknownFunction []
[2017.12.03-19.23.08:797][597]LogOutputDevice: Error: [Callstack] 0x000000002B7A9913 UE4Editor-Slate.dll!UnknownFunction []
[2017.12.03-19.23.08:797][597]LogOutputDevice: Error: [Callstack] 0x000000002B5C3484 UE4Editor-Slate.dll!UnknownFunction []
[2017.12.03-19.23.08:797][597]LogOutputDevice: Error: [Callstack] 0x000000002B5BD1F1 UE4Editor-Slate.dll!UnknownFunction []
[2017.12.03-19.23.08:798][597]LogOutputDevice: Error: [Callstack] 0x000000002B5BC953 UE4Editor-Slate.dll!UnknownFunction []
[2017.12.03-19.23.08:798][597]LogOutputDevice: Error: [Callstack] 0x000000004A0669CA UE4Editor.exe!UnknownFunction []
[2017.12.03-19.23.08:798][597]LogOutputDevice: Error: [Callstack] 0x000000004A075430 UE4Editor.exe!UnknownFunction []
[2017.12.03-19.23.08:798][597]LogOutputDevice: Error: [Callstack] 0x000000004A0754AA UE4Editor.exe!UnknownFunction []
[2017.12.03-19.23.08:798][597]LogOutputDevice: Error: [Callstack] 0x000000004A082379 UE4Editor.exe!UnknownFunction []
[2017.12.03-19.23.08:798][597]LogOutputDevice: Error: [Callstack] 0x000000004A083D57 UE4Editor.exe!UnknownFunction []
[2017.12.03-19.23.08:798][597]LogOutputDevice: Error: [Callstack] 0x000000005CFF2774 KERNEL32.DLL!UnknownFunction []
[2017.12.03-19.23.08:798][597]LogOutputDevice: Error: [Callstack] 0x000000005D7B0D51 ntdll.dll!UnknownFunction []
[2017.12.03-19.23.08:798][597]LogOutputDevice: Error: 
[2017.12.03-19.23.08:807][597]LogStats:                SubmitErrorReport -  0.000 s
[2017.12.03-19.23.09:248][597]LogStats:                    SendNewReport -  0.441 s
[2017.12.03-19.23.09:248][597]LogStats:             FDebug::EnsureFailed -  0.782 s
[2017.12.03-19.23.09:826][632]LogUObjectBase: Warning: Object is not registered
[2017.12.03-19.23.09:826][632]LogUObjectBase: Warning: Object is not registered
[2017.12.03-19.23.09:827][632]LogUObjectBase: Warning: Object is not registered
[2017.12.03-19.23.09:828][632]LogUObjectBase: Warning: Object is not registered
[2017.12.03-19.23.09:832][632]LogUObjectBase: Warning: Object is not registered
[2017.12.03-19.23.10:126][650]LogUObjectBase: Warning: Object is not registered
[2017.12.03-19.23.10:126][650]LogUObjectBase: Warning: Object is not registered
[2017.12.03-19.23.10:127][650]LogUObjectBase: Warning: Object is not registered
[2017.12.03-19.23.10:129][650]LogUObjectBase: Warning: Object is not registered
[2017.12.03-19.23.10:132][650]LogUObjectBase: Warning: Object is not registered
[2017.12.03-19.23.10:142][651]LogUObjectBase: Warning: Object is not registered
[2017.12.03-19.23.10:144][651]LogUObjectBase: Warning: Object is not registered
[2017.12.03-19.23.10:147][651]LogUObjectBase: Warning: Object is not registered
[2017.12.03-19.23.10:159][652]LogUObjectBase: Warning: Object is not registered
[2017.12.03-19.23.10:160][652]LogUObjectBase: Warning: Object is not registered
[2017.12.03-19.23.10:163][652]LogUObjectBase: Warning: Object is not registered
[2017.12.03-19.23.10:176][653]LogUObjectBase: Warning: Object is not registered
[2017.12.03-19.23.10:177][653]LogUObjectBase: Warning: Object is not registered
[2017.12.03-19.23.10:180][653]LogUObjectBase: Warning: Object is not registered
[2017.12.03-19.23.10:192][654]LogUObjectBase: Warning: Object is not registered
[2017.12.03-19.23.10:193][654]LogUObjectBase: Warning: Object is not registered
[2017.12.03-19.23.10:196][654]LogUObjectBase: Warning: Object is not registered
[2017.12.03-19.23.10:209][655]LogUObjectBase: Warning: Object is not registered
[2017.12.03-19.23.10:210][655]LogUObjectBase: Warning: Object is not registered
[2017.12.03-19.23.10:214][655]LogUObjectBase: Warning: Object is not registered
[2017.12.03-19.24.02:052][736]BlueprintLog: New page: Compile TitleScreen
[2017.12.03-19.24.02:563][756]Cmd: OBJ SAVEPACKAGE PACKAGE="/Game/TitleScreen" FILE="../../../../../../Users/Cormac/Desktop/StitchesAndBones/Content/TitleScreen.umap" SILENT=true AUTOSAVING=false KEEPDIRTY=false
[2017.12.03-19.24.02:755][756]LogSavePackage: Save=159.00ms
[2017.12.03-19.24.02:755][756]LogSavePackage: Moving '../../../../../../Users/Cormac/Desktop/StitchesAndBones/Saved/TitleScreen9ED9EB3A4DD0CCBE91E62CA3687C7A8F.tmp' to '../../../../../../Users/Cormac/Desktop/StitchesAndBones/Content/TitleScreen.umap'
[2017.12.03-19.24.02:758][756]LogSavePackage: Display: Finished SavePackage ../../../../../../Users/Cormac/Desktop/StitchesAndBones/Content/TitleScreen.umap
[2017.12.03-19.24.02:800][756]LogFileHelpers: Saving map 'TitleScreen' took 0.289
[2017.12.03-19.24.04:797][873]LogTemp: Repeating last play command: Selected Viewport
[2017.12.03-19.24.04:826][873]LogBlueprintUserMessages: Early PlayInEditor Detection: Level '/Game/TitleScreen.TitleScreen:PersistentLevel' has LevelScriptBlueprint '/Game/TitleScreen.TitleScreen:PersistentLevel.TitleScreen' with GeneratedClass '/Game/TitleScreen.TitleScreen_C' with ClassGeneratedBy '/Game/TitleScreen.TitleScreen:PersistentLevel.TitleScreen'
[2017.12.03-19.24.04:826][873]LogPlayLevel: PlayLevel: No blueprints needed recompiling
[2017.12.03-19.24.04:826][873]PIE: New page: PIE session: TitleScreen (3 Dec 2017 19:24:04)
[2017.12.03-19.24.04:826][873]LogPlayLevel: Creating play world package: /Game/UEDPIE_0_TitleScreen
[2017.12.03-19.24.04:828][873]LogPlayLevel: PIE: StaticDuplicateObject took: (0.001536s)
[2017.12.03-19.24.04:828][873]LogAIModule: Creating AISystem for world TitleScreen
[2017.12.03-19.24.04:828][873]LogPlayLevel: PIE: World Init took: (0.000598s)
[2017.12.03-19.24.04:829][873]LogPlayLevel: PIE: Created PIE world by copying editor world from /Game/TitleScreen.TitleScreen to /Game/UEDPIE_0_TitleScreen.TitleScreen (0.002389s)
[2017.12.03-19.24.04:863][873]LogInit: XAudio2 using 'Speakers (Realtek High Definition Audio)' : 6 channels at 48 kHz using 32 bits per sample (channel mask 0x3f)
[2017.12.03-19.24.04:907][873]LogInit: FAudioDevice initialized.
[2017.12.03-19.24.04:937][873]LogLoad: Game class is 'MyGame_C'
[2017.12.03-19.24.04:938][873]LogWorld: Bringing World /Game/UEDPIE_0_TitleScreen.TitleScreen up for play (max tick rate 60) at 2017.12.03-19.24.04
[2017.12.03-19.24.04:938][873]LogWorld: Bringing up level for play took: 0.000323
[2017.12.03-19.24.04:942][873]PIE: Play in editor start time for /Game/UEDPIE_0_TitleScreen 0.853
[2017.12.03-19.24.04:943][873]LogBlueprintUserMessages: Late PlayInEditor Detection: Level '/Game/TitleScreen.TitleScreen:PersistentLevel' has LevelScriptBlueprint '/Game/TitleScreen.TitleScreen:PersistentLevel.TitleScreen' with GeneratedClass '/Game/TitleScreen.TitleScreen_C' with ClassGeneratedBy '/Game/TitleScreen.TitleScreen:PersistentLevel.TitleScreen'
[2017.12.03-19.24.09:742][161]LogNet: Browse: /Game/Kitchen
[2017.12.03-19.24.09:742][161]LogLoad: LoadMap: /Game/Kitchen
[2017.12.03-19.24.09:936][161]LogAIModule: Creating AISystem for world Kitchen
[2017.12.03-19.24.09:937][161]LogLoad: Game class is 'MyGame_C'
[2017.12.03-19.24.09:947][161]LogWorld: Bringing World /Game/UEDPIE_0_Kitchen.Kitchen up for play (max tick rate 60) at 2017.12.03-19.24.09
[2017.12.03-19.24.09:947][161]LogWorld: Bringing up level for play took: 0.009693
[2017.12.03-19.24.09:952][161]LogLoad: Took 0.209515 seconds to LoadMap(/Game/Kitchen)
[2017.12.03-19.24.09:955][161]LogAudio: Warning: Detected orphaned looping sound 'cavemusic'.
[2017.12.03-19.24.11:059][227]LogBlueprintUserMessages: Early EndPlayMap Detection: Level '/Game/TitleScreen.TitleScreen:PersistentLevel' has LevelScriptBlueprint '/Game/TitleScreen.TitleScreen:PersistentLevel.TitleScreen' with GeneratedClass '/Game/TitleScreen.TitleScreen_C' with ClassGeneratedBy '/Game/TitleScreen.TitleScreen:PersistentLevel.TitleScreen'
[2017.12.03-19.24.11:093][227]LogBlueprintUserMessages: Late EndPlayMap Detection: Level '/Game/TitleScreen.TitleScreen:PersistentLevel' has LevelScriptBlueprint '/Game/TitleScreen.TitleScreen:PersistentLevel.TitleScreen' with GeneratedClass '/Game/TitleScreen.TitleScreen_C' with ClassGeneratedBy '/Game/TitleScreen.TitleScreen:PersistentLevel.TitleScreen'
[2017.12.03-19.25.44:002][773]BlueprintLog: New page: Compile MyGame
[2017.12.03-19.25.44:501][790]Cmd: OBJ SAVEPACKAGE PACKAGE="/Game/CaveAssets/Characters/MyGame" FILE="../../../../../../Users/Cormac/Desktop/StitchesAndBones/Content/CaveAssets/Characters/MyGame.uasset" SILENT=true
[2017.12.03-19.25.44:565][790]LogSavePackage: Save=48.13ms
[2017.12.03-19.25.44:565][790]LogSavePackage: Moving '../../../../../../Users/Cormac/Desktop/StitchesAndBones/Saved/MyGame126170BB4C235E1A54AE02AD60145D2B.tmp' to '../../../../../../Users/Cormac/Desktop/StitchesAndBones/Content/CaveAssets/Characters/MyGame.uasset'
[2017.12.03-19.25.44:567][790]LogSavePackage: Display: Finished SavePackage ../../../../../../Users/Cormac/Desktop/StitchesAndBones/Content/CaveAssets/Characters/MyGame.uasset
[2017.12.03-19.25.47:154][873]Cmd: OBJ SAVEPACKAGE PACKAGE="/Game/TitleScreen" FILE="../../../../../../Users/Cormac/Desktop/StitchesAndBones/Content/TitleScreen.umap" SILENT=true AUTOSAVING=false KEEPDIRTY=false
[2017.12.03-19.25.47:329][873]LogSavePackage: Save=152.49ms
[2017.12.03-19.25.47:329][873]LogSavePackage: Moving '../../../../../../Users/Cormac/Desktop/StitchesAndBones/Saved/TitleScreen2F2385484B8E7C2EE6BD22A359F47671.tmp' to '../../../../../../Users/Cormac/Desktop/StitchesAndBones/Content/TitleScreen.umap'
[2017.12.03-19.25.47:332][873]LogSavePackage: Display: Finished SavePackage ../../../../../../Users/Cormac/Desktop/StitchesAndBones/Content/TitleScreen.umap
[2017.12.03-19.25.47:374][873]LogFileHelpers: Saving map 'TitleScreen' took 0.276
[2017.12.03-19.25.47:736][874]Cmd: QUIT_EDITOR
[2017.12.03-19.25.48:629][874]LogWindowsTextInputMethodSystem: Display: IME system now deactivated.
[2017.12.03-19.25.48:638][874]LogExit: Preparing to exit.
[2017.12.03-19.25.49:284][874]LogDirectoryWatcher: A directory notification for 'C:/Users/Cormac/Desktop/StitchesAndBones/Content/' was aborted.
[2017.12.03-19.25.49:318][874]LogExit: Editor shut down
[2017.12.03-19.25.49:321][874]LogExit: Transaction tracking system shut down
[2017.12.03-19.25.49:415][874]LogDirectoryWatcher: A directory notification for '../../../Engine/Content/' was aborted.
[2017.12.03-19.25.49:415][874]LogDirectoryWatcher: A directory notification for '../../../../../../Users/Cormac/Desktop/StitchesAndBones/Content/' was aborted.
[2017.12.03-19.25.49:415][874]LogDirectoryWatcher: A directory notification for '../../../Engine/Plugins/2D/Paper2D/Content/' was aborted.
[2017.12.03-19.25.49:415][874]LogDirectoryWatcher: A directory notification for '../../../Engine/Plugins/Media/MediaCompositing/Content/' was aborted.
[2017.12.03-19.25.49:415][874]LogDirectoryWatcher: A directory notification for '../../../Engine/Plugins/Runtime/AppleARKit/Content/' was aborted.
[2017.12.03-19.25.49:415][874]LogDirectoryWatcher: A directory notification for '../../../Engine/Plugins/Runtime/Oculus/OculusVR/Content/' was aborted.
[2017.12.03-19.25.49:415][874]LogDirectoryWatcher: A directory notification for '../../../Engine/Plugins/Runtime/Steam/SteamVR/Content/' was aborted.
[2017.12.03-19.25.49:491][874]LogExit: Object subsystem successfully closed.
[2017.12.03-19.25.49:507][874]LogD3D11RHI: Shutdown
[2017.12.03-19.25.49:507][874]LogD3D11RHI: CleanupD3DDevice
[2017.12.03-19.25.49:509][874]LogD3D11RHI: ~FD3D11DynamicRHI
[2017.12.03-19.25.49:522][874]LogModuleManager: Shutting down and abandoning module BlueprintGraph (552)
[2017.12.03-19.25.49:522][874]LogModuleManager: Shutting down and abandoning module MovieSceneCapture (550)
[2017.12.03-19.25.49:522][874]LogModuleManager: Shutting down and abandoning module HierarchicalLODOutliner (548)
[2017.12.03-19.25.49:522][874]LogModuleManager: Shutting down and abandoning module SceneOutliner (546)
[2017.12.03-19.25.49:522][874]LogModuleManager: Shutting down and abandoning module AddContentDialog (544)
[2017.12.03-19.25.49:522][874]LogDirectoryWatcher: A directory notification for 'C:/Program Files/Epic Games/UE_4.18/FeaturePacks/' was aborted.
[2017.12.03-19.25.49:523][874]LogModuleManager: Shutting down and abandoning module WidgetCarousel (543)
[2017.12.03-19.25.49:523][874]LogModuleManager: Shutting down and abandoning module EditorWidgets (540)
[2017.12.03-19.25.49:523][874]LogModuleManager: Shutting down and abandoning module CollectionManager (538)
[2017.12.03-19.25.49:523][874]LogDirectoryWatcher: A directory notification for 'C:/Users/Cormac/Desktop/StitchesAndBones/Content/Collections/' was aborted.
[2017.12.03-19.25.49:523][874]LogDirectoryWatcher: A directory notification for 'C:/Users/Cormac/Desktop/StitchesAndBones/Content/Developers/Cormac/Collections/' was aborted.
[2017.12.03-19.25.49:523][874]LogDirectoryWatcher: A directory notification for 'C:/Users/Cormac/Desktop/StitchesAndBones/Saved/Collections/' was aborted.
[2017.12.03-19.25.49:523][874]LogModuleManager: Shutting down and abandoning module StatsViewer (536)
[2017.12.03-19.25.49:523][874]LogModuleManager: Shutting down and abandoning module FoliageEdit (534)
[2017.12.03-19.25.49:523][874]LogModuleManager: Shutting down and abandoning module LandscapeEditor (532)
[2017.12.03-19.25.49:523][874]LogModuleManager: Shutting down and abandoning module MeshPaintMode (530)
[2017.12.03-19.25.49:523][874]LogModuleManager: Shutting down and abandoning module SceneDepthPickerMode (528)
[2017.12.03-19.25.49:523][874]LogModuleManager: Shutting down and abandoning module ActorPickerMode (526)
[2017.12.03-19.25.49:523][874]LogModuleManager: Shutting down and abandoning module GeometryMode (524)
[2017.12.03-19.25.49:523][874]LogModuleManager: Shutting down and abandoning module TextureAlignMode (522)
[2017.12.03-19.25.49:523][874]LogModuleManager: Shutting down and abandoning module BspMode (520)
[2017.12.03-19.25.49:523][874]LogModuleManager: Shutting down and abandoning module PIEPreviewDeviceProfileSelector (518)
[2017.12.03-19.25.49:523][874]LogModuleManager: Shutting down and abandoning module HardwareSurvey (516)
[2017.12.03-19.25.49:523][874]LogModuleManager: Shutting down and abandoning module SequenceRecorderSections (514)
[2017.12.03-19.25.49:523][874]LogModuleManager: Shutting down and abandoning module AutomationWorker (512)
[2017.12.03-19.25.49:524][874]LogModuleManager: Shutting down and abandoning module MatineeToLevelSequence (510)
[2017.12.03-19.25.49:524][874]LogModuleManager: Shutting down and abandoning module LevelSequenceEditor (508)
[2017.12.03-19.25.49:524][874]LogModuleManager: Shutting down and abandoning module PlacementMode (507)
[2017.12.03-19.25.49:524][874]LogModuleManager: Shutting down and abandoning module WmfMediaFactory (504)
[2017.12.03-19.25.49:524][874]LogModuleManager: Shutting down and abandoning module WmfMediaEditor (502)
[2017.12.03-19.25.49:524][874]LogModuleManager: Shutting down and abandoning module OpenExrWrapper (500)
[2017.12.03-19.25.49:524][874]LogModuleManager: Shutting down and abandoning module ImgMediaFactory (498)
[2017.12.03-19.25.49:524][874]LogModuleManager: Shutting down and abandoning module ImgMediaEditor (496)
[2017.12.03-19.25.49:524][874]LogModuleManager: Shutting down and abandoning module AvfMediaFactory (494)
[2017.12.03-19.25.49:524][874]LogModuleManager: Shutting down and abandoning module AvfMediaEditor (492)
[2017.12.03-19.25.49:524][874]LogModuleManager: Shutting down and abandoning module AndroidMediaFactory (490)
[2017.12.03-19.25.49:524][874]LogModuleManager: Shutting down and abandoning module AndroidMediaEditor (488)
[2017.12.03-19.25.49:524][874]LogModuleManager: Shutting down and abandoning module CharacterAI (486)
[2017.12.03-19.25.49:524][874]LogModuleManager: Shutting down and abandoning module AudioCapture (484)
[2017.12.03-19.25.49:524][874]LogModuleManager: Shutting down and abandoning module SequenceRecorder (483)
[2017.12.03-19.25.49:524][874]LogModuleManager: Shutting down and abandoning module SmartSnapping (480)
[2017.12.03-19.25.49:524][874]LogModuleManager: Shutting down and abandoning module SessionServices (478)
[2017.12.03-19.25.49:524][874]LogModuleManager: Shutting down and abandoning module ViewportSnapping (476)
[2017.12.03-19.25.49:524][874]LogModuleManager: Shutting down and abandoning module ViewportInteraction (474)
[2017.12.03-19.25.49:524][874]LogModuleManager: Shutting down and abandoning module ClothPainter (472)
[2017.12.03-19.25.49:524][874]LogModuleManager: Shutting down and abandoning module SkeletalMeshEditor (471)
[2017.12.03-19.25.49:524][874]LogModuleManager: Shutting down and abandoning module LogVisualizer (468)
[2017.12.03-19.25.49:524][874]LogModuleManager: Shutting down and abandoning module IntroTutorials (466)
[2017.12.03-19.25.49:524][874]LogModuleManager: Shutting down and abandoning module GameProjectGeneration (465)
[2017.12.03-19.25.49:524][874]LogModuleManager: Shutting down and abandoning module IOSPlatformEditor (462)
[2017.12.03-19.25.49:524][874]LogModuleManager: Shutting down and abandoning module HTML5PlatformEditor (460)
[2017.12.03-19.25.49:524][874]LogModuleManager: Shutting down and abandoning module AndroidPlatformEditor (458)
[2017.12.03-19.25.49:524][874]LogModuleManager: Shutting down and abandoning module AndroidDeviceDetection (457)
[2017.12.03-19.25.49:667][874]LogModuleManager: Shutting down and abandoning module WindowsPlatformEditor (454)
[2017.12.03-19.25.49:667][874]LogModuleManager: Shutting down and abandoning module IOSRuntimeSettings (452)
[2017.12.03-19.25.49:667][874]LogModuleManager: Shutting down and abandoning module AndroidRuntimeSettings (450)
[2017.12.03-19.25.49:667][874]LogModuleManager: Shutting down and abandoning module InputBindingEditor (448)
[2017.12.03-19.25.49:667][874]LogModuleManager: Shutting down and abandoning module MergeActors (446)
[2017.12.03-19.25.49:667][874]LogModuleManager: Shutting down and abandoning module SizeMap (444)
[2017.12.03-19.25.49:667][874]LogModuleManager: Shutting down and abandoning module TreeMap (442)
[2017.12.03-19.25.49:667][874]LogModuleManager: Shutting down and abandoning module ReferenceViewer (440)
[2017.12.03-19.25.49:667][874]LogModuleManager: Shutting down and abandoning module LocalizationDashboard (438)
[2017.12.03-19.25.49:667][874]LogModuleManager: Shutting down and abandoning module LocalizationService (437)
[2017.12.03-19.25.49:667][874]LogModuleManager: Shutting down and abandoning module HardwareTargeting (434)
[2017.12.03-19.25.49:667][874]LogModuleManager: Shutting down and abandoning module DeviceProfileEditor (432)
[2017.12.03-19.25.49:667][874]LogModuleManager: Shutting down and abandoning module UndoHistory (430)
[2017.12.03-19.25.49:667][874]LogModuleManager: Shutting down and abandoning module XmlParser (428)
[2017.12.03-19.25.49:667][874]LogModuleManager: Shutting down and abandoning module Blutility (426)
[2017.12.03-19.25.49:667][874]LogModuleManager: Shutting down and abandoning module ProjectSettingsViewer (424)
[2017.12.03-19.25.49:668][874]LogModuleManager: Shutting down and abandoning module ProjectTargetPlatformEditor (423)
[2017.12.03-19.25.49:668][874]LogModuleManager: Shutting down and abandoning module EditorSettingsViewer (420)
[2017.12.03-19.25.49:668][874]LogModuleManager: Shutting down and abandoning module SettingsEditor (418)
[2017.12.03-19.25.49:668][874]LogModuleManager: Shutting down and abandoning module ProjectLauncher (416)
[2017.12.03-19.25.49:668][874]LogModuleManager: Shutting down and abandoning module SessionFrontend (414)
[2017.12.03-19.25.49:668][874]LogModuleManager: Shutting down and abandoning module ProfilerClient (412)
[2017.12.03-19.25.49:668][874]LogModuleManager: Shutting down and abandoning module DeviceManager (410)
[2017.12.03-19.25.49:668][874]LogModuleManager: Shutting down and abandoning module TargetDeviceServices (409)
[2017.12.03-19.25.49:723][874]LogModuleManager: Shutting down and abandoning module AutomationController (406)
[2017.12.03-19.25.49:723][874]LogModuleManager: Shutting down and abandoning module AutomationWindow (404)
[2017.12.03-19.25.49:723][874]LogModuleManager: Shutting down and abandoning module Layers (402)
[2017.12.03-19.25.49:723][874]LogModuleManager: Shutting down and abandoning module ComponentVisualizers (400)
[2017.12.03-19.25.49:723][874]LogModuleManager: Shutting down and abandoning module DetailCustomizations (398)
[2017.12.03-19.25.49:723][874]LogModuleManager: Shutting down and abandoning module PackagesDialog (396)
[2017.12.03-19.25.49:723][874]LogModuleManager: Shutting down and abandoning module Persona (394)
[2017.12.03-19.25.49:724][874]LogModuleManager: Shutting down and abandoning module AdvancedPreviewScene (393)
[2017.12.03-19.25.49:724][874]LogModuleManager: Shutting down and abandoning module AnimGraph (391)
[2017.12.03-19.25.49:724][874]LogModuleManager: Shutting down and abandoning module Kismet (388)
[2017.12.03-19.25.49:734][874]LogModuleManager: Shutting down and abandoning module ClassViewer (386)
[2017.12.03-19.25.49:736][874]LogModuleManager: Shutting down and abandoning module Toolbox (384)
[2017.12.03-19.25.49:736][874]LogModuleManager: Shutting down and abandoning module ModuleUI (382)
[2017.12.03-19.25.49:736][874]LogModuleManager: Shutting down and abandoning module MovieSceneTools (380)
[2017.12.03-19.25.49:736][874]LogModuleManager: Shutting down and abandoning module OutputLog (378)
[2017.12.03-19.25.49:736][874]LogModuleManager: Shutting down and abandoning module GammaUI (376)
[2017.12.03-19.25.49:736][874]LogModuleManager: Shutting down and abandoning module Documentation (374)
[2017.12.03-19.25.49:736][874]LogModuleManager: Shutting down and abandoning module MovieSceneTracks (372)
[2017.12.03-19.25.49:736][874]LogModuleManager: Shutting down and abandoning module MovieScene (370)
[2017.12.03-19.25.49:736][874]LogModuleManager: Shutting down and abandoning module StreamingPauseRendering (368)
[2017.12.03-19.25.49:736][874]LogModuleManager: Shutting down and abandoning module LauncherPlatform (366)
[2017.12.03-19.25.49:736][874]LogModuleManager: Shutting down and abandoning module AnalyticsET (364)
[2017.12.03-19.25.49:736][874]LogModuleManager: Shutting down and abandoning module PortalServices (362)
[2017.12.03-19.25.49:736][874]LogModuleManager: Shutting down and abandoning module PortalRpc (360)
[2017.12.03-19.25.49:736][874]LogModuleManager: Shutting down and abandoning module MessagingRpc (358)
[2017.12.03-19.25.49:736][874]LogModuleManager: Shutting down and abandoning module AIModule (356)
[2017.12.03-19.25.49:736][874]LogModuleManager: Shutting down and abandoning module GameplayDebugger (355)
[2017.12.03-19.25.49:736][874]LogModuleManager: Shutting down and abandoning module AITestSuite (353)
[2017.12.03-19.25.49:736][874]LogModuleManager: Shutting down and abandoning module DesktopPlatform (350)
[2017.12.03-19.25.49:736][874]LogModuleManager: Shutting down and abandoning module ProfilerService (348)
[2017.12.03-19.25.49:925][874]LogModuleManager: Shutting down and abandoning module TaskGraph (346)
[2017.12.03-19.25.49:925][874]LogModuleManager: Shutting down and abandoning module SteamVRController (344)
[2017.12.03-19.25.49:925][874]LogModuleManager: Shutting down and abandoning module ProceduralMeshComponentEditor (342)
[2017.12.03-19.25.49:925][874]LogModuleManager: Shutting down and abandoning module ProceduralMeshComponent (340)
[2017.12.03-19.25.49:925][874]LogModuleManager: Shutting down and abandoning module OculusInput (338)
[2017.12.03-19.25.49:925][874]LogModuleManager: Shutting down and abandoning module MobilePatchingUtils (336)
[2017.12.03-19.25.49:925][874]LogModuleManager: Shutting down and abandoning module CustomMeshComponent (334)
[2017.12.03-19.25.49:925][874]LogModuleManager: Shutting down and abandoning module CableComponent (332)
[2017.12.03-19.25.49:925][874]LogModuleManager: Shutting down and abandoning module ArchVisCharacter (330)
[2017.12.03-19.25.49:925][874]LogModuleManager: Shutting down and abandoning module AndroidPermission (328)
[2017.12.03-19.25.49:925][874]LogModuleManager: Shutting down and abandoning module ActorSequence (324)
[2017.12.03-19.25.49:925][874]LogModuleManager: Shutting down and abandoning module MediaPlayerEditor (322)
[2017.12.03-19.25.49:925][874]LogModuleManager: Shutting down and abandoning module MediaCompositingEditor (320)
[2017.12.03-19.25.49:925][874]LogModuleManager: Shutting down and abandoning module MediaCompositing (318)
[2017.12.03-19.25.49:926][874]LogModuleManager: Shutting down and abandoning module HTML5Networking (316)
[2017.12.03-19.25.49:926][874]LogModuleManager: Shutting down and abandoning module AlembicImporter (314)
[2017.12.03-19.25.49:926][874]LogModuleManager: Shutting down and abandoning module AlembicLibrary (313)
[2017.12.03-19.25.49:926][874]LogModuleManager: Shutting down and abandoning module GeometryCache (312)
[2017.12.03-19.25.49:926][874]LogModuleManager: Shutting down and abandoning module GeometryCacheEd (311)
[2017.12.03-19.25.49:926][874]LogModuleManager: Shutting down and abandoning module SpeedTreeImporter (306)
[2017.12.03-19.25.49:926][874]LogModuleManager: Shutting down and abandoning module PluginBrowser (304)
[2017.12.03-19.25.49:926][874]LogModuleManager: Shutting down and abandoning module MobileLauncherProfileWizard (302)
[2017.12.03-19.25.49:926][874]LogModuleManager: Shutting down and abandoning module VisualStudioSourceCodeAccess (300)
[2017.12.03-19.25.49:926][874]LogModuleManager: Shutting down and abandoning module VisualStudioCodeSourceCodeAccess (298)
[2017.12.03-19.25.49:926][874]LogModuleManager: Shutting down and abandoning module UObjectPlugin (296)
[2017.12.03-19.25.49:926][874]LogModuleManager: Shutting down and abandoning module SubversionSourceControl (294)
[2017.12.03-19.25.49:926][874]LogModuleManager: Shutting down and abandoning module PerforceSourceControl (292)
[2017.12.03-19.25.49:926][874]LogModuleManager: Shutting down and abandoning module GitSourceControl (290)
[2017.12.03-19.25.49:926][874]LogModuleManager: Shutting down and abandoning module SourceControl (289)
[2017.12.03-19.25.49:926][874]LogModuleManager: Shutting down and abandoning module LightPropagationVolumeEditor (286)
[2017.12.03-19.25.49:926][874]LogModuleManager: Shutting down and abandoning module PaperTiledImporter (284)
[2017.12.03-19.25.49:926][874]LogModuleManager: Shutting down and abandoning module PaperSpriteSheetImporter (282)
[2017.12.03-19.25.49:926][874]LogModuleManager: Shutting down and abandoning module Paper2DEditor (280)
[2017.12.03-19.25.49:926][874]LogModuleManager: Shutting down and abandoning module MeshPaint (279)
[2017.12.03-19.25.49:926][874]LogModuleManager: Shutting down and abandoning module LevelEditor (277)
[2017.12.03-19.25.49:928][874]LogModuleManager: Shutting down and abandoning module PixelInspectorModule (276)
[2017.12.03-19.25.49:928][874]LogModuleManager: Shutting down and abandoning module MainFrame (274)
[2017.12.03-19.25.49:928][874]LogModuleManager: Shutting down and abandoning module HotReload (273)
[2017.12.03-19.25.49:928][874]LogModuleManager: Shutting down and abandoning module RuntimePhysXCooking (268)
[2017.12.03-19.25.49:928][874]LogModuleManager: Shutting down and abandoning module PhysXVehiclesEditor (266)
[2017.12.03-19.25.49:928][874]LogModuleManager: Shutting down and abandoning module PhysXVehicles (264)
[2017.12.03-19.25.49:928][874]LogModuleManager: Shutting down and abandoning module OculusEditor (262)
[2017.12.03-19.25.49:928][874]LogModuleManager: Shutting down and abandoning module LocationServicesBPLibrary (260)
[2017.12.03-19.25.49:928][874]LogModuleManager: Shutting down and abandoning module ImmediatePhysicsEditor (258)
[2017.12.03-19.25.49:928][874]LogModuleManager: Shutting down and abandoning module ImmediatePhysics (256)
[2017.12.03-19.25.49:928][874]LogModuleManager: Shutting down and abandoning module UdpMessaging (254)
[2017.12.03-19.25.50:029][874]LogModuleManager: Shutting down and abandoning module TcpMessaging (252)
[2017.12.03-19.25.50:270][874]LogModuleManager: Shutting down and abandoning module GameplayTagsEditor (250)
[2017.12.03-19.25.50:270][874]LogModuleManager: Shutting down and abandoning module FacialAnimationEditor (248)
[2017.12.03-19.25.50:270][874]LogModuleManager: Shutting down and abandoning module FacialAnimation (246)
[2017.12.03-19.25.50:270][874]LogModuleManager: Shutting down and abandoning module AssetManagerEditor (244)
[2017.12.03-19.25.50:270][874]LogModuleManager: Shutting down and abandoning module GraphEditor (243)
[2017.12.03-19.25.50:270][874]LogModuleManager: Shutting down and abandoning module ContentBrowser (241)
[2017.12.03-19.25.50:271][874]LogModuleManager: Shutting down and abandoning module LightPropagationVolumeRuntime (238)
[2017.12.03-19.25.50:271][874]LogModuleManager: Shutting down and abandoning module Paper2D (236)
[2017.12.03-19.25.50:271][874]LogModuleManager: Shutting down and abandoning module WindowsMoviePlayer (234)
[2017.12.03-19.25.50:271][874]LogModuleManager: Shutting down and abandoning module WmfMedia (232)
[2017.12.03-19.25.50:271][874]LogModuleManager: Shutting down and abandoning module ImgMedia (230)
[2017.12.03-19.25.50:271][874]LogModuleManager: Shutting down and abandoning module PacketHandler (228)
[2017.12.03-19.25.50:271][874]LogModuleManager: Shutting down and abandoning module ClothingSystemEditor (226)
[2017.12.03-19.25.50:271][874]LogModuleManager: Shutting down and abandoning module ClothingSystemRuntime (224)
[2017.12.03-19.25.50:271][874]LogModuleManager: Shutting down and abandoning module MediaAssets (222)
[2017.12.03-19.25.50:271][874]LogModuleManager: Shutting down and abandoning module Media (221)
[2017.12.03-19.25.50:277][874]LogModuleManager: Shutting down and abandoning module Overlay (218)
[2017.12.03-19.25.50:277][874]LogModuleManager: Shutting down and abandoning module OverlayEditor (217)
[2017.12.03-19.25.50:277][874]LogModuleManager: Shutting down and abandoning module VREditor (214)
[2017.12.03-19.25.50:277][874]LogModuleManager: Shutting down and abandoning module StringTableEditor (212)
[2017.12.03-19.25.50:277][874]LogModuleManager: Shutting down and abandoning module GameplayTasksEditor (210)
[2017.12.03-19.25.50:277][874]LogModuleManager: Shutting down and abandoning module BehaviorTreeEditor (208)
[2017.12.03-19.25.50:277][874]LogModuleManager: Shutting down and abandoning module FunctionalTesting (206)
[2017.12.03-19.25.50:277][874]LogModuleManager: Shutting down and abandoning module CollisionAnalyzer (204)
[2017.12.03-19.25.50:277][874]LogModuleManager: Shutting down and abandoning module WorkspaceMenuStructure (203)
[2017.12.03-19.25.50:277][874]LogModuleManager: Shutting down and abandoning module UMG (200)
[2017.12.03-19.25.50:277][874]LogModuleManager: Shutting down and abandoning module UMGEditor (199)
[2017.12.03-19.25.50:277][874]LogModuleManager: Shutting down and abandoning module Sequencer (198)
[2017.12.03-19.25.50:277][874]LogModuleManager: Shutting down and abandoning module MessageLog (195)
[2017.12.03-19.25.50:277][874]LogModuleManager: Shutting down and abandoning module SlateReflector (190)
[2017.12.03-19.25.50:277][874]LogModuleManager: Shutting down and abandoning module Slate (188)
[2017.12.03-19.25.50:277][874]LogModuleManager: Shutting down and abandoning module EditorStyle (186)
[2017.12.03-19.25.50:279][874]LogModuleManager: Shutting down and abandoning module MRMesh (184)
[2017.12.03-19.25.50:279][874]LogModuleManager: Shutting down and abandoning module SourceCodeAccess (182)
[2017.12.03-19.25.50:279][874]LogModuleManager: Shutting down and abandoning module HeadMountedDisplay (180)
[2017.12.03-19.25.50:279][874]LogModuleManager: Shutting down and abandoning module XAudio2 (178)
[2017.12.03-19.25.50:279][874]LogModuleManager: Shutting down and abandoning module Networking (176)
[2017.12.03-19.25.50:279][874]LogModuleManager: Shutting down and abandoning module Core (172)
[2017.12.03-19.25.50:279][874]LogModuleManager: Shutting down and abandoning module LevelSequence (168)
[2017.12.03-19.25.50:279][874]LogModuleManager: Shutting down and abandoning module DirectoryWatcher (166)
[2017.12.03-19.25.50:280][874]LogModuleManager: Shutting down and abandoning module KismetCompiler (164)
[2017.12.03-19.25.50:280][874]LogModuleManager: Shutting down and abandoning module MeshUtilities (162)
[2017.12.03-19.25.50:280][874]LogModuleManager: Shutting down and abandoning module MeshMergeUtilities (161)
[2017.12.03-19.25.50:280][874]LogModuleManager: Shutting down and abandoning module MeshReductionInterface (160)
[2017.12.03-19.25.50:280][874]LogModuleManager: Shutting down and abandoning module SimplygonSwarm (159)
[2017.12.03-19.25.50:280][874]LogModuleManager: Shutting down and abandoning module SimplygonMeshReduction (157)
[2017.12.03-19.25.50:280][874]LogModuleManager: Shutting down and abandoning module QuadricMeshReduction (155)
[2017.12.03-19.25.50:280][874]LogModuleManager: Shutting down and abandoning module MaterialBaking (151)
[2017.12.03-19.25.50:280][874]LogModuleManager: Shutting down and abandoning module DerivedDataCache (148)
[2017.12.03-19.25.50:360][874]LogDerivedDataCache: Shutdown
[2017.12.03-19.25.50:360][874]LogModuleManager: Shutting down and abandoning module TargetPlatform (146)
[2017.12.03-19.25.50:360][874]LogModuleManager: Shutting down and abandoning module VulkanShaderFormat (145)
[2017.12.03-19.25.50:360][874]LogModuleManager: Shutting down and abandoning module ShaderFormatVectorVM (143)
[2017.12.03-19.25.50:360][874]LogModuleManager: Shutting down and abandoning module ShaderFormatOpenGL (141)
[2017.12.03-19.25.50:360][874]LogModuleManager: Shutting down and abandoning module ShaderFormatD3D (139)
[2017.12.03-19.25.50:360][874]LogModuleManager: Shutting down and abandoning module MetalShaderFormat (137)
[2017.12.03-19.25.50:360][874]LogModuleManager: Shutting down and abandoning module TextureFormatUncompressed (135)
[2017.12.03-19.25.50:360][874]LogModuleManager: Shutting down and abandoning module TextureFormatPVR (133)
[2017.12.03-19.25.50:360][874]LogModuleManager: Shutting down and abandoning module TextureFormatDXT (131)
[2017.12.03-19.25.50:360][874]LogModuleManager: Shutting down and abandoning module TextureFormatIntelISPCTexComp (129)
[2017.12.03-19.25.50:361][874]LogModuleManager: Shutting down and abandoning module TextureFormatASTC (127)
[2017.12.03-19.25.50:361][874]LogModuleManager: Shutting down and abandoning module ImageWrapper (126)
[2017.12.03-19.25.50:361][874]LogModuleManager: Shutting down and abandoning module TextureFormatAndroid (123)
[2017.12.03-19.25.50:361][874]LogModuleManager: Shutting down and abandoning module AudioFormatOpus (121)
[2017.12.03-19.25.50:361][874]LogModuleManager: Shutting down and abandoning module AudioFormatOgg (119)
[2017.12.03-19.25.50:361][874]LogModuleManager: Shutting down and abandoning module AudioFormatADPCM (117)
[2017.12.03-19.25.50:361][874]LogModuleManager: Shutting down and abandoning module LinuxTargetPlatform (115)
[2017.12.03-19.25.50:361][874]LogModuleManager: Shutting down and abandoning module LinuxServerTargetPlatform (113)
[2017.12.03-19.25.50:361][874]LogModuleManager: Shutting down and abandoning module LinuxNoEditorTargetPlatform (111)
[2017.12.03-19.25.50:361][874]LogModuleManager: Shutting down and abandoning module LinuxClientTargetPlatform (109)
[2017.12.03-19.25.50:361][874]LogModuleManager: Shutting down and abandoning module TVOSTargetPlatform (107)
[2017.12.03-19.25.50:361][874]LogModuleManager: Shutting down and abandoning module Messaging (105)
[2017.12.03-19.25.50:361][874]LogModuleManager: Shutting down and abandoning module IOSTargetPlatform (103)
[2017.12.03-19.25.50:361][874]LogModuleManager: Shutting down and abandoning module HTML5TargetPlatform (101)
[2017.12.03-19.25.50:361][874]LogModuleManager: Shutting down and abandoning module AndroidTargetPlatform (99)
[2017.12.03-19.25.50:361][874]LogModuleManager: Shutting down and abandoning module Android_PVRTCTargetPlatform (97)
[2017.12.03-19.25.50:361][874]LogModuleManager: Shutting down and abandoning module Android_MultiTargetPlatform (95)
[2017.12.03-19.25.50:361][874]LogModuleManager: Shutting down and abandoning module Android_ETC2TargetPlatform (93)
[2017.12.03-19.25.50:361][874]LogModuleManager: Shutting down and abandoning module Android_ETC1TargetPlatform (91)
[2017.12.03-19.25.50:361][874]LogModuleManager: Shutting down and abandoning module Android_DXTTargetPlatform (89)
[2017.12.03-19.25.50:361][874]LogModuleManager: Shutting down and abandoning module Android_ATCTargetPlatform (87)
[2017.12.03-19.25.50:361][874]LogModuleManager: Shutting down and abandoning module Android_ASTCTargetPlatform (85)
[2017.12.03-19.25.50:361][874]LogModuleManager: Shutting down and abandoning module WindowsTargetPlatform (83)
[2017.12.03-19.25.50:361][874]LogModuleManager: Shutting down and abandoning module WindowsServerTargetPlatform (81)
[2017.12.03-19.25.50:361][874]LogModuleManager: Shutting down and abandoning module WindowsNoEditorTargetPlatform (79)
[2017.12.03-19.25.50:361][874]LogModuleManager: Shutting down and abandoning module WindowsClientTargetPlatform (77)
[2017.12.03-19.25.50:361][874]LogModuleManager: Shutting down and abandoning module MacTargetPlatform (75)
[2017.12.03-19.25.50:361][874]LogModuleManager: Shutting down and abandoning module MacServerTargetPlatform (73)
[2017.12.03-19.25.50:361][874]LogModuleManager: Shutting down and abandoning module MacNoEditorTargetPlatform (71)
[2017.12.03-19.25.50:361][874]LogModuleManager: Shutting down and abandoning module MacClientTargetPlatform (69)
[2017.12.03-19.25.50:361][874]LogModuleManager: Shutting down and abandoning module AllDesktopTargetPlatform (67)
[2017.12.03-19.25.50:361][874]LogModuleManager: Shutting down and abandoning module InputCore (64)
[2017.12.03-19.25.50:361][874]LogModuleManager: Shutting down and abandoning module Settings (62)
[2017.12.03-19.25.50:361][874]LogModuleManager: Shutting down and abandoning module PhysXCooking (60)
[2017.12.03-19.25.50:361][874]LogModuleManager: Shutting down and abandoning module SteamVR (58)
[2017.12.03-19.25.50:361][874]LogModuleManager: Shutting down and abandoning module OculusHMD (56)
[2017.12.03-19.25.50:361][874]LogModuleManager: Shutting down and abandoning module ExampleDeviceProfileSelector (54)
[2017.12.03-19.25.50:361][874]LogModuleManager: Shutting down and abandoning module AppleARKit (52)
[2017.12.03-19.25.50:361][874]LogModuleManager: Shutting down and abandoning module AugmentedReality (51)
[2017.12.03-19.25.50:361][874]LogModuleManager: Shutting down and abandoning module OnlineBlueprintSupport (48)
[2017.12.03-19.25.50:361][874]LogModuleManager: Shutting down and abandoning module OnlineSubsystem (44)
[2017.12.03-19.25.50:361][874]LogModuleManager: Shutting down and abandoning module XMPP (43)
[2017.12.03-19.25.50:361][874]LogModuleManager: Shutting down and abandoning module HTTP (41)
[2017.12.03-19.25.50:361][874]LogHttp: Display: Http module shutting down, but needs to wait on 1 outstanding Http requests:
[2017.12.03-19.25.50:361][874]LogHttp: Display: 	verb=[POST] url=[https://datarouter.ol.epicgames.com/datarouter/api/v1/public/data?SessionID=%7B99D55A92-41F0-C0C1-6611-8FAB6E659348%7D&AppID=UEEditor.Rocket.Release&AppVersion=4.18.1-3754814%2B%2B%2BUE4%2BRelease-4.18&UserID=88ddbd0a4f420f2d671fd392716753eb%7Ceaa7ed5ebec04e62b7875f125685b0e6%7Caa405f8b-d904-444a-83fd-af1dc9c4c244&AppEnvironment=datacollector-binary&UploadType=eteventstream] status=Processing
[2017.12.03-19.25.50:380][874]LogModuleManager: Shutting down and abandoning module SSL (40)
[2017.12.03-19.25.50:381][874]LogModuleManager: Shutting down and abandoning module AnimationModifiers (36)
[2017.12.03-19.25.50:381][874]LogModuleManager: Shutting down and abandoning module PropertyEditor (35)
[2017.12.03-19.25.50:381][874]LogModuleManager: Shutting down and abandoning module AudioEditor (32)
[2017.12.03-19.25.50:381][874]LogModuleManager: Shutting down and abandoning module TextureCompressor (30)
[2017.12.03-19.25.50:381][874]LogModuleManager: Shutting down and abandoning module ShaderCore (28)
[2017.12.03-19.25.50:382][874]LogModuleManager: Shutting down and abandoning module Landscape (26)
[2017.12.03-19.25.50:382][874]LogModuleManager: Shutting down and abandoning module SlateRHIRenderer (24)
[2017.12.03-19.25.50:383][874]LogModuleManager: Shutting down and abandoning module OpenGLDrv (22)
[2017.12.03-19.25.50:383][874]LogModuleManager: Shutting down and abandoning module D3D11RHI (20)
[2017.12.03-19.25.50:383][874]LogModuleManager: Shutting down and abandoning module AnimGraphRuntime (18)
[2017.12.03-19.25.50:383][874]LogModuleManager: Shutting down and abandoning module Renderer (16)
[2017.12.03-19.25.50:383][874]LogModuleManager: Shutting down and abandoning module Engine (14)
[2017.12.03-19.25.50:383][874]LogModuleManager: Shutting down and abandoning module CoreUObject (12)
[2017.12.03-19.25.50:383][874]LogModuleManager: Shutting down and abandoning module NetworkFile (10)
[2017.12.03-19.25.50:383][874]LogModuleManager: Shutting down and abandoning module CookedIterativeFile (8)
[2017.12.03-19.25.50:383][874]LogModuleManager: Shutting down and abandoning module StreamingFile (6)
[2017.12.03-19.25.50:383][874]LogModuleManager: Shutting down and abandoning module SandboxFile (4)
[2017.12.03-19.25.50:383][874]LogModuleManager: Shutting down and abandoning module PakFile (2)
[2017.12.03-19.25.50:388][874]LogExit: Exiting.
[2017.12.03-19.25.50:416][874]Log file closed, 12/03/17 19:25:50
