Log file open, 11/27/17 12:26:34
LogWindows: Failed to load 'aqProf.dll' (GetLastError=126)
LogWindows: File 'aqProf.dll' does not exist
LogWindows: Failed to load 'VSPerf140.dll' (GetLastError=126)
LogWindows: File 'VSPerf140.dll' does not exist
LogWindows: Failed to load 'VtuneApi.dll' (GetLastError=126)
LogWindows: File 'VtuneApi.dll' does not exist
LogWindows: Failed to load 'VtuneApi32e.dll' (GetLastError=126)
LogWindows: File 'VtuneApi32e.dll' does not exist
LogInit: Display: Running engine for game: MyProject
LogPlatformFile: Not using cached read wrapper
LogInit: Display: RandInit(147616771) SRandInit(147616771).
LogTaskGraph: Started task graph with 5 named threads and 14 total threads with 3 sets of task threads.
LogStats: Stats thread started at 0.166459
LogD3D11RHI: Aftermath initialized
LogPluginManager: Mounting plugin Paper2D
LogPluginManager: Mounting plugin LightPropagationVolume
LogPluginManager: Mounting plugin CodeLiteSourceCodeAccess
LogPluginManager: Mounting plugin GitSourceControl
LogPluginManager: Mounting plugin KDevelopSourceCodeAccess
LogPluginManager: Mounting plugin NullSourceCodeAccess
LogPluginManager: Mounting plugin PerforceSourceControl
LogPluginManager: Mounting plugin SubversionSourceControl
LogPluginManager: Mounting plugin UObjectPlugin
LogPluginManager: Mounting plugin VisualStudioSourceCodeAccess
LogPluginManager: Mounting plugin XCodeSourceCodeAccess
LogPluginManager: Mounting plugin AssetManagerEditor
LogPluginManager: Mounting plugin AudioCapture
LogPluginManager: Mounting plugin FacialAnimation
LogPluginManager: Mounting plugin GameplayTagsEditor
LogPluginManager: Mounting plugin MobileLauncherProfileWizard
LogPluginManager: Mounting plugin PluginBrowser
LogPluginManager: Mounting plugin SpeedTreeImporter
LogPluginManager: Mounting plugin AlembicImporter
LogPluginManager: Mounting plugin CharacterAI
LogPluginManager: Mounting plugin HTML5Networking
LogPluginManager: Mounting plugin AndroidMedia
LogPluginManager: Mounting plugin AvfMedia
LogPluginManager: Mounting plugin MediaPlayerEditor
LogPluginManager: Mounting plugin WmfMedia
LogPluginManager: Mounting plugin TcpMessaging
LogPluginManager: Mounting plugin UdpMessaging
LogPluginManager: Mounting plugin LevelSequenceEditor
LogPluginManager: Mounting plugin MatineeToLevelSequence
LogPluginManager: Mounting plugin OnlineSubsystemGooglePlay
LogPluginManager: Mounting plugin OnlineSubsystemIOS
LogPluginManager: Mounting plugin OnlineSubsystem
LogPluginManager: Mounting plugin OnlineSubsystemNull
LogPluginManager: Mounting plugin OnlineSubsystemUtils
LogPluginManager: Mounting plugin AndroidDeviceProfileSelector
LogPluginManager: Mounting plugin AndroidMoviePlayer
LogPluginManager: Mounting plugin AndroidPermission
LogPluginManager: Mounting plugin AppleMoviePlayer
LogPluginManager: Mounting plugin ArchVisCharacter
LogPluginManager: Mounting plugin CableComponent
LogPluginManager: Mounting plugin CustomMeshComponent
LogPluginManager: Mounting plugin ExampleDeviceProfileSelector
LogPluginManager: Mounting plugin GoogleCloudMessaging
LogPluginManager: Mounting plugin ImmediatePhysics
LogPluginManager: Mounting plugin IOSDeviceProfileSelector
LogPluginManager: Mounting plugin LinuxDeviceProfileSelector
LogPluginManager: Mounting plugin LocationServicesBPLibrary
LogPluginManager: Mounting plugin MobilePatchingUtils
LogPluginManager: Mounting plugin OculusVR
LogPluginManager: Mounting plugin PhysXVehicles
LogPluginManager: Mounting plugin ProceduralMeshComponent
LogPluginManager: Mounting plugin RuntimePhysXCooking
LogPluginManager: Mounting plugin SteamVR
LogPluginManager: Mounting plugin WindowsMoviePlayer
LogInit: Using libcurl 7.47.1
LogInit:  - built for x86_64-pc-win32
LogInit:  - supports SSL with OpenSSL/1.0.2g
LogInit:  - supports HTTP deflate (compression) using libz 1.2.8
LogInit:  - other features:
LogInit:      CURL_VERSION_SSL
LogInit:      CURL_VERSION_LIBZ
LogInit:      CURL_VERSION_IPV6
LogInit:      CURL_VERSION_ASYNCHDNS
LogInit:      CURL_VERSION_LARGEFILE
LogInit:      CURL_VERSION_IDN
LogInit:  CurlRequestOptions (configurable via config and command line):
LogInit:  - bVerifyPeer = false  - Libcurl will NOT verify peer certificate
LogInit:  - bUseHttpProxy = false  - Libcurl will NOT use HTTP proxy
LogInit:  - bDontReuseConnections = false  - Libcurl will reuse connections
LogInit:  - CertBundlePath = nullptr  - Libcurl will use whatever was configured at build time.
LogInit: Build: ++UE4+Release-4.17-CL-3658906
LogInit: Engine Version: 4.17.2-3658906+++UE4+Release-4.17
LogInit: Compatible Engine Version: 4.17.0-3573198+++UE4+Release-4.17
LogInit: Net CL: 3573198
LogDevObjectVersion: Number of dev versions registered: 16
LogDevObjectVersion:   Dev-Blueprints (B0D832E4-1F89-4F0D-ACCF-7EB736FD4AA2): 10
LogDevObjectVersion:   Dev-Build (E1C64328-A22C-4D53-A36C-8E866417BD8C): 0
LogDevObjectVersion:   Dev-Core (375EC13C-06E4-48FB-B500-84F0262A717E): 2
LogDevObjectVersion:   Dev-Editor (E4B068ED-F494-42E9-A231-DA0B2E46BB41): 20
LogDevObjectVersion:   Dev-Framework (CFFC743F-43B0-4480-9391-14DF171D2073): 28
LogDevObjectVersion:   Dev-Mobile (B02B49B5-BB20-44E9-A304-32B752E40360): 0
LogDevObjectVersion:   Dev-Networking (A4E4105C-59A1-49B5-A7C5-40C4547EDFEE): 0
LogDevObjectVersion:   Dev-Online (39C831C9-5AE6-47DC-9A44-9C173E1C8E7C): 0
LogDevObjectVersion:   Dev-Physics (78F01B33-EBEA-4F98-B9B4-84EACCB95AA2): 0
LogDevObjectVersion:   Dev-Platform (6631380F-2D4D-43E0-8009-CF276956A95A): 0
LogDevObjectVersion:   Dev-Rendering (12F88B9F-8875-4AFC-A67C-D90C383ABD29): 19
LogDevObjectVersion:   Dev-Sequencer (7B5AE74C-D270-4C10-A958-57980B212A5A): 4
LogDevObjectVersion:   Dev-VR (D7296918-1DD6-4BDD-9DE2-64A83CC13884): 0
LogDevObjectVersion:   Dev-LoadTimes (C2A15278-BFE7-4AFE-6C17-90FF531DF755): 1
LogDevObjectVersion:   Private-Geometry (6EACA3D4-40EC-4CC1-B786-8BED09428FC5): 1
LogDevObjectVersion:   Dev-AnimPhys (29E575DD-E0A3-4627-9D10-D276232CDCEA): 7
LogInit: Compiled (64-bit): Sep 22 2017 13:47:16
LogInit: Compiled with Visual C++: 19.00.24215.01
LogInit: Build Configuration: Development
LogInit: Branch Name: ++UE4+Release-4.17
LogInit: Command line:  
LogInit: Base directory: C:/Program Files/Epic Games/UE_4.17/Engine/Binaries/Win64/
LogInit: Installed Engine Build: 1
LogInit: Presizing for max 8388607 objects, including 0 objects not considered by GC, pre-allocating 0 bytes for permanent pool.
LogInit: Object subsystem initialized
[2017.11.27-12.26.34:682][  0]LogInit: Selected Device Profile: [Windows]
[2017.11.27-12.26.34:682][  0]LogInit: Applying CVar settings loaded from the selected device profile: [Windows]
[2017.11.27-12.26.34:696][  0]LogInit: Computer: MSI
[2017.11.27-12.26.34:696][  0]LogInit: User: Stumps
[2017.11.27-12.26.34:696][  0]LogInit: CPU Page size=4096, Cores=4
[2017.11.27-12.26.34:696][  0]LogInit: High frequency timer resolution =2.648437 MHz
[2017.11.27-12.26.34:697][  0]LogMemory: Memory total: Physical=32.0GB (32GB approx)
[2017.11.27-12.26.34:697][  0]LogMemory: Platform Memory Stats for Windows
[2017.11.27-12.26.34:697][  0]LogMemory: Process Physical Memory: 280.30 MB used, 280.30 MB peak
[2017.11.27-12.26.34:697][  0]LogMemory: Process Virtual Memory: 286.61 MB used, 286.61 MB peak
[2017.11.27-12.26.34:697][  0]LogMemory: Physical Memory: 8781.86 MB used,  23943.48 MB free, 32725.33 MB total
[2017.11.27-12.26.34:697][  0]LogMemory: Virtual Memory: 680.92 MB used,  23943.48 MB free, 134217728.00 MB total
[2017.11.27-12.26.34:922][  0]LogInit: Using OS detected language (en-US).
[2017.11.27-12.26.34:922][  0]LogInit: Using OS detected locale (en-GB).
[2017.11.27-12.26.34:925][  0]LogTextLocalizationManager: No specific localization for 'en-US' exists, so the 'en' localization will be used.
[2017.11.27-12.26.35:568][  0]LogD3D11RHI: D3D11 adapters:
[2017.11.27-12.26.35:600][  0]LogD3D11RHI:    0. 'NVIDIA GeForce GTX 1080' (Feature Level 11_0)
[2017.11.27-12.26.35:600][  0]LogD3D11RHI:       8076/0/16362 MB DedicatedVideo/DedicatedSystem/SharedSystem, Outputs:1, VendorId:0x10de
[2017.11.27-12.26.35:601][  0]LogD3D11RHI:    1. 'Microsoft Basic Render Driver' (Feature Level 11_0)
[2017.11.27-12.26.35:601][  0]LogD3D11RHI:       0/0/16362 MB DedicatedVideo/DedicatedSystem/SharedSystem, Outputs:0, VendorId:0x1414
[2017.11.27-12.26.35:601][  0]LogD3D11RHI: Chosen D3D11 Adapter: 0
[2017.11.27-12.26.35:605][  0]LogD3D11RHI: Creating new Direct3DDevice
[2017.11.27-12.26.35:605][  0]LogD3D11RHI:     GPU DeviceId: 0x1be0 (for the marketing name, search the web for "GPU Device Id")
[2017.11.27-12.26.35:605][  0]LogWindows: EnumDisplayDevices:
[2017.11.27-12.26.35:605][  0]LogWindows:    0. 'NVIDIA GeForce GTX 1080' (P:1 D:1)
[2017.11.27-12.26.35:605][  0]LogWindows:    1. 'NVIDIA GeForce GTX 1080' (P:0 D:0)
[2017.11.27-12.26.35:605][  0]LogWindows:    2. 'NVIDIA GeForce GTX 1080' (P:0 D:0)
[2017.11.27-12.26.35:605][  0]LogWindows:    3. 'NVIDIA GeForce GTX 1080' (P:0 D:0)
[2017.11.27-12.26.35:606][  0]LogWindows: DebugString: FoundDriverCount:4 
[2017.11.27-12.26.35:606][  0]LogD3D11RHI:     Adapter Name: NVIDIA GeForce GTX 1080
[2017.11.27-12.26.35:606][  0]LogD3D11RHI:   Driver Version: 384.94 (internal:22.21.13.8494, unified:384.94)
[2017.11.27-12.26.35:606][  0]LogD3D11RHI:      Driver Date: 7-18-2017
[2017.11.27-12.26.35:606][  0]LogRHI: Texture pool is 1361 MB (70% of 1945 MB)
[2017.11.27-12.26.35:630][  0]LogD3D11RHI: Async texture creation enabled
[2017.11.27-12.26.35:640][  0]LogD3D11RHI: GPU Timing Frequency: 1000.000000 (Debug: 2 1)
[2017.11.27-12.26.35:686][  0]LogShaderCompilers: Guid format shader working directory is -25 characters bigger than the processId version (../../../../../../Users/Stumps/Desktop/StitchesAndBones/StitchesAndBones/Intermediate/Shaders/WorkingDirectory/7732/).
[2017.11.27-12.26.35:686][  0]LogShaderCompilers: Cleaned the shader compiler working directory 'C:/Users/Stumps/AppData/Local/Temp/UnrealShaderWorkingDir/AB0EDAE24DAAA988618AFAA8E5A60D40/'.
[2017.11.27-12.26.35:686][  0]LogShaderCompilers: Display: Using Local Shader Compiler.
[2017.11.27-12.26.36:634][  0]LogTemp: Display: Loaded TP AllDesktopTargetPlatform
[2017.11.27-12.26.36:683][  0]LogTemp: Display: Loaded TP MacClientTargetPlatform
[2017.11.27-12.26.36:734][  0]LogTemp: Display: Loaded TP MacNoEditorTargetPlatform
[2017.11.27-12.26.36:785][  0]LogTemp: Display: Loaded TP MacServerTargetPlatform
[2017.11.27-12.26.36:835][  0]LogTemp: Display: Loaded TP MacTargetPlatform
[2017.11.27-12.26.36:884][  0]LogTemp: Display: Loaded TP WindowsClientTargetPlatform
[2017.11.27-12.26.36:933][  0]LogTemp: Display: Loaded TP WindowsNoEditorTargetPlatform
[2017.11.27-12.26.36:983][  0]LogTemp: Display: Loaded TP WindowsServerTargetPlatform
[2017.11.27-12.26.37:027][  0]LogTemp: Display: Loaded TP WindowsTargetPlatform
[2017.11.27-12.26.37:075][  0]LogTemp: Display: Loaded TP AndroidTargetPlatform
[2017.11.27-12.26.37:122][  0]LogTemp: Display: Loaded TP Android_ASTCTargetPlatform
[2017.11.27-12.26.37:169][  0]LogTemp: Display: Loaded TP Android_ATCTargetPlatform
[2017.11.27-12.26.37:216][  0]LogTemp: Display: Loaded TP Android_DXTTargetPlatform
[2017.11.27-12.26.37:263][  0]LogTemp: Display: Loaded TP Android_ETC1TargetPlatform
[2017.11.27-12.26.37:311][  0]LogTemp: Display: Loaded TP Android_ETC2TargetPlatform
[2017.11.27-12.26.37:407][  0]LogTemp: Display: Loaded TP Android_MultiTargetPlatform
[2017.11.27-12.26.37:407][  0]LogTemp: Display: Loaded TP Android_PVRTCTargetPlatform
[2017.11.27-12.26.37:442][  0]LogTemp: Display: Loaded TP HTML5TargetPlatform
[2017.11.27-12.26.37:529][  0]LogTemp: Display: Loaded TP IOSTargetPlatform
[2017.11.27-12.26.37:559][  0]LogTemp: Display: Loaded TP TVOSTargetPlatform
[2017.11.27-12.26.37:606][  0]LogTemp: Display: Loaded TP LinuxClientTargetPlatform
[2017.11.27-12.26.37:654][  0]LogTemp: Display: Loaded TP LinuxNoEditorTargetPlatform
[2017.11.27-12.26.37:700][  0]LogTemp: Display: Loaded TP LinuxServerTargetPlatform
[2017.11.27-12.26.37:748][  0]LogTemp: Display: Loaded TP LinuxTargetPlatform
[2017.11.27-12.26.37:748][  0]LogTargetPlatformManager: Display: Building Assets For Windows
[2017.11.27-12.26.38:196][  0]LogDerivedDataCache: Display: Max Cache Size: 512 MB
[2017.11.27-12.26.38:274][  0]LogDerivedDataCache: Loaded boot cache 0.08s 105MB C:/Users/Stumps/AppData/Local/UnrealEngine/4.17/DerivedDataCache/Boot.ddc.
[2017.11.27-12.26.38:274][  0]LogDerivedDataCache: Display: Loaded Boot cache: C:/Users/Stumps/AppData/Local/UnrealEngine/4.17/DerivedDataCache/Boot.ddc
[2017.11.27-12.26.38:274][  0]LogDerivedDataCache: FDerivedDataBackendGraph:  Pak pak cache file ../../../../../../Users/Stumps/Desktop/StitchesAndBones/StitchesAndBones/DerivedDataCache/DDC.ddp not found, will not use a pak cache.
[2017.11.27-12.26.38:274][  0]LogDerivedDataCache: Unable to find inner node Pak for hierarchical cache Hierarchy.
[2017.11.27-12.26.38:274][  0]LogDerivedDataCache: FDerivedDataBackendGraph:  CompressedPak pak cache file ../../../../../../Users/Stumps/Desktop/StitchesAndBones/StitchesAndBones/DerivedDataCache/Compressed.ddp not found, will not use a pak cache.
[2017.11.27-12.26.38:274][  0]LogDerivedDataCache: Unable to find inner node CompressedPak for hierarchical cache Hierarchy.
[2017.11.27-12.26.38:297][  0]LogDerivedDataCache: Display: Pak cache opened for reading ../../../Engine/DerivedDataCache/Compressed.ddp.
[2017.11.27-12.26.38:308][  0]LogDerivedDataCache: Using Local data cache path C:/Users/Stumps/AppData/Local/UnrealEngine/Common/DerivedDataCache: Writable
[2017.11.27-12.26.38:319][  0]LogMaterial: Verifying Global Shaders for PCD3D_SM5
[2017.11.27-12.26.38:319][  0]LogSlate: Using Freetype 2.6.0
[2017.11.27-12.26.38:320][  0]LogSlate: SlateFontCache - WITH_FREETYPE: 1, WITH_HARFBUZZ: 1
[2017.11.27-12.26.38:320][  0]LogSlate: SlateFontCache - WITH_FREETYPE: 1, WITH_HARFBUZZ: 1
[2017.11.27-12.26.38:595][  0]LogAssetRegistry: FAssetRegistry took 0.0268 seconds to start up
[2017.11.27-12.26.38:720][  0]LogInit: Selected Device Profile: [Windows]
[2017.11.27-12.26.38:859][  0]LogContentStreaming: Texture pool size is 0.00 MB
[2017.11.27-12.26.39:163][  0]LogSimplygon: Simplygon DLL not present - disabling.
[2017.11.27-12.26.39:204][  0]LogMeshReduction: Using SimplygonSwarm for distributed automatic mesh merging
[2017.11.27-12.26.39:204][  0]LogMeshReduction: Using QuadricMeshReduction for automatic static mesh reduction
[2017.11.27-12.26.39:204][  0]LogMeshReduction: No automatic skeletal mesh reduction module available
[2017.11.27-12.26.39:204][  0]LogMeshReduction: No automatic mesh merging module available
[2017.11.27-12.26.39:204][  0]LogMeshMerging: No automatic mesh merging module available
[2017.11.27-12.26.39:505][  0]LogNetVersion: MyProject , NetCL: 3573198, EngineNetVer: 2, GameNetVer: 0 (Checksum: 3113362612)
[2017.11.27-12.26.39:699][  0]LogPackageLocalizationCache: Processed 5 localized package path(s) for 2 prioritized culture(s) in 0.045306 seconds
[2017.11.27-12.26.39:705][  0]LogUObjectArray: 35825 objects as part of root set at end of initial load.
[2017.11.27-12.26.39:705][  0]LogUObjectAllocator: 7529104 out of 0 bytes used by permanent object pool.
[2017.11.27-12.26.39:705][  0]LogUObjectArray: CloseDisregardForGC: 0/0 objects in disregard for GC pool
[2017.11.27-12.26.39:766][  0]LogInit: WinSock: version 1.1 (2.2), MaxSocks=32767, MaxUdp=65467
[2017.11.27-12.26.42:026][  0]LogTcpMessaging: Initializing TcpMessaging bridge
[2017.11.27-12.26.42:062][  0]LogUdpMessaging: Initializing bridge on interface 0.0.0.0:0 to multicast group 230.0.0.1:6666.
[2017.11.27-12.26.42:680][  0]LogMaterial: Uniform references updated for custom material expression Custom.
[2017.11.27-12.26.43:084][  0]SourceControl: Source control is disabled
[2017.11.27-12.26.43:085][  0]SourceControl: Source control is disabled
[2017.11.27-12.26.43:130][  0]SourceControl: Source control is disabled
[2017.11.27-12.26.43:177][  0]SourceControl: Source control is disabled
[2017.11.27-12.26.43:732][  0]LogAndroidPermission: UAndroidPermissionCallbackProxy::GetInstance
[2017.11.27-12.26.43:981][  0]LogOcInput: OculusInput pre-init called
[2017.11.27-12.26.44:219][  0]LogEngine: Initializing Engine...
[2017.11.27-12.26.44:221][  0]LogHMD: Failed to initialize OpenVR with code 110
[2017.11.27-12.26.44:406][  0]LogStats: UGameplayTagsManager::ConstructGameplayTagTree: Construct from data asset -  0.000 s
[2017.11.27-12.26.44:406][  0]LogStats: UGameplayTagsManager::ConstructGameplayTagTree: GameplayTagTreeChangedEvent.Broadcast -  0.000 s
[2017.11.27-12.26.44:524][  0]LogAIModule: Creating AISystem for world Untitled
[2017.11.27-12.26.44:532][  0]LogInit: XAudio2 using 'Speakers (Realtek High Definition Audio)' : 2 channels at 48 kHz using 32 bits per sample (channel mask 0x3)
[2017.11.27-12.26.44:561][  0]LogInit: FAudioDevice initialized.
[2017.11.27-12.26.44:621][  0]LogDerivedDataCache: Saved boot cache 0.06s 105MB C:/Users/Stumps/AppData/Local/UnrealEngine/4.17/DerivedDataCache/Boot.ddc.
[2017.11.27-12.26.44:633][  0]LogInit: Texture streaming: Enabled
[2017.11.27-12.26.44:763][  0]LogEngineSessionManager: EngineSessionManager initialized
[2017.11.27-12.26.44:976][  0]LogInit: Transaction tracking system initialized
[2017.11.27-12.26.45:264][  0]BlueprintLog: New page: Editor Load
[2017.11.27-12.26.46:085][  0]LocalizationService: Localization service is disabled
[2017.11.27-12.26.46:790][  0]LogConsoleResponse: Display: 
[2017.11.27-12.26.46:944][  0]LogCook: Display: Max memory allowance for cook 16384mb min free memory 0mb
[2017.11.27-12.26.46:944][  0]LogCook: Display: Mobile HDR setting 1
[2017.11.27-12.26.46:944][  0]LogGameplayTags: Display: UGameplayTagsManager::DoneAddingNativeTags. DelegateIsBound: 0
[2017.11.27-12.26.47:225][  0]LogFileCache: Scanning file cache for directory 'C:/Users/Stumps/Desktop/StitchesAndBones/StitchesAndBones/Content/' took 0.01s
[2017.11.27-12.26.47:939][  0]SourceControl: Source control is disabled
[2017.11.27-12.26.47:939][  0]Cmd: MAP LOAD FILE="../../../../../../Users/Stumps/Desktop/StitchesAndBones/StitchesAndBones/Content/ThirdPersonBP/Maps/ThirdPersonExampleMap.umap" TEMPLATE=0 SHOWPROGRESS=1 FEATURELEVEL=3
[2017.11.27-12.26.47:939][  0]LogEditorServer: Warning: Can't find file '../../../../../../Users/Stumps/Desktop/StitchesAndBones/StitchesAndBones/Content/ThirdPersonBP/Maps/ThirdPersonExampleMap.umap'
[2017.11.27-12.26.47:939][  0]Cmd: MAP CHECKDEP NOCLEARLOG
[2017.11.27-12.26.47:988][  0]MapCheck: Map check complete: 0 Error(s), 0 Warning(s), took 48.608ms to complete.
[2017.11.27-12.26.47:988][  0]LogFileHelpers: Loading map 'ThirdPersonExampleMap' took 0.049
[2017.11.27-12.26.48:135][  0]LogCollectionManager: Loaded 0 collections in 0.001604 seconds
[2017.11.27-12.26.48:213][  0]LogFileCache: Scanning file cache for directory 'C:/Users/Stumps/Desktop/StitchesAndBones/StitchesAndBones/Saved/Collections/' took 0.01s
[2017.11.27-12.26.48:213][  0]LogFileCache: Scanning file cache for directory 'C:/Users/Stumps/Desktop/StitchesAndBones/StitchesAndBones/Content/Developers/Stumps/Collections/' took 0.01s
[2017.11.27-12.26.48:213][  0]LogFileCache: Scanning file cache for directory 'C:/Users/Stumps/Desktop/StitchesAndBones/StitchesAndBones/Content/Collections/' took 0.01s
[2017.11.27-12.26.48:213][  0]LogCollectionManager: Rebuilt the GUID cache for 0 collections in 0.000000 seconds
[2017.11.27-12.26.48:223][  0]LogContentBrowser: Native class hierarchy populated in 0.0095 seconds. Added 2386 classes and 500 folders.
[2017.11.27-12.26.48:280][  0]LogContentBrowser: Native class hierarchy updated for 'WidgetCarousel' in 0.0006 seconds. Added 0 classes and 0 folders.
[2017.11.27-12.26.48:311][  0]LogContentBrowser: Native class hierarchy updated for 'AddContentDialog' in 0.0006 seconds. Added 0 classes and 0 folders.
[2017.11.27-12.26.48:351][  0]LogContentBrowser: Native class hierarchy updated for 'SceneOutliner' in 0.0006 seconds. Added 1 classes and 2 folders.
[2017.11.27-12.26.48:407][  0]LogSlate: Took 0.000158 seconds to synchronously load lazily loaded font '../../../Engine/Content/Slate/Fonts/Roboto-Regular.ttf' (155K)
[2017.11.27-12.26.48:409][  0]LogSlate: Took 0.000160 seconds to synchronously load lazily loaded font '../../../Engine/Content/Slate/Fonts/Roboto-Bold.ttf' (160K)
[2017.11.27-12.26.48:414][  0]LogSlate: Took 0.000168 seconds to synchronously load lazily loaded font '../../../Engine/Content/Editor/Slate/Fonts/FontAwesome.ttf' (139K)
[2017.11.27-12.26.48:526][  0]LogRenderer: Reallocating scene render targets to support 1232x596 Format 10 NumSamples 1 (Frame:1).
[2017.11.27-12.26.48:648][  0]LogContentBrowser: Native class hierarchy updated for 'HierarchicalLODOutliner' in 0.0006 seconds. Added 1 classes and 2 folders.
[2017.11.27-12.26.48:648][  0]LogLoad: (Engine Initialization) Total time: 15.53 seconds
[2017.11.27-12.26.48:648][  0]LogLoad: (Engine Initialization) Total Blueprint compile time: 0.00 seconds
[2017.11.27-12.26.48:648][  0]LogExternalProfiler: No external profilers were discovered.  External profiling features will not be available.
[2017.11.27-12.26.49:015][  0]LogContentStreaming: Texture pool size now 1000 MB
[2017.11.27-12.26.49:020][  0]LogSlate: Took 0.000147 seconds to synchronously load lazily loaded font '../../../Engine/Content/Slate/Fonts/Roboto-Light.ttf' (159K)
[2017.11.27-12.26.49:322][  1]LogFileCache: Retrieving MD5 hashes for directory 'C:/Users/Stumps/Desktop/StitchesAndBones/StitchesAndBones/Content/' took 0.32s
[2017.11.27-12.26.49:351][  1]LogAssetRegistry: Asset discovery search completed in 10.7791 seconds
[2017.11.27-12.26.49:354][  1]LogCollectionManager: Rebuilt the object cache for 0 collections in 0.000000 seconds (found 0 objects)
[2017.11.27-12.26.49:354][  1]LogCollectionManager: Fixed up redirectors for 0 collections in 0.000067 seconds (updated 0 objects)
[2017.11.27-12.27.25:841][198]LogSlate: Took 0.000131 seconds to synchronously load lazily loaded font '../../../Engine/Content/Slate/Fonts/Roboto-Light.ttf' (159K)
[2017.11.27-12.27.26:695][198]LogAIModule: Creating AISystem for world Kitchen
[2017.11.27-12.27.26:740][198]Cmd: MAP LOAD FILE="../../../../../../Users/Stumps/Desktop/StitchesAndBones/StitchesAndBones/Content/Kitchen.umap" TEMPLATE=0 SHOWPROGRESS=1 FEATURELEVEL=3
[2017.11.27-12.27.26:741][198]LightingResults: New page: Lighting Build
[2017.11.27-12.27.26:790][198]LogContentBrowser: Native class hierarchy updated for 'StatsViewer' in 0.0006 seconds. Added 5 classes and 0 folders.
[2017.11.27-12.27.26:790][198]LoadErrors: New page: Loading map: Kitchen.umap
[2017.11.27-12.27.26:791][198]MapCheck: New page: Map Check
[2017.11.27-12.27.26:791][198]LightingResults: New page: Lighting Build
[2017.11.27-12.27.26:879][198]LogEditorServer: Finished looking for orphan Actors (0.000 secs)
[2017.11.27-12.27.26:950][198]Cmd: MAP CHECKDEP NOCLEARLOG
[2017.11.27-12.27.27:017][198]MapCheck: Map check complete: 0 Error(s), 0 Warning(s), took 66.507ms to complete.
[2017.11.27-12.27.27:017][198]LogFileHelpers: Loading map 'Kitchen' took 0.277
[2017.11.27-12.27.38:675][892]LogEditorViewport: Clicking on Actor (LMB): SkyLight (SkyLight)
[2017.11.27-12.27.43:442][175]Cmd: EDIT CUT
[2017.11.27-12.27.43:452][175]LogEditorActor: Deleted Actor: SkyLight
[2017.11.27-12.27.43:462][175]LogEditorActor: Deleted 1 Actors (0.015 secs)
[2017.11.27-12.27.44:992][267]LogEditorViewport: Clicking on Actor (LMB): StaticMeshActor (Wall6)
[2017.11.27-12.27.52:807][730]Cmd: TRANSACTION UNDO
[2017.11.27-12.27.52:807][730]LogEditorTransaction: Undo Clicking on Actors
[2017.11.27-12.27.52:826][730]LogSlate: Took 0.000161 seconds to synchronously load lazily loaded font '../../../Engine/Content/Slate/Fonts/Roboto-Light.ttf' (159K)
[2017.11.27-12.27.53:330][755]Cmd: TRANSACTION UNDO
[2017.11.27-12.27.53:330][755]LogEditorTransaction: Undo Cut
[2017.11.27-12.28.10:899][781]LogEditorViewport: Clicking on Actor (LMB): SkyLight (SkyLight)
[2017.11.27-12.28.11:872][837]Cmd: DELETE
[2017.11.27-12.28.11:872][837]Cmd: ACTOR DELETE
[2017.11.27-12.28.11:872][837]LogEditorActor: Deleted Actor: SkyLight
[2017.11.27-12.28.11:882][837]LogEditorActor: Deleted 1 Actors (0.010 secs)
[2017.11.27-12.28.15:430][ 50]LogEditorViewport: Clicking on Actor (LMB): BP_Sky_Sphere_C (SkySphereBlueprint)
[2017.11.27-12.28.15:994][ 82]LogEditorViewport: Clicking on Actor (LMB): DirectionalLight (DirectionalLight)
[2017.11.27-12.28.29:828][894]LogEditorViewport: Clicking on Actor (LMB): StaticMeshActor (Wall4)
[2017.11.27-12.28.38:754][423]LogEditorViewport: Clicking on Actor (LMB): BP_Sky_Sphere_C (SkySphereBlueprint)
[2017.11.27-12.28.40:002][495]LogEditorViewport: Clicking on Actor (LMB): StaticMeshActor (Wall)
[2017.11.27-12.28.45:468][817]LogWindowsTextInputMethodSystem: Display: IME system now deactivated.
[2017.11.27-12.28.45:468][817]LogWindowsTextInputMethodSystem: Display: IME system now deactivated.
[2017.11.27-12.28.50:234][103]LogEditorViewport: Clicking on Actor (LMB): StaticMeshActor (Wall6)
[2017.11.27-12.28.59:582][659]LogEditorViewport: Clicking on Actor (context menu): StaticMeshActor (Wall6)
[2017.11.27-12.29.03:154][863]Cmd: TRANSACTION UNDO
[2017.11.27-12.29.03:154][863]LogEditorTransaction: Undo Move Actors
[2017.11.27-12.29.22:319][  1]LogEditorViewport: Clicking on Actor (LMB): StaticMeshActor (Wall6)
[2017.11.27-12.29.30:143][460]LogEditorViewport: Clicking on Actor (LMB): StaticMeshActor (Wall6)
[2017.11.27-12.29.30:436][477]LogEditorViewport: Clicking on Actor (LMB): StaticMeshActor (Wall)
[2017.11.27-12.29.42:860][216]LogEditorViewport: Clicking on Actor (LMB): StaticMeshActor (Wall)
[2017.11.27-12.29.51:348][712]Cmd: TRANSACTION UNDO
[2017.11.27-12.29.51:349][712]LogEditorTransaction: Undo Scale Actors
[2017.11.27-12.29.53:216][788]LogEditorViewport: Clicking on Actor (LMB): StaticMeshActor (Wall3)
[2017.11.27-12.29.54:753][877]LogEditorViewport: Clicking on Actor (LMB): StaticMeshActor (Wall3)
[2017.11.27-12.30.05:857][509]LogEditorViewport: Clicking on Actor (LMB): DirectionalLight (DirectionalLight)
[2017.11.27-12.30.15:761][ 96]LogEditorViewport: Clicking on Actor (LMB): BP_Sky_Sphere_C (SkySphereBlueprint)
[2017.11.27-12.30.17:376][189]LogEditorViewport: Clicking on Actor (LMB): DirectionalLight (DirectionalLight)
[2017.11.27-12.31.44:242][310]LogEditorViewport: Clicking on Actor (LMB): StaticMeshActor (Wall6)
[2017.11.27-12.31.53:875][881]LogEditorViewport: Clicking on Actor (LMB): StaticMeshActor (Wall3)
[2017.11.27-12.31.54:486][914]Cmd: DELETE
[2017.11.27-12.31.54:486][914]Cmd: ACTOR DELETE
[2017.11.27-12.31.54:487][914]LogEditorActor: Deleted Actor: StaticMeshActor
[2017.11.27-12.31.54:497][914]LogEditorActor: Deleted 1 Actors (0.010 secs)
[2017.11.27-12.32.00:649][283]LogEditorViewport: Clicking on Actor (LMB): StaticMeshActor (Wall7)
[2017.11.27-12.32.00:938][298]Cmd: DELETE
[2017.11.27-12.32.00:938][298]Cmd: ACTOR DELETE
[2017.11.27-12.32.00:939][298]LogEditorActor: Deleted Actor: StaticMeshActor
[2017.11.27-12.32.00:947][298]LogEditorActor: Deleted 1 Actors (0.008 secs)
[2017.11.27-12.32.06:071][605]LogEditorViewport: Clicking on Actor (LMB): DirectionalLight (DirectionalLight)
[2017.11.27-12.32.31:173][ 83]LogEditorViewport: Clicking on Actor (LMB): DirectionalLight (DirectionalLight)
[2017.11.27-12.32.45:021][907]Cmd: TRANSACTION UNDO
[2017.11.27-12.32.45:021][907]LogEditorTransaction: Undo Rotate Actors
[2017.11.27-12.32.45:294][922]Cmd: TRANSACTION UNDO
[2017.11.27-12.32.45:294][922]LogEditorTransaction: Undo Edit Intensity
[2017.11.27-12.32.45:507][933]Cmd: TRANSACTION UNDO
[2017.11.27-12.32.45:507][933]LogEditorTransaction: Undo Clicking on Actors
[2017.11.27-12.32.47:691][ 61]Cmd: TRANSACTION UNDO
[2017.11.27-12.32.47:691][ 61]LogEditorTransaction: Undo Edit Intensity
[2017.11.27-12.32.58:073][679]LogEditorViewport: Clicking on Actor (LMB): DirectionalLight (DirectionalLight)
[2017.11.27-12.32.58:804][720]Cmd: DELETE
[2017.11.27-12.32.58:804][720]Cmd: ACTOR DELETE
[2017.11.27-12.32.58:805][720]LogEditorActor: Deleted Actor: DirectionalLight
[2017.11.27-12.32.58:815][720]LogEditorActor: Deleted 1 Actors (0.011 secs)
[2017.11.27-12.33.00:674][831]LogEditorViewport: Clicking on Actor (LMB): DirectionalLight (DirectionalLight2)
[2017.11.27-12.33.37:771][932]LogEditorViewport: Clicking on Actor (LMB): StaticMeshActor (Worktop_2)
[2017.11.27-12.33.42:390][205]LogEditorViewport: Clicking on Actor (LMB): DirectionalLight (DirectionalLight2)
[2017.11.27-12.33.49:404][617]LogEditorViewport: Clicking on Actor (LMB): StaticMeshActor (Wall4)
[2017.11.27-12.33.50:578][684]Cmd: DELETE
[2017.11.27-12.33.50:578][684]Cmd: ACTOR DELETE
[2017.11.27-12.33.50:579][684]LogEditorActor: Deleted Actor: StaticMeshActor
[2017.11.27-12.33.50:588][684]LogEditorActor: Deleted 1 Actors (0.010 secs)
[2017.11.27-12.33.52:062][773]Cmd: TRANSACTION UNDO
[2017.11.27-12.33.52:062][773]LogEditorTransaction: Undo Delete Actors
[2017.11.27-12.34.02:042][359]LogEditorViewport: Clicking on Actor (LMB): StaticMeshActor (Wall)
[2017.11.27-12.34.25:862][753]LogEditorViewport: Clicking on Actor (LMB): StaticMeshActor (Wall3)
[2017.11.27-12.34.39:229][552]LogEditorViewport: Clicking on Actor (LMB): DirectionalLight (DirectionalLight2)
[2017.11.27-12.34.47:159][ 18]LogEditorViewport: Clicking on Actor (LMB): SkyLight (SkyLight)
[2017.11.27-12.35.09:061][193]MapCheck: New page: Map Check
[2017.11.27-12.35.09:075][193]LightingResults: New page: Lighting Build - 27 Nov 2017 12:35:09
[2017.11.27-12.35.09:113][193]LogSwarmInterface: [OpenConnection] Registering TCP channel ...
[2017.11.27-12.35.09:156][193]LogSwarmInterface: [OpenConnection] Connecting to agent ...
[2017.11.27-12.35.09:165][193]LogSwarmInterface: [TryOpenConnection] Testing the Agent
[2017.11.27-12.35.11:182][193]LogSwarmInterface: Error: [TryOpenConnection] Waiting for the agent to start up ...
[2017.11.27-12.35.11:185][193]LogSwarmInterface: Error: System.Net.Sockets.SocketException (0x80004005): No connection could be made because the target machine actively refused it 127.0.0.1:8008

Server stack trace: 
   at System.Net.Sockets.Socket.DoConnect(EndPoint endPointSnapshot, SocketAddress socketAddress)
   at System.Net.Sockets.Socket.Connect(EndPoint remoteEP)
   at System.Runtime.Remoting.Channels.RemoteConnection.CreateNewSocket(EndPoint ipEndPoint)
   at System.Runtime.Remoting.Channels.SocketCache.GetSocket(String machinePortAndSid, Boolean openNew)
   at System.Runtime.Remoting.Channels.Tcp.TcpClientTransportSink.SendRequestWithRetry(IMessage msg, ITransportHeaders requestHeaders, Stream requestStream)
   at System.Runtime.Remoting.Channels.Tcp.TcpClientTransportSink.AsyncProcessRequest(IClientChannelSinkStack sinkStack, IMessage msg, ITransportHeaders headers, Stream stream)
   at System.Runtime.Remoting.Channels.BinaryClientFormatterSink.AsyncProcessMessage(IMessage msg, IMessageSink replySink)

Exception rethrown at [0]: 
   at System.Runtime.Remoting.Proxies.RealProxy.HandleReturnMessage(IMessage reqMsg, IMessage retMsg)
   at System.Runtime.Remoting.Proxies.RealProxy.PrivateInvoke(MessageData& msgData, Int32 type)
   at NSwarm.IAgentInterfaceWrapper.MethodDelegate.EndInvoke(Hashtable& OutParameters, IAsyncResult result)
   at NSwarm.FSwarmInterface.TryOpenConnection(FConnectionCallback CallbackFunc, IntPtr CallbackData, ELogFlags LoggingFlags)
[2017.11.27-12.35.18:188][193]LogSwarmInterface: Error: [TryOpenConnection] Waiting for the agent to start up ...
[2017.11.27-12.35.18:188][193]LogSwarmInterface: Error: System.Net.Sockets.SocketException (0x80004005): No connection could be made because the target machine actively refused it 127.0.0.1:8008

Server stack trace: 
   at System.Net.Sockets.Socket.DoConnect(EndPoint endPointSnapshot, SocketAddress socketAddress)
   at System.Net.Sockets.Socket.Connect(EndPoint remoteEP)
   at System.Runtime.Remoting.Channels.RemoteConnection.CreateNewSocket(EndPoint ipEndPoint)
   at System.Runtime.Remoting.Channels.SocketCache.GetSocket(String machinePortAndSid, Boolean openNew)
   at System.Runtime.Remoting.Channels.Tcp.TcpClientTransportSink.SendRequestWithRetry(IMessage msg, ITransportHeaders requestHeaders, Stream requestStream)
   at System.Runtime.Remoting.Channels.Tcp.TcpClientTransportSink.AsyncProcessRequest(IClientChannelSinkStack sinkStack, IMessage msg, ITransportHeaders headers, Stream stream)
   at System.Runtime.Remoting.Channels.BinaryClientFormatterSink.AsyncProcessMessage(IMessage msg, IMessageSink replySink)

Exception rethrown at [0]: 
   at System.Runtime.Remoting.Proxies.RealProxy.HandleReturnMessage(IMessage reqMsg, IMessage retMsg)
   at System.Runtime.Remoting.Proxies.RealProxy.PrivateInvoke(MessageData& msgData, Int32 type)
   at NSwarm.IAgentInterfaceWrapper.MethodDelegate.EndInvoke(Hashtable& OutParameters, IAsyncResult result)
   at NSwarm.FSwarmInterface.TryOpenConnection(FConnectionCallback CallbackFunc, IntPtr CallbackData, ELogFlags LoggingFlags)
[2017.11.27-12.35.24:700][193]LogSwarmInterface: [TryOpenConnection] Opening Connection to Agent
[2017.11.27-12.35.24:700][193]LogSwarmInterface: [TryOpenConnection] Local Process ID is 7732
[2017.11.27-12.35.26:975][193]LogStaticLightingSystem: Running Lightmass w/ ImmediateImport mode ENABLED
[2017.11.27-12.35.26:975][193]LogStaticLightingSystem: Running Lightmass w/ ImmediateProcess mode ENABLED
[2017.11.27-12.35.26:975][193]LogStaticLightingSystem: Running Lightmass w/ Sorting mode ENABLED
[2017.11.27-12.35.26:975][193]LogStaticLightingSystem: Running Lightmass w/ Mapping paddings ENABLED
[2017.11.27-12.35.26:975][193]LogStaticLightingSystem: Running Lightmass w/ Mapping debug paddings DISABLED
[2017.11.27-12.35.27:142][193]LogEditorBuildUtils: Build time 0:18
[2017.11.27-12.35.27:149][193]LogMaterial: Missing cached shader map for material FLightmassMaterialRenderer SoftWood, compiling. 
[2017.11.27-12.35.27:158][193]LogMaterial: Missing cached shader map for material FLightmassMaterialRenderer SoftWood, compiling. 
[2017.11.27-12.35.27:195][194]LogMaterial: Missing cached shader map for material FLightmassMaterialRenderer BasicShapeMaterial, compiling. 
[2017.11.27-12.35.27:202][194]LogMaterial: Missing cached shader map for material FLightmassMaterialRenderer BasicShapeMaterial, compiling. 
[2017.11.27-12.35.27:280][196]LogMaterial: Missing cached shader map for material FLightmassMaterialRenderer TableTop, compiling. 
[2017.11.27-12.35.27:285][196]LogMaterial: Missing cached shader map for material FLightmassMaterialRenderer TableTop, compiling. 
[2017.11.27-12.35.27:305][197]LogMaterial: Missing cached shader map for material FLightmassMaterialRenderer TableLeg, compiling. 
[2017.11.27-12.35.27:312][197]LogMaterial: Missing cached shader map for material FLightmassMaterialRenderer TableLeg, compiling. 
[2017.11.27-12.35.27:331][198]LogMaterial: Missing cached shader map for material FLightmassMaterialRenderer ChairBack, compiling. 
[2017.11.27-12.35.27:337][198]LogMaterial: Missing cached shader map for material FLightmassMaterialRenderer ChairBack, compiling. 
[2017.11.27-12.35.27:353][199]LogMaterial: Missing cached shader map for material FLightmassMaterialRenderer ChairLeg, compiling. 
[2017.11.27-12.35.27:360][199]LogMaterial: Missing cached shader map for material FLightmassMaterialRenderer ChairLeg, compiling. 
[2017.11.27-12.35.37:137][598]LightingResults: Warning: Oven Object has overlapping UVs.
[2017.11.27-12.35.37:137][598]LightingResults: Oven Lightmap UV are overlapping by 2.3%. Please adjust content - Enable Error Coloring to visualize.
[2017.11.27-12.35.37:941][638]LightingResults: Warning: KitchenChair Object has wrapping UVs.
[2017.11.27-12.35.37:941][638]LightingResults: Warning: KitchenChair Object has overlapping UVs.
[2017.11.27-12.35.37:941][638]LightingResults: KitchenChair Lightmap UV are overlapping by 15.1%. Please adjust content - Enable Error Coloring to visualize.
[2017.11.27-12.35.38:142][648]LightingResults: Warning: KitchenChair Object has wrapping UVs.
[2017.11.27-12.35.38:142][648]LightingResults: Warning: KitchenChair Object has overlapping UVs.
[2017.11.27-12.35.38:142][648]LightingResults: KitchenChair Lightmap UV are overlapping by 15.1%. Please adjust content - Enable Error Coloring to visualize.
[2017.11.27-12.35.38:544][668]LightingResults: Warning: KitchenChair Object has wrapping UVs.
[2017.11.27-12.35.38:544][668]LightingResults: Warning: KitchenChair Object has overlapping UVs.
[2017.11.27-12.35.38:544][668]LightingResults: KitchenChair Lightmap UV are overlapping by 15.1%. Please adjust content - Enable Error Coloring to visualize.
[2017.11.27-12.35.39:006][691]LightingResults: Warning: KitchenChair Object has wrapping UVs.
[2017.11.27-12.35.39:006][691]LightingResults: Warning: KitchenChair Object has overlapping UVs.
[2017.11.27-12.35.39:006][691]LightingResults: KitchenChair Lightmap UV are overlapping by 15.1%. Please adjust content - Enable Error Coloring to visualize.
[2017.11.27-12.35.39:951][738]LightingResults: Warning: Knife Object has overlapping UVs.
[2017.11.27-12.35.39:971][739]LightingResults: Knife Lightmap UV are overlapping by 47.4%. Please adjust content - Enable Error Coloring to visualize.
[2017.11.27-12.35.40:614][771]LightingResults: Warning: KnifeBlock Object has overlapping UVs.
[2017.11.27-12.35.40:614][771]LightingResults: KnifeBlock Lightmap UV are overlapping by 29.2%. Please adjust content - Enable Error Coloring to visualize.
[2017.11.27-12.35.42:079][843]LightingResults: Warning: Knife Object has overlapping UVs.
[2017.11.27-12.35.42:079][843]LightingResults: Knife Lightmap UV are overlapping by 47.4%. Please adjust content - Enable Error Coloring to visualize.
[2017.11.27-12.35.42:927][888]Job is a success!
[2017.11.27-12.35.43:019][889]LogMaterial: Warning: Material /Game/ChairBack.ChairBack needed to have new flag set bUsedWithStaticLighting !
[2017.11.27-12.35.43:022][889]LogMaterial: Missing cached shader map for material ChairBack, compiling. 
[2017.11.27-12.35.43:062][889]LogMaterial: Warning: Material /Game/ChairLeg.ChairLeg needed to have new flag set bUsedWithStaticLighting !
[2017.11.27-12.35.43:064][889]LogMaterial: Missing cached shader map for material ChairLeg, compiling. 
[2017.11.27-12.35.43:634][889]LogTexture: Display: Building textures: SkyOcclusion0_1 (AutoDXT, 1024X512)
[2017.11.27-12.35.43:634][889]LogTexture: Display: Building textures: HQ_Lightmap0_1 (AutoDXT, 1024X1024)
[2017.11.27-12.35.43:634][889]LogTexture: Display: Building textures: LQ_Lightmap_0_1 (DXT1, 1024X1024)
[2017.11.27-12.35.43:634][889]LogTexture: Display: Building textures: SkyOcclusion0_2 (AutoDXT, 64X32)
[2017.11.27-12.35.43:634][889]LogTexture: Display: Building textures: HQ_Lightmap1_2 (AutoDXT, 64X64)
[2017.11.27-12.35.43:634][889]LogTexture: Display: Building textures: LQ_Lightmap_1_2 (DXT1, 64X64)
[2017.11.27-12.35.43:728][889]LogTexture: Display: Building textures: ShadowMapTexture2D_2 (G8, 32X32)
[2017.11.27-12.35.43:728][889]LogTexture: Display: Building textures: ShadowMapTexture2D_0 (BGRA8, 1024X256)
[2017.11.27-12.35.43:752][889]Lightmass on MSI: 13.8 sec total, 332 ms importing, 52 ms setup, 2.28 sec photons, 11.1 sec processing, 0 ms extra exporting [71/71 mappings]. Threads: 1:17 min total, 1:00 min processing.
[2017.11.27-12.35.43:807][889]LogStaticLightingSystem: Illumination: 34.7 sec (550 ms encoding lightmaps, 84 ms encoding shadowmaps)
[2017.11.27-12.35.43:807][889]LogStaticLightingSystem: Lightmap texture memory:  2.7 MB (2.7 MB streaming, 0.0 MB non-streaming), 4 textures
[2017.11.27-12.35.43:807][889]LogStaticLightingSystem: Shadowmap texture memory: 1.3 MB (1.3 MB streaming, 0.0 MB non-streaming), 2 textures
[2017.11.27-12.35.43:979][889]DumpUnbuiltLightIteractions
[2017.11.27-12.35.43:979][889]Lights with unbuilt interactions: 0
[2017.11.27-12.35.43:979][889]
[2017.11.27-12.35.43:980][889]Primitives with unbuilt interactions: 0
[2017.11.27-12.35.43:998][890]Cmd: MAP CHECK NOTIFYRESULTS
[2017.11.27-12.35.43:998][890]MapCheck: New page: Kitchen - 27 Nov 2017 12:35:43
[2017.11.27-12.35.44:011][890]MapCheck: Warning: Wall10 Static mesh actor has NULL StaticMesh property 
[2017.11.27-12.35.44:011][890]MapCheck: Warning: Wall10 Static mesh actor has NULL StaticMesh property 
[2017.11.27-12.35.44:011][890]MapCheck: Warning: Wall11 Static mesh actor has NULL StaticMesh property 
[2017.11.27-12.35.44:011][890]MapCheck: Warning: Wall11 Static mesh actor has NULL StaticMesh property 
[2017.11.27-12.35.44:011][890]MapCheck: Warning: Wall9 Static mesh actor has NULL StaticMesh property 
[2017.11.27-12.35.44:011][890]MapCheck: Warning: Wall9 Static mesh actor has NULL StaticMesh property 
[2017.11.27-12.35.44:083][890]MapCheck: Map check complete: 0 Error(s), 6 Warning(s), took 85.325ms to complete.
[2017.11.27-12.36.08:864][128]Cmd: QUIT_EDITOR
[2017.11.27-12.36.08:880][128]LogWindowsTextInputMethodSystem: Display: IME system now deactivated.
[2017.11.27-12.36.08:893][128]LogExit: Preparing to exit.
[2017.11.27-12.36.09:365][128]LogDirectoryWatcher: A directory notification for 'C:/Users/Stumps/Desktop/StitchesAndBones/StitchesAndBones/Content/' was aborted.
[2017.11.27-12.36.09:384][128]LogExit: Editor shut down
[2017.11.27-12.36.09:388][128]LogExit: Transaction tracking system shut down
[2017.11.27-12.36.09:597][128]LogDirectoryWatcher: A directory notification for '../../../Engine/Content/' was aborted.
[2017.11.27-12.36.09:597][128]LogDirectoryWatcher: A directory notification for '../../../../../../Users/Stumps/Desktop/StitchesAndBones/StitchesAndBones/Content/' was aborted.
[2017.11.27-12.36.09:597][128]LogDirectoryWatcher: A directory notification for '../../../Engine/Plugins/2D/Paper2D/Content/' was aborted.
[2017.11.27-12.36.09:597][128]LogDirectoryWatcher: A directory notification for '../../../Engine/Plugins/Runtime/Oculus/OculusVR/Content/' was aborted.
[2017.11.27-12.36.09:597][128]LogDirectoryWatcher: A directory notification for '../../../Engine/Plugins/Runtime/Steam/SteamVR/Content/' was aborted.
[2017.11.27-12.36.09:651][128]LogExit: Object subsystem successfully closed.
[2017.11.27-12.36.09:671][128]LogD3D11RHI: Shutdown
[2017.11.27-12.36.09:671][128]LogD3D11RHI: CleanupD3DDevice
[2017.11.27-12.36.09:778][128]LogD3D11RHI: ~FD3D11DynamicRHI
[2017.11.27-12.36.09:793][128]LogModuleManager: Shutting down and abandoning module StatsViewer (530)
[2017.11.27-12.36.09:793][128]LogModuleManager: Shutting down and abandoning module HierarchicalLODOutliner (528)
[2017.11.27-12.36.09:793][128]LogModuleManager: Shutting down and abandoning module SceneOutliner (526)
[2017.11.27-12.36.09:793][128]LogModuleManager: Shutting down and abandoning module AddContentDialog (524)
[2017.11.27-12.36.09:793][128]LogDirectoryWatcher: A directory notification for 'C:/Program Files/Epic Games/UE_4.17/FeaturePacks/' was aborted.
[2017.11.27-12.36.09:793][128]LogModuleManager: Shutting down and abandoning module WidgetCarousel (523)
[2017.11.27-12.36.09:793][128]LogModuleManager: Shutting down and abandoning module EditorWidgets (520)
[2017.11.27-12.36.09:793][128]LogModuleManager: Shutting down and abandoning module CollectionManager (518)
[2017.11.27-12.36.09:794][128]LogDirectoryWatcher: A directory notification for 'C:/Users/Stumps/Desktop/StitchesAndBones/StitchesAndBones/Content/Collections/' was aborted.
[2017.11.27-12.36.09:794][128]LogDirectoryWatcher: A directory notification for 'C:/Users/Stumps/Desktop/StitchesAndBones/StitchesAndBones/Content/Developers/Stumps/Collections/' was aborted.
[2017.11.27-12.36.09:794][128]LogDirectoryWatcher: A directory notification for 'C:/Users/Stumps/Desktop/StitchesAndBones/StitchesAndBones/Saved/Collections/' was aborted.
[2017.11.27-12.36.09:794][128]LogModuleManager: Shutting down and abandoning module FoliageEdit (516)
[2017.11.27-12.36.09:794][128]LogModuleManager: Shutting down and abandoning module LandscapeEditor (514)
[2017.11.27-12.36.09:794][128]LogModuleManager: Shutting down and abandoning module MeshPaintMode (512)
[2017.11.27-12.36.09:794][128]LogModuleManager: Shutting down and abandoning module SceneDepthPickerMode (510)
[2017.11.27-12.36.09:794][128]LogModuleManager: Shutting down and abandoning module ActorPickerMode (508)
[2017.11.27-12.36.09:794][128]LogModuleManager: Shutting down and abandoning module GeometryMode (506)
[2017.11.27-12.36.09:794][128]LogModuleManager: Shutting down and abandoning module TextureAlignMode (504)
[2017.11.27-12.36.09:794][128]LogModuleManager: Shutting down and abandoning module BspMode (502)
[2017.11.27-12.36.09:794][128]LogModuleManager: Shutting down and abandoning module PIEPreviewDeviceProfileSelector (500)
[2017.11.27-12.36.09:794][128]LogModuleManager: Shutting down and abandoning module HardwareSurvey (498)
[2017.11.27-12.36.09:794][128]LogModuleManager: Shutting down and abandoning module SequenceRecorderSections (496)
[2017.11.27-12.36.09:794][128]LogModuleManager: Shutting down and abandoning module AutomationWorker (494)
[2017.11.27-12.36.09:794][128]LogModuleManager: Shutting down and abandoning module MatineeToLevelSequence (492)
[2017.11.27-12.36.09:794][128]LogModuleManager: Shutting down and abandoning module LevelSequenceEditor (490)
[2017.11.27-12.36.09:794][128]LogModuleManager: Shutting down and abandoning module PlacementMode (489)
[2017.11.27-12.36.09:794][128]LogModuleManager: Shutting down and abandoning module WmfMediaFactory (486)
[2017.11.27-12.36.09:794][128]LogModuleManager: Shutting down and abandoning module WmfMediaEditor (484)
[2017.11.27-12.36.09:794][128]LogModuleManager: Shutting down and abandoning module AvfMediaFactory (482)
[2017.11.27-12.36.09:794][128]LogModuleManager: Shutting down and abandoning module AvfMediaEditor (480)
[2017.11.27-12.36.09:794][128]LogModuleManager: Shutting down and abandoning module AndroidMediaFactory (478)
[2017.11.27-12.36.09:794][128]LogModuleManager: Shutting down and abandoning module Media (477)
[2017.11.27-12.36.09:794][128]LogModuleManager: Shutting down and abandoning module AndroidMediaEditor (474)
[2017.11.27-12.36.09:794][128]LogModuleManager: Shutting down and abandoning module CharacterAI (472)
[2017.11.27-12.36.09:794][128]LogModuleManager: Shutting down and abandoning module AudioCapture (470)
[2017.11.27-12.36.09:794][128]LogModuleManager: Shutting down and abandoning module SequenceRecorder (469)
[2017.11.27-12.36.09:794][128]LogModuleManager: Shutting down and abandoning module SmartSnapping (466)
[2017.11.27-12.36.09:794][128]LogModuleManager: Shutting down and abandoning module SessionServices (464)
[2017.11.27-12.36.09:794][128]LogModuleManager: Shutting down and abandoning module ViewportSnapping (462)
[2017.11.27-12.36.09:794][128]LogModuleManager: Shutting down and abandoning module ViewportInteraction (460)
[2017.11.27-12.36.09:794][128]LogModuleManager: Shutting down and abandoning module ClothPainter (458)
[2017.11.27-12.36.09:794][128]LogModuleManager: Shutting down and abandoning module LogVisualizer (456)
[2017.11.27-12.36.09:794][128]LogModuleManager: Shutting down and abandoning module IntroTutorials (454)
[2017.11.27-12.36.09:795][128]LogModuleManager: Shutting down and abandoning module GameProjectGeneration (453)
[2017.11.27-12.36.09:795][128]LogModuleManager: Shutting down and abandoning module IOSPlatformEditor (450)
[2017.11.27-12.36.09:795][128]LogModuleManager: Shutting down and abandoning module HTML5PlatformEditor (448)
[2017.11.27-12.36.09:795][128]LogModuleManager: Shutting down and abandoning module AndroidPlatformEditor (446)
[2017.11.27-12.36.09:795][128]LogModuleManager: Shutting down and abandoning module AndroidDeviceDetection (445)
[2017.11.27-12.36.10:619][128]LogModuleManager: Shutting down and abandoning module WindowsPlatformEditor (442)
[2017.11.27-12.36.10:619][128]LogModuleManager: Shutting down and abandoning module IOSRuntimeSettings (440)
[2017.11.27-12.36.10:619][128]LogModuleManager: Shutting down and abandoning module AndroidRuntimeSettings (438)
[2017.11.27-12.36.10:619][128]LogModuleManager: Shutting down and abandoning module InputBindingEditor (436)
[2017.11.27-12.36.10:619][128]LogModuleManager: Shutting down and abandoning module MergeActors (434)
[2017.11.27-12.36.10:619][128]LogModuleManager: Shutting down and abandoning module SizeMap (432)
[2017.11.27-12.36.10:619][128]LogModuleManager: Shutting down and abandoning module TreeMap (430)
[2017.11.27-12.36.10:619][128]LogModuleManager: Shutting down and abandoning module ReferenceViewer (428)
[2017.11.27-12.36.10:619][128]LogModuleManager: Shutting down and abandoning module LocalizationDashboard (426)
[2017.11.27-12.36.10:619][128]LogModuleManager: Shutting down and abandoning module LocalizationService (425)
[2017.11.27-12.36.10:619][128]LogModuleManager: Shutting down and abandoning module HardwareTargeting (422)
[2017.11.27-12.36.10:619][128]LogModuleManager: Shutting down and abandoning module DeviceProfileEditor (420)
[2017.11.27-12.36.10:619][128]LogModuleManager: Shutting down and abandoning module UndoHistory (418)
[2017.11.27-12.36.10:619][128]LogModuleManager: Shutting down and abandoning module XmlParser (416)
[2017.11.27-12.36.10:619][128]LogModuleManager: Shutting down and abandoning module Blutility (414)
[2017.11.27-12.36.10:619][128]LogModuleManager: Shutting down and abandoning module ProjectSettingsViewer (412)
[2017.11.27-12.36.10:619][128]LogModuleManager: Shutting down and abandoning module ProjectTargetPlatformEditor (411)
[2017.11.27-12.36.10:620][128]LogModuleManager: Shutting down and abandoning module EditorSettingsViewer (408)
[2017.11.27-12.36.10:620][128]LogModuleManager: Shutting down and abandoning module SettingsEditor (406)
[2017.11.27-12.36.10:620][128]LogModuleManager: Shutting down and abandoning module ProjectLauncher (404)
[2017.11.27-12.36.10:620][128]LogModuleManager: Shutting down and abandoning module SessionFrontend (402)
[2017.11.27-12.36.10:620][128]LogModuleManager: Shutting down and abandoning module ProfilerClient (400)
[2017.11.27-12.36.10:620][128]LogModuleManager: Shutting down and abandoning module DeviceManager (398)
[2017.11.27-12.36.10:620][128]LogModuleManager: Shutting down and abandoning module TargetDeviceServices (397)
[2017.11.27-12.36.10:684][128]LogModuleManager: Shutting down and abandoning module AutomationController (394)
[2017.11.27-12.36.10:684][128]LogModuleManager: Shutting down and abandoning module AutomationWindow (392)
[2017.11.27-12.36.10:684][128]LogModuleManager: Shutting down and abandoning module Layers (390)
[2017.11.27-12.36.10:684][128]LogModuleManager: Shutting down and abandoning module ComponentVisualizers (388)
[2017.11.27-12.36.10:684][128]LogModuleManager: Shutting down and abandoning module DetailCustomizations (386)
[2017.11.27-12.36.10:684][128]LogModuleManager: Shutting down and abandoning module PackagesDialog (384)
[2017.11.27-12.36.10:684][128]LogModuleManager: Shutting down and abandoning module Persona (382)
[2017.11.27-12.36.10:684][128]LogModuleManager: Shutting down and abandoning module AdvancedPreviewScene (381)
[2017.11.27-12.36.10:685][128]LogModuleManager: Shutting down and abandoning module AnimGraph (379)
[2017.11.27-12.36.10:685][128]LogModuleManager: Shutting down and abandoning module Kismet (376)
[2017.11.27-12.36.10:685][128]LogModuleManager: Shutting down and abandoning module ClassViewer (374)
[2017.11.27-12.36.10:685][128]LogModuleManager: Shutting down and abandoning module Toolbox (372)
[2017.11.27-12.36.10:685][128]LogModuleManager: Shutting down and abandoning module ModuleUI (370)
[2017.11.27-12.36.10:685][128]LogModuleManager: Shutting down and abandoning module MovieSceneTools (368)
[2017.11.27-12.36.10:685][128]LogModuleManager: Shutting down and abandoning module OutputLog (366)
[2017.11.27-12.36.10:685][128]LogModuleManager: Shutting down and abandoning module GammaUI (364)
[2017.11.27-12.36.10:685][128]LogModuleManager: Shutting down and abandoning module Documentation (362)
[2017.11.27-12.36.10:686][128]LogModuleManager: Shutting down and abandoning module MovieSceneTracks (360)
[2017.11.27-12.36.10:686][128]LogModuleManager: Shutting down and abandoning module MovieScene (358)
[2017.11.27-12.36.10:686][128]LogModuleManager: Shutting down and abandoning module Niagara (356)
[2017.11.27-12.36.10:686][128]LogModuleManager: Shutting down and abandoning module NiagaraEditor (355)
[2017.11.27-12.36.10:686][128]LogModuleManager: Shutting down and abandoning module StreamingPauseRendering (352)
[2017.11.27-12.36.10:686][128]LogModuleManager: Shutting down and abandoning module LauncherPlatform (350)
[2017.11.27-12.36.10:686][128]LogModuleManager: Shutting down and abandoning module AnalyticsET (348)
[2017.11.27-12.36.10:686][128]LogModuleManager: Shutting down and abandoning module PortalServices (346)
[2017.11.27-12.36.10:686][128]LogModuleManager: Shutting down and abandoning module PortalRpc (344)
[2017.11.27-12.36.10:686][128]LogModuleManager: Shutting down and abandoning module MessagingRpc (342)
[2017.11.27-12.36.10:686][128]LogModuleManager: Shutting down and abandoning module AIModule (340)
[2017.11.27-12.36.10:686][128]LogModuleManager: Shutting down and abandoning module GameplayDebugger (339)
[2017.11.27-12.36.10:686][128]LogModuleManager: Shutting down and abandoning module AITestSuite (337)
[2017.11.27-12.36.10:686][128]LogModuleManager: Shutting down and abandoning module ProfilerService (334)
[2017.11.27-12.36.10:890][128]LogModuleManager: Shutting down and abandoning module TaskGraph (332)
[2017.11.27-12.36.10:890][128]LogModuleManager: Shutting down and abandoning module SteamVRController (330)
[2017.11.27-12.36.10:890][128]LogModuleManager: Shutting down and abandoning module ProceduralMeshComponentEditor (328)
[2017.11.27-12.36.10:890][128]LogModuleManager: Shutting down and abandoning module ProceduralMeshComponent (326)
[2017.11.27-12.36.10:890][128]LogModuleManager: Shutting down and abandoning module OculusInput (324)
[2017.11.27-12.36.10:890][128]LogModuleManager: Shutting down and abandoning module MobilePatchingUtils (322)
[2017.11.27-12.36.10:890][128]LogModuleManager: Shutting down and abandoning module CustomMeshComponent (320)
[2017.11.27-12.36.10:890][128]LogModuleManager: Shutting down and abandoning module CableComponent (318)
[2017.11.27-12.36.10:890][128]LogModuleManager: Shutting down and abandoning module ArchVisCharacter (316)
[2017.11.27-12.36.10:890][128]LogModuleManager: Shutting down and abandoning module AndroidPermission (314)
[2017.11.27-12.36.10:890][128]LogModuleManager: Shutting down and abandoning module MediaPlayerEditor (310)
[2017.11.27-12.36.10:890][128]LogModuleManager: Shutting down and abandoning module HTML5Networking (308)
[2017.11.27-12.36.10:890][128]LogModuleManager: Shutting down and abandoning module AlembicImporter (306)
[2017.11.27-12.36.10:890][128]LogModuleManager: Shutting down and abandoning module AlembicLibrary (305)
[2017.11.27-12.36.10:890][128]LogModuleManager: Shutting down and abandoning module GeometryCache (304)
[2017.11.27-12.36.10:890][128]LogModuleManager: Shutting down and abandoning module GeometryCacheEd (303)
[2017.11.27-12.36.10:890][128]LogModuleManager: Shutting down and abandoning module SpeedTreeImporter (298)
[2017.11.27-12.36.10:890][128]LogModuleManager: Shutting down and abandoning module PluginBrowser (296)
[2017.11.27-12.36.10:890][128]LogModuleManager: Shutting down and abandoning module MobileLauncherProfileWizard (294)
[2017.11.27-12.36.10:890][128]LogModuleManager: Shutting down and abandoning module VisualStudioSourceCodeAccess (292)
[2017.11.27-12.36.10:890][128]LogModuleManager: Shutting down and abandoning module DesktopPlatform (291)
[2017.11.27-12.36.10:890][128]LogModuleManager: Shutting down and abandoning module UObjectPlugin (288)
[2017.11.27-12.36.10:890][128]LogModuleManager: Shutting down and abandoning module SubversionSourceControl (286)
[2017.11.27-12.36.10:890][128]LogModuleManager: Shutting down and abandoning module PerforceSourceControl (284)
[2017.11.27-12.36.10:890][128]LogModuleManager: Shutting down and abandoning module GitSourceControl (282)
[2017.11.27-12.36.10:891][128]LogModuleManager: Shutting down and abandoning module SourceControl (281)
[2017.11.27-12.36.10:891][128]LogModuleManager: Shutting down and abandoning module LightPropagationVolumeEditor (278)
[2017.11.27-12.36.10:891][128]LogModuleManager: Shutting down and abandoning module PaperTiledImporter (276)
[2017.11.27-12.36.10:891][128]LogModuleManager: Shutting down and abandoning module PaperSpriteSheetImporter (274)
[2017.11.27-12.36.10:891][128]LogModuleManager: Shutting down and abandoning module Paper2DEditor (272)
[2017.11.27-12.36.10:891][128]LogModuleManager: Shutting down and abandoning module MeshPaint (271)
[2017.11.27-12.36.10:891][128]LogModuleManager: Shutting down and abandoning module LevelEditor (269)
[2017.11.27-12.36.10:891][128]LogModuleManager: Shutting down and abandoning module PixelInspectorModule (268)
[2017.11.27-12.36.10:892][128]LogModuleManager: Shutting down and abandoning module MainFrame (266)
[2017.11.27-12.36.10:892][128]LogModuleManager: Shutting down and abandoning module HotReload (265)
[2017.11.27-12.36.10:892][128]LogModuleManager: Shutting down and abandoning module RuntimePhysXCooking (260)
[2017.11.27-12.36.10:892][128]LogModuleManager: Shutting down and abandoning module PhysXVehiclesEditor (258)
[2017.11.27-12.36.10:892][128]LogModuleManager: Shutting down and abandoning module PhysXVehicles (256)
[2017.11.27-12.36.10:892][128]LogModuleManager: Shutting down and abandoning module OculusEditor (254)
[2017.11.27-12.36.10:892][128]LogModuleManager: Shutting down and abandoning module LocationServicesBPLibrary (252)
[2017.11.27-12.36.10:892][128]LogModuleManager: Shutting down and abandoning module ImmediatePhysicsEditor (250)
[2017.11.27-12.36.10:892][128]LogModuleManager: Shutting down and abandoning module ImmediatePhysics (248)
[2017.11.27-12.36.10:892][128]LogModuleManager: Shutting down and abandoning module UdpMessaging (246)
[2017.11.27-12.36.10:993][128]LogModuleManager: Shutting down and abandoning module TcpMessaging (244)
[2017.11.27-12.36.11:093][128]LogModuleManager: Shutting down and abandoning module GameplayTagsEditor (242)
[2017.11.27-12.36.11:093][128]LogModuleManager: Shutting down and abandoning module FacialAnimationEditor (240)
[2017.11.27-12.36.11:093][128]LogModuleManager: Shutting down and abandoning module FacialAnimation (238)
[2017.11.27-12.36.11:093][128]LogModuleManager: Shutting down and abandoning module AssetManagerEditor (236)
[2017.11.27-12.36.11:093][128]LogModuleManager: Shutting down and abandoning module GraphEditor (235)
[2017.11.27-12.36.11:093][128]LogModuleManager: Shutting down and abandoning module ContentBrowser (233)
[2017.11.27-12.36.11:094][128]LogModuleManager: Shutting down and abandoning module LightPropagationVolumeRuntime (230)
[2017.11.27-12.36.11:094][128]LogModuleManager: Shutting down and abandoning module Paper2D (228)
[2017.11.27-12.36.11:094][128]LogModuleManager: Shutting down and abandoning module WindowsMoviePlayer (226)
[2017.11.27-12.36.11:094][128]LogModuleManager: Shutting down and abandoning module WmfMedia (224)
[2017.11.27-12.36.11:094][128]LogModuleManager: Shutting down and abandoning module PacketHandler (222)
[2017.11.27-12.36.11:094][128]LogModuleManager: Shutting down and abandoning module ClothingSystemEditor (220)
[2017.11.27-12.36.11:094][128]LogModuleManager: Shutting down and abandoning module ClothingSystemRuntime (218)
[2017.11.27-12.36.11:094][128]LogModuleManager: Shutting down and abandoning module Overlay (216)
[2017.11.27-12.36.11:094][128]LogModuleManager: Shutting down and abandoning module OverlayEditor (215)
[2017.11.27-12.36.11:094][128]LogModuleManager: Shutting down and abandoning module MediaAssets (212)
[2017.11.27-12.36.11:094][128]LogModuleManager: Shutting down and abandoning module VREditor (210)
[2017.11.27-12.36.11:094][128]LogModuleManager: Shutting down and abandoning module StringTableEditor (208)
[2017.11.27-12.36.11:094][128]LogModuleManager: Shutting down and abandoning module GameplayTasksEditor (206)
[2017.11.27-12.36.11:094][128]LogModuleManager: Shutting down and abandoning module BehaviorTreeEditor (204)
[2017.11.27-12.36.11:094][128]LogModuleManager: Shutting down and abandoning module FunctionalTesting (202)
[2017.11.27-12.36.11:095][128]LogModuleManager: Shutting down and abandoning module CollisionAnalyzer (200)
[2017.11.27-12.36.11:095][128]LogModuleManager: Shutting down and abandoning module WorkspaceMenuStructure (199)
[2017.11.27-12.36.11:095][128]LogModuleManager: Shutting down and abandoning module UMG (196)
[2017.11.27-12.36.11:095][128]LogModuleManager: Shutting down and abandoning module UMGEditor (195)
[2017.11.27-12.36.11:095][128]LogModuleManager: Shutting down and abandoning module Sequencer (194)
[2017.11.27-12.36.11:095][128]LogModuleManager: Shutting down and abandoning module MessageLog (191)
[2017.11.27-12.36.11:095][128]LogModuleManager: Shutting down and abandoning module SlateReflector (186)
[2017.11.27-12.36.11:095][128]LogModuleManager: Shutting down and abandoning module Slate (184)
[2017.11.27-12.36.11:095][128]LogModuleManager: Shutting down and abandoning module EditorStyle (182)
[2017.11.27-12.36.11:097][128]LogModuleManager: Shutting down and abandoning module MRMesh (180)
[2017.11.27-12.36.11:097][128]LogModuleManager: Shutting down and abandoning module SourceCodeAccess (178)
[2017.11.27-12.36.11:097][128]LogModuleManager: Shutting down and abandoning module HeadMountedDisplay (176)
[2017.11.27-12.36.11:097][128]LogModuleManager: Shutting down and abandoning module XAudio2 (174)
[2017.11.27-12.36.11:097][128]LogModuleManager: Shutting down and abandoning module Networking (172)
[2017.11.27-12.36.11:097][128]LogModuleManager: Shutting down and abandoning module Core (168)
[2017.11.27-12.36.11:097][128]LogModuleManager: Shutting down and abandoning module KismetCompiler (164)
[2017.11.27-12.36.11:097][128]LogModuleManager: Shutting down and abandoning module LevelSequence (162)
[2017.11.27-12.36.11:097][128]LogModuleManager: Shutting down and abandoning module MeshUtilities (160)
[2017.11.27-12.36.11:097][128]LogModuleManager: Shutting down and abandoning module MeshMergeUtilities (159)
[2017.11.27-12.36.11:097][128]LogModuleManager: Shutting down and abandoning module MeshReductionInterface (158)
[2017.11.27-12.36.11:097][128]LogModuleManager: Shutting down and abandoning module SimplygonSwarm (157)
[2017.11.27-12.36.11:097][128]LogModuleManager: Shutting down and abandoning module SimplygonMeshReduction (155)
[2017.11.27-12.36.11:097][128]LogModuleManager: Shutting down and abandoning module QuadricMeshReduction (153)
[2017.11.27-12.36.11:097][128]LogModuleManager: Shutting down and abandoning module MaterialBaking (149)
[2017.11.27-12.36.11:097][128]LogModuleManager: Shutting down and abandoning module DirectoryWatcher (146)
[2017.11.27-12.36.11:098][128]LogModuleManager: Shutting down and abandoning module DerivedDataCache (144)
[2017.11.27-12.36.11:157][128]LogDerivedDataCache: Shutdown
[2017.11.27-12.36.11:157][128]LogModuleManager: Shutting down and abandoning module TargetPlatform (142)
[2017.11.27-12.36.11:157][128]LogModuleManager: Shutting down and abandoning module VulkanShaderFormat (141)
[2017.11.27-12.36.11:157][128]LogModuleManager: Shutting down and abandoning module ShaderFormatVectorVM (139)
[2017.11.27-12.36.11:157][128]LogModuleManager: Shutting down and abandoning module ShaderFormatOpenGL (137)
[2017.11.27-12.36.11:157][128]LogModuleManager: Shutting down and abandoning module ShaderFormatD3D (135)
[2017.11.27-12.36.11:157][128]LogModuleManager: Shutting down and abandoning module MetalShaderFormat (133)
[2017.11.27-12.36.11:157][128]LogModuleManager: Shutting down and abandoning module TextureFormatUncompressed (131)
[2017.11.27-12.36.11:157][128]LogModuleManager: Shutting down and abandoning module TextureFormatPVR (129)
[2017.11.27-12.36.11:157][128]LogModuleManager: Shutting down and abandoning module TextureFormatDXT (127)
[2017.11.27-12.36.11:157][128]LogModuleManager: Shutting down and abandoning module TextureFormatIntelISPCTexComp (125)
[2017.11.27-12.36.11:157][128]LogModuleManager: Shutting down and abandoning module TextureFormatASTC (123)
[2017.11.27-12.36.11:157][128]LogModuleManager: Shutting down and abandoning module ImageWrapper (122)
[2017.11.27-12.36.11:157][128]LogModuleManager: Shutting down and abandoning module TextureFormatAndroid (119)
[2017.11.27-12.36.11:157][128]LogModuleManager: Shutting down and abandoning module AudioFormatOpus (117)
[2017.11.27-12.36.11:157][128]LogModuleManager: Shutting down and abandoning module AudioFormatOgg (115)
[2017.11.27-12.36.11:157][128]LogModuleManager: Shutting down and abandoning module AudioFormatADPCM (113)
[2017.11.27-12.36.11:157][128]LogModuleManager: Shutting down and abandoning module LinuxTargetPlatform (111)
[2017.11.27-12.36.11:157][128]LogModuleManager: Shutting down and abandoning module LinuxServerTargetPlatform (109)
[2017.11.27-12.36.11:157][128]LogModuleManager: Shutting down and abandoning module LinuxNoEditorTargetPlatform (107)
[2017.11.27-12.36.11:158][128]LogModuleManager: Shutting down and abandoning module LinuxClientTargetPlatform (105)
[2017.11.27-12.36.11:158][128]LogModuleManager: Shutting down and abandoning module TVOSTargetPlatform (103)
[2017.11.27-12.36.11:158][128]LogModuleManager: Shutting down and abandoning module Messaging (101)
[2017.11.27-12.36.11:158][128]LogModuleManager: Shutting down and abandoning module IOSTargetPlatform (99)
[2017.11.27-12.36.11:158][128]LogModuleManager: Shutting down and abandoning module HTML5TargetPlatform (97)
[2017.11.27-12.36.11:158][128]LogModuleManager: Shutting down and abandoning module Android_PVRTCTargetPlatform (95)
[2017.11.27-12.36.11:158][128]LogModuleManager: Shutting down and abandoning module Android_MultiTargetPlatform (93)
[2017.11.27-12.36.11:158][128]LogModuleManager: Shutting down and abandoning module Android_ETC2TargetPlatform (91)
[2017.11.27-12.36.11:158][128]LogModuleManager: Shutting down and abandoning module Android_ETC1TargetPlatform (89)
[2017.11.27-12.36.11:158][128]LogModuleManager: Shutting down and abandoning module Android_DXTTargetPlatform (87)
[2017.11.27-12.36.11:158][128]LogModuleManager: Shutting down and abandoning module Android_ATCTargetPlatform (85)
[2017.11.27-12.36.11:158][128]LogModuleManager: Shutting down and abandoning module Android_ASTCTargetPlatform (83)
[2017.11.27-12.36.11:158][128]LogModuleManager: Shutting down and abandoning module AndroidTargetPlatform (81)
[2017.11.27-12.36.11:158][128]LogModuleManager: Shutting down and abandoning module WindowsTargetPlatform (79)
[2017.11.27-12.36.11:158][128]LogModuleManager: Shutting down and abandoning module WindowsServerTargetPlatform (77)
[2017.11.27-12.36.11:158][128]LogModuleManager: Shutting down and abandoning module WindowsNoEditorTargetPlatform (75)
[2017.11.27-12.36.11:158][128]LogModuleManager: Shutting down and abandoning module WindowsClientTargetPlatform (73)
[2017.11.27-12.36.11:158][128]LogModuleManager: Shutting down and abandoning module MacTargetPlatform (71)
[2017.11.27-12.36.11:158][128]LogModuleManager: Shutting down and abandoning module MacServerTargetPlatform (69)
[2017.11.27-12.36.11:158][128]LogModuleManager: Shutting down and abandoning module MacNoEditorTargetPlatform (67)
[2017.11.27-12.36.11:158][128]LogModuleManager: Shutting down and abandoning module MacClientTargetPlatform (65)
[2017.11.27-12.36.11:158][128]LogModuleManager: Shutting down and abandoning module AllDesktopTargetPlatform (63)
[2017.11.27-12.36.11:158][128]LogModuleManager: Shutting down and abandoning module InputCore (60)
[2017.11.27-12.36.11:158][128]LogModuleManager: Shutting down and abandoning module Settings (58)
[2017.11.27-12.36.11:158][128]LogModuleManager: Shutting down and abandoning module PhysXCooking (56)
[2017.11.27-12.36.11:158][128]LogModuleManager: Shutting down and abandoning module SteamVR (54)
[2017.11.27-12.36.11:158][128]LogModuleManager: Shutting down and abandoning module OculusHMD (52)
[2017.11.27-12.36.11:158][128]LogModuleManager: Shutting down and abandoning module ExampleDeviceProfileSelector (50)
[2017.11.27-12.36.11:158][128]LogModuleManager: Shutting down and abandoning module OnlineBlueprintSupport (48)
[2017.11.27-12.36.11:158][128]LogModuleManager: Shutting down and abandoning module OnlineSubsystem (44)
[2017.11.27-12.36.11:158][128]LogOnline: Display: Unloading online subsystem: NULL
[2017.11.27-12.36.11:158][128]LogModuleManager: Shutting down and abandoning module XMPP (43)
[2017.11.27-12.36.11:158][128]LogModuleManager: Shutting down and abandoning module HTTP (41)
[2017.11.27-12.36.11:158][128]LogHttp: Display: Http module shutting down, but needs to wait on 1 outstanding Http requests:
[2017.11.27-12.36.11:158][128]LogHttp: Display: 	verb=[POST] url=[https://datarouter.ol.epicgames.com/datarouter/api/v1/public/data?SessionID=%7B926FF71A-4E4A-17FF-F17F-1E89076ED37C%7D&AppID=UEEditor.Rocket.Release&AppVersion=4.17.2-3658906%2B%2B%2BUE4%2BRelease-4.17&UserID=4e1c652841417e4dcb185cb6888fcec9%7Ceaa7ed5ebec04e62b7875f125685b0e6%7C04d2ed9c-9225-4cb2-b67a-4bce4f84c733&AppEnvironment=datacollector-binary&UploadType=eteventstream] status=Processing
[2017.11.27-12.36.11:175][128]LogModuleManager: Shutting down and abandoning module SSL (40)
[2017.11.27-12.36.11:176][128]LogModuleManager: Shutting down and abandoning module AnimationModifiers (36)
[2017.11.27-12.36.11:177][128]LogModuleManager: Shutting down and abandoning module PropertyEditor (35)
[2017.11.27-12.36.11:177][128]LogModuleManager: Shutting down and abandoning module AudioEditor (32)
[2017.11.27-12.36.11:177][128]LogModuleManager: Shutting down and abandoning module TextureCompressor (30)
[2017.11.27-12.36.11:177][128]LogModuleManager: Shutting down and abandoning module ShaderCore (28)
[2017.11.27-12.36.11:177][128]LogModuleManager: Shutting down and abandoning module Landscape (26)
[2017.11.27-12.36.11:177][128]LogModuleManager: Shutting down and abandoning module SlateRHIRenderer (24)
[2017.11.27-12.36.11:177][128]LogModuleManager: Shutting down and abandoning module OpenGLDrv (22)
[2017.11.27-12.36.11:177][128]LogModuleManager: Shutting down and abandoning module D3D11RHI (20)
[2017.11.27-12.36.11:177][128]LogModuleManager: Shutting down and abandoning module AnimGraphRuntime (18)
[2017.11.27-12.36.11:177][128]LogModuleManager: Shutting down and abandoning module Renderer (16)
[2017.11.27-12.36.11:177][128]LogModuleManager: Shutting down and abandoning module Engine (14)
[2017.11.27-12.36.11:177][128]LogModuleManager: Shutting down and abandoning module CoreUObject (12)
[2017.11.27-12.36.11:177][128]LogModuleManager: Shutting down and abandoning module NetworkFile (10)
[2017.11.27-12.36.11:177][128]LogModuleManager: Shutting down and abandoning module CookedIterativeFile (8)
[2017.11.27-12.36.11:177][128]LogModuleManager: Shutting down and abandoning module StreamingFile (6)
[2017.11.27-12.36.11:177][128]LogModuleManager: Shutting down and abandoning module SandboxFile (4)
[2017.11.27-12.36.11:177][128]LogModuleManager: Shutting down and abandoning module PakFile (2)
[2017.11.27-12.36.11:181][128]LogExit: Exiting.
[2017.11.27-12.36.11:211][128]Log file closed, 11/27/17 12:36:11
